ARM GAS  /tmp/ccSfwsJq.s 			page 1


   1              		.syntax unified
   2              		.cpu cortex-m3
   3              		.fpu softvfp
   4              		.eabi_attribute 20, 1
   5              		.eabi_attribute 21, 1
   6              		.eabi_attribute 23, 3
   7              		.eabi_attribute 24, 1
   8              		.eabi_attribute 25, 1
   9              		.eabi_attribute 26, 1
  10              		.eabi_attribute 30, 2
  11              		.eabi_attribute 34, 1
  12              		.eabi_attribute 18, 4
  13              		.thumb
  14              		.file	"board.c"
  15              		.text
  16              	.Ltext0:
  17              		.section	.gnu.lto_.profile.64200df28ffd74ea,"",%progbits
  18 0000 789C6366 		.ascii	"x\234cf```a\200\000F\006>f\000\000\223\000\032"
  18      60606061 
  18      80004606 
  18      3E660000 
  18      93001A
  19              		.text
  20              		.section	.gnu.lto_.jmpfuncs.64200df28ffd74ea,"",%progbits
  21 0000 789C6366 		.ascii	"x\234cf\300\0168\2414\023\210`\004b\000\001S\000\020"
  21      C00E38A1 
  21      34138860 
  21      04620001 
  21      530010
  22              		.text
  23              		.section	.gnu.lto_.inline.64200df28ffd74ea,"",%progbits
  24 0000 789C6366 		.ascii	"x\234cf\300\016\264\2414\023\003\003\013\017#\210b`"
  24      C00EB4A1 
  24      34130303 
  24      0B0F2388 
  24      6260
  25 0012 5B200FA2 		.ascii	"[ \017\242\030\030\271@\004\0033\023\2520\003\000,\231"
  25      1818B940 
  25      04033313 
  25      AA300300 
  25      2C99
  26 0024 01E6     		.ascii	"\001\346"
  27              		.text
  28              		.section	.gnu.lto_.pureconst.64200df28ffd74ea,"",%progbits
  29 0000 789C6366 		.ascii	"x\234cf```e\200\000&\006\011F\006\000\000\331\000$"
  29      60606065 
  29      80002606 
  29      09460600 
  29      00D90024 
  30              		.text
  31              		.section	.gnu.lto___early_init.64200df28ffd74ea,"",%progbits
  32 0000 789C6366 		.ascii	"x\234cf\300\004R@\274\020\210M\201\230\221\231\201\221"
  32      C0045240 
  32      BC10884D 
  32      81989199 
  32      8191
  33 0012 69C23906 		.ascii	"i\3029\006\206F\016&FF\020\203\201\221\241\236\211\261"
ARM GAS  /tmp/ccSfwsJq.s 			page 2


  33      86460E26 
  33      46461083 
  33      8191A19E 
  33      89B1
  34 0024 9EF125D3 		.ascii	"\236\361%\323G&\306\011\007V\317\340V_\332\320\320\360"
  34      4726C609 
  34      0756CFE0 
  34      565FDAD0 
  34      D0F0
  35 0036 A1E97463 		.ascii	"\241\351tc\300\001\306\237L\014\014\237\231 \3460.g"
  35      C001C69F 
  35      4C0C0C9F 
  35      9920E630 
  35      2E67
  36 0048 5467002A 		.ascii	"Tg\000*\372\330\362\367:7[\013P\221\000D\216q\005#\033"
  36      FAD8F2F7 
  36      3A375B0B 
  36      50910044 
  36      8E710523 
  37 005d 23905E2F 		.ascii	"#\220^/t\240\341\377\377\307s\366h330<\001\312\200\314"
  37      74A0E1FF 
  37      FFC773F6 
  37      68333330 
  37      3C01CA80 
  38 0072 7FCAC404 		.ascii	"\177\312\304\004\242\231\35706\037\330\312\013R\012"
  38      A299EF30 
  38      361FD8CA 
  38      0B520A
  39 0081 3263DEE5 		.ascii	"2c\336\345\276uL\265\277\033:\0328~21~f\002jg\\\311"
  39      BE754CB5 
  39      BF1B3A1A 
  39      387E3231 
  39      7E66026A 
  40 0098 58CBF013 		.ascii	"X\313\360\023\250\372\036c\343\201\355\254`\225\014"
  40      A8FA1E63 
  40      E381EDAC 
  40      60950C
  41 00a7 20731841 		.ascii	" s\030A\372\201\246\031\353\351\351\003QAQ~VjrI\261"
  41      FA81A619 
  41      EBE9E903 
  41      5141517E 
  41      566A7249 
  42 00bc BE63A88B 		.ascii	"\276c\250\213\247\177\274\213\243s|p\210\257\261\221"
  42      A77FBC8B 
  42      A3737C70 
  42      88AFB191 
  43 00cc 9BA18169 		.ascii	"\233\241\201i\220\263~R~bQ\012\204\324Kf\000\000\371"
  43      90B37E52 
  43      7E62510A 
  43      84D44B66 
  43      0000F9
  44 00df 884967   		.ascii	"\210Ig"
  45              		.text
  46              		.section	.gnu.lto_boardInit.64200df28ffd74ea,"",%progbits
  47 0000 789C6366 		.ascii	"x\234cf\300\004R@\\\002\304\246@\314\310\314\300\310"
  47      C0045240 
  47      5C02C4A6 
ARM GAS  /tmp/ccSfwsJq.s 			page 3


  47      40CCC8CC 
  47      C0C8
  48 0012 34E11C03 		.ascii	"4\341\034\003C#\007\023##\210\301\300\310P\317\304X"
  48      43230713 
  48      232388C1 
  48      C0C850CF 
  48      C458
  49 0024 CFF892E9 		.ascii	"\317\370\222\351#\023\343\204\003\253gp\253/mhh\370"
  49      2313E384 
  49      03AB6770 
  49      AB2F6D68 
  49      68F8
  50 0036 D074B631 		.ascii	"\320t\2661\340\000\343O&\006\206\317L\020s\030\2273"
  50      E000E34F 
  50      260686CF 
  50      4C107318 
  50      9733
  51 0048 AA330015 		.ascii	"\2523\000\025}l\371{\235\233\255\005\250H\000\"\307"
  51      7D6CF97B 
  51      9D9BAD05 
  51      A8480022 
  51      C7
  52 0059 B882918D 		.ascii	"\270\202\221\215\021H\257\027:\320\360\377\377\342\351"
  52      1148AF17 
  52      3AD0F0FF 
  52      FFE2E9
  53 0068 737481A2 		.ascii	"st\201\242O\200\030d\376S&&\020\315|\217\221\021\244"
  53      4F801864 
  53      FE532626 
  53      10CD7C8F 
  53      9111A4
  54 007b 0E64D013 		.ascii	"\016d\320\023&F\220\020P\201\261\236\236>\020\025\024"
  54      26469010 
  54      5081B19E 
  54      9E3E1015 
  54      14
  55 008c E567A526 		.ascii	"\345g\245&\227\024\353;\206\272x\372\307\2738:\307\007"
  55      9714EB3B 
  55      86BA78FA 
  55      C7BB383A 
  55      C707
  56 009e 87F81A1B 		.ascii	"\207\370\032\033\271\031\032\230\0069\353'\345'\026"
  56      B9191A98 
  56      0639EB27 
  56      E52716
  57 00ad A54048BD 		.ascii	"\245@H\275d\006\000\346\2058\210"
  57      640600E6 
  57      853888
  58              		.text
  59              		.section	.gnu.lto_.symbol_nodes.64200df28ffd74ea,"",%progbits
  60 0000 789C6366 		.ascii	"x\234cf``pa\200\002\246\253\214\365\014\014\023\316"
  60      60607061 
  60      8002A6AB 
  60      8CF50C0C 
  60      13CE
  61 0012 3130D4D7 		.ascii	"10\324\3273\314[\300\301\300t\215\261\236\021Y\200\365"
  61      33CC5BC0 
ARM GAS  /tmp/ccSfwsJq.s 			page 4


  61      C1C0748D 
  61      B19E1159 
  61      80F5
  62 0024 0A23C342 		.ascii	"\012#\303B\246z\006\306\353\214\365L\020\011\206\206"
  62      A67A06C6 
  62      EB8CF54C 
  62      10098686 
  63 0034 060E0666 		.ascii	"\006\016\006f \\\362\340\037#\003\000\237\233\023\000"
  63      205CF2E0 
  63      1F230300 
  63      9F9B1300 
  64              		.text
  65              		.section	.gnu.lto_.refs.64200df28ffd74ea,"",%progbits
  66 0000 789C6366 		.ascii	"x\234cf```d\200\002\000\000=\000\005"
  66      60606064 
  66      80020000 
  66      3D0005
  67              		.text
  68              		.section	.gnu.lto_.decls.64200df28ffd74ea,"",%progbits
  69 0000 789C8D56 		.ascii	"x\234\215VkPSG\024\276'\033B\210\251:2\243\216?*\305"
  69      6B505347 
  69      14BE271B 
  69      4288A93A 
  69      32A38E3F 
  70 0016 29E37494 		.ascii	")\343t\224\370\230\372\253\323J\241U;V\231V\177\365"
  70      F898FAAB 
  70      D34AA155 
  70      3B569956 
  70      7FF5
  71 0028 C7358628 		.ascii	"\3075\206(i#a\222\320\352\277\025|\004\037\303\303\372"
  71      69236192 
  71      D0EABF15 
  71      7C041FC3 
  71      C3FA
  72 003a 1AB58482 		.ascii	"\032\265\204\202R5@\252XE\024\360\205h\245-\025\021"
  72      523540AA 
  72      584514F0 
  72      8568A52D 
  72      1511
  73 004c 2B351111 		.ascii	"+5\021\021Et\206*-\250hzv\367\206`\014\235\356\260\331"
  73      4574862A 
  73      2DA8687A 
  73      76F78660 
  73      0C9DEEB0 
  74 0061 7BCE7EE7 		.ascii	"{\316~\347;g\3179w/D\222\244|\234\001\034&\255$\271"
  74      3B67CF39 
  74      772F4492 
  74      A47C9C01 
  74      1C26AD24 
  75 0076 419208CA 		.ascii	"A\222\010\312\251Rh0\331\203\263\002\247\027'B\244\036"
  75      A9526830 
  75      D983B302 
  75      A7172742 
  75      A41E
  76 0088 E9D5E191 		.ascii	"\351\325\341\221Bv\017q\036T\364*e\317+\275>*\024\256"
  76      42760F71 
  76      1E54F42A 
ARM GAS  /tmp/ccSfwsJq.s 			page 5


  76      65CF2BBD 
  76      3E2A14AE 
  77 009c A02F5074 		.ascii	"\240/Pt\341\343/\025TW\3645\215\272\257\202\321\272"
  77      E1E32F15 
  77      5457F435 
  77      8DBAAF82 
  77      D1BA
  78 00ae 38269E2C 		.ascii	"8&\236,l\334\245AQ\257S3\261\346yG\213z\302v\212#?\207"
  78      6CDCA541 
  78      51AF5333 
  78      B1E67947 
  78      8B7AC276 
  79 00c6 8E5543EA 		.ascii	"\216UC\352x(\203I\360\003LB\326\2030\001\177\277P\013"
  79      78288349 
  79      F0034C42 
  79      D6833001 
  79      7FBF500B 
  80 00da A6B3058F 		.ascii	"\246\263\005\217\037\001Q\001{.\331u\273E7\355\020\232"
  80      1F015101 
  80      7B2ED975 
  80      BB4537ED 
  80      109A
  81 00ec B968FD00 		.ascii	"\271h\375\000\204\334mj-{?\356;\352\366\366Vxo\350i"
  81      84DC6D6A 
  81      2D7B3FEE 
  81      3BEAF6F6 
  81      56786FE8 
  82 0101 23AD0F04 		.ascii	"#\255\017\004>\340Lp\010\010\034\206i<^|\026\201{ \016"
  82      3EE04C70 
  82      08081C86 
  82      693C5E7C 
  82      16817B20 
  83 0116 AD0E15E5 		.ascii	"\255\016\025\345]\213&\237pjO_mu4Rx\275\356\373G\350"
  83      5D8B269F 
  83      706A4F5F 
  83      6D753452 
  83      78BDEEFB 
  84 012c DC757430 		.ascii	"\334ut0\020 \234\240|\030Ay\220\240\202\023\224\225"
  84      10209CA0 
  84      7C184179 
  84      90A08213 
  84      9495
  85 013e B5964791 		.ascii	"\265\226G\221%\234\240;\307\337\253A\002?\355m\272\323"
  85      259CA03B 
  85      C7DFAB41 
  85      023FED6D 
  85      BAD3
  86 0150 93549093 		.ascii	"\223T\220\223_J\375\201\300d\021E\3450\222\312 \211"
  86      5F4AFD81 
  86      C0641145 
  86      E53092CA 
  86      2089
  87 0162 9793EC6C 		.ascii	"\227\223\354l\355\357\"<U~\302\210\006\350@\243\226"
  87      EDEF223C 
  87      557EC288 
  87      06E840A3 
  87      96
ARM GAS  /tmp/ccSfwsJq.s 			page 6


  88 0173 E7EA3D26 		.ascii	"\347\352=&z\353\016\347\306\360\355eL\354_\337\233\253"
  88      7AEB0EE7 
  88      C6F0ED65 
  88      4CEC5FDF 
  88      9BAB
  89 0185 E3BB7A26 		.ascii	"\343\273z&\372jk\2724d\033\360\020\352j\007\032t\344"
  89      FA6A6BBA 
  89      34641BF0 
  89      10EA6A07 
  89      1A74E4
  90 0198 8010B6B8 		.ascii	"\200\020\266\270\374\227t\244R\010k\017\324l\211F\253"
  90      FC9774A4 
  90      52086B0F 
  90      D46C8946 
  90      AB
  91 01a9 B7743C5D 		.ascii	"\267t<]\276=OKc\270\310\332h\014\252T\215]\264d4$\350"
  91      BE3D4F4B 
  91      63B8C8DA 
  91      680CAA54 
  91      8D5DB464 
  92 01c0 4A31B9BD 		.ascii	"J1\271\275\317\366w\314\317\241s\241\006tp|(rn\315\206"
  92      CFF677CC 
  92      CFA173A1 
  92      0674707C 
  92      28726ECD 
  93 01d5 8BD26C56 		.ascii	"\213\322lV\270\230\306\321\322P\335\340$$ \202c\341"
  93      B898C6D1 
  93      D250DDE0 
  93      24242082 
  93      63E1
  94 01e7 042AAB51 		.ascii	"\004*\253Q\211\304\027\006k\327E\201.!\262\321\351\010"
  94      89C41706 
  94      6BD74581 
  94      2E21B2D1 
  94      E908
  95 01f9 463C84B6 		.ascii	"F<\204\266\215\205\343)U\303)\014\341\247P\010\030\321"
  95      8D85E329 
  95      55C3290C 
  95      E1A75008 
  95      18D1
  96 020b 50D1ABDC 		.ascii	"P\321\253\334\236\213\204l\026\255\361wN\236OC\362\204"
  96      9E8B846C 
  96      16ADF177 
  96      4E9E4F43 
  96      F284
  97 021d F0A4FF0C 		.ascii	"\360\244\377\014\326e\233\020J\267\357\360D\361\214"
  97      D6659B10 
  97      4AB7EFF0 
  97      44F18C
  98 022c 69518CEA 		.ascii	"iQ\214\352\351\330\330\251\203\370\330\370\370\0047"
  98      E9D8D8A9 
  98      83F8D8F8 
  98      F80437
  99 023b 86D45B79 		.ascii	"\206\324[y\351\237\371\2059\264t\"wU\213\256\316Al("
  99      E99FF985 
  99      39B47422 
  99      77558BAE 
ARM GAS  /tmp/ccSfwsJq.s 			page 7


  99      CE416C28 
 100 024f C0A9AC23 		.ascii	"\300\251\254#\337\301\037\251\200\267+\245s\235\022"
 100      DFC11FA9 
 100      80B72BA5 
 100      739D12
 101 025e 1CC5ED2A 		.ascii	"\034\305\355*\336\254\014\214\261A\003\036\344,\304"
 101      DEAC0C8C 
 101      B141031E 
 101      E42CC4
 102 026d C3059CE7 		.ascii	"\303\005\234\347!\236\307\310\370\335\267J4\21538w}"
 102      219EC7C8 
 102      F8DDB74A 
 102      348D3338 
 102      777D
 103 027f 38F71918 		.ascii	"8\367\031\030\"\347\320\366!h]\3040\312\030\236\247"
 103      22E7D0F6 
 103      21685DC4 
 103      30CA189E 
 103      A7
 104 0290 C7DF56A2 		.ascii	"\307\337V\242\241\300 R\260\255\202iQm(j:\254\202\204"
 104      A1C02052 
 104      B0AD8269 
 104      516D286A 
 104      3AAC8284 
 105 02a4 588EF399 		.ascii	"X\216\363\231\264\320\210D\307B)dF|D:\020\\\304s\374"
 105      B4D08844 
 105      C7422964 
 105      467C443A 
 105      105CC473 
 106 02b9 D79930A1 		.ascii	"\327\2310\241\327^4\275I\032Dr\375/\362\253\242H\223"
 106      D75E34BD 
 106      491A4472 
 106      FD2FF2AB 
 106      A24893
 107 02cc 10BEBD5C 		.ascii	"\020\276\275\\\260\214\264\210\347\335\375W\032\306"
 107      B08CB488 
 107      E7DDFD57 
 107      1AC6
 108 02da F0AC4FE4 		.ascii	"\360\254O\344\257\227'\177G4\271)\366\202\227\203^\\"
 108      AF97277F 
 108      4734B929 
 108      F6829783 
 108      5E5C
 109 02ec 0EDD75DD 		.ascii	"\016\335u\335\247F\221\016\261\347\353\367\235\215\346"
 109      A746910E 
 109      B1E7EBF7 
 109      9D8DE6
 110 02fb 7B33508C 		.ascii	"{3P\214~\351\313[\017\200\305\302\2210<\340\0371\340"
 110      7EE9CB5B 
 110      0F80C5C2 
 110      91303CE0 
 110      1F31E0
 111 030e 233C7FCD 		.ascii	"#<\177\315J\264\3271\332V\214\364w\234Wq\266\340\274"
 111      4AB4D731 
 111      DA568CF4 
 111      779C5771 
 111      B6E0BC
ARM GAS  /tmp/ccSfwsJq.s 			page 8


 112 0321 16AA04F5 		.ascii	"\026\252\004\365\017\226,\242\230_\226\216\313\230\016"
 112      0F962CA2 
 112      985F968E 
 112      CB980E
 113 0330 6637746C 		.ascii	"f7tlQ\012\221`\006v\277\234\242@\177\016\207^y\245j"
 113      510A9160 
 113      0676BF9C 
 113      A2407F0E 
 113      875E79A5 
 114 0345 D4ED7A5B 		.ascii	"\324\355z[A6\205#\177\011'\335\034\204\376\032\016\375"
 114      41368523 
 114      7F0927DD 
 114      1C84FE1A 
 114      0EFD
 115 0357 2D8CF459 		.ascii	"-\214\364Y\320\375\245pd\250!y\201\007x#4Gh\004(\356"
 115      D0FDA570 
 115      64A82179 
 115      81077823 
 115      34476804 
 116 036d F31C8F26 		.ascii	"\363\034\217&\335<\257\252@{s\013\201\330\2109\204?"
 116      DD3CAFAA 
 116      407B730B 
 116      81D88839 
 116      843F
 117 037f 3075FF27 		.ascii	"0u\377'\215\334\343>\263\026n \270-\324R\315\301\226"
 117      8DDCE33E 
 117      B3166E20 
 117      B82DD452 
 117      CDC196
 118 0392 42AFEB8A 		.ascii	"B\257\353\212skcb\0257\356\221\334H#\372@\212\353\367"
 118      736B6362 
 118      1537EE91 
 118      DC4823FA 
 118      408AEBF7 
 119 03a6 3A8B0879 		.ascii	":\213\010y\"\032\342\342\340\243\275\352\311\033\310"
 119      221AE2E2 
 119      E0A3BDEA 
 119      C91BC8
 120 03b5 3EAAE59B 		.ascii	">\252\345\233E[\257W\275!\356\256\312\027\374\356\202"
 120      455BAF57 
 120      BD21EEAE 
 120      CA17FCEE 
 120      82
 121 03c6 BC82FAA3 		.ascii	"\274\202\372\243j\256r\025|\177\236\275\345p\232\236"
 121      6AAE7215 
 121      7C7F9EBD 
 121      E5709A9E 
 122 03d6 D9ABE2AA 		.ascii	"\331\253\342\252\023\271\212\252/\377\\6\231SE]\356"
 122      13B98AAA 
 122      2FFF5C36 
 122      9953455D 
 122      EE
 123 03e7 893CB3AC 		.ascii	"\211<\263\254\263oah\254\273}\270b\207\203\237\337Y"
 123      B36F6168 
 123      ACBB7DB8 
 123      6287839F 
 123      DF59
ARM GAS  /tmp/ccSfwsJq.s 			page 9


 124 03f9 B0ED51F1 		.ascii	"\260\355Q\361\236\250 \341 \367q\267\255\270\\\334\240"
 124      9EA820E1 
 124      20F771B7 
 124      ADB85CDC 
 124      A0
 125 040a AE9DC582 		.ascii	"\256\235\305\202\360\345\205\234\347\3720\302j\205\260"
 125      F0E5859C 
 125      E7FA30C2 
 125      6A85B0
 126 0419 4321BC23 		.ascii	"C!\274#\010\033\002\305\205Zn}\264\353\312n~\315?\276"
 126      081B02C5 
 126      855A6E7D 
 126      B4EBCA6E 
 126      7ECD3FBE 
 127 042d 9ABD5E3B 		.ascii	"\232\275^;\202\365]\305\372\256\260\336\337\320\363"
 127      82F55DC5 
 127      FAAEB0DE 
 127      DFD0F3
 128 043c 6014B73E 		.ascii	"`\024\267>\277A9\214w\3531O\324\010\326\367\024k\237"
 128      BF41398C 
 128      77EB314F 
 128      D408D6F7 
 128      146B9F
 129 044f B00EEC79 		.ascii	"\260\016\354y\360t$G\276W\241\355[wT\2539t*\334D(\253"
 129      F0742447 
 129      BE57A1ED 
 129      5B7754AB 
 129      39742ADC 
 130 0466 D16D98C3 		.ascii	"\321m\230\303\353\324\211+\253U\027\256\254^\367q\305"
 130      EBD4892B 
 130      AB5517AE 
 130      AC5EF771 
 130      C5
 131 0477 9A4137CC 		.ascii	"\232A7\314\341\227BQg.L)\246^wo\305\343RXK\335\331\224"
 131      E1974251 
 131      672E4C29 
 131      A65E776F 
 131      C5E35258 
 132 048f E2471838 		.ascii	"\342G\0308Q\273\350\225ao-\323\374\011\370u|\200\366"
 132      51BBE895 
 132      616F2DD3 
 132      FC09F875 
 132      7C80F6
 133 04a2 D0035390 		.ascii	"\320\003S\220\343\326\256\372Mj\375\246\320\207\202"
 133      E3D6AEFA 
 133      4D6AFDA6 
 133      D08782
 134 04b1 7F3A43FF 		.ascii	"\177:C\377\030<\004=\377n\262U/\313f\243\335\272F\266"
 134      183C043D 
 134      FF6EB255 
 134      2FCB66A3 
 134      DDBA46B6 
 135 04c5 64589C9A 		.ascii	"dX\234\232y\213\226\306%K\263\023\023\015\370\227i\267"
 135      798B96C6 
 135      254BB313 
 135      130DF897 
 135      69B7
ARM GAS  /tmp/ccSfwsJq.s 			page 10


 136 04d7 7D693639 		.ascii	"}i69\035\206\244\245)\013\026\313)I\311\362\347K>\235"
 136      1D86A4A5 
 136      290B16CB 
 136      2949C9F2 
 136      E74B3E9D 
 137 04eb 3DEBE399 		.ascii	"=\353\343\2313\336\375,\331\260\334f\264\247\211\337"
 137      33DEFD2C 
 137      D9B0DC66 
 137      B4A789DF 
 138 04fb 449314C3 		.ascii	"D\223\024\303\037\026 \311X\207s\325\354Y\262\311j3"
 138      1F1620C9 
 138      588773D5 
 138      EC59B2C9 
 138      6A33
 139 050d 7DC559A7 		.ascii	"}\305Y\247\013:\233\303\220n\264\0322mv\244\344D\006"
 139      0B3A9BC3 
 139      906EB41A 
 139      326D76A4 
 139      E44406
 140 0520 856EF56A 		.ascii	"\205n\365j\266#[\255i\211\351\3228a\2762\323b\223\035"
 140      B6235BAD 
 140      6989E9D2 
 140      3861BE32 
 140      D362931D 
 141 0534 666756A6 		.ascii	"fgV\246\354\324fY2\234\250s\352d9\3708\335\220\345\260"
 141      ECD46659 
 141      329CA873 
 141      EA6439F8 
 141      38DD90E5 
 142 0549 1B2C1926 		.ascii	"\033,\031&kV\232\331\220a\376\306jYnXe4\245[2\314\006"
 142      6B569AD9 
 142      9061FEC6 
 142      6A596E58 
 142      6534A55B 
 143 0560 39CDBCC2 		.ascii	"9\315\274\302\230eu\312\3165\231f\007\222\306GB;\326"
 143      986575CA 
 143      CE359966 
 143      0792C647 
 143      423BD6
 144 0573 380CB2C3 		.ascii	"8\014\262\303\231\206\214\010!\2664;1\331\2558\323\023"
 144      99868C08 
 144      21B6343B 
 144      31D9AD38 
 144      D313
 145 0585 478C78E1 		.ascii	"G\214x\341\302\024\303\274\324\005\213\277\236i\310"
 145      C214C3BC 
 145      D4058BBF 
 145      9E69C8
 146 0594 1C0A5993 		.ascii	"\034\012Y\223\232\224bt\0325\251\037\212%Y,)b\371\210"
 146      9A946274 
 146      1A35A91F 
 146      8A25592C 
 146      2962F988 
 147 05a8 2D31A949 		.ascii	"-1\251I\013\223m\031+,+\3071\273`|&\256\232\224h\267"
 147      0B936D19 
 147      2B2C2BC7 
 147      31BB607C 
ARM GAS  /tmp/ccSfwsJq.s 			page 11


 147      26AE9A94 
 148 05be A52128F1 		.ascii	"\245!(\361\365\255\177\001A0\037\025"
 148      F5AD7F01 
 148      41301F15 
 149              		.text
 150              		.section	.gnu.lto_.symtab.64200df28ffd74ea,"",%progbits
 151 0000 5F5F6561 		.ascii	"__early_init\000\000\000\000\000\000\000\000\000\000"
 151      726C795F 
 151      696E6974 
 151      00000000 
 151      00000000 
 152 0016 0000AC00 		.ascii	"\000\000\254\000\000\000boardInit\000\000\000\000\000"
 152      0000626F 
 152      61726449 
 152      6E697400 
 152      00000000 
 153 002a 00000000 		.ascii	"\000\000\000\000\000\000\000\256\000\000\000pal_def"
 153      000000AE 
 153      00000070 
 153      616C5F64 
 153      6566
 154 003c 61756C74 		.ascii	"ault_config\000\000\000\000\000\000\000\000\000\000"
 154      5F636F6E 
 154      66696700 
 154      00000000 
 154      00000000 
 155 0051 0000EB00 		.ascii	"\000\000\353\000\000\000stm32_clock_init\000\000\002"
 155      00007374 
 155      6D33325F 
 155      636C6F63 
 155      6B5F696E 
 156 006a 00000000 		.ascii	"\000\000\000\000\000\000\000\000\000\260\000\000\000"
 156      00000000 
 156      00B00000 
 156      00
 157              		.text
 158              		.section	.gnu.lto_.opts,"",%progbits
 159 0000 272D666E 		.ascii	"'-fno-trapv' '-mcpu=cortex-m3' '-mno-thumb-interwor"
 159      6F2D7472 
 159      61707627 
 159      20272D6D 
 159      6370753D 
 160 0033 6B272027 		.ascii	"k' '-mthumb' '-ggdb' '-O2' '-fomit-frame-pointer' '"
 160      2D6D7468 
 160      756D6227 
 160      20272D67 
 160      67646227 
 161 0066 2D66616C 		.ascii	"-falign-functions=16' '-ffunction-sections' '-fdata"
 161      69676E2D 
 161      66756E63 
 161      74696F6E 
 161      733D3136 
 162 0099 2D736563 		.ascii	"-sections' '-fno-common' '-flto'\000"
 162      74696F6E 
 162      73272027 
 162      2D666E6F 
 162      2D636F6D 
ARM GAS  /tmp/ccSfwsJq.s 			page 12


 163              		.text
 164              		.comm	__gnu_lto_v1,1,1
 165              		.comm	__gnu_lto_slim,1,1
 166              		.ident	"GCC: (15:4.9.3+svn231177-1) 4.9.3 20150529 (prerelease)"
ARM GAS  /tmp/ccSfwsJq.s 			page 13


DEFINED SYMBOLS
                            *ABS*:0000000000000000 board.c
                            *COM*:0000000000000001 __gnu_lto_v1
                            *COM*:0000000000000001 __gnu_lto_slim

NO UNDEFINED SYMBOLS
