ARM GAS  /tmp/ccuV2JPo.s 			page 1


   1              		.syntax unified
   2              		.cpu cortex-m3
   3              		.fpu softvfp
   4              		.eabi_attribute 20, 1
   5              		.eabi_attribute 21, 1
   6              		.eabi_attribute 23, 3
   7              		.eabi_attribute 24, 1
   8              		.eabi_attribute 25, 1
   9              		.eabi_attribute 26, 1
  10              		.eabi_attribute 30, 2
  11              		.eabi_attribute 34, 1
  12              		.eabi_attribute 18, 4
  13              		.thumb
  14              		.file	"chcore_v7m.c"
  15              		.text
  16              	.Ltext0:
  17              		.section	.gnu.lto_.profile.d68c26d9c502ab35,"",%progbits
  18 0000 789C6366 		.ascii	"x\234cf```a\200\000F\006C\031\000\000\362\000V"
  18      60606061 
  18      80004606 
  18      43190000 
  18      F20056
  19              		.text
  20              		.section	.gnu.lto_.jmpfuncs.d68c26d9c502ab35,"",%progbits
  21 0000 789C6366 		.ascii	"x\234cf\300\016x\24143\214`\001b\000\002\024\000\033"
  21      C00E78A1 
  21      34338C60 
  21      01620002 
  21      14001B
  22              		.text
  23              		.section	.gnu.lto_.inline.d68c26d9c502ab35,"",%progbits
  24 0000 789C6366 		.ascii	"x\234cf\300\016\334\24043\003\003\277\030#\003\223\310"
  24      C00EDCA0 
  24      34330303 
  24      BF182303 
  24      93C8
  25 0012 851E4606 		.ascii	"\205\036F\006\266\005\362L A&n\260\014\0277P\202gN$"
  25      B605F24C 
  25      2041266E 
  25      B00C1737 
  25      5082674E 
  26 0027 5C9C910B 		.ascii	"\\\234\221\013H\2600pr\200\304\037\304\302\305\031\000"
  26      48B03070 
  26      7280C41F 
  26      C4C2C519 
  26      00
  27 0038 005306D0 		.ascii	"\000S\006\320"
  28              		.text
  29              		.section	.gnu.lto_.pureconst.d68c26d9c502ab35,"",%progbits
  30 0000 789C6366 		.ascii	"x\234cf```g\200\000f\006+f+\026+\000\002\350\000\303"
  30      60606067 
  30      80006606 
  30      2B662B16 
  30      2B0002E8 
  31              		.text
  32              		.section	.gnu.lto__port_irq_epilogue.part.0.d68c26d9c502ab35,"",%progbits
  33 0000 789C9D54 		.ascii	"x\234\235TQl\223U\024\276\347\336\373\377-m\267\031"
ARM GAS  /tmp/ccuV2JPo.s 			page 2


  33      516C9355 
  33      14BEE7DE 
  33      FBFF2D6D 
  33      B719
  34 0012 1E0CE243 		.ascii	"\036\014\342C\227,\270,\201\375\306\027_0\306\020M|"
  34      972CB82C 
  34      81FDC617 
  34      5F30C610 
  34      4D7C
  35 0024 6824EB9B 		.ascii	"h$\353\233/Dk\015DFk\333\231\275\020n\273\342\206\321"
  35      2F446B0D 
  35      44466BDB 
  35      99BD106E 
  35      BBE286D1 
  36 0038 C10061C6 		.ascii	"\301\000a\306LQBt\253n\005\025\030\242\253\262\311\034"
  36      4C514274 
  36      AB6E0515 
  36      18A2ABB2 
  36      C91C
  37 004a 525DC8C6 		.ascii	"R]\310\306`\270\325e\323\231@\034L`\277d\324sn\313\346"
  37      60B8D565 
  37      D399401C 
  37      4C60BF64 
  37      D4736ECB 
  38 005f 700FC6A6 		.ascii	"p\017\306\246\275\367\277\347\236\357\236\357~\337\371"
  38      BDF7BFE7 
  38      9EEF9EEF 
  38      7EDFF9
  39 006e 2BD8BF3F 		.ascii	"+\330\277?O\343\3172\030\333\21738\030\230{\262\370"
  39      4FE3CF32 
  39      18DB8F33 
  39      3818987B 
  39      B2F8
  40 0080 6002D733 		.ascii	"`\002\3273\347\242\251\222)\227\244\321#\300\240h\334"
  40      E7A2A992 
  40      2997A4D1 
  40      23C0A068 
  40      DC
  41 0091 29EF3D18 		.ascii	")\357=\030\000\364\300\200\3550\271\220\006\354\200"
  41      00F4C080 
  41      ED30B990 
  41      06EC80
  42 00a0 DFF9750E 		.ascii	"\337\371u\016{2\251Vw\345\021\245\324\314\207=\253v"
  42      7B32A956 
  42      77E511A5 
  42      D4CC873D 
  42      AB76
  43 00b2 AEB23963 		.ascii	"\256\2629c\263\274P\021>\202J\2069\327\223\363\027\335"
  43      B3BC5011 
  43      3E824A86 
  43      39D793F3 
  43      17DD
  44 00c4 6612731E 		.ascii	"f\022s\036(\354\301\307X\2271\201{\355WnfJE\025P^w\347"
  44      28ECC1C7 
  44      58973181 
  44      7BED576E 
  44      664A4515 
ARM GAS  /tmp/ccuV2JPo.s 			page 3


  45 00dc 9FE7DDD3 		.ascii	"\237\347\335\323\334\346PN\313S{\373[MZrI\313_n\374"
  45      DCE6504E 
  45      CB537BFB 
  45      5B4D5A72 
  45      49CB5F6E 
  46 00f1 710D2A3E 		.ascii	"q\015*>P*13}r\364\301w\324\241D\213\312\347\237\004"
  46      502A3133 
  46      7D72F4C1 
  46      77D4A144 
  46      8BCAE79F 
  47 0106 9B0B6807 		.ascii	"\233\013h\007\201'C\007\254\206\024\254.\336\030>\201"
  47      81274307 
  47      AC8614AC 
  47      2EDE183E 
  47      81
  48 0117 0A04FE9A 		.ascii	"\012\004\376\232\332\337h\020\360\015\2448\342\331\331"
  48      DADF6810 
  48      F00DA438 
  48      E2D9D9
  49 0126 AF92B97C 		.ascii	"\257\222\271|\336\2130\266\014\346S\21590t\336)\236"
  49      DE8B30B6 
  49      0CE6538D 
  49      393074DE 
  49      299E
  50 0138 D7ACDEBA 		.ascii	"\327\254\336\2728\221+\323usw\017g=j\001.\241s\331\252"
  50      38912BD3 
  50      7573770F 
  50      673D6A01 
  50      2EA173D9 
  51 014d 5D50D1B5 		.ascii	"]P\321\265R!\265\337\262k<\240Yp\035\025z\224\314\346"
  51      5221B5DF 
  51      B26B3CA0 
  51      59701D15 
  51      7A94CCE6 
  52 0161 868183C9 		.ascii	"\206\201\203\311\330$\252A\262N\342\002g1\305\271\236"
  52      D824AA41 
  52      B24EE202 
  52      6731C5B9 
  52      9E
  53 0172 47213E31 		.ascii	"G!>1h\037\027K\305#\264\326\216-U5\327wxP2H\2039\313"
  53      681F174B 
  53      C523B4D6 
  53      8E2D5535 
  53      D7777850 
  54 018b E13EC1A9 		.ascii	"\341>\301\251:\203\243\204\201c8\242\354\2330c\337\351"
  54      3A83A384 
  54      816338A2 
  54      EC9B3063 
  54      DFE9
  55 019d DD3D65DE 		.ascii	"\335=e\336\3326\325Zns\007a\256\316]\350uH\344\003\237"
  55      DA36D55A 
  55      6E730761 
  55      AECE5DE8 
  55      7548E403 
  56 01b2 81571778 		.ascii	"\201W\027x?\255l7F\340s\220\267\361`\006_\200d\303\220"
  56      3FAD6C37 
  56      46E07390 
ARM GAS  /tmp/ccuV2JPo.s 			page 4


  56      B7F16006 
  56      5F8064C3 
  57 01c7 C811353A 		.ascii	"\310\0215:\215\016\247\235\313\220\030i<\330\334g\022"
  57      8D0EA79D 
  57      CB901869 
  57      3CD8DC67 
  57      12
  58 01d8 87DB9C53 		.ascii	"\207\333\234Sl\0308\255\2103F0\245\241\365\365\341\366"
  58      6C1838AD 
  58      88334630 
  58      A5A1F5F5 
  58      E1F6
  59 01ea C70A1902 		.ascii	"\307\012\031\002CXazW\377\334\012\3550*\232/cp\034U"
  59      4358617A 
  59      57FFDC0A 
  59      ED302A9A 
  59      2F63701C 
  60 01ff 5C021474 		.ascii	"\\\002\024t\366\314L6aP\014!\227G\272\347\035\004\221"
  60      F6CC4C36 
  60      61500C21 
  60      9747BAE7 
  60      1D0491
  61 0212 0508B550 		.ascii	"\005\010\265PWKZ\264\301\273q\245\2346w\342\321p\202"
  61      574B5AB4 
  61      C1BB71A5 
  61      9C3677E2 
  61      D17082
  62 0225 DCA02B0C 		.ascii	"\334\240+\014\035\230/Y\227B!2\017\331|\005\234\204"
  62      1D982F59 
  62      97422132 
  62      0FD97C05 
  62      9C84
  63 0237 36B8A1BB 		.ascii	"6\270\241\273\023\272a\035&\354\355\276\364\246\213"
  63      13BA611D 
  63      26ECEDBE 
  63      F4A68B
  64 0246 8E73618E 		.ascii	"\216sa\216\223\301)\004b\305\261\306\261\016W\201\252"
  64      93C12904 
  64      62C5B1C6 
  64      B10E5781 
  64      AA
  65 0257 2412454E 		.ascii	"$\022EN\010h>\033\037\220\342U-\363\317?$\267\024\032"
  65      08683E1B 
  65      1F90E255 
  65      2DF3CF3F 
  65      24B7141A 
  66 026b E3AF33C1 		.ascii	"\343\2573\301L\362\220\272\233\317\353n\374r\331\276"
  66      4CF290BA 
  66      9BCFEB6E 
  66      FC72D9BE 
  67 027b 384D1792 		.ascii	"8M\027\222l\024\022\023\203\327N,\36567\325QE\011E\027"
  67      6C141213 
  67      83D74E2C 
  67      F53637D5 
  67      51450945 
  68 0290 F9FDAF0D 		.ascii	"\371\375\257\015|\245\035\374\232\336\033`\012p{\374"
  68      7CA51DFC 
ARM GAS  /tmp/ccuV2JPo.s 			page 5


  68      9ADE1B60 
  68      0A707BFC 
  69 02a0 EADC3EE1 		.ascii	"\352\334>\341m\206\202\207nB\274=z'\356\322\036\366"
  69      6D868287 
  69      6E42BC3D 
  69      7A27EED2 
  69      1EF6
  70 02b2 DCF3F0A7 		.ascii	"\334\363\360\247\364.\203<\314\220\207\022w\276\001"
  70      F42E833C 
  70      CC908712 
  70      77BE01
  71 02c1 89F1ECD1 		.ascii	"\211\361\354\321\336c\016o\013\374\243\001r\351#}\240"
  71      DE630E6F 
  71      0BFCA301 
  71      72E9237D 
  71      A0
  72 02d2 C1DF1218 		.ascii	"\301\337\022\030\316\240\331W\240!3>\340)(a`\322{\027"
  72      CEA0D957 
  72      A021333E 
  72      E0292861 
  72      60D27B17 
  73 02e6 9A3BF9F6 		.ascii	"\232;\371\366;\252\211\244\366\314\2424\014za;vs\011"
  73      3BAA89A4 
  73      F6CCA234 
  73      0C7A613B 
  73      767309
  74 02f9 1B82E4A5 		.ascii	"\033\202\344\245\206\027\027s\307'\177\034t\222\266"
  74      86171773 
  74      C7277F1C 
  74      7492B6
  75 0308 C4BCAFA8 		.ascii	"\304\274\257\250\303\024B\232*\005j|\2531\233\332XT"
  75      C314429A 
  75      2A056A7C 
  75      AB319BDA 
  75      5854
  76 031a F5BF59F8 		.ascii	"\365\277Y\3700Y\370\235\266\020H\320\263\332\302EJ\231"
  76      3059F89D 
  76      B61048D0 
  76      B3DAC245 
  76      4A99
  77 032c F5362F9D 		.ascii	"\3656/\235\325\267\354GNTL.\024\273\365\177\212}\277"
  77      D5B7EC47 
  77      4E544C2E 
  77      14BBF57F 
  77      8A7DBF
  78 033f 586C60F9 		.ascii	"Xl`\371b\370\207\012\347\212\305\014\375\356\216A<s"
  78      62F8870A 
  78      E78AC50C 
  78      FDEE8E41 
  78      3C73
  79 0351 F09CEE17 		.ascii	"\360\234\356\027\272\360$\3021\214\272>R]m\3417\024"
  79      BAF024C2 
  79      318CBA3E 
  79      525D6DE1 
  79      3714
  80 0363 B522312B 		.ascii	"\265\"1+\034\212\304\242\326S5\276\015\276z+\2609\020"
  80      1C8AC4A2 
ARM GAS  /tmp/ccuV2JPo.s 			page 6


  80      D65335BE 
  80      0DBE7A2B 
  80      B03910
  81 0376 8A0437BD 		.ascii	"\212\0047\275\366xmu\200\231\221`\264nk\254j!;X\037"
  81      F6786D75 
  81      80999160 
  81      B46E6BAC 
  81      6A213B58 
  82 038b B336F8FC 		.ascii	"\2636\370\374\317\372\255-\333\002[\353^\012Z:;P\373"
  82      CFFAAD2D 
  82      DB025BEB 
  82      5E0A5A3A 
  82      3B50FB
  83 039e 4CDDB640 		.ascii	"L\335\266@\365f&\003\261\372p\211\257\306_\276\346\321"
  83      F5662603 
  83      B1FA7089 
  83      AFC65FBE 
  83      E6D1
  84 03b0 B5E5E168 		.ascii	"\265\345\341h\330\305\304\023\021V\032\013\205\237{"
  84      D8C5C413 
  84      11561A0B 
  84      859F7B
  85 03bf 79632414 		.ascii	"yc$\024\360\307^\010\274R\342\363\327\320\346Z\314r"
  85      F0C75E08 
  85      BC52E2F3 
  85      D7D0E65A 
  85      CC72
  86 03d1 311E6122 		.ascii	"1\036a\"\032f\177\003\315\233\000\344"
  86      1A667F03 
  86      CD9B00E4 
  87              		.text
  88              		.section	.gnu.lto__port_irq_epilogue.d68c26d9c502ab35,"",%progbits
  89 0000 789C8D53 		.ascii	"x\234\215SYO\023Q\024\276\347\316\264\224\266\321\306"
  89      594F1351 
  89      14BEE7CE 
  89      B494B6D1 
  89      C6
  90 0011 076278B0 		.ascii	"\007bx\260M\214\"\2110>\311\213\2111&&>\364E~\200\321"
  90      4D8C2289 
  90      303EC98B 
  90      89312626 
  90      3EF4457E 
  91 0027 DA0412B6 		.ascii	"\332\004\022\266\224%\370`\270-\005}P\202;.X\\P\024"
  91      9425F860 
  91      B82D057D 
  91      50823B2E 
  91      585C5014 
  92 003b 6575A322 		.ascii	"eu\243\"\324\275!\212\030\213F\\\250\013F#&b\335\032"
  92      D4BD218A 
  92      188B465C 
  92      A80B4623 
  92      2662DD1A 
  93 004f A3F59CDB 		.ascii	"\243\365\234\333Jl\325\204f:w\346\236\357\234\357\334"
  93      4A6CD584 
  93      663A77E6 
  93      9EEF9CEF 
  93      DC
ARM GAS  /tmp/ccuV2JPo.s 			page 7


  94 0060 EF7CA3B0 		.ascii	"\357|\243\260\277\177\313\360\277He\254\005W\3203\340"
  94      BF7FCBF0 
  94      BF4865AC 
  94      0557D033 
  94      E0
  95 0071 8DC38CB9 		.ascii	"\215\303\214\271\015\234+\241\014&\214j\177\036\023"
  95      0D9C2BA1 
  95      0C268C6A 
  95      7F1E13
  96 0080 660574B4 		.ascii	"f\005t\264\015j|u\033t\000\364\300\200\325pE\325A\015"
  96      0D6A7C75 
  96      1B7400F4 
  96      C080D570 
  96      45D5410D 
  97 0094 BCE5531C 		.ascii	"\274\345S\034\032\003\355M\246\254V!\304\207#\203s\353"
  97      1A03ED4D 
  97      A6AC5621 
  97      C4872383 
  97      73EB
  98 00a6 E6463963 		.ascii	"\346F9c\021\036'\202\023\220\305\0203\345\375\361\320"
  98      111E2782 
  98      1390C510 
  98      33E5FDF1 
  98      D0
  99 00b7 A4F722C6 		.ascii	"\244\367\"\306\022\217A\033\350\001\327\3169\001\021"
  99      128F411B 
  99      E801D7CE 
  99      390111
 100 00c6 8BBDF44D 		.ascii	"\213\275\364M>R\015\012\213rP\351\306\330+\004\021\331"
 100      3E520D0A 
 100      8B7250E9 
 100      C6D82B04 
 100      11D9
 101 00d8 04E7B42A 		.ascii	"\004\347\264*\017\300c\241B\221v\261KQ\262\201\236\373"
 101      0FC063A1 
 101      429176B1 
 101      4B51B281 
 101      9EFB
 102 00ea 3A3EDD31 		.ascii	":>\3351\275\341Q\316m\364\352\337\021l\322\323\253\242"
 102      BDE151CE 
 102      6DF4EADF 
 102      116CD2D3 
 102      ABA2
 103 00fc D2EBBBD0 		.ascii	"\322\353\273\320\341V\343\374\303Bx>\214w\035\312\330"
 103      E156E3FC 
 103      C342783E 
 103      8C771DCA 
 103      D8
 104 010d 275A3C8D 		.ascii	"'Z<\215H\265\034\242\\\205\223\240`\033p\0122\241\035"
 104      48B51CA2 
 104      5C8593A0 
 104      601B700A 
 104      32A11D
 105 0120 3213AAC0 		.ascii	"2\023\252\300i\230\217\211\317\267}\356\005\252\243"
 105      69988F89 
 105      CFB77DEE 
 105      05AAA3
ARM GAS  /tmp/ccuV2JPo.s 			page 8


 106 012f DA189CC1 		.ascii	"\332\030\234\301\350c\360\274xZ\377\272I\237t\220\260"
 106      E863F0BC 
 106      785AFFBA 
 106      499F7490 
 106      B0
 107 0140 B7469E22 		.ascii	"\267F\236\"\302!\371\204\341\201\326\345\014:(\302\223"
 107      C221F984 
 107      E181D6E5 
 107      0C3A28C2 
 107      93
 108 0151 23819179 		.ascii	"#\201\221y\304\301\240\223\202J\2520\320\205\263`\320"
 108      C4C1A093 
 108      824AAA30 
 108      D085B360 
 108      D0
 109 0162 4DCA0013 		.ascii	"M\312\000\023\200\341\361\311o;\025\353vh\026M\266("
 109      80E1F1C9 
 109      6F3B15EB 
 109      7668164D 
 109      B628
 110 0174 D751C6EE 		.ascii	"\327Q\306\356\307\337\335F\025\345\201\036\2602\332"
 110      C7DFDD46 
 110      15E5811E 
 110      B032DA
 111 0183 D95FB777 		.ascii	"\331_\267w\237\031w\240\027gE\01538\013*\006\2066\267"
 111      9F1977A0 
 111      1767450D 
 111      33380B2A 
 111      068636B7 
 112 0197 7C51ADBB 		.ascii	"|Q\255\273\022\331z\302\216L\336\364\247\313\354s\224"
 112      12D97AC2 
 112      8E4CDEF4 
 112      A7CBEC73 
 112      94
 113 01a8 0DE751F0 		.ascii	"\015\347Q\3601\270z\276\357\255o)\235\346+WH\273\217"
 113      31B87ABE 
 113      EFAD6F29 
 113      9DE62B57 
 113      48BB8F
 114 01bb 0DE34692 		.ascii	"\015\343F\222 M\214\325\212Y\2248\376\352\356=\203\334"
 114      204D8CD5 
 114      8A599438 
 114      FEEAEE3D 
 114      83DC
 115 01cd 929CDD43 		.ascii	"\222\234\335C\261!s3\034@5\015p\001e\274H\274\030h\210"
 115      B1217333 
 115      1C40350D 
 115      700165BC 
 115      48BC1868 
 116 01e2 049FA7E7 		.ascii	"\004\237\247\347\264\013/F\322\241\017\232\341\243\364"
 116      B40B2F46 
 116      D2A10F9A 
 116      E1A3F4
 117 01f1 02F82107 		.ascii	"\002\370!\007\231j\277\325\207x\234H\215s\205\375\267"
 117      996ABFD5 
 117      87789C48 
 117      8D7385FD 
ARM GAS  /tmp/ccuV2JPo.s 			page 9


 117      B7
 118 0202 7DB23090 		.ascii	"}\2620\220\004\227\260\314(x\037\325f&@\210p\037\277"
 118      0497B0CC 
 118      28781FD5 
 118      66264088 
 118      701FBF
 119 0215 B4354D22 		.ascii	"\2645M\"\260L\177b\\\023\250_(Cy\002\265\026B\022\365"
 119      B04C7F62 
 119      5C13A85F 
 119      28437902 
 119      B5164212 
 120 022a A1FB0D1D 		.ascii	"\241\373\015\035|\323w\261E\030\242\334\030\341hp\270"
 120      7CD377B1 
 120      4518A2DC 
 120      18E16870 
 120      B8
 121 023b 0C9BD050 		.ascii	"\014\233\320P&\231\240\262\376\274i#\375i\217F\337\214"
 121      2699A0B2 
 121      FEBC6923 
 121      FD698F46 
 121      DF8C
 122 024d EC3120ED 		.ascii	"\3541 \3551-\004\225\037\374\277=\216\365B\302\037\272"
 122      312D0495 
 122      1FFCBF3D 
 122      8EF542C2 
 122      1FBA
 123 025f 547F4CA1 		.ascii	"T\177L\241?\002\024\321\247\370c\217\225H\030\\\371"
 123      3F0214D1 
 123      A7F8638F 
 123      9548185C 
 123      F9
 124 0270 B73FAE4A 		.ascii	"\267?\256J\177\\\373\303\037\307\336\207\375\372\337"
 124      7F5CFBC3 
 124      1FC7DE87 
 124      FDFADF
 125 027f A31F94A3 		.ascii	"\243\037\224\243\277.G\237:\347\0338g\322@'\277\246"
 125      BF2E479F 
 125      3AE71B38 
 125      67D24027 
 125      BFA6
 126 0291 67E00E4F 		.ascii	"g\340\016O\364d#n\317\350\035\203r\020\244\205\267="
 126      F464236E 
 126      CFE81D83 
 126      7210A485 
 126      B73D
 127 02a3 7C119E2D 		.ascii	"|\021\236-%\011\377<:l\026A\341\015\307b\326(7\303\315"
 127      2509FF3C 
 127      3A6C1641 
 127      E10DC762 
 127      D62837C3 
 128 02b8 7F0992DC 		.ascii	"\177\011\222\334\036\334\242\316\333d\213A\272\323G"
 128      1EDCA2CE 
 128      DB648B41 
 128      BAD347
 129 02c7 0C44875D 		.ascii	"\014D\207],\314\315\325\360*-\327\\\025ZY\251\253\242"
 129      2CCCCDD5 
 129      F02A2DD7 
ARM GAS  /tmp/ccuV2JPo.s 			page 10


 129      5C155A59 
 129      A9ABA2
 130 02da 5C5BB1C6 		.ascii	"\\[\261\306\276\322^\2559\012\034\245.\347\332\252\274"
 130      BED25EAD 
 130      390A1CA5 
 130      2EE7DAAA 
 130      BC
 131 02eb E25C07D3 		.ascii	"\342\\\007\323U\255+\252t\316\010\\\300\262\247a\316"
 131      55AD2BAA 
 131      74CE085C 
 131      C0B2A761 
 131      CE
 132 02fc EA0A6DA5 		.ascii	"\352\012m\245=\177u\276VX\342(\252\334\340\324$\314"
 132      3D7F75BE 
 132      5658E228 
 132      AADCE0D4 
 132      24CC
 133 030e 51BCAAB2 		.ascii	"Q\274\252\262\304\201H\213=\177\215m\375\272rg\231\253"
 133      C481488B 
 133      3D7F8D6D 
 133      FDBA7267 
 133      99AB
 134 0320 70B16DC1 		.ascii	"p\261m\301\022\306],\255\330Y\\\352\332\310TGEu\331"
 134      12C65D2C 
 134      ADD8595C 
 134      EADAC854 
 134      474575D9 
 135 0334 2F0E2EA7 		.ascii	"/\016.\247Z"
 135      5A
 136              		.text
 137              		.section	.gnu.lto_SVC_Handler.d68c26d9c502ab35,"",%progbits
 138 0000 789C8D93 		.ascii	"x\234\215\223\333o\023G\024\207\317\231\231\254M\002"
 138      DB6F1347 
 138      1487CF99 
 138      99AC4D02 
 139 0010 21EA431F 		.ascii	"!\352C\037\362bKQ\213\220\220\027\236\372T\241\012\251"
 139      F2624B51 
 139      8B909017 
 139      9EFA54A1 
 139      0AA9
 140 0022 521FACA2 		.ascii	"R\037\254\242\370\017@aq\233@\214\315\332A\351\023k"
 140      F80F4061 
 140      719B408C 
 140      CDDA41E9 
 140      136B
 141 0034 27D405A9 		.ascii	"'\324\005\251\224K\241\016RU\220\210Z\032\012\011\264"
 141      944BA10E 
 141      52559088 
 141      5A1A0A09 
 141      B4
 142 0045 5C120A06 		.ascii	"\\\022\012\006BH\271W\264P\341\026\266! \012\211 \204"
 142      4248B957 
 142      B450E116 
 142      B621200A 
 142      892084
 143 0058 9B551173 		.ascii	"\233U\021s\316\330E8D*\326zwf\316\357\334\276\231\221"
 143      CED84538 
ARM GAS  /tmp/ccuV2JPo.s 			page 11


 143      442AD67A 
 143      7766CEEF 
 143      DCBE9991 
 144 006c F0EAAF96 		.ascii	"\360\352\257\226\376+\024\300U\372\242\004\024\353\317"
 144      FE2B14C0 
 144      55FAA204 
 144      14EBCF
 145 007b 0324BD02 		.ascii	"\003$\275\002\221\007\200\260J\340*\374G\214\011\\\237"
 145      910780B0 
 145      4AE02AFC 
 145      478C095C 
 145      9F
 146 008c EDCA54CD 		.ascii	"\355\312T\315\352t\034\347\376\320\205\344\302,\346"
 146      EA741CE7 
 146      FED085E4 
 146      C22CE6
 147 009b 05C0B828 		.ascii	"\005\300\270(\306\301oq\026\220h\313\357\347\274r6\362"
 147      C6C16F71 
 147      169068CB 
 147      EFE7BC72 
 147      36F2
 148 00ad F0D0EE87 		.ascii	"\360\320\356\207\347\252n\213\274@?O{7\016f\014\236"
 148      E7AA6E8B 
 148      BC403F4F 
 148      7B370E66 
 148      0C9E
 149 00bf 0AC5D3CF 		.ascii	"\012\305\323\317\257\014\2713\353\266;N\312\375\354"
 149      AF0CB933 
 149      EBB63B4E 
 149      CAFDEC
 150 00ce C699E9CE 		.ascii	"\306\231\351\316\240\323\356\026\012\276\274\220\370"
 150      A0D3EE16 
 150      0ABEBC90 
 150      F8
 151 00db 1D4A0A8B 		.ascii	"\035J\012\213;\261\026\277\307\332R\241\3442\326\376"
 151      3BB116BF 
 151      C7DA52A1 
 151      E432D6FE 
 152 00eb EC4A95D1 		.ascii	"\354J\225\321N\005\324`\027\326\025s\343.4\020@\360"
 152      4E05D460 
 152      17D61573 
 152      E32E3410 
 152      40F0
 153 00fd 0A6976FE 		.ascii	"\012iv\376\371([-\003\272\200\277\037\334\033E\235\342"
 153      F9285B2D 
 153      03BA80BF 
 153      1FDC1B45 
 153      9DE2
 154 010f FEE8C1DC 		.ascii	"\376\350\301\334\233\035\316\266\324\006\247P\230O\205"
 154      9B1DCEB6 
 154      D406A750 
 154      984F85
 155 011e 2BFC61AA 		.ascii	"+\374a\252$\270\033\353\366\274\221%Q\337X:mn\025\036"
 155      24B81BEB 
 155      F6BC9125 
 155      51DF583A 
 155      6D6E151E 
ARM GAS  /tmp/ccuV2JPo.s 			page 12


 156 0132 925060A9 		.ascii	"\222P`\251\337\012\362\242\302\320\"\200aJ\316\210n"
 156      DF0AF2A2 
 156      C2D02280 
 156      614ACE88 
 156      6E
 157 0143 0AC15F99 		.ascii	"\012\301_\231\303\344P.\277_\226\325\351\256\276\225"
 157      C3E4502E 
 157      BF5F96D5 
 157      E9AEBE95 
 158 0153 55BAC471 		.ascii	"U\272\304q\201\223[\3400\270\007\015J\333Mojb\021)6"
 158      81935BE0 
 158      30B8070D 
 158      4ADB4D6F 
 158      6A621129 
 159 0168 1DFEE2E8 		.ascii	"\035\376\342\350L_\344k'\343\317\013\203}F\236^\352"
 159      4C5FE46B 
 159      27E3CF0B 
 159      837D469E 
 159      5EEA
 160 017a F7284A87 		.ascii	"\367(J\207=\350\323 \276\351v\362U\264\202{Q=\021\034"
 160      3DE8D320 
 160      BEE976F2 
 160      55B4827B 
 160      513D111C 
 161 018e 601F2AB8 		.ascii	"`\037*\270\214)\227+\340h\034\234-W1\365G\372\253L\233"
 161      8C29972B 
 161      E0681C9C 
 161      2D5731F5 
 161      47FAAB4C 
 162 01a3 C1353C11 		.ascii	"\3015<\021\202\327.\243\320\320\272X\"H\322\226\371"
 162      82D72EA3 
 162      D0D0BA58 
 162      2248D296 
 162      F9
 163 01b4 F4564775 		.ascii	"\364VGuQ!i\351\345\275\023~\300\037\211O\231\223\344"
 163      512169E9 
 163      E5BD137E 
 163      C01F894F 
 163      9993E4
 164 01c7 B8D7D213 		.ascii	"\270\327\322\023\035\245\260\212\227J\012r^w*yZ\311"
 164      1DA5B08A 
 164      974A0A72 
 164      5E772A79 
 164      5AC9
 165 01d9 15BAE1BF 		.ascii	"\025\272\341\277\316\2667\025wyb\227\361b\217\025\376"
 165      CEB63715 
 165      77796297 
 165      F1628F15 
 165      FE
 166 01ea 3425FEFD 		.ascii	"4%\376\375\034]A\016SC\271\321\003\223X\016\177\314"
 166      1C5D410E 
 166      5343B9D1 
 166      0393580E 
 166      7FCC
 167 01fc F6124D31 		.ascii	"\366\022M1\211&\340\001M\362 \237\006\004\007\311|}"
 167      8926E001 
 167      4DF2209F 
ARM GAS  /tmp/ccuV2JPo.s 			page 13


 167      060407C9 
 167      7C7D
 168 020e E4E926E9 		.ascii	"\344\351&\351[\207E\226\036\366\330\234\3737Y\251Y\036"
 168      5B874596 
 168      1EF6D89C 
 168      FB3759A9 
 168      591E
 169 0220 FA8FE5C5 		.ascii	"\372\217\345\305\3565\025\314\262\227Y\322M\300>T\264"
 169      EE3515CC 
 169      B29759D2 
 169      4DC03E54 
 169      B4
 170 0231 7EBEA77F 		.ascii	"~\276\247\177\257\307\267\001_\332\010\267\273\363$"
 170      AFC7B701 
 170      5FDA08B7 
 170      BBF324
 171 0240 6AE7C3EC 		.ascii	"j\347\303\354\214?\027\241\327\260m\274\313\371R\312"
 171      8C3F17A1 
 171      D7B06DBC 
 171      CBF952CA 
 172 0250 CDA89BBE 		.ascii	"\315\250\233\276\373\333\366\316\312\342\301\353[\375"
 172      FBDBF6CE 
 172      CAE2C1EB 
 172      5BFD
 173 025e C0DAD8E6 		.ascii	"\300\332\330\346\354\240aa\276\356\374\310\224\235\037"
 173      ECA06161 
 173      BEEEFCC8 
 173      949D1F
 174 026d D5A7F7FA 		.ascii	"\325\247\367\372\360\205_\275\214\235\353\310\222U\223"
 174      F0855FBD 
 174      8C9DEBC8 
 174      925593
 175 027c E8199857 		.ascii	"\350\031\230WN\242\177i\211\202,\247\340>^;\341\001"
 175      4EA27F69 
 175      89822CA7 
 175      E03E5E3B 
 175      E101
 176 028e 3CC62655 		.ascii	"<\306&Un\312n\361q\016\300\343l\254x\205\336\011M\257"
 176      6ECA6EF1 
 176      710EC0E3 
 176      6CAC7885 
 176      DE094DAF 
 177 02a2 BF48EFF8 		.ascii	"\277H\357\370\377\322;Y\242\267c\324\3555\230\336\000"
 177      FFD23B59 
 177      A2B763D4 
 177      ED3598DE 
 177      00
 178 02b3 2A5D30E0 		.ascii	"*]0\340)\215\357tz\333c\345\273T\362\366\262\366\342"
 178      298DEF74 
 178      7ADB63E5 
 178      BB54F2F6 
 178      B2F6E2
 179 02c6 C840EF34 		.ascii	"\310@\3574\355=\250\361\375B\370\256a\322\275y\307\313"
 179      ED3DA8F1 
 179      FD42F8AE 
 179      61D2BD79 
 179      C7CB
ARM GAS  /tmp/ccuV2JPo.s 			page 14


 180 02d8 DD308661 		.ascii	"\3350\206a\272%t\231H\363v `\322\023\215\233v\302\214"
 180      BA257499 
 180      48F37620 
 180      60D2138D 
 180      9B76C28C 
 181 02ec 45ED44DC 		.ascii	"E\355D\334|\257>\270 \330jZ\215V\324\016/Z\371N$`\201"
 181      7CAF3EB8 
 181      20D86A5A 
 181      8D56D40E 
 181      2F5AF94E 
 182 0303 B212AD31 		.ascii	"\262\022\2551\303\016\307[\232\023\263_\270\204[\023"
 182      C30EC75B 
 182      9A13B35F 
 182      B8845B13 
 183 0313 E68260E8 		.ascii	"\346\202`\350\203\220\331\264\334jnY\0226\265\213\025"
 183      8390D9B4 
 183      DC6A6E59 
 183      1236B58B 
 183      15
 184 0324 79BF65B9 		.ascii	"y\277e\271\025h\204\031\301\372\220\377\255\271s\374"
 184      15688419 
 184      C1FA90FF 
 184      ADB973FC 
 185 0334 B178AC12 		.ascii	"\261x\254\022\344\2736T'\242\261\017?ZhG\255P\242\301"
 185      E4BB3654 
 185      27A2B10F 
 185      3F5A6847 
 185      AD50A2C1 
 186 0348 5A362318 		.ascii	"Z6#\030\252g\343\034RU\202\260A\306cP\261\262\241\271"
 186      AA67E31C 
 186      525582B0 
 186      41C66350 
 186      B1B2A1B9 
 187 035c 25FC5A85 		.ascii	"%\374Z\2055B\015GX\334\020\017\307\354&\216\002\236"
 187      35420D47 
 187      58DC100F 
 187      C7EC268E 
 187      029E
 188 036e 483812B5 		.ascii	"H8\022\265?\201\347\242u\3078"
 188      3F81E7A2 
 188      75C738
 189              		.text
 190              		.section	.gnu.lto_.symbol_nodes.d68c26d9c502ab35,"",%progbits
 191 0000 789C6366 		.ascii	"x\234cf``(a\200\002\246}\214\365\014\014\023\31610\324"
 191      60602861 
 191      8002A67D 
 191      8CF50C0C 
 191      13CE3130 
 192 0015 D733CE5D 		.ascii	"\3273\316]\304\301\300\270\203\261\236\021\"\300\320"
 192      C4C1C0B8 
 192      83B19E11 
 192      22C0D0
 193 0024 D001E4EF 		.ascii	"\320\001\344\357d\254gB\3423mc\254g\206j`\230\267\000"
 193      64AC6742 
 193      E2336D63 
 193      AC67866A 
 193      6098B700 
ARM GAS  /tmp/ccuV2JPo.s 			page 15


 194 0038 28B095B1 		.ascii	"(\260\225\261\236\005Y\200q;c=+LG\003\007\0033\003+"
 194      9E055980 
 194      713B633D 
 194      2B4C4703 
 194      07033303 
 195 004d C393B637 		.ascii	"\303\223\2667\362\314\314\014\014\207V\2521\000\000"
 195      F2CCCC0C 
 195      0C8756AA 
 195      310000
 196 005c 60241F9C 		.ascii	"`$\037\234"
 197              		.text
 198              		.section	.gnu.lto_.refs.d68c26d9c502ab35,"",%progbits
 199 0000 789C6366 		.ascii	"x\234cf``\340d\200\000&\006&F^&&>\006\000\001~\0001"
 199      6060E064 
 199      80002606 
 199      26465E26 
 199      263E0600 
 200              		.text
 201              		.section	.gnu.lto_.decls.d68c26d9c502ab35,"",%progbits
 202 0000 789CBD58 		.ascii	"x\234\275XkPTG\026\276}{\030\230a\200\224&&\241vk\325"
 202      6B505447 
 202      16BE7D7B 
 202      18986180 
 202      942626A1 
 203 0017 1F944925 		.ascii	"\037\224I%b\222\255\332\374\213\210\272\262[\256\354"
 203      6292ADDA 
 203      FC8B88BA 
 203      B25BAEEC 
 204 0027 90B85BBB 		.ascii	"\220\270[\273[5a\207I\240\202@\206ac\376]\034T\360\201"
 204      5B356187 
 204      49A08240 
 204      866163FE 
 204      5D1C54F0 
 205 003c 0411501E 		.ascii	"\004\021P\036\216\212\362\222\207\010\012\250\200\370"
 205      8E8AF292 
 205      87080AA8 
 205      80F8
 206 004a 1A05159F 		.ascii	"\032\005\025\237h\020\030\320\210\212(*FP\303\354\351"
 206      681018D0 
 206      888A282A 
 206      4650C3EC 
 206      E9
 207 005b EE7BEFDC 		.ascii	"\356{\357\334\031\207\270\277\366\026\347\316=\267\277"
 207      1987B8BF 
 207      F616E7CE 
 207      3DB7BF
 208 006a FECE39DD 		.ascii	"\376\3169\335\247\317\355\006s\034\227\2168\316\011"
 208      A7CFED06 
 208      731C978E 
 208      38CE09
 209 0079 D7F119F0 		.ascii	"\327\361\031\360\313s\234\012\336Er\256K\015\262\027"
 209      CB739C0A 
 209      DE4572AE 
 209      4B0DB217 
 210 0089 A406641F 		.ascii	"\244\006d\037\310~\220\006\220#\334\253\027\301\005"
 210      C87E9006 
 210      9023DCAB 
ARM GAS  /tmp/ccuV2JPo.s 			page 16


 210      17C105
 211 0098 89FD0341 		.ascii	"\211\375\003At \307A\006@f\2014\202\014\203\364\203"
 211      7420C741 
 211      06406681 
 211      34820C83 
 211      F483
 212 00aa 74802C03 		.ascii	"t\200,\003y\000\362\020\344\020\310(\010\270\300\365"
 212      7900F210 
 212      E410C828 
 212      08B8C0F5 
 213 00ba 825C57D8 		.ascii	"\202\\W\330~\012\362\\\264)\371\341y\021\277\002D\333"
 213      7E0AF25C 
 213      B429F9E1 
 213      7911BF02 
 213      44DB
 214 00cc B33CEC13 		.ascii	"\263<\354\023\033N\220\277A\254\313A|@\376\016R.\372"
 214      1B4E90BF 
 214      41ACCB41 
 214      7C40FE0E 
 214      522EFA
 215 00df 068F5C04 		.ascii	"\006\217\\\004\334|E\236\177\300\363\277@\014\210\331"
 215      DC7C459E 
 215      7FC0F3BF 
 215      400C88D9 
 216 00ef 8F865F23 		.ascii	"\217\206_#z\325&\031\007\215G\274\003\242\315Yb\254"
 216      7AD52619 
 216      078D47BC 
 216      03A2CD59 
 216      62AC
 217 0101 926D692C 		.ascii	"\222mi,\033\024\361H\274\006/\334\217x\324T=v\326\377"
 217      1B14F148 
 217      BC062FDC 
 217      8F78D454 
 217      3D76D6FF 
 218 0115 0E8F02B5 		.ascii	"\016\217\002\2653\211\332\234m\317W\203\252\323\252"
 218      3389DA9C 
 218      6DCF5783 
 218      AAD3AA
 219 0124 887AE8C5 		.ascii	"\210z\350\305\340e\325\333[\004\270\262\254\302\033"
 219      E065D5DB 
 219      5B04B8B2 
 219      ACC21B
 220 0133 2A143903 		.ascii	"*\0249\003\225\242`T\206\202!\242r\3646\334\377\251"
 220      95A26054 
 220      868221A2 
 220      72F436DC 
 220      FFA9
 221 0145 624C75B5 		.ascii	"bLu\265i74\230G\344yW\376\300e\355\007\025\320-]hs`"
 221      69373498 
 221      47E47957 
 221      FEC065ED 
 221      0715D02D 
 222 015d 97B9DD3B 		.ascii	"\227\271\335;ks\320\314b\241\255v\264cl-\336\232e[%"
 222      6B73D0CC 
 222      62A1AD76 
 222      B4636C2D 
 222      DE9A655B 
ARM GAS  /tmp/ccuV2JPo.s 			page 17


 223 0172 4C3A9D48 		.ascii	"L:\235H\340\011\033\252@\030U\242\017\010\230<\323^"
 223      E0091BAA 
 223      401855A2 
 223      0F08983C 
 223      D35E
 224 0184 682F9AF9 		.ascii	"h/\232\371ZW\252\334\\\261\325\356\031\362\303\177\242"
 224      5A57AADC 
 224      5CB1D5EE 
 224      19F2C37F 
 224      A2
 225 0195 AE1C3C57 		.ascii	"\256\034<W\377\224Xt\010\243\366c\317\027\374`\315*"
 225      FF945874 
 225      08A3F663 
 225      CF17FC60 
 225      CD2A
 226 01a7 111C4EE7 		.ascii	"\021\034N\347\357h\037T\2550X-\031\254\241\006;\266"
 226      EF681F54 
 226      AD30582D 
 226      19ACA106 
 226      3BB6
 227 01b9 E59EE0F1 		.ascii	"\345\236\340\361Z\304\002\2725\322\247\243,\266\341"
 227      5AC402BA 
 227      35D2A7A3 
 227      2CB6E1
 228 01c8 CA3533ED 		.ascii	"\31253\355B\233\323\371\031e\250U0\324J\014\373(C\351"
 228      429BD3F9 
 228      1965A855 
 228      30D44A0C 
 228      FB2843E9 
 229 01dc 70738506 		.ascii	"ps\205\006\0270\206\202\215\333\355\001\300`\023#\027"
 229      17308682 
 229      8DDBED01 
 229      C0601323 
 229      17
 230 01ed C4C879CA 		.ascii	"\304\310y\312R\247`\251\223X\366S\226\364\341\236{Z"
 230      52A760A9 
 230      9358F653 
 230      96F4E19E 
 230      7B5A
 231 01ff 5CCD581C 		.ascii	"\\\315X\0345\345[|)\213m\262N\230\237&\274t:1e\250W"
 231      35E55B7C 
 231      298B6DB2 
 231      4E989F26 
 231      BC743A31 
 232 0216 30D44B0C 		.ascii	"0\324K\014\015\224!/\267\243\320\0277S\006\325\255\211"
 232      0D94212F 
 232      B7A3D017 
 232      375306D5 
 232      AD89
 233 0228 BE67BE28 		.ascii	"\276g\276(X\023\022\234/\370\241F\244\341\326\012\302"
 233      5813129C 
 233      2FF8A146 
 233      A4E1D60A 
 233      C2
 234 0239 2A617455 		.ascii	"*atU\326\033\337r\350\203`\364^0\207\232P\010m\342\320"
 234      D61BDF72 
 234      E88360F4 
ARM GAS  /tmp/ccuV2JPo.s 			page 18


 234      5E30879A 
 234      50086DE2 
 235 024e 4118E266 		.ascii	"A\030\342f\030\342\022:\227\363\311[t\000I3J\256|x\317"
 235      18E2123A 
 235      97F3C95B 
 235      74004933 
 235      4AAE7C78 
 236 0263 88C0D4A5 		.ascii	"\210\300\324\245\266L\247\217r\226\010\3365M\207\334"
 236      B64CA78F 
 236      729608DE 
 236      354D87DC 
 237 0273 A6E97C53 		.ascii	"\246\351|S\361\250?nc\221\225v\367\364\006\261yj^[\255"
 237      F1A83F6E 
 237      63919576 
 237      F7F406B1 
 237      796A5E5B 
 238 0288 CBAF13DA 		.ascii	"\313\257\023\332it\010\221^\350\260\"\274\303RxGhx\255"
 238      69740891 
 238      5EE8B022 
 238      BCC35278 
 238      476878AD 
 239 029c 2DE327B5 		.ascii	"-\343'\265x\234\321lHw\234\326\342T\226\206\251{\016"
 239      789CD16C 
 239      48779CD6 
 239      E2549686 
 239      A97B0E
 240 02af 6DF0856C 		.ascii	"m\360\205l\236\245\245\366\372\013&J4T%\305(\010^\361"
 240      9EA5A5F6 
 240      FA0B264A 
 240      345425C5 
 240      28085EF1 
 241 02c3 F6DBC2AE 		.ascii	"\366\333\302\256@\024\242%\341\215\026\226\017.\261"
 241      4014A225 
 241      E18D1696 
 241      0F2EB1
 242 02d2 428CC790 		.ascii	"B\214\307\220\026\265\312\366hor\245\223q\202\2504\366"
 242      16B5CAF6 
 242      686F72A5 
 242      937182A8 
 242      34F6
 243 02e4 404E8E09 		.ascii	"@N\216\011\265\303P\315\322R,j\203\227G\341%\020\237"
 243      B5C350CD 
 243      D2522C6A 
 243      839747E1 
 243      25109F
 244 02f7 78D992E6 		.ascii	"x\331\222\346\203\264!\336;\235\360\322\211\272\360"
 244      83B421DE 
 244      3B9DF0D2 
 244      89BAF0
 245 0306 3C237B86 		.ascii	"<#{\206 \250\320qp\241\305\345\002x\304| \015d1t\226"
 245      20A8D071 
 245      70A1C5E5 
 245      0278C47C 
 245      200D6431 
 246 031c D7F074D5 		.ascii	"\327\360t\325\012\274r\025\353\330*\316-~\336\255\306"
 246      0ABC7215 
 246      EBD82ACE 
ARM GAS  /tmp/ccuV2JPo.s 			page 19


 246      2D7EDEAD 
 246      C6
 247 032d BD6C102E 		.ascii	"\275l\020.>n\022|\361]\252\360\033/\364O\252P\210\216"
 247      3E6E127C 
 247      F15DAAF0 
 247      1B2FF44F 
 247      AA50888E 
 248 0341 1ABB57F9 		.ascii	"\032\273W\371de*\304\333\201t\350\264\313\3302\035\263"
 248      64652AC4 
 248      DB8174E8 
 248      B4CBD832 
 248      1DB3
 249 0353 B5CEE5BA 		.ascii	"\265\316\345\272r\261\2413\340\3742\235\210\006\003"
 249      72B1A133 
 249      E0FC329D 
 249      880603
 250 0362 DBB34BAA 		.ascii	"\333\263K\252y\274\005Sk\243\215\217\006\002q>S\372"
 250      79BC0553 
 250      6BA38D8F 
 250      0602713E 
 250      53FA
 251 0374 EA2E9C08 		.ascii	"\352.\234\010\302\005L)\331\222\273\327\207\372\350"
 251      C2054C29 
 251      D992BBD7 
 251      87FAE8
 252 0383 47CB45CB 		.ascii	"G\313E\313\326\036\177\\\314\332~\2718\341\014\300;"
 252      D61E7F5C 
 252      CCDA7EB9 
 252      38E10CC0 
 252      3B
 253 0394 98D23138 		.ascii	"\230\32218\376DG\201o\020\265g\307\330\317\201x7k\333"
 253      FE444781 
 253      6F10B567 
 253      C7D8CF81 
 253      78376BDB 
 254 03a8 D4D1D0EE 		.ascii	"\324\321\320\356\207\3672e\353\263\316\223A\024\370"
 254      87F73265 
 254      EBB3CE93 
 254      4114F8
 255 03b7 0E51F3EF 		.ascii	"\016Q\363\357wn\304\270\206\266i'\213v\345\371\241\331"
 255      776EC4B8 
 255      86B66927 
 255      8B76E5F9 
 255      A1D9
 256 03c9 EC0A993E 		.ascii	"\354\012\231>\333\006\301\214\332o>\216\310\266\012"
 256      DB06C18C 
 256      DA6F3E8E 
 256      C8B60A
 257 03d8 25EFD090 		.ascii	"%\357\320\220/@\310\375h\272+\260\2134G\337\207\033"
 257      2F40C8FD 
 257      68BA2BB0 
 257      8B3447DF 
 257      871B
 258 03ea 47E0367B 		.ascii	"G\3406{\251\332>\217B\317zB\347\020d)\222\241ge\350"
 258      A9DA3E8F 
 258      42CF7A42 
 258      E7106429 
ARM GAS  /tmp/ccuV2JPo.s 			page 20


 258      92A16765 
 259 03ff 654FE815 		.ascii	"eO\350\025\017\326N\031z\311\273\003\012\332\3232\366"
 259      0FD64E19 
 259      7AC9BB03 
 259      0ADAD332 
 259      F6
 260 0410 9C27F6BC 		.ascii	"\234'\366\274\007m\253\014\355\364\352\254\013yNF^\365"
 260      076DAB0C 
 260      EDF4EAAC 
 260      0B794E46 
 260      5EF5
 261 0422 EE2B7380 		.ascii	"\356+s\200\244\210\243e\255Z@\004\303I\253\217]?\320"
 261      A488A365 
 261      AD5A4004 
 261      C349AB8F 
 261      5D3FD0
 262 0435 152E08F3 		.ascii	"\025.\010\363-\034:\011\275O\221\336v\221\016\220\250"
 262      2D1C3A09 
 262      BD4F91DE 
 262      76910E90 
 262      A8
 263 0446 0F92E406 		.ascii	"\017\222\344\006\232\215\256\201\364\2008@\272A~\004"
 263      9A8DAE81 
 263      F4803840 
 263      BA417E04 
 264 0456 B90ED28B 		.ascii	"\271\016\322\213fS\"\342\221\343L\351\031\235 \372\324"
 264      665322E2 
 264      91E34CE9 
 264      199D20FA 
 264      D4
 265 0467 E53D50E6 		.ascii	"\345=P\346\023\314\362\355\376\241\\\265N\231\233J4"
 265      13CCF2ED 
 265      FEA15CB5 
 265      4E999B4A 
 265      34
 266 0478 8706104D 		.ascii	"\207\006\020M_\362\013h{e\321\227\270\236\246\204\352"
 266      5FF20B68 
 266      7B65D197 
 266      B89EA684 
 266      EA
 267 0489 6661ED81 		.ascii	"fa\355\201 \024\022\034\254\225\212\331mXe\203\257\024"
 267      2014121C 
 267      AC958AD9 
 267      6D586583 
 267      AF14
 268 049b B3F1CF48 		.ascii	"\263\361\317H\003G\312#\371\245+x4[\300\357\310\345"
 268      0347CA23 
 268      F9A52B78 
 268      345BC0EF 
 268      C8E5
 269 04ad F1260447 		.ascii	"\361&\004G\2328\364\023\330\275EW\274\234\215\201,\033"
 269      9A38F413 
 269      D8BD4557 
 269      BC9C8D81 
 269      2C1B
 270 04bf 33AB4B9E 		.ascii	"3\253K\236\260\344\304D\335\326\375\323\030\246*]\260"
 270      B0E4C444 
ARM GAS  /tmp/ccuV2JPo.s 			page 21


 270      DDD6FDD3 
 270      18A62A5D 
 270      B0
 271 04d0 75577B82 		.ascii	"uW{\202\264\351b\231$A\350\264\212\030\356Q\3569\301"
 271      B4E96299 
 271      2441E8B4 
 271      8A18EE51 
 271      EE39C1
 272 04e3 E82EA3AE 		.ascii	"\350.\243\2568\223s\323gZ\2268\3463\021u|\010\340w("
 272      389373D3 
 272      675A9638 
 272      E6331175 
 272      7C08E077 
 273 04f8 7C184D93 		.ascii	"|\030M\223:QE\261\206\002\331\032Z\267~\237\323wj{#"
 273      3A5145B1 
 273      8602D91A 
 273      5AB77E9F 
 273      D3776A7B 
 274 050d 92BDF7A8 		.ascii	"\222\275\367\250\271\342;\271\3334\2429\233d\356>b\356"
 274      B9E23BB9 
 274      DB34A239 
 274      9B64EE3E 
 274      62EE
 275 051f 70E80135 		.ascii	"p\350\00157\302\314=\240\346\33277T\370\273M\012\251"
 275      37C2CC3D 
 275      A0E6DA37 
 275      3754F8BB 
 275      4D0AA9
 276 0532 D92E030F 		.ascii	"\331.\003\017\305IyH'\245/\277m\235\312\015]\345\206"
 276      C5497948 
 276      27A52FBF 
 276      6D9DCA0D 
 276      5DE586
 277 0545 1E15D1A3 		.ascii	"\036\025\321\243\024=1|~D\253\374\244\220\332\350\002"
 277      143D317C 
 277      7E44ABFC 
 277      A490DAE8 
 277      02
 278 0556 3F72FBA4 		.ascii	"?r\373\244l\315|\331\351\213\233X}\330q\367\372&->\306"
 278      6CCD7CD9 
 278      E98B9B58 
 278      7DD871F7 
 278      FA262D3E 
 279 056b 94915393 		.ascii	"\224\221S\223\373}T<\207\236\320\011\2077G\366\354\272"
 279      FB7D543C 
 279      879ED009 
 279      873747F6 
 279      ECBA
 280 057d EACFF622 		.ascii	"\352\317\366\"\345\347\017|\223\007\205\201\356\014"
 280      E5E70F7C 
 280      93078581 
 280      EE0C
 281 058b 6CE93C61 		.ascii	"l\351<aE\217\245\222\210\306\220\212#*+\301O\331g\271"
 281      458FA592 
 281      88C6908A 
 281      232A2BC1 
 281      4FD967B9 
ARM GAS  /tmp/ccuV2JPo.s 			page 22


 282 059f AAF6B006 		.ascii	"\252\366\260\006\370hI&\366I\251\332?\371 h\312=\312"
 282      F8684926 
 282      F649A9DA 
 282      3FF92068 
 282      CA3DCA
 283 05b2 33EAE9CF 		.ascii	"3\352\351\317Htu\363\001\241\324\017\277\230\312\273"
 283      487475F3 
 283      01A1D40F 
 283      BF98CABB 
 284 05c2 F18D6303 		.ascii	"\361\215c\003:\352\235c\242\252\017\226\007\331r\264"
 284      3AEA9D63 
 284      A2AA0F96 
 284      07D972B4 
 285 05d2 0AB35484 		.ascii	"\012\263T\204\007\215\313\276M\020\337\306%\337\236"
 285      078DCBBE 
 285      4D10DFC6 
 285      25DF9E
 286 05e1 53DF52DB 		.ascii	"S\337R\333\252.\371\322\331\377\224P=\333\345\030F4"
 286      AA2EF9D2 
 286      D9FF9450 
 286      3DDBE518 
 286      4634
 287 05f3 F77C899A 		.ascii	"\367|\211\232\275\272\2611\220\252jZ\227KFs\003\246"
 287      BDBAB131 
 287      90AA6A5A 
 287      974B4673 
 287      03A6
 288 0605 CE8D4929 		.ascii	"\316\215I)7~a\2718b\035\256R{\346\342\013\200\277\244"
 288      377E61B9 
 288      38621DAE 
 288      527BE6E2 
 288      0B80BFA4 
 289 0619 70274D8E 		.ascii	"p'M\216I\226\034N\232\034\207\3732\356i\2507\016Z\371"
 289      49961C4E 
 289      9A1C87FB 
 289      32EE69A8 
 289      370E5AF9 
 290 062d CF3837A7 		.ascii	"\31787\247\262\017\301\006\032{\335\320\3065Ax\265\212"
 290      B20FC106 
 290      1A7BDDD0 
 290      C6354178 
 290      B58A
 291 063f 2AEBACA7 		.ascii	"*\353\254\247+\264\304\033+x\223\376\372\257&\231\307"
 291      2BB4C41B 
 291      2B7893FE 
 291      FAAF2699 
 291      C7
 292 0650 F3D5ED41 		.ascii	"\363\325\355A8\223\365\037i/Y)u\377\037>\272d\251\214"
 292      3893F51F 
 292      692F5929 
 292      75FF1F3E 
 292      BA64A98C 
 293 0664 B5D56A70 		.ascii	"\265\325jp\016\353\376\364a{\257\037\336\312\224\372"
 293      0EEBFEF4 
 293      617BAF1F 
 293      DECA94FA 
 294 0674 4E6B8B1A 		.ascii	"Nk\213\032\027\213JF\303Y5.\021\275\314\3159\211p\231"
ARM GAS  /tmp/ccuV2JPo.s 			page 23


 294      178B4A46 
 294      C359352E 
 294      11BDCCCD 
 294      39897099 
 295 0688 CA6D9731 		.ascii	"\312m\2271\203\35522;\266\035\305Tu\322\346\274\013"
 295      83ED3232 
 295      3BB61DC5 
 295      5475D2E6 
 295      BC0B
 296 069a D70EAAF0 		.ascii	"\327\016\252\360^\261cO9\344g=U\370\354\233c\273\221"
 296      5EB1634F 
 296      39E4673D 
 296      55F8EC9B 
 296      63BB91
 297 06ad B44770AF 		.ascii	"\264Gp\2570Y|\010\0200_\327\363\301h\003/n\020\012\313"
 297      30597C08 
 297      10305FD7 
 297      F3C16803 
 297      2F6E100A 
 298 06c2 37FD866C 		.ascii	"7\375\206l\0206\361Z\224\311\313\337\354\031Zi\213\315"
 298      1036F15A 
 298      94C9CBDF 
 298      EC195A69 
 298      8BCD
 299 06d4 3BBA77FF 		.ascii	";\272w\377\325;i\366T\244\3173:\336\"\244?\000\351F"
 299      D53B69F6 
 299      54A4CF33 
 299      3ADE22A4 
 299      3F00E946 
 300 06e8 1729D890 		.ascii	"\027)\330\2207\356W7\244\346a6\260\257'\005|mke\006"
 300      37EE5737 
 300      A4E66136 
 300      B0AF2705 
 300      7C6D6B65 
 301 06fd 9BF42F69 		.ascii	"\233\364/i\012\256\036\315\320\3229\327\021u(\253\254"
 301      0AAE1ECD 
 301      D0D239D7 
 301      117528AB 
 301      AC
 302 070e 867DE2FD 		.ascii	"\206}\342\375\351\251\343Q\361\257\245`\036/\246`.\343"
 302      E9A9E351 
 302      F1AFA560 
 302      1E2FA660 
 302      2EE3
 303 0720 2EEAEA2E 		.ascii	".\352\352.\010P\246 \361;\007lo\341\011<\237\237&u\""
 303      0850A620 
 303      F13B076C 
 303      6FE1093C 
 303      9F9F2675 
 304 0735 E896177D 		.ascii	"\350\226\027}\027\375\225\350\315\277\206n\035{\354"
 304      17FD95E8 
 304      CDBF866E 
 304      1D7BEC
 305 0744 F4C72D6C 		.ascii	"\364\307-l\266\272N\036\203=J;S\322\005k\225\026\333"
 305      B6BA4E1E 
 305      833D4A3B 
 305      53D2056B 
ARM GAS  /tmp/ccuV2JPo.s 			page 24


 305      9516DB
 306 0757 99523678 		.ascii	"\231R6x.;\200\0060\207\356zn\015\027\004\340\263\254"
 306      2E3B8006 
 306      3087EE7A 
 306      6E0D1704 
 306      E0B3AC
 307 076a EDDECEB2 		.ascii	"\355\336\316\262k:|\221)\375\317\372\333})p\036Q\217"
 307      6B3A7C91 
 307      29FDCFFA 
 307      DB7D2970 
 307      1E518F
 308 077d AE2A3AE0 		.ascii	"\256*:\340\217\273Y\333\320\375\354\207*\334+f\221\270"
 308      8FBB59DB 
 308      D0FDEC87 
 308      2ADC2B66 
 308      91B8
 309 078f 66756CCD 		.ascii	"ful\315n\177\274s\215\037\036dmu\273v\037`\2039\237"
 309      6E7FBC73 
 309      8D1F1E64 
 309      6D75BB76 
 309      1F608339 
 310 07a4 428B763B 		.ascii	"B\213v;\260\253>[h\005\332\015\021\261O\345\036\336"
 310      B0AB3E5B 
 310      6805DA0D 
 310      11B14FE5 
 310      1EDE
 311 07b6 559F017D 		.ascii	"U\237\001}zs\321\220Z\211\266\362\277\202nj\357\236"
 311      7A73D190 
 311      5A89B6F2 
 311      BF826E6A 
 311      EF9E
 312 07c8 F4C743EE 		.ascii	"\364\307C\356vu\314\356"
 312      7675CCEE 
 313 07d0 4BABB05F 		.ascii	"K\253\260_\203\207Y[\323\276\254\011VE\226\020\265="
 313      8387595B 
 313      D3BEAC09 
 313      56459610 
 313      B53D
 314 07e2 5DD8A1C3 		.ascii	"]\330\241\303\017Y\333\226\303\205\331\314_\201\215"
 314      0F59DB96 
 314      C385D9CC 
 314      5F818D
 315 07f1 D68E1B9D 		.ascii	"\326\216\033\235x\352\371\255\226\346\367\016[\221E"
 315      78EAF9AD 
 315      96E6F70E 
 315      5B9145
 316 0800 C35D1541 		.ascii	"\303]\025A\256\031c\361U\201\307l\177TC=\256\226fl\335"
 316      AE1963F1 
 316      5581C76C 
 316      7F54433D 
 316      AE96666C 
 317 0815 C4BE56AC 		.ascii	"\304\276V\254D\223\370\246D?\254++\320\341'\342\004"
 317      4493F8A6 
 317      443FAC2B 
 317      2BD0E127 
 317      E204
 318 0827 B4DC1778 		.ascii	"\264\334\027x\032C$Q\217_\350\251TS\267m,\214\216\306"
ARM GAS  /tmp/ccuV2JPo.s 			page 25


 318      1A432451 
 318      8F5FE8A9 
 318      5453B76D 
 318      2C8C8EC6 
 319 083b 5E96B46F 		.ascii	"^\226\264o\322\257\360\255}w\374\246\216\242A\212\242"
 319      D2AFF0AD 
 319      7D77FCA6 
 319      8EA2418A 
 319      A2
 320 084c 8C45D1BC 		.ascii	"\214E\321\274\263>\3063\210\375\340V=M\273\003\324\255"
 320      B33EC633 
 320      88FDE056 
 320      3D4DBB03 
 320      D4AD
 321 085e 06C9AD9F 		.ascii	"\006\311\255\237_T\016\275\022\304\224\350\373W\217"
 321      5F540EBD 
 321      12C494E8 
 321      FB578F
 322 086d ADD7E171 		.ascii	"\255\327\341q\026\204\264\322tl\245\225\\\333T\210\361"
 322      1684B4D2 
 322      746CA595 
 322      5CDB5488 
 322      F1
 323 087e 2FAC6D7B 		.ascii	"/\254m{f\335\004;\316'\021uM^\332Y\025^\353\303\012"
 323      66DD043B 
 323      CE271175 
 323      4D5EDA59 
 323      155EEBC3 
 324 0893 5AEBFEC7 		.ascii	"Z\353\376\307l\015\246\023\375\355\352\376\333\365\362"
 324      6C0DA613 
 324      FDEDEAFE 
 324      DBF5F2
 325 08a2 8E59794D 		.ascii	"\216YyM\207\015\264MH\263\216\0265\334\371}y\235\320"
 325      870DB44D 
 325      48B38E16 
 325      35DCF97D 
 325      799DD0
 326 08b5 9686D16A 		.ascii	"\226\206\321jpo\035T\212\013\374\224\333\3274\253mk"
 326      706F1D54 
 326      8A0BFC94 
 326      DBD734AB 
 326      6D6B
 327 08c7 15D96912 		.ascii	"\025\331i\022l\206w\354\3732\264I\206\036\366\204\036"
 327      6C8677EC 
 327      FB32B449 
 327      861EF684 
 327      1E
 328 08d8 E1DDA19B 		.ascii	"\341\335\241\233d\350ZO\250\333\2468'\325V\371! K\371"
 328      64E85A4F 
 328      A8DBA638 
 328      27D556F9 
 328      21204BF9 
 329 08ec 69A84C44 		.ascii	"i\250LDJy\217\312=H+d\322\022O\322]\2742\254\034\253"
 329      4A798FCA 
 329      3D482B64 
 329      D2124FD2 
 329      5DBC32AC 
ARM GAS  /tmp/ccuV2JPo.s 			page 26


 330 0902 AD8A62C9 		.ascii	"\255\212b\311\014\355\365\304V\272a\323Rm\005\037\346"
 330      0CEDF5C4 
 330      56BA61D3 
 330      526D051F 
 330      E6
 331 0913 CF435BC1 		.ascii	"\317C[\301\203m\"T\252<\356\347\002`\335(\263\246y\262"
 331      836D2254 
 331      AA3CEEE7 
 331      0260DD28 
 331      B3A679B2 
 332 0927 CE7147EE 		.ascii	"\316qG\356\225\221\025\336\355\273\302*\227\303\332"
 332      959115DE 
 332      EDBBC22A 
 332      97C3DA
 333 0936 E93D2C17 		.ascii	"\351=,\0274S\206\256\361j_1\257E2\264\320\023Z\244d"
 333      345386AE 
 333      F16A5F31 
 333      AF4532B4 
 333      D0135AA4 
 334 094b 15045B23 		.ascii	"\025\004[#\231\001H_\324,\"\245\244F\207\334\2075\325"
 334      9901485F 
 334      D42C22A5 
 334      A44687DC 
 334      8735D5
 335 095e 5643A007 		.ascii	"VC\240\007\001\332\350\011m\362p5_\266\237\356=\003"
 335      01DAE809 
 335      6DF27035 
 335      5FB69FEE 
 335      3D03
 336 0970 14BE16CB 		.ascii	"\024\276\026\313\330b\357\276*\260e2v\207'\326\346\211"
 336      D862EFBE 
 336      2AB06532 
 336      768727D6 
 336      E689
 337 0982 DD2E63B7 		.ascii	"\335.c\267{\307Rw\225\347$\001\302I\245M\004M\016I\227"
 337      7BC75277 
 337      95E72401 
 337      C249A54D 
 337      044D0E49 
 338 0997 E1DB7992 		.ascii	"\341\333y\222\237\215N\203\034\0059\013\322\012\322"
 338      9F8D4E83 
 338      1C05390B 
 338      D20AD2
 339 09a6 027202E4 		.ascii	"\002r\002\344\022\310\031\220s ] \347A\354 \307@\332"
 339      12C81990 
 339      73205D20 
 339      E741EC20 
 339      C740DA
 340 09b9 414E811C 		.ascii	"AN\201\034\007\271\010\322\011\322\001\322\306K\007"
 340      07B908D2 
 340      09D201D2 
 340      C64B07
 341 09c8 2B18D26A 		.ascii	"+\030\322j2\244\2650\244\373D\037\245\272\210\352<\206"
 341      32A4B530 
 341      A4FB441F 
 341      A5BA88EA 
 341      3C86
ARM GAS  /tmp/ccuV2JPo.s 			page 27


 342 09da B4500EA7 		.ascii	"\264P\016\247\3003\234S\236\207\302\365U\344P\010\030"
 342      C0339C53 
 342      9E87C2F5 
 342      55E45008 
 342      18
 343 09eb 8F43216C 		.ascii	"\217C!l>\322\256\027\331\324(d:\3055\257\360CW\201i"
 343      3ED2AE17 
 343      D9D42864 
 343      3AC535AF 
 343      F0435781 
 344 0a00 956B4B41 		.ascii	"\225kKA:\275r\200\224\006\006]\201\361\370\177\214\015"
 344      3ABD7280 
 344      9406065D 
 344      81F1F87F 
 344      8C0D
 345 0a12 54BF8C9C 		.ascii	"T\277\214\234+\365\356'\226\253\274\362\030\331\315"
 345      2BF5EE27 
 345      96ABBCF2 
 345      18D9CD
 346 0a21 B33308FC 		.ascii	"\2633\010\374z=\261\224\273\235X\256\211\350k\024=p"
 346      7A3DB194 
 346      BB9D58AE 
 346      89E86B14 
 346      3D70
 347 0a33 F94A9716 		.ascii	"\371J\227\026\327\2632[RQ\321\253e\247\014\373\315g"
 347      D7B3325B 
 347      5251D1AB 
 347      65A70CFB 
 347      CD67
 348 0a45 C66CF994 		.ascii	"\306l\371\224\341GO=\327y\327\377\265\340\231\355\342"
 348      E1474F3D 
 348      D779D7FF 
 348      B5E099ED 
 348      E2
 349 0a56 7FE4C92E 		.ascii	"\177\344\311.\376\326\345G\202\026\237b4{F\016\337\321"
 349      FED6E547 
 349      82169F62 
 349      347B460E 
 349      DFD1
 350 0a68 501A5B7E 		.ascii	"P\032[~\215Z:\014P\212\036\005E\217Dq\203RL:6\011\032"
 350      8D5A3A0C 
 350      508A1E05 
 350      458F4471 
 350      83524C3A 
 351 0a7f 7CC1678A 		.ascii	"|\301g\2123\206us\333\030\222N@u\272\011R\333\351\377"
 351      33867573 
 351      DB18924E 
 351      4075BA09 
 351      52DBE9FF 
 352 0a93 DC52D366 		.ascii	"\334R\323f\321cF\257D\215\372x8f\364J\354\375\224=\357"
 352      D16346AF 
 352      448DFA78 
 352      3866F44A 
 352      ECFD943D 
 353 0aa8 FCE969B8 		.ascii	"\374\351i\270\237\221\333n\\\374\263\030\345\261\311"
 353      9F91DB6E 
 353      5CFCB318 
ARM GAS  /tmp/ccuV2JPo.s 			page 28


 353      E5B1C9
 354 0ab7 57A27428 		.ascii	"W\242t(\\tH$\003\224\244\270\253\367\256\012\2171\226"
 354      5C744824 
 354      0394A4B8 
 354      ABF7AE0A 
 354      8F3196
 355 0aca 496B57BF 		.ascii	"IkW\277\017\213\322\356\021\345\240\202bP\242\270\311"
 355      0F8BD2EE 
 355      11E5A082 
 355      6250A2B8 
 355      C9
 356 0adb CFE4DE35 		.ascii	"\317\344\3365$%\232-\2068\363\267\006SR\\|\342\327)"
 356      24259A2D 
 356      8638F3B7 
 356      0653525C 
 356      7CE2D729 
 357 0aef A6B949D1 		.ascii	"\246\271I\321f\313\334y\352?\376\345\213\231\341\\\310"
 357      66CBDC79 
 357      EA3FFEE5 
 357      8B99E15C 
 357      C8
 358 0b00 DCB9A1F0 		.ascii	"\334\271\241\360\227\230\034j\266\204\022lrh\230~i\370"
 358      97981C6A 
 358      B684126C 
 358      7268987E 
 358      69F8
 359 0b12 D295A1C6 		.ascii	"\322\225\241\306Xc\242\331d\370\317\037V\3145ro1\236"
 359      5863A2D9 
 359      64F8CF1F 
 359      56CC3572 
 359      6F319E
 360 0b25 E4EFE22C 		.ascii	"\344\357\342,\306X\303W\346\304\025\206\270d\363\377"
 360      C658C357 
 360      E6C41586 
 360      B864F3FF 
 361 0b35 D439969B 		.ascii	"\3249\226\233\316:\233V\306Y\344\256\323^u\314?jy\270"
 361      CE3A9B56 
 361      C659E4AE 
 361      D35E75CC 
 361      3F6A79B8 
 362 0b49 61497442 		.ascii	"aItBL\274\311\354cX\220\230\030\377\25616\312\030\033"
 362      4CBCC9EC 
 362      63589098 
 362      18FFAE31 
 362      36CA181B 
 363 0b5d 911C6936 		.ascii	"\221\034i6\231V$Y\342\022\023\364\246oS\342\314\246"
 363      99562459 
 363      E21213F4 
 363      A66F53E2 
 363      CCA6
 364 0b6f 98DF2A2D 		.ascii	"\230\337*-\307%\030\343SbL`4\331\030\033\003\006\375"
 364      C72518E3 
 364      53624C60 
 364      34D9181B 
 364      0306FD
 365 0b82 52E2122C 		.ascii	"R\342\022,\237|l\260h\015\006\351\361\303\320\224d\263"
 365      9F7C6CB0 
ARM GAS  /tmp/ccuV2JPo.s 			page 29


 365      680D06E9 
 365      F1C3D094 
 365      64B3
 366 0b94 0C4D307D 		.ascii	"\014M0}\027\037\367\357\320\025\321\306\330\270\004"
 366      171FF7EF 
 366      D015D1C6 
 366      D8B804
 367 0ba3 53A821C6 		.ascii	"S\250!\306\364UtJ\274\305`\371>\311\224\014\014\263"
 367      F455744A 
 367      BCC560F9 
 367      3EC9940C 
 367      0CB3
 368 0bb5 BDA193BF 		.ascii	"\275\241\223\277O\0165$[b\200\021 \376bP\026\243e\245"
 368      4F0E3524 
 368      5B628011 
 368      20FE6250 
 368      16A365A5 
 369 0bc9 9FD9F475 		.ascii	"\237\331\364u\264y\205\3012\3735#\002\375x\363<\336"
 369      B47985C1 
 369      32FB3523 
 369      02FD78F3 
 369      3CDE
 370 0bdb FC116FFE 		.ascii	"\374\021o\376\2307\177\202\315\037}\254\2167\033,\261"
 370      98377F82 
 370      CD1F7DAC 
 370      8E371B2C 
 370      B1
 371 0bec 317C9251 		.ascii	"1|\222Q\2652)\331\2542\306F\2335\006\303\327&\213!2"
 371      B53229D9 
 371      AC32C646 
 371      9B3506C3 
 371      D7268B21 
 372 0c01 2A32203A 		.ascii	"*2 :\376\273\350\357\223\015q\011\361\340\350{2=\330"
 372      FEBBE8EF 
 372      930D7109 
 372      F1E0E87B 
 372      323DD8
 373 0c14 0D0D5F1A 		.ascii	"\015\015_\032\025\021\345\212\236\014\270q\305\342\224"
 373      1511E58A 
 373      9E0CB871 
 373      C5E294
 374 0c23 04235801 		.ascii	"\004#X\001\206d\306\340\027\025\276\300\3609\304\345"
 374      8664C6E0 
 374      1715BEC0 
 374      F039C4E5 
 375 0c33 131EF945 		.ascii	"\023\036\371E\304BUDx\224^\265\374\363ez\237\260\010"
 375      C4425544 
 375      78945EB5 
 375      FCF3657A 
 375      9FB008
 376 0c46 7DB81E47 		.ascii	"}\270\036G\201\204\207\353}\311@}j\260h\330\220\301"
 376      818487EB 
 376      7DC9407D 
 376      6AB068D8 
 376      90C1
 377 0c58 138E5A12 		.ascii	"\023\216Z\022\351\023\265\204\300\303\027\303m\011\271"
 377      E913B584 
ARM GAS  /tmp/ccuV2JPo.s 			page 30


 377      C0C317C3 
 377      6D09B9
 378 0c67 2D849BCF 		.ascii	"-\204\233\317\322\245\213\303\364\252\005\344\026\006"
 378      D2A58BC3 
 378      F4AA05E4 
 378      1606
 379 0c75 3A8E5CAC 		.ascii	":\216\\\254\307\013A\302\026\352U\320\246WED\205\351"
 379      C70B41C2 
 379      16EA55D0 
 379      A6574544 
 379      85E9
 380 0c87 35FA4551 		.ascii	"5\372EQ\213\364\313\027-\234\007\206\303\302\365!\257"
 380      8BF4CB17 
 380      2D9C0786 
 380      C3C2F521 
 380      AF
 381 0c98 F7FD1370 		.ascii	"\367\375\023p|\032\035\326\370D\3437r\256h\344W\001"
 381      7C1A1DD6 
 381      F844E337 
 381      72AE68E4 
 381      5701
 382 0caa 2CAA0561 		.ascii	",\252\005aQ\213\"\365\021o\322\367)\011n`\177\305\313"
 382      518B22F5 
 382      116FD2F7 
 382      29096E60 
 382      7FC5CB
 383 0cbd FF029078 		.ascii	"\377\002\220x\301\035"
 383      C11D
 384              		.text
 385              		.section	.gnu.lto_.symtab.d68c26d9c502ab35,"",%progbits
 386 0000 5F706F72 		.ascii	"_port_irq_epilogue\000\000\000\000\000\000\000\000\000"
 386      745F6972 
 386      715F6570 
 386      696C6F67 
 386      75650000 
 387 001b 000000B3 		.ascii	"\000\000\000\263\000\000\000SVC_Handler\000\000\000"
 387      00000053 
 387      56435F48 
 387      616E646C 
 387      65720000 
 388 0030 00000000 		.ascii	"\000\000\000\000\000\000\000\000\000\265\000\000\000"
 388      00000000 
 388      00B50000 
 388      00
 389 003d 5F706F72 		.ascii	"_port_switch_from_isr\000\000\002\000\000\000\000\000"
 389      745F7377 
 389      69746368 
 389      5F66726F 
 389      6D5F6973 
 390 005a 00000000 		.ascii	"\000\000\000\000\257\000\000\000_port_exit_from_isr"
 390      AF000000 
 390      5F706F72 
 390      745F6578 
 390      69745F66 
 391 0075 00000200 		.ascii	"\000\000\002\000\000\000\000\000\000\000\000\000\261"
 391      00000000 
 391      00000000 
ARM GAS  /tmp/ccuV2JPo.s 			page 31


 391      B1
 392 0082 00000063 		.ascii	"\000\000\000chSchIsPreemptionRequired\000\000\002\000"
 392      68536368 
 392      49735072 
 392      65656D70 
 392      74696F6E 
 393 00a2 00000000 		.ascii	"\000\000\000\000\000\000\000\000\275\000\000\000"
 393      00000000 
 393      BD000000 
 394              		.text
 395              		.section	.gnu.lto_.opts,"",%progbits
 396 0000 272D666E 		.ascii	"'-fno-trapv' '-mcpu=cortex-m3' '-mno-thumb-interwor"
 396      6F2D7472 
 396      61707627 
 396      20272D6D 
 396      6370753D 
 397 0033 6B272027 		.ascii	"k' '-mthumb' '-ggdb' '-O2' '-fomit-frame-pointer' '"
 397      2D6D7468 
 397      756D6227 
 397      20272D67 
 397      67646227 
 398 0066 2D66616C 		.ascii	"-falign-functions=16' '-ffunction-sections' '-fdata"
 398      69676E2D 
 398      66756E63 
 398      74696F6E 
 398      733D3136 
 399 0099 2D736563 		.ascii	"-sections' '-fno-common' '-flto'\000"
 399      74696F6E 
 399      73272027 
 399      2D666E6F 
 399      2D636F6D 
 400              		.text
 401              		.comm	__gnu_lto_v1,1,1
 402              		.comm	__gnu_lto_slim,1,1
 403              		.ident	"GCC: (15:4.9.3+svn231177-1) 4.9.3 20150529 (prerelease)"
ARM GAS  /tmp/ccuV2JPo.s 			page 32


DEFINED SYMBOLS
                            *ABS*:0000000000000000 chcore_v7m.c
                            *COM*:0000000000000001 __gnu_lto_v1
                            *COM*:0000000000000001 __gnu_lto_slim

NO UNDEFINED SYMBOLS
