ARM GAS  /tmp/ccKfsOW3.s 			page 1


   1              		.syntax unified
   2              		.cpu cortex-m3
   3              		.fpu softvfp
   4              		.eabi_attribute 20, 1
   5              		.eabi_attribute 21, 1
   6              		.eabi_attribute 23, 3
   7              		.eabi_attribute 24, 1
   8              		.eabi_attribute 25, 1
   9              		.eabi_attribute 26, 1
  10              		.eabi_attribute 30, 2
  11              		.eabi_attribute 34, 1
  12              		.eabi_attribute 18, 4
  13              		.thumb
  14              		.file	"chmemcore.c"
  15              		.text
  16              	.Ltext0:
  17              		.section	.gnu.lto_.profile.ab3de6fa8e895b6,"",%progbits
  18 0000 789C6366 		.ascii	"x\234cf```a\200\000F\006\025\005\000\000\334\000M"
  18      60606061 
  18      80004606 
  18      15050000 
  18      DC004D
  19              		.text
  20              		.section	.gnu.lto_.jmpfuncs.ab3de6fa8e895b6,"",%progbits
  21 0000 789C6366 		.ascii	"x\234cf\300\016\204\2404\013\020\263222\326\263\201"
  21      C00E84A0 
  21      340B10B3 
  21      323232D6 
  21      B381
  22 0012 0876200F 		.ascii	"\010v \017\000\013&\0010"
  22      000B2601 
  22      30
  23              		.text
  24              		.section	.gnu.lto_.inline.ab3de6fa8e895b6,"",%progbits
  25 0000 789C6366 		.ascii	"x\234cf\300\016\022\2414\013\003\003+\013#\003\023\313"
  25      C00E12A1 
  25      340B0303 
  25      2B0B2303 
  25      13CB
  26 0012 027906B6 		.ascii	"\002y\006\266\005\362L 1V\006>^FF\006F\006\006f\241"
  26      05F24C20 
  26      3156063E 
  26      5E464606 
  26      46060666 
  27 0027 039D8C10 		.ascii	"\003\235\214\020q\240\002\026\220$\033\003\0177T\222"
  27      71A00216 
  27      90241B03 
  27      0F375492 
  28 0037 6F4116AA 		.ascii	"oA\026\252\034;\003\033+\320,\266\017zp\263\030\000"
  28      1C3B031B 
  28      2BD02CB6 
  28      0F7A70B3 
  28      1800
  29 0049 DFC109D8 		.ascii	"\337\301\011\330"
  30              		.text
  31              		.section	.gnu.lto_.pureconst.ab3de6fa8e895b6,"",%progbits
  32 0000 789C6366 		.ascii	"x\234cf``\340d\200\000\026\006\011V+6\011v\026\000\003"
ARM GAS  /tmp/ccKfsOW3.s 			page 2


  32      6060E064 
  32      80001606 
  32      09562B36 
  32      09761600 
  33 0015 6B0091   		.ascii	"k\000\221"
  34              		.text
  35              		.section	.gnu.lto__core_init.ab3de6fa8e895b6,"",%progbits
  36 0000 789C7552 		.ascii	"x\234uR\311J\003A\020\255W3&\023\202(\236D\304\253\267"
  36      C94A0341 
  36      10AD5733 
  36      26138228 
  36      9E44C4AB 
  37 0015 E42FFC05 		.ascii	"\344/\374\005o^\202\340E\224\350I\010\231\304\210\236"
  37      6F5E82E0 
  37      4594E849 
  37      0899C488 
  37      9E
  38 0026 44BC286E 		.ascii	"D\274(n \"\356\373v\315\027(\342A\021\334GQ\024\027"
  38      2022EEFB 
  38      76CD1728 
  38      E24111DC 
  38      47511417 
  39 003a 3C68D430 		.ascii	"<h\3240V\315\270\240\306a\272\272\273\352UU\277\327"
  39      56CDB8A0 
  39      C661BABA 
  39      BBEA5555 
  39      BFD7
  40 004c 6DD0DFAF 		.ascii	"m\320\337\257BF\033\023U\311\014\203\300=\233D)\213"
  40      42461B13 
  40      55C90C83 
  40      C03D9B44 
  40      298B
  41 005e 015D1028 		.ascii	"\001]\020(\311H\342\212\037\030=\331\231\376p\365\270"
  41      C948E28A 
  41      1F183DD9 
  41      99FE70F5 
  41      B8
  42 006f 6DDBF7A7 		.ascii	"m\333\367\247+\345\035\3459I{d\277\014&PM\202y\310\344"
  42      2BE51DE5 
  42      39497B64 
  42      BF0C2650 
  42      4D8279C8 
  43 0084 77C3818C 		.ascii	"w\303\201\214`J\375\030&\021\200\314\013eY\333u\317"
  43      604AFD18 
  43      261180CC 
  43      0B6559DB 
  43      75CF
  44 0096 FADE36CC 		.ascii	"\372\3366\3140(\307`5\206\032S\014\007ue\251\011\351"
  44      3028C760 
  44      35861A53 
  44      0C077565 
  44      A909E9
  45 00a9 96C891A1 		.ascii	"\226\310\221\241G8\227\215\314\306>\322\207\235\027"
  45      4738978D 
  45      CCC63ED2 
  45      879D17
  46 00b8 03CD5AF0 		.ascii	"\003\315Z\360I\0321Fv\272\3479\361jw\331V\216\215\274"
ARM GAS  /tmp/ccKfsOW3.s 			page 3


  46      491A3146 
  46      76BAE739 
  46      F16A77D9 
  46      568E8DBC 
  47 00cc 7613EF91 		.ascii	"v\023\357\221\263\265m]\262x\274\355d*3\204a\014\246"
  47      B3B56D5D 
  47      B278BCED 
  47      642A3384 
  47      610CA6
  48 00df 6C459998 		.ascii	"lE\231\230B\002\323\250\360b\007\316K\255\344k6f\004"
  48      4202D3A8 
  48      F06207CE 
  48      4BADE46B 
  48      366604
  49 00f2 24A79D45 		.ascii	"$\247\235E\202\366\321\336\033\360\333\260\337\351i"
  49      82F6D1DE 
  49      1BF0DBB0 
  49      DFE969
  50 0101 ECF81A5A 		.ascii	"\354\370\032Z\023A\302\234d\013\344\371\003b\010J \217"
  50      1341C29C 
  50      640BE4F9 
  50      0362084A 
  50      208F
  51 0113 177753A6 		.ascii	"\027wS\246\007yv]\267\2040\357\301\322{\2357\360\201"
  51      0779765D 
  51      B78430EF 
  51      C1D27B9D 
  51      37F081
  52 0126 A660D5D3 		.ascii	"\246`\325\323{R\254\216\337\004\212\362\214\237\004"
  52      7B52AC8E 
  52      DF048AF2 
  52      8C9F04
  53 0135 8A0A1060 		.ascii	"\212\012\020`,\010\201E%\200%qKY\362\224\271\035\250"
  53      2C088145 
  53      25802571 
  53      4B59F294 
  53      B91DA8
  54 0148 F3DB040B 		.ascii	"\363\333\004\013(\303\005\245X\376G\212\025_\212U_\212"
  54      28C305A5 
  54      58FE478A 
  54      155F8A55 
  54      5F8A
  55 015a 4F9E9694 		.ascii	"O\236\226\224\376&\345|\220\012I\300#5\372\037\251B"
  55      FE26E57C 
  55      900A49C0 
  55      2335FA1F 
  55      A942
  56 016c D7C058FB 		.ascii	"\327\300X\373b\261\356\261\010\321!RY\267F\213\350{"
  56      62B1EEB1 
  56      08D12152 
  56      59B7468B 
  56      E87B
  57 017e 72440CB9 		.ascii	"rD\014\271u9xe$\022\225\277\251%\032o\215\266\304c\321"
  57      75397865 
  57      241295BF 
  57      A9251A6F 
  57      8DB6C463 
ARM GAS  /tmp/ccKfsOW3.s 			page 4


  58 0193 5843637D 		.ascii	"XCc}c\254)^\037\211\321;4\364\350\247"
  58      63AC295E 
  58      1F89D13B 
  58      34F4E8A7 
  59              		.text
  60              		.section	.gnu.lto_chCoreAlloc.ab3de6fa8e895b6,"",%progbits
  61 0000 789C9554 		.ascii	"x\234\225T\355OSW\030?\317\271\267\367\226r\005\\\314"
  61      ED4F5357 
  61      183FCFB9 
  61      B7F79672 
  61      055CCC
  62 0013 3E90256D 		.ascii	">\220%m\302\220,Y\250\037\214\3732\367\022\023\263}"
  62      C2902C59 
  62      A81F8CFB 
  62      32F71213 
  62      B37D
  63 0025 E08BFC01 		.ascii	"\340\213\374\001\213\353\232@\"BZ0\352b<\255\005\\\262"
  63      8BEB9A40 
  63      22425A30 
  63      EA623CAD 
  63      055CB2
  64 0038 2D045DAC 		.ascii	"-\004]\254\316\027\010\222\301P|\033\033V\331:_\312"
  64      CE170892 
  64      C1507C1B 
  64      1B56D93A 
  64      5FCA
  65 004a CB0451E6 		.ascii	"\313\004Q\346K\006\303:\321ht\033\016\035T\247w\317"
  65      4B06C33A 
  65      D168741B 
  65      0E1D54A7 
  65      77CF
  66 005c 73AE6D68 		.ascii	"s\256mh\355\022w\323\336{\317s~\317\363\374\356\357"
  66      ED1277D3 
  66      DE7BCF73 
  66      7ECFF3FC 
  66      EEEF
  67 006e 9CDF51D8 		.ascii	"\234\337Q\330\363\327R\374\257\324\030\353\301'\330"
  67      F3D752FC 
  67      AFD418EB 
  67      C127D8
  68 007d 18F0A611 		.ascii	"\030\360\246\021\306\002v\316\325\333:\023\016\245#"
  68      C60276CE 
  68      D5DB3A13 
  68      0EA523
  69 008c C6983014 		.ascii	"\306\2300\024P\255\270\012@/\014\330f\256\250\260\031"
  69      50ADB80A 
  69      402F0CD8 
  69      66AEA8B0 
  69      19
  70 009d EEF0FB1C 		.ascii	"\356\360\373\034\216w?\030\316\275\315\023\234\271\030"
  70      8E773F18 
  70      CEBDCD13 
  70      9CB918
  71 00ac 0E23CD03 		.ascii	"\016#\315\003a\215\206\240\322\2609\026\231\266\225"
  71      618D86A0 
  71      D2B03916 
  71      99B695
ARM GAS  /tmp/ccKfsOW3.s 			page 5


  72 00bb B40B119C 		.ascii	"\264\013\021\234\276xb\302\250\177/\3019\233\341\014"
  72      BE7862C2 
  72      A87F2FC1 
  72      399BE10C 
  73 00cb BE8242E8 		.ascii	"\276\202B\350\200B*\327\011%\210\034\035\014\214\347"
  73      80422AD7 
  73      0925881C 
  73      1D0C8CE7 
  74 00db 2B4EA0AC 		.ascii	"+N\240\254\007\177\236\276j\024\267aV4rT\274\243&\270"
  74      077F9EBE 
  74      6A14B761 
  74      56347254 
  74      BCA326B8 
  75 00ef 025F8332 		.ascii	"\002_\2032?\017C\014\272\240\230\340s\035\237\364q\345"
  75      3F0F430C 
  75      BAA098E0 
  75      731D9FF4 
  75      71E5
  76 0101 55997AE3 		.ascii	"U\231z\343\302\266}FQ+\246\306'\333b\206\030\020\241"
  76      C2B67D46 
  76      512BA6C6 
  76      27DB6286 
  76      1810A1
  77 0114 B8693AB1 		.ascii	"\270i:\261-\034H\257`]\230r?\364\344J\256\026\022B\024"
  77      2D1C48AF 
  77      605D9872 
  77      3FF4E44A 
  77      AE161242 
  78 0129 C0412822 		.ascii	"\300A(\"z\310\252\0334\300\007\316O\235:\360\207\303"
  78      7AC8AA1B 
  78      34C007CE 
  78      4F9D3AF0 
  78      87C3
  79 013b 2AF9EB0D 		.ascii	"*\371\353\015o4\324\"\236\232&d\341d]p\010\212\016\275"
  79      6F34D422 
  79      9E9A2664 
  79      E1645D70 
  79      088A0EBD 
  80 014f 1415A6D9 		.ascii	"\024\025\246\331\266\177\242O]\310\221\253\252\000\221"
  80      B67FA24F 
  80      5DC891AB 
  80      AA0091
  81 015e D5E4A48E 		.ascii	"\325\344\244\216\001\233\035oZ\016\2759\350-\227n\006"
  81      019B1D6F 
  81      5A0EBD39 
  81      E82D976E 
  81      06
  82 016f 2117502C 		.ascii	"!\027P,\217\221Nl\012\377$\371M\034\340S\271\014\301"
  82      8F914E6C 
  82      0AFF24F9 
  82      4D1CE053 
  82      B90CC1
  83 0182 02623CD3 		.ascii	"\002b<\323%\266+\312b\371\301w\177nm\267\330MO\034\336"
  83      25B62BCA 
  83      62F9C177 
  83      7F6E6DB7 
  83      D84D4F1C 
ARM GAS  /tmp/ccKfsOW3.s 			page 6


  84 0197 FBF24ED1 		.ascii	"\373\362N\321\022l\302\336o#A\035\016g%x\004\2120\361"
  84      126CC2DE 
  84      6F23411D 
  84      0E672578 
  84      048A30F1 
  85 01ab FA670F8F 		.ascii	"\372g\017\217\001\255\224\356bp\024g\307!\370\333\225"
  85      01AD94EE 
  85      62701467 
  85      C721F8DB 
  85      95
  86 01bc 865B612D 		.ascii	"\206[a-M\223xh\243\024c\206C\272X\361G\215\223\270i"
  86      4D937868 
  86      A3146386 
  86      43BA58F1 
  86      478D93B8 
  87 01d1 8ED114CF 		.ascii	"\216\321\024\317\230\352m]N]\030|C\263J\206\312\014"
  87      98EA6D5D 
  87      4E5D187C 
  87      43B34A86 
  87      CA0C
  88 01e3 7A00B71D 		.ascii	"z\000\267\035|K\022\003\333E\"_\2737\267Mqv\301\036"
  88      7C4B1203 
  88      DB45225F 
  88      BB37B74D 
  88      7176C11E 
  89 01f7 117625B8 		.ascii	"\021v%\270\2352\276\030\177\034p\250(\001|\007N\271"
  89      9D32BE18 
  89      7F1C70A8 
  89      28017C07 
  89      4EB9
  90 0209 52BBEA77 		.ascii	"R\273\352w\35440\002\275\240J\312\014\216\203\212\023"
  90      EC343002 
  90      BDA04ACA 
  90      0C8E838A 
  90      13
  91 021a 438D2D7F 		.ascii	"C\215-\177\253\316\356g\3319\204\035\275\027\213\344"
  91      ABCEEE67 
  91      D939841D 
  91      BD178BE4 
  92 022a C8EC0865 		.ascii	"\310\354\010e\303\011\334\220R?Z\202Y\344\364\013li"
  92      C309DC90 
  92      523F5A82 
  92      59E4F40B 
  92      6C69
  93 023c 6ED8113E 		.ascii	"n\330\021>\253\245\357\232O\333\377\357\256\211\216"
  93      ABA5EF9A 
  93      4FDBFFEF 
  93      AE898E
  94 024b F5732AFA 		.ascii	"\365s*\372L&5sO\235\244\251>\371\305\337\2036\3139v"
  94      4C263573 
  94      4F9DA4A9 
  94      3EF9C5DF 
  94      8336CB39 
  95 0260 47C8EC3F 		.ascii	"G\310\354?\375\365\371\244\277\2423\370\001K#\241\271"
  95      FDF5F9A4 
  95      BFA233F8 
  95      014B23A1 
ARM GAS  /tmp/ccKfsOW3.s 			page 7


  95      B9
  96 0271 8658E712 		.ascii	"\206X\347\022\013E@D\365\004{\037\331$j\3164\315|\006"
  96      0B454044 
  96      F5047B1F 
  96      D9246ACE 
  96      34CD7C06 
  97 0285 51445E06 		.ascii	"QD^\006N \353K4L\0146\037\031\376\313f%\352\230\265"
  97      4E20EB4B 
  97      344C0C36 
  97      1F19FECB 
  97      6625EA98 
  98 029a 77ECF36E 		.ascii	"w\354\363n\276\351\261\330*\354\011\356x\302-\312\327"
  98      BEE9B1D8 
  98      2AEC09EE 
  98      78C22DCA 
  98      D7
  99 02ab A6CE5FB0 		.ascii	"\246\316_\260S-\207\034v\004B\273a\017|\031\020\204"
  99      532D871C 
  99      760442BB 
  99      610F7C19 
  99      1084
 100 02bd B2C18FB0 		.ascii	"\262\301\217\260\011NIQOc\230\252^\325\255\222v\254"
 100      094E4951 
 100      4F6398AA 
 100      5ED5AD92 
 100      76AC
 101 02cf 2ABB8035 		.ascii	"*\273\2005\316\311\322\002\262\326<\223\252y6\243\246"
 101      CEC9D202 
 101      B2D63C93 
 101      AA7936A3 
 101      A6
 102 02e0 03CBD027 		.ascii	"\003\313\320'o\327\254q\256l\343 \310d\343\233V\314"
 102      6FD7AC71 
 102      AE6CE320 
 102      C864E39B 
 102      56CC
 103 02f2 C030BB04 		.ascii	"\3000\273\004\241\221-\205)Q\014\271\0007q\001\361x"
 103      A1912D85 
 103      29510CB9 
 103      00377101 
 103      F178
 104 0304 224744FB 		.ascii	"\"GD\373\206,5N\222\032\262f\270\341i\3472+c\001\206"
 104      862C354E 
 104      921AB266 
 104      B8E169E7 
 104      322B6301 
 105 0319 921A49F6 		.ascii	"\222\032I\366/L=\226\242\336\217a\254$\333\252I#\312"
 105      2F4C3D96 
 105      A2DE8F61 
 105      AC24DBAA 
 105      4923CA
 106 032c 55A74382 		.ascii	"U\247C\202\216\014\226t\346|76\355{!7\016H7\246\326"
 106      8E0C9674 
 106      E67C3736 
 106      ED7B2137 
 106      0E4837A6 
 107 0341 46C7D0E0 		.ascii	"F\307\320\340\177\273\361L\322\215\266\347L5D[,\303"
ARM GAS  /tmp/ccKfsOW3.s 			page 8


 107      7FBBF14C 
 107      D28DB6E7 
 107      4C35445B 
 107      2CC3
 108 0353 A2FD0FD1 		.ascii	"\242\375\017\321\242?\021^\313\264\350\301\267\2505"
 108      A23F115E 
 108      CBB4E8C1 
 108      B7A835
 109 0362 8373D92D 		.ascii	"\203s\331-:,7\354\310<\213\356\377=\036\321\222\356"
 109      3A2C37EC 
 109      C83C8BEE 
 109      FF3D1ED1 
 109      92EE
 110 0374 1B94CA9C 		.ascii	"\033\224\312\234\227\356\313\264\332(Zm\022\002\361"
 110      97EECBB4 
 110      DA285A6D 
 110      1202F1
 111 0383 D0C74475 		.ascii	"\320\307Du\226\3471v\013\362\240\244\220\237\033[\204"
 111      96E73176 
 111      0BF2A0A4 
 111      909F1B5B 
 111      84
 112 0394 EBA1ECBE 		.ascii	"\353\241\354\276d\340\331\006$%f\275RZ\352\306_\265"
 112      64E0D906 
 112      242566BD 
 112      525AEAC6 
 112      5FB5
 113 03a6 DFEDAB75 		.ascii	"\337\355\253u\373}\036\267\247\242\312[\345\251\366"
 113      FB7D1EB7 
 113      A7A2CA5B 
 113      E5A9F6
 114 03b5 794B3D4C 		.ascii	"yK=L\365Wn\364B\215m\335\3525u\336\305\363\2215\325"
 114      F5576EF4 
 114      428D6DDD 
 114      EA3575DE 
 114      C5F39135 
 115 03ca BE5ABFFB 		.ascii	"\276Z\277\373\335Ue+\312\326c\012\341?X\367FUi\005{"
 115      DD55652B 
 115      CAD6630A 
 115      E13F58F7 
 115      46556905 
 116 03df 2D05F3AE 		.ascii	"-\005\363\256\257u\257(+\177\277\334]\271\326\263\246"
 116      AF75AF28 
 116      2B7FBFDC 
 116      5DB9D6B3 
 116      A6
 117 03f0 EE23AF5B 		.ascii	"\356#\257[\302<U+\353\326z\020\231\326:\005\251\360"
 117      C23C552B 
 117      EBD67A10 
 117      99D63A05 
 117      A9F0
 118 0402 6FF0E364 		.ascii	"o\360\343dAY\371*\327\207\253\375\336\032_\345\353\256"
 118      4159F92A 
 118      D787ABFD 
 118      DE1A5FE5 
 118      EBAE
 119 0414 E2258CFB 		.ascii	"\342%\214\373\230\216\314\252}\033\330\277wrd\211"
ARM GAS  /tmp/ccKfsOW3.s 			page 9


 119      988ECCAA 
 119      7D1BD8BF 
 119      77726489 
 120              		.text
 121              		.section	.gnu.lto_chCoreAllocI.ab3de6fa8e895b6,"",%progbits
 122 0000 789C8D52 		.ascii	"x\234\215R\317k\023Q\020\236yo7\233&[R\304S\020*\324"
 122      CF6B1351 
 122      109E796F 
 122      379B265B 
 122      52C45310 
 123 0016 90839080 		.ascii	"\220\203\220\200\024O\036<\372\177\204\200\036J%\361"
 123      144F1E3C 
 123      FA7F8480 
 123      1E4A25F1 
 124 0026 2494BEA4 		.ascii	"$\224\276\244i\264 \"\261\207\202U\021)&US\033\255?"
 124      69B42022 
 124      B1878255 
 124      11292655 
 124      531BAD3F 
 125 003a 2A85801A 		.ascii	"*\205\200\032\253\264j(\255E\245\026l\245\236lm!\211"
 125      ABB46A28 
 125      AD45A516 
 125      6CA59E6C 
 125      6D2189
 126 004d 5AD799B7 		.ascii	"Z\327\231\267\265\370\243\007\037\273\373f\206\357\373"
 126      B5F8A307 
 126      1FBBFB66 
 126      86EFFB
 127 005c E67BF356 		.ascii	"\346{\363V\302\277\253\235\336\003\022 D;\232\200\342"
 127      C2BFAB9D 
 127      DE031220 
 127      443B9A80 
 127      E2
 128 006d DC0B8094 		.ascii	"\334\013\200\224W\010c\305\002\345\223\371\012\200\262"
 128      570863C5 
 128      02E593F9 
 128      0A80B2
 129 007c 251A6EDD 		.ascii	"%\032n\335@\344\000\020\272\2054\260\033?\2115\201\017"
 129      40E40010 
 129      BA8534B0 
 129      1B3F8935 
 129      810F
 130 008e 8A1BD3FE 		.ascii	"\212\033\323\376\025\321\020\260\027(\035\317M\016x"
 130      15D110B0 
 130      17281DCF 
 130      4D0E78
 131 009d 384583D3 		.ascii	"8E\203\323\\e|\325\014\017)\225^-U\337\331\275G\032"
 131      5C657CD5 
 131      0C0F2995 
 131      5E2D55DF 
 131      D9BD471A 
 132 00b1 42C0BA00 		.ascii	"B\300\272\000\274\206A\314c\220\345\012\030&\344\253"
 132      BC8641CC 
 132      6390E50A 
 132      1826E4AB 
 133 00c1 67A9B701 		.ascii	"g\251\267\001\331\212\314\332\370\374h\336\016]%V\371"
 133      D98ACCDA 
ARM GAS  /tmp/ccKfsOW3.s 			page 10


 133      F8FC68DE 
 133      0E5D2556 
 133      F9
 134 00d2 61491D36 		.ascii	"aI\0356\032B\3420\312\337yT\002\274\216!\206\327\363"
 134      1A42E230 
 134      CADF7954 
 134      02BC8E21 
 134      86D7F3
 135 00e5 7D1342EE 		.ascii	"}\023B\356\323\324\017\325\363\227\355\266+D]<3T\261"
 135      D3D40FD5 
 135      F397EDB6 
 135      2B445D3C 
 135      3354B1
 136 00f8 D5A4CA2C 		.ascii	"\325\244\312,:N+\265\305\033\177*\270\213(k\231\315"
 136      3A4E2BB5 
 136      C51B7F2A 
 136      B88B286B 
 136      99CD
 137 010a D77E4F46 		.ascii	"\327~OF)\325\2027\261\215\355\221\253\"z\220\366\221"
 137      29D58237 
 137      B18DED91 
 137      AB227A90 
 137      F691
 138 011c 5D65E538 		.ascii	"]e\3458\353Or}\373\207E\000\251/y\341\306\006\205\206"
 138      EB4F727D 
 138      FB874500 
 138      A92F79E1 
 138      C6068586 
 139 0130 A93D5814 		.ascii	"\251=X\024\232^\372x\2328\362q\344\347\217\315\230f"
 139      9A5EFA78 
 139      9A38F271 
 139      E4E78FCD 
 139      9866
 140 0142 AE012C91 		.ascii	"\256\001,\221*\217o\231\006@\273|\203=\271l\245\320"
 140      2A8F6F99 
 140      0640BB7C 
 140      833DB96C 
 140      A5D0
 141 0154 CE8D6AC2 		.ascii	"\316\215j\302\250\011IVj\337\237\366\006xz\322\002\034"
 141      A8094956 
 141      6ADF9FF6 
 141      06787AD2 
 141      021C
 142 0166 219384AA 		.ascii	"!\223\204\252g\037\243\0132\011G\240\261\364\375\257"
 142      671FA30B 
 142      320947A0 
 142      B1F4FDAF 
 143 0176 A606D51D 		.ascii	"\246\006\325\035\307\011\000\336\"\340\034\012m\231"
 143      C70900DE 
 143      22E01C0A 
 143      6D99
 144 0184 EC109078 		.ascii	"\354\020\220x\351\334\350\364\027\323%Z\304\2724s\266"
 144      E9DCE8F4 
 144      17D3255A 
 144      C4BA3473 
 144      B6
 145 0195 28BABEA9 		.ascii	"(\272\276\251\323\312\333\020\326\246p\317\376~\351"
ARM GAS  /tmp/ccKfsOW3.s 			page 11


 145      D3CADB10 
 145      D6A670CF 
 145      FE7EE9
 146 01a4 65D5CB5A 		.ascii	"e\325\313Z\226N\363\251\314 ^\304\013)\305(\023G\261"
 146      964EF3A9 
 146      CC205EC4 
 146      0B29C528 
 146      1347B1
 147 01b7 0B4B3C2B 		.ascii	"\013K<+\274MeV\235\267\\I/\251\352.[\336\232vh\201;"
 147      BC4D6556 
 147      9DB75C49 
 147      2FA9EA2E 
 147      5BDE9A76 
 148 01ce 6ADED9D6 		.ascii	"j\336\331\326\034\373K\323G2|\342~\217\233\373u\033"
 148      1CFB4BD3 
 148      47327CE2 
 148      7E8F9BFB 
 148      751B
 149 01e0 1F43164E 		.ascii	"\037C\026N\035rk6\225a\0263S=\301\355\202\251or\231"
 149      1D726B36 
 149      95611633 
 149      533DC1ED 
 149      82A96F72 
 150 01f5 FE08FA63 		.ascii	"\376\010\372c\345\034\246\313\023\317\335i\320uni\016"
 150      E51CA6CB 
 150      13CFDD69 
 150      D0756E69 
 150      0E
 151 0206 647F140E 		.ascii	"d\177\024\016\272\214f*\375\232\221v\377\337\326\357"
 151      BA8C662A 
 151      FD9A9176 
 151      FFDFD6EF 
 152 0216 6E5BBF47 		.ascii	"n[\277GeR\322m\015}\237\013\230j\201\032\023?\"b8(\246"
 152      6552D26D 
 152      0D7D9F0B 
 152      986A811A 
 152      133F2262 
 153 022d 66765323 		.ascii	"fvS#98k\323\335#ch\346{\"\221(=\235\311h\342D4\231\210"
 153      39386BD3 
 153      DD236368 
 153      E67B2291 
 153      283D9DC9 
 154 0247 4563473B 		.ascii	"EcG;\342\035\261\316D<\022\003#y\354d\034\217\377\004"
 154      E21DB1CE 
 154      443C1203 
 154      2379EC64 
 154      1C8FFF04 
 155 025b A4DB2223 		.ascii	"\244\333\"#"
 156              		.text
 157              		.section	.gnu.lto_chCoreGetStatusX.ab3de6fa8e895b6,"",%progbits
 158 0000 789C6D4F 		.ascii	"x\234mOMKBQ\020\235s\337g\270\211\226\"\321\316\235"
 158      4D4B4251 
 158      109D73DF 
 158      67B88996 
 158      22D1CE9D 
 159 0014 EF2F050F 		.ascii	"\357/\005\017\241\215\010\332V\274\232P\213\210\020"
 159      A18D08DA 
ARM GAS  /tmp/ccKfsOW3.s 			page 12


 159      56BC9A50 
 159      8B8810
 160 0023 172FFA24 		.ascii	"\027/\372$\210\354K\251]\255Z\266\251\210\240W-t\221"
 160      88EC4BA9 
 160      5DAD5AB6 
 160      A988A057 
 160      2D7491
 161 0036 41ED9282 		.ascii	"A\355\222\202\220\020\233\351I\213\362r\347\316\234"
 161      90109BE9 
 161      498BF272 
 161      E7CE9C
 162 0045 B9C33967 		.ascii	"\271\3039g\014\372\177\342\034\001\210&9\303 \250\345"
 162      0CFA7FE2 
 162      1C018826 
 162      39C320A8 
 162      E5
 163 0056 2BA292AB 		.ascii	"+\242\222\253\000)\010TT(\342Uu\025N\033\037\227\261"
 163      00290854 
 163      5428E255 
 163      75154E1B 
 163      1F97B1
 164 0069 17D55334 		.ascii	"\027\325S4E\014\317\252\027\201-\020\246\300\360.\010"
 164      450CCFAA 
 164      17812D10 
 164      A6C0F02E 
 164      08
 165 007a C7923B5A 		.ascii	"\307\222;Z\227\337N\302\351\225\332\026\377(zW\204]"
 165      97DF4EC2 
 165      E995DA16 
 165      FF287A57 
 165      845D
 166 008c C4518708 		.ascii	"\304Q\207\010a\017I\231\355V\372a\314\256h\255\307e"
 166      610F4999 
 166      ED56FA61 
 166      CCAE68AD 
 166      C765
 167 009e 823FF661 		.ascii	"\202?\366a\263\011jN\234\353\301\340is\361\301t\025"
 167      B3096A4E 
 167      9CEBC1E0 
 167      6973F1C1 
 167      7415
 168 00b0 F59461F0 		.ascii	"\365\224a\360c\232RYR\331\3628$\314\324\341\020\217"
 168      639A5259 
 168      52D9F238 
 168      24CCD4E1 
 168      108F
 169 00c2 CF0C381B 		.ascii	"\317\0148\033\217(W\217\333\333\216p}*1\274q\273\324"
 169      8F28578F 
 169      DBDB8E70 
 169      7D2A31BC 
 169      71BBD4
 170 00d5 50852FBD 		.ascii	"P\205/\275\240\335\236\262\372\"\304\335v\347\372\306"
 170      A0DD9EB2 
 170      FA22C4DD 
 170      76E7FAC6 
 171 00e5 15DFD60F 		.ascii	"\025\337\326\017\254\227*kX\307jI\313\224\201\003\024"
 171      AC972A6B 
ARM GAS  /tmp/ccKfsOW3.s 			page 13


 171      58C76A49 
 171      CB948103 
 171      14
 172 00f6 70286E71 		.ascii	"p(nq\304mb\326\373!\245\301\254\202\253\210\2609B\002"
 172      C46D62D6 
 172      FB21A5C1 
 172      AC82AB88 
 172      B0394202 
 173 010a 23391BBF 		.ascii	"#9\033\277\234\315?\234\026\3230\236\253\331\021\216"
 173      9CCD3F9C 
 173      16D3309E 
 173      ABD9118E 
 174 011a 642C1969 		.ascii	"d,\031i\315'\242\236\303mja\250\352\220\254\016Y\231"
 174      CD27A29E 
 174      C36D6A61 
 174      A8EA90AC 
 174      0E5999
 175 012d 174AA452 		.ascii	"\027J\244R\036\337l\336\313\315z\371\234\357\3713\231"
 175      1EDF6CDE 
 175      CBCD7AF9 
 175      9CEFF933 
 175      99
 176 013e 74C6CFE6 		.ascii	"t\306\317\346\322)\237\276\001\344\376\223A"
 176      D2299FBE 
 176      01E4FE93 
 176      41
 177              		.text
 178              		.section	.gnu.lto_.symbol_nodes.ab3de6fa8e895b6,"",%progbits
 179 0000 789C558A 		.ascii	"x\234U\212\313\011\200@\020\305\362fX\360h\221\366\361"
 179      CB098040 
 179      10C5F266 
 179      58F06891 
 179      F6F1
 180 0012 5AB002D9 		.ascii	"Z\260\002\331&\374[\2035\311\202\007\315-!\011\014\274"
 180      26FC5B83 
 180      35C98207 
 180      CD2D2109 
 180      0CBC
 181 0024 C42AC378 		.ascii	"\304*\303x\203\315T;\312)zSf\251\206\263\\\212\246\213"
 181      83CD543B 
 181      CA297A53 
 181      66A986B3 
 181      5C8AA68B 
 182 0038 B2696CB2 		.ascii	"\262il\262\276{\354r\374\302!\3477\360\000\037\006\032"
 182      BE7BEC72 
 182      FCC221E7 
 182      37F0001F 
 182      061A
 183 004a 46       		.ascii	"F"
 184              		.text
 185              		.section	.gnu.lto_.refs.ab3de6fa8e895b6,"",%progbits
 186 0000 789C25C9 		.ascii	"x\234%\311\313\011\2000\024E\301s?y!\013\301F\354\277"
 186      CB098030 
 186      1445C173 
 186      3F79210B 
 186      C146ECBF 
 187 0014 3D05673B 		.ascii	"=\005g;\001\036~\305\222\274\234QO\026\335\370\310w"
ARM GAS  /tmp/ccKfsOW3.s 			page 14


 187      011E7EC5 
 187      92BC9C51 
 187      4F16DDF8 
 187      C877
 188 0026 867E39F2 		.ascii	"\206~9\362\345M\205\303\013\027\204\000\307"
 188      E54D85C3 
 188      0B178400 
 188      C7
 189              		.text
 190              		.section	.gnu.lto_.decls.ab3de6fa8e895b6,"",%progbits
 191 0000 789C8555 		.ascii	"x\234\205U{LSW\030\357\351---\265\030\023q!&\203\231"
 191      7B4C5357 
 191      18EFE92D 
 191      2D2DB518 
 191      13712126 
 192 0016 909928CD 		.ascii	"\220\231(\315t\331\334_N\311\346#s\272\021\223%\376"
 192      74D9DC5F 
 192      4EC9E623 
 192      73BA1193 
 192      25FE
 193 0028 71574AB7 		.ascii	"qWJ\2676B1\264L\331_\027A\326\370\000\004T\304G@\301"
 193      364231B4 
 193      4CD95F17 
 193      41D6F800 
 193      0454C447 
 194 003e 17204514 		.ascii	"\027 E\024\020P`\012T^\242\302\000A)Oq\010\026\304\015"
 194      1050600A 
 194      545EA2C2 
 194      0041294F 
 194      710816C4 
 195 0053 36A5FBCE 		.ascii	"6\245\373\316\271\367\266\267\014\364\206\257\234s\356"
 195      B9F7B6B7 
 195      0CF486AF 
 195      9C73EE
 196 0062 777EBFDF 		.ascii	"w~\277\337\367\270\347P\"\221(\005\211DNx>\223\213D"
 196      F7B8E750 
 196      22912805 
 196      89444E78 
 196      3E938B44 
 197 0076 0E187BC1 		.ascii	"\016\030{\301\332\016\221\373\221\200\345\203\335\000"
 197      DA0E91FB 
 197      9180E583 
 197      DD00
 198 0084 2B052BE7 		.ascii	"+\005+\347\326j\301l`\015`M\"\317\007\373K9\234\315"
 198      D66AC16C 
 198      600D604D 
 198      22CF07FB 
 198      4B399CCD 
 199 0098 607560CD 		.ascii	"`u`\315`w\300Z8\037\304\371\275\017\013\363\372\200"
 199      6077C05A 
 199      381FC4F9 
 199      BD0F0BF3 
 199      FA80
 200 00aa A9C09460 		.ascii	"\251\300\224`\333\301\254\002\334\255`\355`\275`\203"
 200      DBC1AC02 
 200      DCAD60ED 
 200      60BD6083 
ARM GAS  /tmp/ccKfsOW3.s 			page 15


 201 00ba 027C19B7 		.ascii	"\002|\031\267w\030l\004l\234\323\357\000\233\004\023"
 201      77186C04 
 201      6C9CD3EF 
 201      009B0413 
 202 00ca 735CB639 		.ascii	"s\\\2669|\330\307\373=|\302\030J\337\201U\316\345\201"
 202      7CD8C7FB 
 202      3D7CC218 
 202      4ADF8155 
 202      CEE581
 203 00dd C7B22E80 		.ascii	"\307\262.\200Q\376\016\214\0111\272yu\252\331gD\214"
 203      51FE0E8C 
 203      0931BA79 
 203      75AAD967 
 203      448C
 204 00ef 548A003C 		.ascii	"T\212\000<-O\265eHa\252TH\360\264\342\337\3766\311\262"
 204      2D4FB565 
 204      4861AA54 
 204      48F0B4E2 
 204      DFFE36C9 
 205 0104 630C3C29 		.ascii	"c\014<)\361\314b\011\332\341\207.\"\177t\011\371\003"
 205      F1CC6209 
 205      DAE1872E 
 205      227F7409 
 205      F903
 206 0116 FA65B40C 		.ascii	"\372e\264\014~wIX\2443\027\323\333$\224\030\341\361"
 206      7E774958 
 206      A43317D3 
 206      DB249418 
 206      E1F1
 207 0128 F98CBE36 		.ascii	"\371\214\2766\305\252+\260\315\302T\217 7\335\321\264"
 207      C5AA2BB0 
 207      CDC2548F 
 207      2037DDD1 
 207      B4
 208 0139 864E65C0 		.ascii	"\206Ne\300Y&\313\352\310\257L\244N2Y\373\231Y\247\023"
 208      5926CBEA 
 208      C8AF4CA4 
 208      4E3259FB 
 208      9959A713 
 209 014d 11307405 		.ascii	"\0210t\005Q(\017\255\"\322a\314\306\220\217\002`c\345"
 209      51280FAD 
 209      22D261CC 
 209      C6908F02 
 209      6063E5
 210 0160 85222FEA 		.ascii	"\205\"/\352\023\002\036w\241\342\260\0144nV\020\310"
 210      13021E77 
 210      A1E2B00C 
 210      346E5610 
 210      C8
 211 0171 DE533339 		.ascii	"\336S39r2\305\255\346\013K\342\373y\305}J\244\010\262"
 211      7232C5AD 
 211      E60B4BE2 
 211      FB79C57D 
 211      4AA408B2 
 212 0185 30CC7E2C 		.ascii	"0\314~,\\nS\211\\\272Q\021\012\002gB\204\256\302b!,"
 212      5C6E5389 
 212      5CBA5111 
ARM GAS  /tmp/ccKfsOW3.s 			page 16


 212      0A026742 
 212      84AEC262 
 213 019b E68054C7 		.ascii	"\346\200T\307tg\3132\206\221 +R\240\002\227\024\302"
 213      7467CB32 
 213      8691202B 
 213      52A00297 
 213      14C2
 214 01ad C3C97F31 		.ascii	"\303\311\1771\223\375R)\201t\022\237]$G\211\355\005"
 214      93FD5229 
 214      8174129F 
 214      5D244789 
 214      ED05
 215 01bf 33DEC21C 		.ascii	"3\336\302\034mW\012rTLrt\015qIJnO*\364\245v\2238F\333"
 215      6D570A72 
 215      544C7274 
 215      0D71494A 
 215      6E4F2AF4 
 216 01d9 CABA545C 		.ascii	"\312\272T\\.\312\353\205\271\200M\350\272 \027\327\371"
 216      2ECAEB85 
 216      B9804DE8 
 216      BA2017D7 
 216      F9
 217 01ea 5CDC20B9 		.ascii	"\\\334 \271HM:;\241\242\366\022\020KC_\232\027\200\330"
 217      484D3A3B 
 217      A1A2F612 
 217      104B435F 
 217      9A1780D8 
 218 01fe AD598772 		.ascii	"\255Y\207r\2456\246\332\351\254b\020A(\021 \224\360"
 218      A536A6DA 
 218      E9AC6210 
 218      41281120 
 218      94F0
 219 0210 08A504A1 		.ascii	"\010\245\004\241\343m\3111\251P3\016\307-\272\314\243"
 219      E36DC931 
 219      A950330E 
 219      C72DBACC 
 219      A3
 220 0221 B04D77CF 		.ascii	"\260Mw\317]QQ\011\210\360\235N\237J\221\020\321\366"
 220      5D515109 
 220      88F09D4E 
 220      9F4A9110 
 220      D1F6
 221 0233 8A03754A 		.ascii	"\212\003uJ\2060\256\367\306[\320M\001\341M\236\260\234"
 221      8630AEF7 
 221      C65BD04D 
 221      01E14D9E 
 221      B09C
 222 0245 109E78D0 		.ascii	"\020\236x\320Y*\241\216\261\030\007\273/7\311\2503\310"
 222      592AA18E 
 222      B11807BB 
 222      2F37C9A8 
 222      33C8
 223 0257 A39A7E6C 		.ascii	"\243\232~l5\223\0323k(2u\342\327\342\324\201\251\\\304"
 223      35931A33 
 223      6B283275 
 223      E2D7E2D4 
 223      81A95CC4 
ARM GAS  /tmp/ccKfsOW3.s 			page 17


 224 026b 97D291CA 		.ascii	"\227\322\221\312P\037\210\320*\177\264\022\352X\015"
 224      501F88D0 
 224      2A7FB412 
 224      EA580D
 225 027a 75F4E3EA 		.ascii	"u\364\343\352x\013\264\337\346\353x?7y9\256c\025\004"
 225      780BB4DF 
 225      E6EB783F 
 225      377939AE 
 225      631504
 226 028d 55E9AEA3 		.ascii	"U\351\256\243\237\253\216b{G\356w\363\203\376\276\020"
 226      9FAB8E62 
 226      7B47EE77 
 226      F383FEBE 
 226      10
 227 029e 68C16F8D 		.ascii	"h\301o\215K1h\015\200V\270A\201\303\325\035\015M\257"
 227      4B31680D 
 227      8056B841 
 227      81C3D51D 
 227      0D4DAF
 228 02b1 8AC54B52 		.ascii	"\212\305KRHV\031&\000a_\222\203;h\211\313\251\245\246"
 228      48561926 
 228      00615F92 
 228      833B6889 
 228      CBA9A5A6 
 229 02c5 E634A2A6 		.ascii	"\3464\242\246\331\340\217\024\325>\240Vd3v\306\221\337"
 229      D9E08F14 
 229      D53EA056 
 229      643376C6 
 229      91DF
 230 02d7 9AB8348E 		.ascii	"\232\2704\216\351\203\275\220O\204\267\240\273|\016"
 230      E983BD90 
 230      4F84B7A0 
 230      BB7C0E
 231 02e6 B901AA45 		.ascii	"\271\001\252E+`Sw\317\341t\244<\350\356m\242\311]\275"
 231      2B605377 
 231      CFE174A4 
 231      3CE8EE6D 
 231      A2C95DBD 
 232 02fa 3AA4E4B8 		.ascii	":\244\344\270\236\026V\025\212\251D\366\233<\220\035"
 232      9E165615 
 232      8AA944F6 
 232      9B3C901D 
 233 030a 37EC055C 		.ascii	"7\354\005\\\3149\373\354\303\360\352\004\2064\033\366"
 233      CC39FBEC 
 233      C3F0EA04 
 233      86341BF6 
 234 031a 46F56C3C 		.ascii	"F\365l<\002\214z\216\321F\030\263z\246\376RQI,\316d"
 234      028C7A8E 
 234      D14618B3 
 234      7AA6FE52 
 234      51492CCE 
 235 032f DDADD788 		.ascii	"\335\255\327\210h\266_\276\2635+\203a\354N\347\207D"
 235      68B65FBE 
 235      B3352B83 
 235      61EC4EE7 
 235      8744
 236 0341 F03D5E30 		.ascii	"\360=^07@\015d\273\345mn:\242N\261\333_\314\2746\261"
ARM GAS  /tmp/ccKfsOW3.s 			page 18


 236      37400D64 
 236      BBE56D6E 
 236      3AA24EB1 
 236      DB5FCCBC 
 237 0357 2A9C7354 		.ascii	"*\234sT4\376OE#\007\323D`F\373\353&\245\036qcN\267w"
 237      34FE4F45 
 237      2307D344 
 237      6046FBEB 
 237      26A51E71 
 238 036f 331B37FE 		.ascii	"3\0337\376\017\336\235\375\365c\022\017o\314\341\366"
 238      0FDE9DFD 
 238      F563120F 
 238      6FCCE1F6 
 239 037f 6EE1BC5B 		.ascii	"n\341\274[\210w\325\355\351:\005u\216\225x\330b\277"
 239      8877D5ED 
 239      E93A0575 
 239      8E9578D8 
 239      62BF
 240 0391 A7A0F2C4 		.ascii	"\247\240\362\304\036\375\031\350y\332\004\272O\033\333"
 240      1EFD19E8 
 240      79DA04BA 
 240      4F1BDB
 241 03a0 30735E85 		.ascii	"0s^\205\202\024\\\357\365o\216g\276DmP\222Vw\233\004"
 241      82145CEF 
 241      F56F8E67 
 241      BE446D50 
 241      9256779B 
 242 03b5 725D32FF 		.ascii	"r]2\377\211\364\010\232.\220k\272\007\260\370\020\026"
 242      89F4089A 
 242      2E906BBA 
 242      07B0F810 
 242      16
 243 03c6 01B8F6CD 		.ascii	"\001\270\366\315\355\004\257\005\217\261?\346\331\304"
 243      ED04AF05 
 243      8FB13FE6 
 243      D9C4
 244 03d4 756AAA1F 		.ascii	"uj\252\037\356\324v\220p\337-\241\215\357T\374\002\""
 244      EED47690 
 244      70DF2DA1 
 244      8DEF54FC 
 244      0222
 245 03e6 B1E59DF9 		.ascii	"\261\345\235\371\221*!AJ\006N[K|Q\220\277?\011\302\002"
 245      912A2141 
 245      4A064E5B 
 245      4B7C5190 
 245      BF3F09C2 
 246 03fb FABB6173 		.ascii	"\372\273as\007WN\366\311\200\365\351\365\370\005\014"
 246      07574EF6 
 246      C980F5E9 
 246      F5F8050C 
 247 040b BDC9FF79 		.ascii	"\275\311\377y\276\237NP\205_\211\320c\320\324E\002A"
 247      BE9F4E50 
 247      855F89D0 
 247      63D0D445 
 247      0241
 248 041d 8DFDD3AF 		.ascii	"\215\375\323\257\224\344\222Y\214\247\231\035CS\024"
 248      94E49259 
ARM GAS  /tmp/ccKfsOW3.s 			page 19


 248      8CA7991D 
 248      435314
 249 042c B964C4E4 		.ascii	"\271d\304\34488T\344\224),\334a\204+\245\024\266\363"
 249      383854E4 
 249      94292CDC 
 249      61842BA5 
 249      14B6F3
 250 043f 5382F631 		.ascii	"S\202\3661\201\007\357\263#\3073\345\334G\226\205?2"
 250      8107EFB3 
 250      23C733E5 
 250      DC479685 
 250      3F32
 251 0451 ACB407BC 		.ascii	"\254\264\007\274\237\020\357^\374\251\261{\310\004W"
 251      9F10EF5E 
 251      FCA9B17B 
 251      C80457
 252 0460 B0BAE091 		.ascii	"\260\272\340\221\214\260\257\303\000\177\237\267\217"
 252      8CB0AFC3 
 252      007F9FB7 
 252      8F
 253 046d 22C22EC3 		.ascii	"\"\302.\303\323\324\003ee*2\225\342iN\216\343\370\242"
 253      D3D40365 
 253      652A3295 
 253      E2694E8E 
 253      E3F8A2
 254 0480 85C50CF0 		.ascii	"\205\305\014\360b\372\331\310\306\342G\013\244\302O"
 254      62FAD9C8 
 254      C6E2470B 
 254      A4C24F
 255 048f 1EABB183 		.ascii	"\036\253\261\203{\037q\037$j\006X5\203DMM\346\305\023"
 255      7B1F711F 
 255      246A0658 
 255      3583444D 
 255      4DE6C513 
 256 04a3 72AA826D 		.ascii	"r\252\202m\256K=\316'\024\234\246\325V\353\221\306q"
 256      AE4B3DCE 
 256      27149CA6 
 256      D556EB91 
 256      C671
 257 04b5 B1EB0AD8 		.ascii	"\261\353\012\330H\256\303!\301y:\304\177Z\303\344<\035"
 257      48AEC321 
 257      C1793AC4 
 257      7F5AC3E4 
 257      3C1D
 258 04c7 6C9B6014 		.ascii	"l\233`\024T?\213ra\254rD\316\242\364\034\032\246\346"
 258      543F8B72 
 258      61AC7244 
 258      CEA2F41C 
 258      1AA6E6
 259 04da A03C13A0 		.ascii	"\240<\023\240<\343QF\010\212\245\300Z)'\327Y\273\353"
 259      3CE35146 
 259      088AA5C0 
 259      5A2927D7 
 259      59BBEB
 260 04ed 3AEB2E9E 		.ascii	":\353.\236\035\367]\360\312\377\223\334\014\317\371"
 260      1DF75DF0 
 260      CAFF93DC 
ARM GAS  /tmp/ccKfsOW3.s 			page 20


 260      0CCFF9
 261 04fc EB6CD69E 		.ascii	"\353l\326\236\314\310\2514\212\310\310~\336\225\254"
 261      CCC8A934 
 261      8AC8C87E 
 261      DE95AC
 262 050b A0B2D9C9 		.ascii	"\240\262\331\311X\375l\261\027@\243\027\204\022V\342"
 262      58FD6CB1 
 262      1740A317 
 262      841256E2 
 263 051b D3AAA710 		.ascii	"\323\252\247\020Q\351\350m\276\246\234\271\306\300\327"
 263      51E9E86D 
 263      BEA69CB9 
 263      C6C0D7
 264 052a FF0664C6 		.ascii	"\377\006d\306%\004b\\4\312\013Ec\200\217\247\254\326"
 264      2504625C 
 264      34CA0B45 
 264      63808FA7 
 264      ACD6
 265 053c 71A2B5E4 		.ascii	"q\242\265\344\361\321\223J\252\213E\237-9\376\217\230"
 265      F1D1934A 
 265      AA8B459F 
 265      2D39FE8F 
 265      98
 266 054d C53AD2F8 		.ascii	"\305:\322\370*,5\236\311!\247P\2267\011\371\245 \344"
 266      2A2C359E 
 266      C921A750 
 266      963709F9 
 266      A520E4
 267 0560 973C8C83 		.ascii	"\227<\214\203\300\234m}\362\\B\015q0\361\255\275^|\342"
 267      C09C6D7D 
 267      F25C420D 
 267      7130F1AD 
 267      BD5E7CE2 
 268 0574 26E7266E 		.ascii	"&\347&nB\2002\301\243L\242\000\221\202\326FE\353h\203"
 268      428032C1 
 268      A34CA200 
 268      9182D646 
 268      45EB6883 
 269 0588 D160966E 		.ascii	"\321`\226n\372vg@\210hyp\260\032\376\242L\352h\263\332"
 269      FA766740 
 269      88687970 
 269      B01AFEA2 
 269      4CEA68B3 
 270 059d 14AD556B 		.ascii	"\024\255Uk\365\221\272H\354\025\254\025IM\206_u\264"
 270      F591BA48 
 270      EC15AC15 
 270      494D865F 
 270      75B4
 271 05af 798D3AC6 		.ascii	"y\215:\306\024\255\2160\204\251\177\326j\325\232\350"
 271      14AD8E30 
 271      84A97FD6 
 271      6AD59AE8 
 272 05bf C8D5C628 		.ascii	"\310\325\306(\243n\265N\023fP\177\032\374E\360Z\265"
 272      A36EB54E 
 272      1366507F 
 272      1AFC45F0 
 272      5AB5
ARM GAS  /tmp/ccKfsOW3.s 			page 21


 273 05d1 C1A88D88 		.ascii	"\301\250\215\210\011\327\251M\346\360p\335O\301z\221"
 273      09D7A94D 
 273      E6F070DD 
 273      4FC17A91 
 274 05e1 8F561F02 		.ascii	"\217V\037\002\030\033\"\"\242\264J\301x\313bv\262Ig"
 274      181B2222 
 274      A2B44AC1 
 274      78CB6276 
 274      B24967
 275 05f4 0E356BCC 		.ascii	"\0165k\3141\246\037d1\006\243y\035m\226\32347ZM\350"
 275      31A61F64 
 275      3106A379 
 275      1D6D96D3 
 275      34375A4D 
 276 0609 7848A36E 		.ascii	"xH\243n/f\216\324h\365\006\243NM\003\276&&\302L\233"
 276      2F668ED4 
 276      68F506A3 
 276      4E4D03BE 
 276      2626C24C 
 277 061e 63F7E84C 		.ascii	"c\367\350L\300\364\321|\336\246X\223\232\0061\000\010"
 277      C0F4D17C 
 277      DEA65893 
 277      9A063100 
 277      08
 278 062f 2E8B685A 		.ascii	".\213hZ\257\323\354\241\3034&\035M\313\214\272}f\210"
 278      AFD3ECA1 
 278      C334261D 
 278      4DCB8CBA 
 278      7D6688
 279 0642 51C9ADEA 		.ascii	"Q\311\255\352\214\3414-\205_X\363\306\022\326\256\241"
 279      8CE1342D 
 279      855F58F3 
 279      C612D6AE 
 279      A1
 280 0653 CD0A560D 		.ascii	"\315\012V\015\036J\264zM\264\\\253\017\2155}\023\245"
 280      1E4AB47A 
 280      4DB45CAB 
 280      0F8D357D 
 280      13A5
 281 0665 DDED9130 		.ascii	"\335\355\2210\236V\253\007F`\222\357\211\2126\323\020"
 281      9E56AB07 
 281      466092EF 
 281      898A36D3 
 281      10
 282 0676 E7EE20A1 		.ascii	"\347\356 \241\033^5\2517|\277-d\333>\360%5\370\345\363"
 282      1B5E35A9 
 282      377CBF2D 
 282      64DB3EF0 
 282      2535F8E5 
 283 068b 48569A49 		.ascii	"HV\232Ig\2467n\010\375j\307\367[\026i\"\366jbMP\237"
 283      67A6376E 
 283      08FD6AC7 
 283      F75B1669 
 283      22F66A62 
 284 06a2 088875A5 		.ascii	"\010\210u\245\013\002\004\253C\266\205n\011u\023b\010"
 284      0B0204AB 
 284      43B6856E 
ARM GAS  /tmp/ccKfsOW3.s 			page 22


 284      09751362 
 284      08
 285 06b3 6DE4D731 		.ascii	"m\344\3271F-\233mP\267\323\210\211}\210\204\0302\376"
 285      462D9B6D 
 285      50B7D388 
 285      897D8884 
 285      1832FE
 286 06c6 0F1A45B9 		.ascii	"\017\032E\271\212"
 286      8A
 287              		.text
 288              		.section	.gnu.lto_.symtab.ab3de6fa8e895b6,"",%progbits
 289 0000 5F636F72 		.ascii	"_core_init\000\000\000\000\000\000\000\000\000\000\000"
 289      655F696E 
 289      69740000 
 289      00000000 
 289      00000000 
 290 0015 00AC0000 		.ascii	"\000\254\000\000\000chCoreAlloc\000\000\000\000\000"
 290      00636843 
 290      6F726541 
 290      6C6C6F63 
 290      00000000 
 291 002a 00000000 		.ascii	"\000\000\000\000\000\000\000\265\000\000\000chCoreA"
 291      000000B5 
 291      00000063 
 291      68436F72 
 291      6541
 292 003c 6C6C6F63 		.ascii	"llocI\000\000\000\000\000\000\000\000\000\000\000\000"
 292      49000000 
 292      00000000 
 292      00000000 
 292      00
 293 004d B7000000 		.ascii	"\267\000\000\000chCoreGetStatusX\000\000\000\000\000"
 293      6368436F 
 293      72654765 
 293      74537461 
 293      74757358 
 294 0066 00000000 		.ascii	"\000\000\000\000\000\000\000\272\000\000\000__heap_"
 294      000000BA 
 294      0000005F 
 294      5F686561 
 294      705F
 295 0078 62617365 		.ascii	"base__\000\000\002\000\000\000\000\000\000\000\000\000"
 295      5F5F0000 
 295      02000000 
 295      00000000 
 295      0000
 296 008a C5000000 		.ascii	"\305\000\000\000__heap_end__\000\000\002\000\000\000"
 296      5F5F6865 
 296      61705F65 
 296      6E645F5F 
 296      00000200 
 297 00a0 00000000 		.ascii	"\000\000\000\000\000\000\312\000\000\000"
 297      0000CA00 
 297      0000
 298              		.text
 299              		.section	.gnu.lto_.opts,"",%progbits
 300 0000 272D666E 		.ascii	"'-fno-trapv' '-mcpu=cortex-m3' '-mno-thumb-interwor"
ARM GAS  /tmp/ccKfsOW3.s 			page 23


 300      6F2D7472 
 300      61707627 
 300      20272D6D 
 300      6370753D 
 301 0033 6B272027 		.ascii	"k' '-mthumb' '-ggdb' '-O2' '-fomit-frame-pointer' '"
 301      2D6D7468 
 301      756D6227 
 301      20272D67 
 301      67646227 
 302 0066 2D66616C 		.ascii	"-falign-functions=16' '-ffunction-sections' '-fdata"
 302      69676E2D 
 302      66756E63 
 302      74696F6E 
 302      733D3136 
 303 0099 2D736563 		.ascii	"-sections' '-fno-common' '-flto'\000"
 303      74696F6E 
 303      73272027 
 303      2D666E6F 
 303      2D636F6D 
 304              		.text
 305              		.comm	__gnu_lto_v1,1,1
 306              		.comm	__gnu_lto_slim,1,1
 307              		.ident	"GCC: (15:4.9.3+svn231177-1) 4.9.3 20150529 (prerelease)"
ARM GAS  /tmp/ccKfsOW3.s 			page 24


DEFINED SYMBOLS
                            *ABS*:0000000000000000 chmemcore.c
                            *COM*:0000000000000001 __gnu_lto_v1
                            *COM*:0000000000000001 __gnu_lto_slim

NO UNDEFINED SYMBOLS
