ARM GAS  /tmp/ccmq9jig.s 			page 1


   1              		.syntax unified
   2              		.cpu cortex-m3
   3              		.fpu softvfp
   4              		.eabi_attribute 20, 1
   5              		.eabi_attribute 21, 1
   6              		.eabi_attribute 23, 3
   7              		.eabi_attribute 24, 1
   8              		.eabi_attribute 25, 1
   9              		.eabi_attribute 26, 1
  10              		.eabi_attribute 30, 2
  11              		.eabi_attribute 34, 1
  12              		.eabi_attribute 18, 4
  13              		.thumb
  14              		.file	"chmempools.c"
  15              		.text
  16              	.Ltext0:
  17              		.section	.gnu.lto_.profile.43c390364f5eca26,"",%progbits
  18 0000 789C6366 		.ascii	"x\234cf```a\200\000F\206pK\000\001[\000\231"
  18      60606061 
  18      80004686 
  18      704B0001 
  18      5B0099
  19              		.text
  20              		.section	.gnu.lto_.jmpfuncs.43c390364f5eca26,"",%progbits
  21 0000 789C6366 		.ascii	"x\234cf\300\016,\2414\033\0033###{}}=#\214\301\004\244"
  21      C00E2CA1 
  21      341B0333 
  21      2323237B 
  21      7D7D3D23 
  22 0018 EB198172 		.ascii	"\353\031\201r\007\030\270\230\241\354z\006\006\026\240"
  22      0718B898 
  22      A1EC7A06 
  22      0616A0
  23 0027 38737D3D 		.ascii	"8s}=+\204b\000\000\344\203\007\277"
  23      2B846200 
  23      00E48307 
  23      BF
  24              		.text
  25              		.section	.gnu.lto_.inline.43c390364f5eca26,"",%progbits
  26 0000 789C6D4F 		.ascii	"x\234mO\241n\002A\020}ov\217].\\\332\273\012\2223\255"
  26      A16E0241 
  26      107D6F76 
  26      8F5D2E5C 
  26      DABB0A92 
  27 0016 C33528F4 		.ascii	"\3035(\364}A?\242\252\374\005\022Ar\2255Mp\004\201%"
  27      7D413FA2 
  27      AAFC0512 
  27      41729535 
  27      4D700481 
  28 002b FC458B3B 		.ascii	"\374E\213;E\015\342p \353:{\333V\261\331\354\233yov"
  28      450DE270 
  28      20EB3A7B 
  28      DB56B1D9 
  28      EC9B796F 
  29 0040 DE8CC1F5 		.ascii	"\336\214\301\365\2231bOoB\210\331\015\321o&\0228\";"
  29      9331624F 
  29      6F4288D9 
ARM GAS  /tmp/ccmq9jig.s 			page 2


  29      0DD16F26 
  29      1238223B 
  30 0054 81142D91 		.ascii	"\201\024-\221\274>\244\350\277/D`U\022\344)\035\246"
  30      BC3EA4E8 
  30      BF2F4460 
  30      5512E429 
  30      1DA6
  31 0066 1C950678 		.ascii	"\034\225\006x\2110\275\010\277\216\037{\337\312wh\300"
  31      8930BD08 
  31      BF8E1F7B 
  31      DFCA7768 
  31      C0
  32 0077 154B53A9 		.ascii	"\025KS\251\032\2210\241g\214\036\322`\272\274\027\260"
  32      1A9130A1 
  32      678C1ED2 
  32      60BABC17 
  32      B0
  33 0088 75952099 		.ascii	"u\225 \231\217\224o8\243\327d\347\025\3015gr\253\371"
  33      8F946F38 
  33      A3D764E7 
  33      15C13567 
  33      72ABF9
  34 009b 6F00B329 		.ascii	"o\000\263),X\367l7^\222C9\276>\031\334\015t\364b\373"
  34      2C58F76C 
  34      375E9243 
  34      39BE3E19 
  34      DC0D74F4 
  35 00b1 8CF46DFC 		.ascii	"\214\364m\374\247\005\305\206\245\3309[\371\274\201"
  35      A705C586 
  35      A5D8395B 
  35      F9BC81
  36 00c0 3F3F7686 		.ascii	"??v\2066\276]%\274\323\317\256\231\374\357\215\037f"
  36      36BE5D25 
  36      BCD3CFAE 
  36      99FCEF8D 
  36      1F66
  37 00d2 C624EC   		.ascii	"\306$\354"
  38              		.text
  39              		.section	.gnu.lto_.pureconst.43c390364f5eca26,"",%progbits
  40 0000 789C6366 		.ascii	"x\234cf``\340e\200\0006\006)F+&)f+\026)V+\000\007\221"
  40      6060E065 
  40      80003606 
  40      29462B26 
  40      29662B16 
  41 001a 0122     		.ascii	"\001\""
  42              		.text
  43              		.section	.gnu.lto_chPoolObjectInit.43c390364f5eca26,"",%progbits
  44 0000 789C9590 		.ascii	"x\234\225\220\315k\023a\020\306\347\231ww\033HK\305"
  44      CD6B1361 
  44      10C6E799 
  44      77771B48 
  44      4BC5
  45 0012 53090805 		.ascii	"S\011\010\005\011\025$\211\177\202'\361\346\037\021"
  45      09152489 
  45      7F8227F1 
  45      E61F11
  46 0021 03161A12 		.ascii	"\003\026\032\022\022\361\340\245\357\326z\020<TE)\330"
ARM GAS  /tmp/ccmq9jig.s 			page 3


  46      12F1E0A5 
  46      EFD67A10 
  46      3C544529 
  46      D8
  47 0032 6221163F 		.ascii	"b!\026?\252m\223Z\277N\253^\364`c\241\305/P\013\021"
  47      AA6D935A 
  47      BF4EAB5E 
  47      F46063A1 
  47      C52F500B 
  48 0047 ECA19868 		.ascii	"\354\241\230h\240\356\241\324\231M\013R/\272\3542\357"
  48      A0EEA1D4 
  48      994D0B52 
  48      2FBAEC32 
  48      EF
  49 0058 BC3BCF6F 		.ascii	"\274;\317of\036C\177?\011\371N0\321\021\2110\004\036"
  49      661E437F 
  49      3F09F94E 
  49      30D11189 
  49      30041E
  50 006b 5B22F263 		.ascii	"[\"\362c\014\350\201@\303\214a\254s\2131\026\314\214"
  50      0CE88140 
  50      C38C61AC 
  50      738B3116 
  50      CC8C
  51 007d C707A6AD 		.ascii	"\307\007\246\255\265\315\332B\337\371\276Pd?\271\203"
  51      B5CDDA42 
  51      DFF9BE50 
  51      643FB983 
  52 008d C12D0C48 		.ascii	"\301-\014H\211\277|\341\\\267\351\007\311\371\311l\373"
  52      89BF7CE1 
  52      5CB7E907 
  52      C9F9C96C 
  52      FB
  53 009e 75FC1B87 		.ascii	"u\374\033\207\214~M\237^~9\356i\312\216\246k7\237O!"
  53      8C7E4D9F 
  53      5E7E39EE 
  53      69CA8EA6 
  53      6B379F4F 
  54 00b3 59B17624 		.ascii	"Y\261v$X\252\331\243N\310\006\267a\204\207;H\340.\022"
  54      58AAD9A3 
  54      4EC806B7 
  54      6184873B 
  54      48E02E12 
  55 00c7 24578419 		.ascii	"$W\204\031$\245\372\315+\377c\2579\030q\333\337_\274"
  55      24A5FACD 
  55      2BFF63AF 
  55      391871DB 
  55      DF5FBC
  56 00da EBEE28D7 		.ascii	"\353\356(\327;J\007\367\366*\035\302\375H\031|\261\033"
  56      3B4A07F7 
  56      F62A1DC2 
  56      FD48197C 
  56      B11B
  57 00ec 3DE650A4 		.ascii	"=\346P\244\234\272tu\332\351(/V\274\343!\273\230\335"
  57      9CBA7475 
  57      DAE9282F 
  57      56BCE321 
ARM GAS  /tmp/ccmq9jig.s 			page 4


  57      BB98DD
  58 00ff 2B740973 		.ascii	"+t\011sHjukt\353m\334\033\225u\367m\355n\212yx\2208"
  58      486A756B 
  58      74EB6DDC 
  58      1B9575F7 
  58      6DED6E8A 
  59 0117 B73FB0DB 		.ascii	"\267?\260\333\333\225\372\263U\017\352\225L\351@;z\210"
  59      DB95FAB3 
  59      550FEA95 
  59      4CE9403B 
  59      7A88
  60 0129 E4D4906A 		.ascii	"\344\324\220j5\360+\263F\363\001#\315f\275e\024 \354"
  60      35F02BB3 
  60      46F30123 
  60      CD66BD65 
  60      1420EC
  61 013c CF8DFA72 		.ascii	"\317\215\372rL\3150\244\255\026\177\335\330\350\231"
  61      4CCD30A4 
  61      AD167FDD 
  61      D8E899
  62 014b C475DFDA 		.ascii	"\304u\337\332\300\015\331\333dFU\306\321\177\023\355"
  62      C00DD9DB 
  62      644655C6 
  62      D17F13ED 
  63 015b 2BEF7B53 		.ascii	"+\357{S\207C\356B\015\223\370\021\031\216\005\244\376"
  63      8743EE42 
  63      0D93F811 
  63      198E05A4 
  63      FE
  64 016c C474C9D5 		.ascii	"\304t\311\325\003\021H\233k\325\2255w\247\315?q\035"
  64      0311489B 
  64      6BD59535 
  64      77A7CD3F 
  64      711D
  65 017e 2C465CDD 		.ascii	",F\\\335\013\017\221\332\024\363\224\323Z\251\376\027"
  65      0B0F91DA 
  65      14F394D3 
  65      5AA9FE17 
  66 018e C7C5A388 		.ascii	"\307\305\243\210\023\371\364X9\036}\202\037\254\036"
  66      13F9F458 
  66      391E7D82 
  66      1FAC1E
  67 019d 538A4EDD 		.ascii	"S\212N\335\220\036b\206\024\034H\2473\362\026\312\231"
  67      901E6286 
  67      141C48A7 
  67      33F216CA 
  67      99
  68 01ae D2E94CB9 		.ascii	"\322\351L\271\224\315dO\345s\371b\2410TNg\211\363E\247"
  68      94CD644F 
  68      E573F962 
  68      A130544E 
  68      6789F345 
  69 01c3 3C783617 		.ascii	"<x6\027+\226\012g\006O\346J\277\001$\355\333\252"
  69      2B960A67 
  69      064FE64A 
  69      BF0124ED 
  69      DBAA
ARM GAS  /tmp/ccmq9jig.s 			page 5


  70              		.text
  71              		.section	.gnu.lto_chPoolLoadArray.43c390364f5eca26,"",%progbits
  72 0000 789CA556 		.ascii	"x\234\245V]LSg\030\376\336\357\374\225\266\006\266,"
  72      5D4C5367 
  72      18FEDEEF 
  72      FC95B606 
  72      B62C
  73 0012 1B332EB0 		.ascii	"\0333.\260\020\324%Sv\267\233%\272\230l\361\202]hv\275"
  73      10D42553 
  73      76B79B25 
  73      BA986CF1 
  73      825D6876 
  74 0027 68D70417 		.ascii	"h\327\004\027\260M\001\243W\236\322\212ss\204T\227\201"
  74      B04D01A3 
  74      579ED28A 
  74      73738454 
  74      9781
  75 0039 1B1B441C 		.ascii	"\033\033D\034*\014\024\207Z\030\254\"\242\362'*\"\250"
  75      2A0C1487 
  75      5A18AC22 
  75      A2F2272A 
  75      22A8
  76 004b 838A40B6 		.ascii	"\203\212@\266L\022\371[\351\026\355\336\367;\240m)\273"
  76      4C12F95B 
  76      E916EDDE 
  76      F73BA06D 
  76      29BB
  77 005d D9499BF3 		.ascii	"\331I\233\363\235\357}\237\347\375?\337\221\330\362"
  77      9DEF7D9F 
  77      E7FD3FDF 
  77      91D8F2
  78 006c EB63FC5F 		.ascii	"\353c\374_41\366\020\357\2401\340\245}\214\271M\034"
  78      3431F610 
  78      EFA031E0 
  78      A57D8CB9 
  78      4D1C
  79 007e 14632181 		.ascii	"\024c!\201l,dc\347\222I\341\322\341\253\214\351f\325"
  79      6C2C6463 
  79      E79249E1 
  79      D2E1AB8C 
  79      E966D5
  80 0091 AB31DDAA 		.ascii	"\2531\335\252\002\320>\003\266\237K\262\242\302~\256"
  80      02D03E03 
  80      B69F4BB2 
  80      A2C27EAE 
  81 00a1 3088E095 		.ascii	"0\210\340\225,\014\374\301\2479\224\006j\313,\353N\350"
  81      2C0CFCC1 
  81      A7399406 
  81      6ACB2CEB 
  81      4EE8
  82 00b3 BAFEC4E7 		.ascii	"\272\376\304\347O=\220\032\346\214\315r\303\003\250"
  82      4F3D901A 
  82      E68CCD72 
  82      C303A8
  83 00c2 8175A8E2 		.ascii	"\201u\250\342\276y\310c\225\322\201\341\332_?\327k\371"
  83      BE79C863 
  83      95D281E1 
ARM GAS  /tmp/ccmq9jig.s 			page 6


  83      DA5F3FD7 
  83      6BF9
  84 00d4 9D8739A4 		.ascii	"\235\2079\244\323c\263\357Z\231J\217\\\246\307\207\325"
  84      D363B3EF 
  84      5A994A8F 
  84      5CA6C787 
  84      D5
  85 00e5 ED959079 		.ascii	"\355\225\220y\\\327\213\002\275\215\372f9\314%8\011"
  85      5CD78B02 
  85      BD8DFA66 
  85      39CC2538 
  85      09
  86 00f6 12F2C129 		.ascii	"\022\362\301)X\015\247a5\303-\006\265\220\211\332\013"
  86      580DA761 
  86      35C32D06 
  86      B59089DA 
  86      0B
  87 0107 270FB572 		.ascii	"'\017\265r)C\360\272\233\212\376N2\220\243\006R\206"
  87      2943F0BA 
  87      9B8AFE4E 
  87      3290A306 
  87      5286
  88 0119 BA78A4CC 		.ascii	"\272x\244\314\340'\201\034\030zT,K\231\002\331\324Z"
  88      E027811C 
  88      187A542C 
  88      4B9902D9 
  88      D45A
  89 012b DF996C20 		.ascii	"\337\231l \303\006R\201\372x$\306\335\000\231\244>\355"
  89      C3065281 
  89      FA7824C6 
  89      DD0099A4 
  89      3EED
  90 013d 7D7AD7A2 		.ascii	"}z\327\242z1\336\224\247K\241\302\031P\001\357\015/"
  90      7A31DE94 
  90      A74BA1C2 
  90      195001EF 
  90      0D2F
  91 014f 07F448E4 		.ascii	"\007\364H\344x[O\213\234\002\302\026\0278\031h\255\000"
  91      785B4F8B 
  91      9C02C216 
  91      17381968 
  91      AD00
  92 0161 AD3520EF 		.ascii	"\2555 \357\223\220S5\013\025\213P\261\342\206\306\330"
  92      93905335 
  92      0B158B50 
  92      B1E286C6 
  92      D8
  93 0172 38D261EE 		.ascii	"8\322a\356'8\307\2334\010E/\221\315\341\316\216\323"
  93      2738C79B 
  93      3408452F 
  93      91CDE1CE 
  93      8ED3
  94 0184 96F53FA2 		.ascii	"\226\365?\242\315\312\222\232b\031(\007\213\031>\013"
  94      CDCA929A 
  94      62192807 
  94      8B193E0B 
  95 0194 EB890F97 		.ascii	"\353\211\017\227\023\270\211\325#P\240\342*'\237b\240"
ARM GAS  /tmp/ccmq9jig.s 			page 7


  95      13B889D5 
  95      2350A0E2 
  95      2A279F62 
  95      A0
  96 01a5 C1929AF1 		.ascii	"\301\222\232\361\315\246(h#B\021\316b\001%U\375AMZ'"
  96      CDA62868 
  96      234211CE 
  96      62012555 
  96      FD414D5A 
  97 01ba 52B370AF 		.ascii	"R\263p\257\247M\315\250\302\324\004\257_\266\007\274"
  97      A74DCDA8 
  97      C2D404AF 
  97      5FB607BC 
  98 01ca 95FAB348 		.ascii	"\225\372\263H\004(\265\347b\023\264\310\3703d\2048\020"
  98      0428B5E7 
  98      6213B4C8 
  98      F8336484 
  98      3810
  99 01dc 610AFB6F 		.ascii	"a\012\373o\333Mh\273\321\260-TO\365\207\2735a\351\311"
  99      DB4D68BB 
  99      D1B02D54 
  99      4FF587BB 
  99      3561E9C9 
 100 01f0 83C62F5E 		.ascii	"\203\306/^-\327+\213J1\225\233 A\007,R\234\207\014\242"
 100      2DD72B8B 
 100      4A31959B 
 100      2041072C 
 100      529C870C 
 101 0205 4940A123 		.ascii	"I@\241#\234\177\036@\370\312\350\013q\350\027\241F\243"
 101      9C7F1E40 
 101      F8CAE80B 
 101      71E817A1 
 101      46A3
 102 0217 570AF462 		.ascii	"W\012\364bl\240\263\265\372QI\372H\344\354\317\201\252"
 102      6CA0B3B5 
 102      FA5149FA 
 102      48E4ECCF 
 102      81AA
 103 0229 13664174 		.ascii	"\023fAt\246\3163)EGb\002\177B\266f\310\240\336\377j"
 103      A6CE3329 
 103      45476202 
 103      7F42B666 
 103      C8A0DEFF 
 104 023e FE1CD028 		.ascii	"\376\034\320(\230\322\031\264\240\364>\024\215\205\016"
 104      98D219B4 
 104      A0F43E14 
 104      8D850E
 105 024d 4E96A931 		.ascii	"N\226\2511]\027\2742\273^\304\216\311\026\2157\313!"
 105      5D17BC32 
 105      BB5EC48E 
 105      C9168D37 
 105      CB21
 106 025f B62F83FE 		.ascii	"\266/\203\376\251\243\022\271HA2\370\205Tx\234\312\370"
 106      A9A312B9 
 106      484132F8 
 106      8554789C 
 106      CAF8
ARM GAS  /tmp/ccmq9jig.s 			page 8


 107 0271 18F6672B 		.ascii	"\030\366g+I\2448\311\261/G\260\331\333H$\307\211\206"
 107      49A438C9 
 107      B12F47B0 
 107      D9DB4824 
 107      C78986
 108 0284 8A073472 		.ascii	"\212\0074r\226\301\257$V\342\306\201A\000T\014\347\022"
 108      96C1AF24 
 108      56E2C681 
 108      4100540C 
 108      E712
 109 0296 0D03B076 		.ascii	"\015\003\260v@\361\350\343\205#R\332m\250\320\313\322"
 109      40F1E8E3 
 109      852352DA 
 109      6DA8D0CB 
 109      D2
 110 02a7 C33C8910 		.ascii	"\303<\211\020_\337\377\307m\226\261\317\241\035\322"
 110      5FDFFFC7 
 110      6D96B1CF 
 110      A11DD2
 111 02b6 18ED1C3B 		.ascii	"\030\355\034;\360M\271\025w\3402\310\"r\006\035 \243"
 111      F04DB915 
 111      77E032C8 
 111      2272061D 
 111      20A3
 112 02c8 A0EB60E5 		.ascii	"\240\353`\345_r\332\340\"\332L\272\375\217;\233\223"
 112      5F72DAE0 
 112      22DA4CBA 
 112      FD8F3B9B 
 112      93
 113 02d9 04FA0AA1 		.ascii	"\004\372\012\241\241\023\344DM\344\233\036\262\352\327"
 113      A113E444 
 113      4DE49B1E 
 113      B2EAD7
 114 02e8 746F3012 		.ascii	"to0\022I[\271\011\256\376\257&\270\366\274\011\002\376"
 114      495BB909 
 114      AEFEAF26 
 114      B8F6BC09 
 114      02FE
 115 02fa EED710DE 		.ascii	"\356\327\020\3361\346^\320\244\021\020\365\230\373\276"
 115      31E65ED0 
 115      A41110F5 
 115      98FBBE
 116 0309 EF966519 		.ascii	"\357\226e\031\227\006\327\023q\305$2P\336\007DN\356"
 116      9706D713 
 116      71C52432 
 116      50DE0744 
 116      4EEE
 117 031b 2D16498D 		.ascii	"-\026I\215K5t\221\250[\244\273\007\323\335e\270r\017"
 117      4B357491 
 117      A85BA4BB 
 117      07D3DD65 
 117      B8720F
 118 032e 8ACE4FCF 		.ascii	"\212\316O\317\265+\264\027\342V\312\377\370\215\233"
 118      B52BB417 
 118      E256CAFF 
 118      F88D9B
 119 033d 266A2A8B 		.ascii	"&j*\2130\322\264\360\303\324\252\012\370\326\255\353"
ARM GAS  /tmp/ccmq9jig.s 			page 9


 119      30D2B4F0 
 119      C3D4AA0A 
 119      F8D6ADEB 
 120 034d 388D5A08 		.ascii	"8\215Z\010\375\351\025\371\356\203\012\001\367U\275"
 120      FDE915F9 
 120      EE830A01 
 120      F755BD
 121 035c 42E068A4 		.ascii	"B\340h\244\226\000iEkp\203\220(\372n\356\310p\362\206"
 121      96006945 
 121      6B708390 
 121      28FA6EEE 
 121      C870F286 
 122 0370 5AF25CA5 		.ascii	"Z\362\\\245\010\373\221k\206*D\376\301M\330\200\256"
 122      08FB916B 
 122      862A44FE 
 122      C14DD880 
 122      AE
 123 0381 08EEB3F3 		.ascii	"\010\356\263\3633\322\"\373\212\216\334Bp\364h\275\030"
 123      33D222FB 
 123      8A8EDC42 
 123      70F468BD 
 123      18
 124 0392 A727759E 		.ascii	"\247'u\236\031\233\317\243W\3432\262)m\345q\272-\306"
 124      199BCFA3 
 124      57E332B2 
 124      296DE571 
 124      BA2DC6
 125 03a5 E9B9FF78 		.ascii	"\351\271\377x\002\302\300\312\343T\375hi\022\264e\375"
 125      02C2C0CA 
 125      E354FD68 
 125      6912B465 
 125      FD
 126 03b6 7C87121C 		.ascii	"|\207\022\0347\036\335\3638\036\203\244o\212\037\217"
 126      371EDDF3 
 126      381E83A4 
 126      6F8A1F8F 
 127 03c6 CE098D8C 		.ascii	"\316\011\215\2143\270\233x<\206D\275\206\243\306\243"
 127      33B89B78 
 127      3C8644BD 
 127      86A3C6A3 
 128 03d6 7A2AD8AC 		.ascii	"z*\330\254.u\376\200H\300=\321\371\361m~\037\333\234"
 128      2E75FE80 
 128      48C03DD1 
 128      F9F16D7E 
 128      1FDB9C
 129 03e9 5EF1B278 		.ascii	"^\361\262x\305S\235\375\227*|@\363\037\342I\321\341"
 129      C5539DFD 
 129      972A7C40 
 129      F31FE249 
 129      D1E1
 130 03fb 4AF1E50A 		.ascii	"J\361\345\012d\207\371*J\360\203\345\365\332J\207\335"
 130      6487F92A 
 130      4AF083E5 
 130      F5DA4A87 
 130      DD
 131 040c 6FA25E74 		.ascii	"o\242^t~\301\010l\300Jy\312\212\3373\230\315X\012\344"
 131      7EC1086C 
ARM GAS  /tmp/ccmq9jig.s 			page 10


 131      C04A79CA 
 131      8ADF3398 
 131      CD580AE4 
 132 0420 C76A88E3 		.ascii	"\307j\210\343\201\216+\334$\025_\361`\205\325P\262\204"
 132      818E2BDC 
 132      24155FF1 
 132      6085D550 
 132      B284
 133 0432 387D083C 		.ascii	"8}\010<\363\334>/\336_\212\361\205\000\243ho\011\330"
 133      F3DC3E2F 
 133      DE5F8AF1 
 133      8500A368 
 133      6F09D8
 134 0445 40408B08 		.ascii	"@@\213\010Aa\370Q!\211\372\032\333\334(\266A\016\354"
 134      4161F851 
 134      2189FA1A 
 134      DBDC28B6 
 134      410EEC
 135 0458 0E78873D 		.ascii	"\016x\207=\027J^7\310ytl\012\272\0304\012=\011\350\230"
 135      174A5E37 
 135      C879746C 
 135      0ABA1834 
 135      0A3D09E8 
 136 046d 4CDE99E5 		.ascii	"L\336\231\345\303-k&\201\207\270B\217\026\271\256%\025"
 136      C32D6B26 
 136      8187B842 
 136      8F16B9AE 
 136      2515
 137 047f CDA87480 		.ascii	"\315\250t\200\216\200;\340\377\220\230\0103\216\354"
 137      8E803BE0 
 137      FF909808 
 137      338EEC
 138 048e 5E0D93FA 		.ascii	"^\015\223\372\306\306\215Y\370s\344g\271\012\262\362"
 138      C6C68D59 
 138      F873E467 
 138      B90AB2F2 
 139 049e 5DB62C5B 		.ascii	"]\266,[N\236=\317\351p\344\346o\2641\236\347\004'\354"
 139      4E9E3DCF 
 139      E970E4E6 
 139      6FB4319E 
 139      E70427EC 
 140 04b2 961D3B3F 		.ascii	"\226\035;?s\276\031\255\271k\267-\267\360S{\264v\016"
 140      73BE19AD 
 140      B96BB72D 
 140      B7F0537B 
 140      B4760E
 141 04c5 53F6ECC8 		.ascii	"S\366\354\310-\264\257\215\326s:\\\005\371Y\357o\313"
 141      2DB4AF8D 
 141      D6733A5C 
 141      05F959EF 
 141      6FCB
 142 04d7 DE92BD17 		.ascii	"\336\222\275\027\225m\016\227\375\223=\357\346\241\362"
 142      956D0E97 
 142      FD933DEF 
 142      E6A1F2
 143 04e6 5BCFD5EC 		.ascii	"[\317\325\354{\013\262\266do\337\272\375\005+\251\331"
 143      7B0BB2B6 
ARM GAS  /tmp/ccmq9jig.s 			page 11


 143      646FDFBA 
 143      FD052BA9 
 143      D9
 144 04f7 F23E28DC 		.ascii	"\362>(\334mC\3155\211\015\347\357#\233)\331\333\267"
 144      6D43CD35 
 144      890DE7EF 
 144      239B29D9 
 144      DBB7
 145 0509 A5EFDC91 		.ascii	"\245\357\334\221ow\272v\275\235\236\371\016\343.\246"
 145      6F77BA76 
 145      BD9D9EF9 
 145      0EE32EA6 
 146 0519 A14F0ED7 		.ascii	"\241O\016\327>&9s\234\377\002\240\233I\314"
 146      3E263973 
 146      9CFF02A0 
 146      9B49CC
 147              		.text
 148              		.section	.gnu.lto_chPoolAllocI.43c390364f5eca26,"",%progbits
 149 0000 789C7592 		.ascii	"x\234u\222\317KTQ\024\307\317\367\336\367\356\314\370"
 149      CF4B5451 
 149      14C7CFF7 
 149      DEF7EECC 
 149      F8
 150 0011 461AA295 		.ascii	"F\032\242\225\024\011\"\263\010\035Z\2644Z\266\350\217"
 150      140922B3 
 150      081D5AB4 
 150      345AB6E8 
 150      8F
 151 0022 882490C8 		.ascii	"\210$\220\310F\264\275w\306i\341&\302Z\0046\230X\224"
 151      46B4BD77 
 151      C669E126 
 151      C25A0436 
 151      985894
 152 0035 599A9A96 		.ascii	"Y\232\232\226\0069H\211\224\375pQ\241H\251h\024\024"
 152      06394889 
 152      94FD7051 
 152      A148A968 
 152      1414
 153 0047 3869E883 		.ascii	"8i\350\203d:\367>\315\037\331c\346\335w\317\273\347"
 153      643AF73E 
 153      CD1FD963 
 153      E6DD77CF 
 153      BBE7
 154 0059 FBFD9C73 		.ascii	"\373\375\234s\236\244\177\257S\374\317H\2428\257\010"
 154      9EA47FAF 
 154      53FCCF48 
 154      A238AF08 
 155 0069 11C49537 		.ascii	"\021\304\2257D\251\260\0202[E\272\310Y\216\221\216J"
 155      44A9B010 
 155      325B45BA 
 155      C8598E91 
 155      8E4A
 156 007b A820EC08 		.ascii	"\250 \354\010\267\325\204\325/\023v7\303\0120\017\004"
 156      B7D584D5 
 156      2F137637 
 156      C30A300F 
 156      04
ARM GAS  /tmp/ccmq9jig.s 			page 12


 157 008c 6A14D271 		.ascii	"j\024\322q\025\032\361M\344\005\206\272W^{_\205/\250"
 157      151AF14D 
 157      E40586BA 
 157      575E7B5F 
 157      852FA8
 158 009f 94783BDC 		.ascii	"\224x;\3342~]\231-\034\263m\031\033^r\343\267\265N/"
 158      327E5D99 
 158      2D1CB36D 
 158      191B5E72 
 158      E3B7B54E 
 159 00b4 A54766A2 		.ascii	"\245Gf\242\227N\372B\320\262 \334A\011\356\242\304\010"
 159      974EFA42 
 159      D0B220DC 
 159      4109EEA2 
 159      C408
 160 00c6 7622CE27 		.ascii	"v\"\316'S\223\315MQY\012\2235wk\364&\312;8+\367\252"
 160      5393CD4D 
 160      51590A93 
 160      35776BF4 
 160      26CA3B38 
 161 00dd 4F9F707C 		.ascii	"O\237p|!q\017r{\036\207\010](7\307/\267\277\233\015"
 161      21710F72 
 161      7B1E8708 
 161      5D2837C7 
 161      2FB7BF9B 
 162 00f2 C9329BBA 		.ascii	"\3112\233\2726=\361L\225\265s\352\254\3371\026\325\343"
 162      363DF14C 
 162      95B573EA 
 162      ACDF3116 
 162      D5E3
 163 0104 3A335B28 		.ascii	":3[(\034f[\334\337\251\020\\\234\222\317\254\177\364"
 163      1C665BDC 
 163      DFA9105C 
 163      9C92CFAC 
 163      7FF4
 164 0116 54466B1D 		.ascii	"TFk\035\303\003\224\255\0132\204\014\326\015\005^L\260"
 164      C30394AD 
 164      0B32840C 
 164      D60D055E 
 164      4CB0
 165 0128 677F4E17 		.ascii	"g\177N\027\012\375\277\363\315\361N\021\005\231\230"
 165      0AFDBFF3 
 165      CDF14E11 
 165      059998
 166 0137 0303E0DA 		.ascii	"\003\003\340\332g\305@N\230on\204o\312\263A\242\005"
 166      67C5404E 
 166      986F6E84 
 166      6FCAB341 
 166      A205
 167 0149 D6315D5B 		.ascii	"\3261][\344\252y\225\323H\017\366\026R\322H\257\012"
 167      E4AA7995 
 167      D3480FF6 
 167      1652D248 
 167      AF0A
 168 015b 97CD3F2F 		.ascii	"\227\315?/\274\235\014\233~I\3132\260\326\366\2438\213"
 168      BC9D0C9B 
 168      7E49CB32 
ARM GAS  /tmp/ccmq9jig.s 			page 13


 168      B0D6F6A3 
 168      388B
 169 016d D694D6B9 		.ascii	"\326\224\326\271\203\276\010\255\012\007=\006\226\337"
 169      83BE08AD 
 169      0A073D06 
 169      96DF
 170 017b DD58B93A 		.ascii	"\335X\271:\265\257\342\010\033\341!\262\370i\030\011"
 170      B5AFE208 
 170      1BE121B2 
 170      F8691809 
 171 018b BDA8A00F 		.ascii	"\275\250\240\017H\353\243\026\227]Y\227\336#3\325\324"
 171      48EBA316 
 171      975D5997 
 171      DE2333D5 
 171      D4
 172 019c 714D6DF8 		.ascii	"qMm\370 \036\224\273\310.\331*K\221\177>\037\012\336"
 172      201E94BB 
 172      C82ED92A 
 172      4B917F3E 
 172      1F0ADE
 173 01af AAED14CE 		.ascii	"\252\355\024\316\016\012\370\"l\322\373\376%\350\267"
 173      0E0AF822 
 173      6CD2FBFE 
 173      25E8B7
 174 01be 0430048F 		.ascii	"\0040\004\217\230\200%[\346\016\030\301]E\204\376_\304"
 174      9880255B 
 174      E60E18C1 
 174      5D4584FE 
 174      5FC4
 175 01d0 C0561183 		.ascii	"\300V\021\203\250`\020K\350\320r, |1\277\321\247\360"
 175      A860104B 
 175      E8D0722C 
 175      207C31BF 
 175      D1A7F0
 176 01e3 4EA4BDF5 		.ascii	"N\244\275\365\"xl\365\354\344\2360\222\355\301\205-"
 176      22786CF5 
 176      ECE49E30 
 176      92EDC185 
 176      2D
 177 01f4 85BF3546 		.ascii	"\205\2775F\370\300\0206;\342R[q0\227\261\321\015\277"
 177      F8C01036 
 177      3BE2525B 
 177      713097B1 
 177      D10DBF
 178 0207 C8AE1A8E 		.ascii	"\310\256\032\216\357\351\331\245\203\031\025a\330\032"
 178      EFE9D9A5 
 178      83191561 
 178      D81A
 179 0215 4B63FC94 		.ascii	"Kc\374\224\215g\220\321\307\002%\217\255\211\005}\341"
 179      8D6790D1 
 179      C702258F 
 179      AD89057D 
 179      E1
 180 0226 F190C4D6 		.ascii	"\361\220\304\326\210<\353\255\354G\301\323\213Q\020"
 180      883CEBAD 
 180      EC47C1D3 
 180      8B5110
ARM GAS  /tmp/ccmq9jig.s 			page 14


 181 0235 067D422A 		.ascii	"\006}B*\327\373\022A:\267\367\013\300\023\220\337GN"
 181      D7FB1241 
 181      3AB7F70B 
 181      C01390DF 
 181      474E
 182 0247 F3E2B096 		.ascii	"\363\342\260\226\347NL\326\360\207\005\223\313\305\036"
 182      E74E4CD6 
 182      F0870593 
 182      CBC51E
 183 0256 AAAC4CF0 		.ascii	"\252\254L\360/\331\220\250\277\230h\250\257NT\327\324"
 183      2FD990A8 
 183      BF9868A8 
 183      AF4E54D7 
 183      D4
 184 0267 9EADAD4B 		.ascii	"\236\255\255K&\3177TV\223\250\255s\222g\316\325\375"
 184      26CF3754 
 184      5693A8AD 
 184      739267CE 
 184      D5FD
 185 0279 01D8CA41 		.ascii	"\001\330\312AU"
 185      55
 186              		.text
 187              		.section	.gnu.lto_chPoolAlloc.43c390364f5eca26,"",%progbits
 188 0000 789C9554 		.ascii	"x\234\225T\355oSe\024\177\316\363\334\227\266\353\260"
 188      ED6F5365 
 188      147FCEF3 
 188      DC97B6EB 
 188      B0
 189 0011 31C60F44 		.ascii	"1\306\017D\263&\315\234F\267\342\007\303\247\371\022"
 189      B326CD9C 
 189      46B7E207 
 189      C3A7F912 
 190 0021 12A389FB 		.ascii	"\022\243\211\373\302\376\000\205\332d\230um\332\215"
 190      C2FE0085 
 190      DA649875 
 190      6DDA8D
 191 0030 C0276EBB 		.ascii	"\300'n\273\"\301D\263\014\214C\250\3332\026\301\271"
 191      22C144B3 
 191      0C8C43A8 
 191      DB3216C1 
 191      B9
 192 0041 37109081 		.ascii	"7\020\220\201P\347(cl\260!``d\224\005\210\306\221l\226"
 192      50E72863 
 192      6CB02160 
 192      60649405 
 192      88C6916C 
 193 0056 C91AA3F5 		.ascii	"\311\032\243\365\234\247/k\273\231\314\246\275\267\367"
 193      9CA72F6B 
 193      BB99CCA6 
 193      BDB7F7
 194 0065 BCFD7EE7 		.ascii	"\274\375~\347\367\234{\004[\371y\017\177G4\306N\341"
 194      F79C7B04 
 194      5BF9790F 
 194      7F4734C6 
 194      4EE1
 195 0077 1D7406BC 		.ascii	"\035t\006\274\345\012cA\023\347\"R\315\014\213\222\260"
 195      E50A6341 
ARM GAS  /tmp/ccmq9jig.s 			page 15


 195      13E72252 
 195      CD0C8B92 
 195      B0
 196 0088 31C32A40 		.ascii	"1\303*@K\233\025\256\036$\263\266Hf5k\326\000\350\017"
 196      4B9B15AE 
 196      1E24B3B6 
 196      4866356B 
 196      D600E80F 
 197 009c 03B68B0B 		.ascii	"\003\266\213\013E\325`\027\374\306\0278\234\356{<Q\362"
 197      45D56017 
 197      FCC61738 
 197      9CEE7B3C 
 197      51F2
 198 00ae 2B4F7266 		.ascii	"+Orfg\3708\324:\332\246\321#(\364\330\032\033\232W+"
 198      67F838D4 
 198      3ADAA6D1 
 198      2328F4D8 
 198      1A1B9A57 
 199 00c3 BA0D2334 		.ascii	"\272\015#4\177\355\306\035\353\356w\222\234\263\004"
 199      7FEDC61D 
 199      EBEE7792 
 199      9CB304
 200 00d2 67F035AC 		.ascii	"g\3605\254\207#\260\236\012\036\205\012\214\014N\355"
 200      8723B09E 
 200      0A1E850A 
 200      8C0C4EED 
 201 00e2 6DB60A3B 		.ascii	"m\266\012;P\326\275\303\303\035P\336\205Y\321\261c\306"
 201      50D6BDC3 
 201      C31D50DE 
 201      8559D1B1 
 201      63C6
 202 00f4 9B4A920B 		.ascii	"\233J\222\013\370\006D~\036\232\030\364@9\205\177\326"
 202      F806447E 
 202      1E9A18F4 
 202      4039857F 
 202      D6
 203 0105 3919D785 		.ascii	"9\031\327\205C\246.\335\036?\2479:15\336\327\035\263"
 203      43A62EDD 
 203      1E3FA739 
 203      3A3135DE 
 203      D71DB3
 204 0118 1AA34638 		.ascii	"\032\243F8\236J\225!,|[X!\375\301\224\205\360\337\277"
 204      9E4A9521 
 204      2C7C5B58 
 204      21FDC194 
 204      85F0DFBF 
 205 012c 946861C3 		.ascii	"\224ha\3030l\320\013\016\242\207\254\372@\003\274\221"
 205      306CD00B 
 205      0EA287AC 
 205      FA4003BC 
 205      91
 206 013d A5FFE9A8 		.ascii	"\245\377\351\250\221J%n\316\356\335\330\303\327a\011"
 206      914A256E 
 206      CEEEDDD8 
 206      C3D76109 
 207 014d B4092074 		.ascii	"\264\011 t\015y(:^T\023^4\263tY\344\225\261\373X\207"
 207      0D79283A 
ARM GAS  /tmp/ccmq9jig.s 			page 16


 207      5E54135E 
 207      34B37459 
 207      E495B1FB 
 208 0163 247B802D 		.ascii	"${\200-\343]\334\204\220\215\360\022=\306~!^\224t\177"
 208      E35DDC84 
 208      908DF012 
 208      3DC67E21 
 208      5E94747F 
 209 0177 BFDED96D 		.ascii	"\277\336\331m\221t\347g\006\276z\366\200\321\021jA\254"
 209      9174E767 
 209      06BE7AF6 
 209      80D1116A 
 209      41AC
 210 0189 3720C975 		.ascii	"7 \311u\350_\2150\014\200\203$\372t\3618\220\316\272"
 210      E85F8D30 
 210      0C808324 
 210      FA74F138 
 210      90CEBA
 211 019c 9DC1207A 		.ascii	"\235\301 z\247!4;\375\361\3036\255\240\243x\270\017"
 211      A721343B 
 211      FDF1C336 
 211      ADA0A378 
 211      B80F
 212 01ae 642F090E 		.ascii	"d/\011\016\205\275\306\377\3313\24328F.^\344:\333YM"
 212      85BDC6FF 
 212      D933A332 
 212      38462E5E 
 212      E43ADB59 
 213 01c3 300C8E93 		.ascii	"0\014\216\223W\024\211\304\340;\300i\202\023\244\020"
 213      571489C4 
 213      E03BC069 
 213      8213A410 
 214 01d3 B04380EE 		.ascii	"\260C\200\356\273sK\373DY/D\2146{\222\233(\343\363\351"
 214      BB734BFB 
 214      44592F44 
 214      8C367B92 
 214      9B28E3F3 
 215 01e8 BF821605 		.ascii	"\277\202\026\0055\200\223P&\205\376r\367\027\007\254"
 215      35809350 
 215      2685FE72 
 215      F71707AC 
 216 01f8 688153A0 		.ascii	"h\201S\240H\316\014\276\007\005\035c{:\376T\312\006"
 216      48CE0CBE 
 216      07051D63 
 216      7B3AFE54 
 216      CA06
 217 020a 32D9668A 		.ascii	"2\331f\212\235\234\213\015\231e\366i\312\206!\234\247"
 217      9D9C8B0D 
 217      9965F669 
 217      CA86219C 
 217      A7
 218 021b AC804727 		.ascii	"\254\200G'\223\227\365\264h4T\313g\274bJ2\222\235\001"
 218      9397F5B4 
 218      683454CB 
 218      67BC624A 
 218      32929D01 
 219 022f C7136CE3 		.ascii	"\307\023l\3436\204N\016\246\202\242pL\222]\377wL\242"
ARM GAS  /tmp/ccmq9jig.s 			page 17


 219      36844E0E 
 219      A682A270 
 219      4C925DFF 
 219      774CA2
 220 0242 894FAC54 		.ascii	"\211O\254T3#\254R<Dg\311\365\203\324\350\034hO8\275"
 220      3323AC52 
 220      3C4467C9 
 220      F583D4E8 
 220      1C684F38 
 221 0257 2677EF5F 		.ascii	"&w\357_\2352\321y\011Y\354\304R\373\243\322\010\034"
 221      9D32D179 
 221      0959ECC4 
 221      52FBA3D2 
 221      081C
 222 0269 0C1A8629 		.ascii	"\014\032\206)\311-\310\016\316\023\030\272\016=\336"
 222      C92DC80E 
 222      CE1318BA 
 222      0E3DDE
 223 0278 77EBA9CA 		.ascii	"w\353\251\312\036yD\315:\316\027D!\002\177\220\024T"
 223      1E7944CD 
 223      3ACE1744 
 223      21027F90 
 223      1454
 224 028a 137E844A 		.ascii	"\023~\204JR\302x\225\212\023\026\002\260\033\020\276"
 224      52C27895 
 224      8A131602 
 224      B01B10BE 
 225 029a D5DCB55F 		.ascii	"\325\334\265_\313\000BE\232\370\003\204\213T\013j|a"
 225      CB004245 
 225      9AF80384 
 225      8B540B6A 
 225      7C61
 226 02ac 64564F7B 		.ascii	"dVO{\265|:\312*tJ\250\302p\001\235\227\211\307O\222"
 226      B57C3ACA 
 226      2A744AA8 
 226      C270019D 
 226      9789C74F 
 227 02c1 0764788C 		.ascii	"\007dx\214 \017,\334z\357\031*\273\326\236\242\262\243"
 227      200F2CDC 
 227      7AEF192A 
 227      BBD69EA2 
 227      B2A3
 228 02d3 0B051DC5 		.ascii	"\013\005\035\305\240\022YI\272\012K\330\322t/\314\212"
 228      A0125949 
 228      BA0A4BD8 
 228      D2742FCC 
 228      8A
 229 02e4 345D7D2D 		.ascii	"4]}-\245\221\237\025.\312\252<Su\024\371IY\032\226\353"
 229      A5919F15 
 229      2ECAAA3C 
 229      537514F9 
 229      49591A96 
 230 02f9 E4DAB622 		.ascii	"\344\332\266\"\366%\310\212\244\262\366R\211:\030\033"
 230      F625C88A 
 230      A4B2F652 
 230      893A181B 
 231 0309 CEA09AD6 		.ascii	"\316\240\232\326\210Z\012c\022UdP/#\352\035\010\033"
ARM GAS  /tmp/ccmq9jig.s 			page 18


 231      885A0A63 
 231      12556450 
 231      2F23EA1D 
 231      081B
 232 031b AFA5CB98 		.ascii	"\257\245\313\230\021\227a\265$_\207\207\306\227\217"
 232      119761B5 
 232      245F8787 
 232      C6978F
 233 032a CC2C81B5 		.ascii	"\314,\201\265\345\305\2206[\350h\345|\321\376\221k$"
 233      E5C59036 
 233      5BE868E5 
 233      7CD1FE91 
 233      6B24
 234 033c 3BF5F9AB 		.ascii	";\365\371\253\242\245}M\253b\\\256\212\\\323:\232&\376"
 234      A2A57D4D 
 234      AB625CAE 
 234      8A5CD33A 
 234      9A26FE
 235 034f 7B558CE4 		.ascii	"{U\214\344V\205\272\342\215\277B\323\\\264?..\342\376"
 235      5685BAE2 
 235      8DBF42D3 
 235      5CB43F2E 
 235      2EE2FE
 236 0362 B84AF15A 		.ascii	"\270J\361Z\361\376\350}\235\260\031L\256\276?\246\344"
 236      F1FEE87D 
 236      9DB0194C 
 236      AEBE3FA6 
 236      E4
 237 0373 BB712D6F 		.ascii	"\273q-o\177\034~\024\037\322\262\253aB\256\206\237\345"
 237      7F1C7E14 
 237      1FD2B2AB 
 237      6142AE86 
 237      9FE5
 238 0385 6A28DE03 		.ascii	"j(\336\003\327q\017\314@0\036\356\007\342J\212\261\207"
 238      D7710FCC 
 238      40301EEE 
 238      07E24A8A 
 238      B187
 239 0397 8067C3C5 		.ascii	"\200g\303\305\334\371\017\360\246\240\334fu|\252\016"
 239      DCF90FF0 
 239      A6A0DC66 
 239      757CAA0E 
 240 03a7 F72F90BC 		.ascii	"\367/\220\274\230\373|U\225\023\277\336\200\323\337"
 240      98FB7C55 
 240      9513BFDE 
 240      80D3DF
 241 03b6 E80CF85D 		.ascii	"\350\014\370]NW\235\307\355\361y\275\365\201*\027\343"
 241      4E579DC7 
 241      EDF179BD 
 241      F5812A17 
 241      E3
 242 03c7 1E9FE2DD 		.ascii	"\036\237\342\335\372\221O\335\276\245\276\311\375B~"
 242      FA914FDD 
 242      BEA5BEC9 
 242      FD427E
 243 03d6 ACCFEB6F 		.ascii	"\254\317\353o\0148\337\332\\\263\251f\007&\271\274~"
 243      0C38DFDA 
ARM GAS  /tmp/ccmq9jig.s 			page 19


 243      5CB3A966 
 243      0726B9BC 
 243      7E
 244 03e7 F7FBDB37 		.ascii	"\367\373\3337z\252\352\330K\2710\367\216F\347\246\232"
 244      7AAAEAD8 
 244      4BB930F7 
 244      8E46E7A6 
 244      9A
 245 03f8 DA776B9D 		.ascii	"\332wk\235\333\032\\\365M\037\272\2352\314\345y\273"
 245      DB1A5CF5 
 245      4D1FBA9D 
 245      32CCE579 
 245      BB
 246 0409 A9C18591 		.ascii	"\251\301\205\221\317\345\027\314\205\324\005v\006\320"
 246      CFE517CC 
 246      85D40576 
 246      06D0
 247 0417 69ABA9DD 		.ascii	"i\253\251\335l\337\272%\340\366\371\267\275b/\337\300"
 247      6CDFBA25 
 247      E0F6F9B7 
 247      BD622FDF 
 247      C0
 248 0428 B89FE9C8 		.ascii	"\270\237\351\310\315\353\337\311\376\005\313\204\211"
 248      CDEBDFC9 
 248      FE05CB84 
 248      89
 249 0435 62       		.ascii	"b"
 250              		.text
 251              		.section	.gnu.lto_chPoolFreeI.43c390364f5eca26,"",%progbits
 252 0000 789C7591 		.ascii	"x\234u\221\337K\024Q\024\307\357\367\334\231]a\215\""
 252      DF4B1451 
 252      14C7EFF7 
 252      DC995D61 
 252      8D22
 253 0012 84642112 		.ascii	"\204d!\022\226\305@v\347_\350\275\377\242E\220h\331"
 253      96C54076 
 253      E75FE8BD 
 253      FFA24590 
 253      68D9
 254 0024 C1EDDD3B 		.ascii	"\301\355\335;\333\366\320C\"\333\213P\226KI?\2645\267"
 254      DBF6D043 
 254      22DB8B50 
 254      964B493F 
 254      B435B7
 255 0037 B4EC6990 		.ascii	"\264\354i\220\036\014\311\262 )\243\266X\241\036\004"
 255      1E0CC9B2 
 255      2029A3B6 
 255      58A11E04 
 256 0047 5737741E 		.ascii	"W7t\036d;g\266H\223.w8\367\034\316\367s\277\347\216"
 256      643B67B6 
 256      48932E77 
 256      38F71CCE 
 256      F773BFE7 
 257 005c 5687579C 		.ascii	"V\207W\234\277~R\252\217#\264\002\215,+\345u\020 \007"
 257      BF7E52AA 
 257      8F23B402 
 257      8D2C2BE5 
ARM GAS  /tmp/ccmq9jig.s 			page 20


 257      75102007 
 258 0070 05354418 		.ascii	"\0055D\030\302\017j\020F\374\311\321X\357\2041f\263"
 258      C20F6A10 
 258      46FCC9D1 
 258      58EF8431 
 258      66B3
 259 0082 BAD67DB9 		.ascii	"\272\326}\271;`\3316\2651\270\213^n\361V\256\\\352\324"
 259      3B60D936 
 259      B531B88B 
 259      5E6EF156 
 259      AE5CEAD4 
 260 0096 3D507C9E 		.ascii	"=P|\236\2574_\305\276S@\350\221\364yiq4\")Y\222~\275"
 260      AF345FC5 
 260      BE5340E8 
 260      91F47969 
 260      71342229 
 261 00ae B3308EE4 		.ascii	"\2630\216\344mc\012\376\313\2529c\005\244q\017\232y"
 261      6D630AFE 
 261      CBAA3963 
 261      05A4710F 
 261      9A79
 262 00c0 B88F381E 		.ascii	"\270\2178\036 \256\270\2440\211$w\017\227\337\324\242"
 262      20AEB8A4 
 262      30892477 
 262      0F97DFD4 
 262      A2
 263 00d1 3A1172DF 		.ascii	":\021r\337\015oNE\332\312\265\266\322\302\324\277JK"
 263      0D6F4E45 
 263      DACAB5B6 
 263      D2C2D4BF 
 263      4A4B
 264 00e3 E12192D2 		.ascii	"\341!\222\322\376\342\233\267\033\325\247Ci\363\346"
 264      FEE29BB7 
 264      1BD5A743 
 264      69F3E6
 265 00f2 F2DB58A2 		.ascii	"\362\333X\242\314\322\332\247\365\245N\263h\212\265"
 265      CCD2DAA7 
 265      F5A54EB3 
 265      688AB5
 266 0101 56EB5440 		.ascii	"V\353T@6*\007\011\355\305\222Fqo5\026)\362\320\3070"
 266      362A0709 
 266      EDC59246 
 266      716F3516 
 266      29F2D0C7 
 267 0116 8DC4DE9F 		.ascii	"\215\304\336\237\231\361\010\021p\234>\356\233Vk{\243"
 267      99F10811 
 267      709C3EEE 
 267      9B566B7B 
 267      A3
 268 0127 74D5A950 		.ascii	"t\325\251P\024\220k5\304\266\3056l\245\352\334-O\271"
 268      14906B35 
 268      C4B6C536 
 268      6CA5EADC 
 268      2D4FB9
 269 013a 4E2451BF 		.ascii	"N$Q\277G\301\237_:\021\352\031\270CP\037Q\230k4\027"
 269      47C19F5F 
 269      3A11EA19 
ARM GAS  /tmp/ccmq9jig.s 			page 21


 269      B843501F 
 269      51986B34 
 270 014f 6CA9ED90 		.ascii	"l\251\355\220\305\267~\251\277^\351\220\307\322\241"
 270      C5B77EA9 
 270      BF5EE990 
 270      C7D2A1
 271 015e 89D9DD5B 		.ascii	"\211\331\335[\033G\306p\035\001q\203\306\2148\344\372"
 271      1B47C670 
 271      1D017183 
 271      C68C38E4 
 271      FA
 272 016f 8DE6B50F 		.ascii	"\215\346\265\017GS}\342\277\2121l\205?\003\217\221\022"
 272      47537DE2 
 272      BF8A316C 
 272      853F038F 
 272      9112
 273 0181 64A9DC25 		.ascii	"d\251\334%\300\3754\373\000\3153\306\217\004\024e\013"
 273      C0FD34FB 
 273      00CD33C6 
 273      8F041465 
 273      0B
 274 0192 78729838 		.ascii	"xr\2308\033\022eF\314!\305\276B\350\314\317-\375\033"
 274      1B126546 
 274      CC21C5BE 
 274      42E8CCCF 
 274      2DFD1B
 275 01a5 BB9F63FF 		.ascii	"\273\237c\377\337\331\323\277\316\236\011\007\3523<"
 275      DFD9D3BF 
 275      CE9E0907 
 275      EA333C
 276 01b4 7FF5AC50 		.ascii	"\177\365\254P\244Z\347\012?\014w\234L\247\035\336\271"
 276      A45AE70A 
 276      3F0C779C 
 276      4CA71DDE 
 276      B9
 277 01c5 BC3378D1 		.ascii	"\2743x\321\311\017f\234\314@\266?\353\346r\027\362\351"
 277      C90F669C 
 277      CC40B63F 
 277      EBE67217 
 277      F2E9
 278 01d7 8CA2AC6B 		.ascii	"\214\242\254k\345\316\235w\265;\340\376\002\257z\342"
 278      E5CE9D77 
 278      B53BE0FE 
 278      02AF7AE2 
 279 01e7 84       		.ascii	"\204"
 280              		.text
 281              		.section	.gnu.lto_chPoolFree.43c390364f5eca26,"",%progbits
 282 0000 789C8D54 		.ascii	"x\234\215T\357O\223W\030\275\347\276?\312\257Eb\026"
 282      EF4F9357 
 282      18BDE7BE 
 282      3FCAAF45 
 282      6216
 283 0012 67888626 		.ascii	"g\210\206&\204\251\231\320}\363\323\334\026\023\023"
 283      84A999D0 
 283      7DF3D3DC 
 283      161313
 284 0021 3FF045FE 		.ascii	"?\360E\376\200Ek\0230\3246-\030\365\213o;\234\363\303"
ARM GAS  /tmp/ccmq9jig.s 			page 22


 284      80456B13 
 284      30D4362D 
 284      18F58B6F 
 284      3B9CF3C3 
 285 0035 0CC19981 		.ascii	"\014\301\231\201\212\322\210\331\034\242(\352\004\035"
 285      8AD288D9 
 285      1CA228EA 
 285      041D
 286 0043 56868AA0 		.ascii	"V\206\212\240\010\233q\033$\330![\266\014\023*0i\314"
 286      089B711B 
 286      24D8215B 
 286      B60C132A 
 286      3069CC
 287 0056 C69EE7B6 		.ascii	"\306\236\347\266`[j\266\246\315}\337\373<\347\334s\317"
 287      605B6AB6 
 287      A6CD7DDF 
 287      FB3CE7DC 
 287      73CF
 288 0068 BDA79A58 		.ascii	"\275\247\232X\372)\240\337>C\210\3534B\023\220u\203"
 288      FA29A0DF 
 288      3E4388EB 
 288      34421390 
 288      7583
 289 007a 4204B224 		.ascii	"B\004\262$\300\017\002b\277\304~\374!\243\022u\341\326"
 289      C00F0262 
 289      BFC47EFC 
 289      21A31275 
 289      E1D6
 290 008c 86DC3567 		.ascii	"\206\3345g,\313\232\252\217\256<\2602&\205\230\226q"
 290      2CCB9AAA 
 290      8FAE3CB0 
 290      32268598 
 290      9671
 291 009e 1A7C8935 		.ascii	"\032|\2115\324\022\030>\364q\236f\207\240\347\316\363"
 291      D412183E 
 291      F4719E66 
 291      87A0E7CE 
 291      F3
 292 00af 330F727F 		.ascii	"3\017r\177\2271\011;\277v\325\3675\230\374*u~\375\245"
 292      9731093B 
 292      BF76D5F7 
 292      3598FC2A 
 292      757EFDA5 
 293 00c3 A5A719C5 		.ascii	"\245\247\031\305\247-+\030\356\273d}\240\307\244\206"
 293      A72D2B18 
 293      EEBB647D 
 293      A0C7A486 
 294 00d3 AFA0111F 		.ascii	"\257\240\021\037\316\242\000_\243@\320\224@+\212\251"
 294      CEA2005F 
 294      A340D094 
 294      402B8AA9 
 295 00e3 FB706828 		.ascii	"\373ph(b\323\212\024\357\017\207\247\316\231q\344H\034"
 295      62D38A14 
 295      EF0F87A7 
 295      CE9971E4 
 295      481C
 296 00f5 A9E35C3A 		.ascii	"\251\343\\:R\027hC1\267Gk\377\3761\327\254%\325\371"
ARM GAS  /tmp/ccmq9jig.s 			page 23


 296      52176843 
 296      31B7476B 
 296      FFFE31D7 
 296      AC25D5F9 
 297 0109 71B5380F 		.ascii	"q\2658\017\0234^X\036\266\346\347O_\236\214\352\331"
 297      13345E58 
 297      1EB6E6E7 
 297      4F5F9E8C 
 297      EAD9
 298 011b 92208606 		.ascii	"\222 \206\006^M\207B\212\011\352e\013~\225\222G\355"
 298      5E4D8742 
 298      8A09EA65 
 298      0B7E9592 
 298      47ED
 299 012d 3182F9CC 		.ascii	"1\202\371\3147\335j}\256ik\225\224?\037\205\316\344"
 299      37DD6A7D 
 299      AE696B95 
 299      943F1F85 
 299      CEE4
 300 013f 148548CA 		.ascii	"\024\205H\312\324X\373\311\025\215Vs\260\2168\337GL"
 300      D458FBC9 
 300      158D5673 
 300      B08E38DF 
 300      474C
 301 0151 9AB890AA 		.ascii	"\232\270\220\252)\341S;\212x\367\237\315v\200\3150\355"
 301      29E1533B 
 301      8A78F79F 
 301      CD7680CD 
 301      30ED
 302 0163 0217A93A 		.ascii	"\002\027\251:\212\340\370\350'\2775\230)\212#\023\343"
 302      8AE0F8E8 
 302      27BF3598 
 302      298A2313 
 302      E3
 303 0174 507AA725 		.ascii	"Pz\247%R\367\022\371\347\340\230!p\211K2\255t#\364\036"
 303      52F712F9 
 303      E7E09821 
 303      70894B32 
 303      AD7423F4 
 304 0189 2F23D0C1 		.ascii	"/#\320\301U-\335\004\\\206IB\256\260\013\020'@\345'"
 304      552DDD04 
 304      5C864942 
 304      AEB00B10 
 304      2740E527 
 305 019d 937347B4 		.ascii	"\223sG\264\30264Y\015\366\230\2641\342\350\350\313@"
 305      C2363459 
 305      0DF698B4 
 305      31E2E8E8 
 305      CB40
 306 01af 8E4E1EE0 		.ascii	"\216N\036\340*\012\005\317\034;\360Ec\036\315\340\033"
 306      2A0A05CF 
 306      1C3BF045 
 306      631ECDE0 
 306      1B
 307 01c0 E84AB3C0 		.ascii	"\350J\263\3005\350T\350?\330\374\227^\330\236@gq\357"
 307      35E854E8 
 307      3FD8FC97 
ARM GAS  /tmp/ccmq9jig.s 			page 24


 307      5ED89E40 
 307      6771EF
 308 01d3 D0E49DAE 		.ascii	"\320\344\235\256l\205\356d4\272\240\213\005\003\317"
 308      6C85EE64 
 308      34BAA08B 
 308      0503CF
 309 01e2 0EC5066C 		.ascii	"\016\305\006lq\323\352\243?\345Y}Vmd~\2760\303\005H"
 309      71D3EAA3 
 309      3FE5597D 
 309      566D647E 
 309      BE30C305 
 310 01f7 58761D45 		.ascii	"Xv\035E/h\033\013\370\271\221\373\335\246\302[d\270"
 310      2F681B0B 
 310      F8B991FB 
 310      DDA6C25B 
 310      64B8
 311 0209 FC344C86 		.ascii	"\3744L\206g\270\003\011\360\015\006\253\305\303\235"
 311      67B80309 
 311      F00D06AB 
 311      C5C39D
 312 0218 036F11BC 		.ascii	"\003o\021\274w<0g\323\256A\031:sr\360\373\334%\\\006"
 312      773C3067 
 312      D3AE4119 
 312      3A7372F0 
 312      FBDC255C 
 313 022d BECDC495 		.ascii	"\276\315\304\225\342c\270q\020L\316\352\022G\244\247"
 313      E263B871 
 313      104CCEEA 
 313      1247A4A7 
 314 023d 398D6E2E 		.ascii	"9\215n.\335Tn\207\311\355\356\270\224\021\004\257Fg"
 314      DD546E87 
 314      C9EDEEB8 
 314      941104AF 
 314      4667
 315 024f 7A0C9E7B 		.ascii	"z\014\236{!9XO&\036\016g\361m\320\324\"W\346N={\243"
 315      2139584F 
 315      261E0E67 
 315      F16DD0D4 
 315      2257E64E 
 316 0266 09C70396 		.ascii	"\011\307\003\226\225\025\223\331\264w\334b\021T:1s\344"
 316      951593D9 
 316      B477DC62 
 316      11543A31 
 316      73E4
 317 0278 E76525EF 		.ascii	"\347e%\357\260\304\0364\3419;\314\013\340;\2240q}\350"
 317      B0C41E34 
 317      E1393BCC 
 317      0BE03B94 
 317      30717DE8 
 318 028c 4DA64DE6 		.ascii	"M\246M\34642p\346\220\016\364\246p\266\362\236L&\276"
 318      343270E6 
 318      900EF4A6 
 318      70B6F29E 
 318      4C26BE
 319 029f AD889120 		.ascii	"\255\210\221 \276\203\022\022\251\270/\316>\327\022"
 319      BE831212 
 319      A9B82FCE 
ARM GAS  /tmp/ccmq9jig.s 			page 25


 319      3ED712
 320 02ae ECFF2951 		.ascii	"\354\377)Q\321\031Lw7Eg\037\323\275\272\013\311\001"
 320      D1194C77 
 320      3745671F 
 320      D3BDBA0B 
 320      C901
 321 02c0 AA3BF5BF 		.ascii	"\252;\365\277\002tO\005hq{ln\377\353\003\324\362t!@"
 321      02744F05 
 321      68717B6C 
 321      6EFFEB03 
 321      D4F27421 
 322 02d5 C6921C0C 		.ascii	"\306\222\034\014\360\311\244\245\352\356,\245\352>\367"
 322      F0C9A4A5 
 322      EAEE2CA5 
 322      EA3EF7
 323 02e4 9BE9A96A 		.ascii	"\233\351\251j\333\310k\013<\310\234\252Au\316\017\223"
 323      DBC86B0B 
 323      3CC89CAA 
 323      4175CE0F 
 323      93
 324 02f5 52D5F22C 		.ascii	"R\325\362,\322e.\004\246_\005fH\005&=\035\303\224\216"
 324      D2652E04 
 324      A65F0566 
 324      4805263D 
 324      1DC3948E 
 325 0309 310422B7 		.ascii	"1\004\"\267\237f\263V\336\346\004\035\000\375\353P\317"
 325      9F66B356 
 325      DEE6041D 
 325      00FDEB50 
 325      CF
 326 031a EAD25207 		.ascii	"\352\322R\007}=~\207\257\332\341\3679\035\316\012\267"
 326      7D3D7E87 
 326      AFDAE1F7 
 326      391DCE0A 
 326      B7
 327 032b CBEDF578 		.ascii	"\313\355\365x\252\374\245N!\335^\335\263}\247\327\330"
 327      AAFCA54E 
 327      21DD5EDD 
 327      B37DA7D7 
 327      D8
 328 033c BDADAAC6 		.ascii	"\275\255\252\306\365vr\257\327\343\253\366;>\334Z\266"
 328      F57672AF 
 328      D7E3ABF6 
 328      3B3EDC5A 
 328      B6
 329 034d A96C0F81 		.ascii	"\251l\017\201\234\036\237\353\243\335\033\334\245\025"
 329      9C1E9FEB 
 329      A3DD1BDC 
 329      A515
 330 035b 62DD629B 		.ascii	"b\335b\233kO\265cSY\371\226rG\345.gU\315\016\227C\265"
 330      6B4FB563 
 330      5359F996 
 330      7247E52E 
 330      6755CD0E 
 331 0372 39DD9B6B 		.ascii	"9\335\233kv9\251sU2\341bK\205\177\257\237\212\371e\345"
 331      7639A973 
 331      5532E162 
ARM GAS  /tmp/ccmq9jig.s 			page 26


 331      4B857FAF 
 331      9F8AF965 
 332 0387 5BEDDBB7 		.ascii	"[\355\333\267\371]^_\345z{\361\273B\372\204\215\264"
 332      F95D5E5F 
 332      E57A7BF1 
 332      BB42FA84 
 332      8DB4
 333 0399 797C7B85 		.ascii	"y|{\205\346\255\360\376\013a\300!\375"
 333      E6ADF0FE 
 333      0B61C021 
 333      FD
 334              		.text
 335              		.section	.gnu.lto_.symbol_nodes.43c390364f5eca26,"",%progbits
 336 0000 789C55C8 		.ascii	"x\234U\310\273\015\200P\014\305P'/H\214LwW\240\240F"
 336      BB0D8050 
 336      0CC55027 
 336      2F488C4C 
 336      7757A0A0 
 337 0015 0CC17F00 		.ascii	"\014\301\177\000\350\230\204!\240\240 n,\235\0024|\371"
 337      E8988421 
 337      A0A0206E 
 337      2C9D0234 
 337      7CF9
 338 0027 6482F602 		.ascii	"d\202\366\002\211~\250\361\331d\011\026\223'XM%\301"
 338      897EA8F1 
 338      D9640916 
 338      9327584D 
 338      25C1
 339 0039 668A04BB 		.ascii	"f\212\004\273\251\372C8\343q;Q\350\316\367<7w\"n"
 339      A9FA4338 
 339      E3713B51 
 339      E8CEF73C 
 339      3777226E 
 340              		.text
 341              		.section	.gnu.lto_.refs.43c390364f5eca26,"",%progbits
 342 0000 789C6366 		.ascii	"x\234cf```d\200\002\000\000=\000\005"
 342      60606064 
 342      80020000 
 342      3D0005
 343              		.text
 344              		.section	.gnu.lto_.decls.43c390364f5eca26,"",%progbits
 345 0000 789C8D57 		.ascii	"x\234\215WkPTG\026\276}\357\014\314\014\003\343jJS\356"
 345      6B505447 
 345      16BE7DEF 
 345      0CCC0C03 
 345      E36A4A53 
 346 0015 A616B18A 		.ascii	"\246\026\261\212\322-e\\\263\233\304\255\255\215\306"
 346      D22D655C 
 346      B39BC4AD 
 346      AD8DC6
 347 0024 5A3756C5 		.ascii	"Z7V\305h\305\312\257\374\230\3400\011l\200q\2071\011"
 347      68C5CAAF 
 347      FC98E030 
 347      096C8071 
 347      873109
 348 0037 FB672F82 		.ascii	"\373g/\202\012>\0200\"\017\305A\236\202\350 \312*\240"
 348      0A3E1030 
ARM GAS  /tmp/ccmq9jig.s 			page 27


 348      220FC541 
 348      9E82E820 
 348      CA2AA0
 349 004a 8E4F5079 		.ascii	"\216OPy\030\037\021D\327\021\024q}\015>!\242\263\247"
 349      181F1144 
 349      D7111471 
 349      7D0D3E21 
 349      A2B3A7
 350 005d 4FDFCB5C 		.ascii	"O\337\313\\F\306\354\224\355\355\356{\372;\337wN\367"
 350      46C6EC94 
 350      EDEDEE7B 
 350      FA3BDF77 
 350      4EF7
 351 006f B98DC071 		.ascii	"\271\215\300q\\+\317q^\370=1p\\-\364\203an\0114\002"
 351      5C2BCF71 
 351      5EF83D31 
 351      705C2DF4 
 351      83616E09 
 352 0085 6D1FC77E 		.ascii	"m\037\307~A\320:\240]\202\326\005\255\033\232\033Z\017"
 352      41D03AA0 
 352      5D82D605 
 352      AD1B9A1B 
 352      5A0F
 353 0097 F7FA8FDA 		.ascii	"\367\372\217\332i$\2140hzh\247\241\325Hx\315\320\032"
 353      69248C30 
 353      687A68A7 
 353      A1D54878 
 353      CDD01A
 354 00aa A109D08E 		.ascii	"\241\011\320\216A;\001\355\244\344\257Cz\016\370a^\222"
 354      413B01ED 
 354      A4E4AF43 
 354      7A0EF861 
 354      5E92
 355 00bc B0FC3117 		.ascii	"\260\3741\027K\270\037K\230\203\320^B\343\001D\200\326"
 355      4BB81F4B 
 355      9883D05E 
 355      42E30144 
 355      80D6
 356 00ce 20F90359 		.ascii	" \371\003Y\\\223\344K+\341\251\011\343\257\201\247\016"
 356      5C93E44B 
 356      2BE1A909 
 356      E3AF81A7 
 356      0E
 357 00df DA38C234 		.ascii	"\3328\3024\215\207\347[\204\361\3705\031\315\243K\362"
 357      8D87E75B 
 357      84F1F835 
 357      19CDA34B 
 357      F2
 358 00f0 2D73582C 		.ascii	"-sX,\361\240\276\367J<\250\277\006I+\345\346\204\246"
 358      F1A0BEF7 
 358      4A3CA8BF 
 358      06492BE5 
 358      E684A6
 359 0103 92B43649 		.ascii	"\222\2646IZOH:\273\244g\204\237\037\032_\303/\370Qj"
 359      5A4F483A 
 359      BBA46784 
 359      9F1F1A5F 
ARM GAS  /tmp/ccmq9jig.s 			page 28


 359      C32FF851 
 360 0118 FD7F7D06 		.ascii	"\375\177}\006K\330J\315]\012\315\376?\032\217\261r\271"
 360      4BD84ACD 
 360      5D0ACDFE 
 360      3F1A8FB1 
 360      72B9
 361 012a 58E222FB 		.ascii	"X\342\"\373\345\025\276\210\264\216>\247\371a\322x\207"
 361      E515BE88 
 361      B48E3EA7 
 361      F961D278 
 361      87
 362 013b BC016F2C 		.ascii	"\274\001o,MJ\354`\356\3159\363\377\015\360\344\340\356"
 362      4D4AEC60 
 362      EECD39F3 
 362      FF0DF0E4 
 362      E0EE
 363 014d 276D21FD 		.ascii	"'m!\375<\011\323\205\323aCNK^\020\014\365:\025\0356"
 363      3C09D385 
 363      D361434E 
 363      4B5E100C 
 363      F53A151D 
 364 0162 95D7AA05 		.ascii	"\225\327\252\005\360\006\335\222\274\033\027u3\252D"
 364      F006DD92 
 364      BC1B1775 
 364      33AA44
 365 0171 514C175D 		.ascii	"QL\027]-\304\207\220R\336\270>\030\226|\254\303\341"
 365      2DC48790 
 365      52DEB83E 
 365      18967CAC 
 365      C3E1
 366 0183 F5C2A152 		.ascii	"\365\302\241R-\016\351\2511\300\024\337Q]wCOt\221\351"
 366      2D0EE9A9 
 366      31C014DF 
 366      515D7743 
 366      4F7491E9 
 367 0197 A2B852CC 		.ascii	"\242\270R\314J\025\265-a\034\251 \223I%\231\314\221"
 367      4A15B52D 
 367      611CA920 
 367      93492599 
 367      CC91
 368 01a9 DD24128C 		.ascii	"\335$\022\214I\025\231\301\221j\230\334\005\223\245"
 368      491599C1 
 368      916A98DC 
 368      0593A5
 369 01b8 E0C653D9 		.ascii	"\340\306S\331\331>I\024U\244\206\350\310N\"\240\005"
 369      D93E4914 
 369      55A486E8 
 369      C84E22A0 
 369      05
 370 01c9 C48DFA91 		.ascii	"\304\215\372\221\\\337\033*~\250WA\004\320\346\013\244"
 370      5CDF1B2A 
 370      7EA85741 
 370      04D0E60B 
 370      A4
 371 01da BCFA52CD 		.ascii	"\274\372R\315\220f\322f\000\240\256\306\251\310b\375"
 371      9066D266 
 371      00A0AEC6 
ARM GAS  /tmp/ccmq9jig.s 			page 29


 371      A9C862FD 
 372 01ea 882F8E38 		.ascii	"\210/\2168\311$\370\177\017Q1\000\327\235\332*\2550"
 372      C924F87F 
 372      0F513100 
 372      D79DDA2A 
 372      AD30
 373 01fc 1F0516E6 		.ascii	"\037\005\026\346\365m\324\351\327\3728Rc\305\322\275"
 373      F56DD4E9 
 373      D7FA3852 
 373      63C5D2BD 
 374 020c 442F5100 		.ascii	"D/Q\000I\3459\325u\241$R\317\210\246v\277E\211\356\003"
 374      49E539D5 
 374      75A12452 
 374      CF88A676 
 374      BF4589EE 
 375 0221 8B5A1F51 		.ascii	"\213Z\037QX\300\230\006\302$u \335\007K\327\003\017"
 375      58C09806 
 375      C2247520 
 375      DD074BD7 
 375      030F
 376 0233 E791EA0C 		.ascii	"\347\221\352\014-f\344KJ\353\371*O\206\0163\242\247"
 376      2D66E44B 
 376      4AEBF92A 
 376      4F860E33 
 376      A2A7
 377 0245 C39C8ABD 		.ascii	"\303\234\212\275n\275\360\017d\274\177\3301\254\026"
 377      6EBDF00F 
 377      64BC7FD8 
 377      31AC16
 378 0254 FE85FDCB 		.ascii	"\376\205\375\313\333s\034DXG\350@UUu\364\214\226L\320"
 378      DB731C44 
 378      5847E840 
 378      555575F4 
 378      8C964CD0 
 379 0268 4744664B 		.ascii	"GDfKq\230kWD\374\000pl \023\250[r\010(4\221\210\327"
 379      71986B57 
 379      44FC0070 
 379      6C2013A8 
 379      5B720828 
 380 0280 78D2F73E 		.ascii	"x\322\367>\355\215L\212\003\014<\325eE\357\344\213\216"
 380      ED8D4C8A 
 380      030C3CD5 
 380      6545EFE4 
 380      8B8E
 381 0292 6384CE92 		.ascii	"c\204\316\222\203\022\326\010\3704j\377;\370\017\223"
 381      8312D608 
 381      F8346AFF 
 381      3BF80F93 
 382 02a2 E81E9CA5 		.ascii	"\350\036\234\245\241\3579I\243o\333\210\265\255\373"
 382      A1EF3949 
 382      A36FDB88 
 382      B5ADFB
 383 02b1 79613F12 		.ascii	"ya?\022&\236\335\207_\020\341\020\0334\212\273\376$"
 383      269EDD87 
 383      5F10E110 
 383      1B348ABB 
 383      FE24
ARM GAS  /tmp/ccmq9jig.s 			page 30


 384 02c3 B4B27EE9 		.ascii	"\264\262~\351\346\334]jT\257\201\241\372\314\206\322"
 384      E6DC5D6A 
 384      54AF81A1 
 384      FACC86D2 
 385 02d3 0A038998 		.ascii	"\012\003\211\230\020\021\021I\271\2703\216\267\353\305"
 385      10111149 
 385      B9B8338E 
 385      B7EBC5
 386 02e2 9659C8E4 		.ascii	"\226Y\310\344009>6\023\026\005\021\243\260\037^\327"
 386      3030393E 
 386      36131605 
 386      11A3B01F 
 386      5ED7
 387 02f4 A3A8E352 		.ascii	"\243\250\343R\010NA\010\216\221\010r\002\332I)\024\210"
 387      084E4108 
 387      8E910872 
 387      02DA4929 
 387      1488
 388 0306 BEB684A1 		.ascii	"\276\266\204\241\323\315udL\364\012\012\204\306\216"
 388      D3CD7564 
 388      4CF40A0A 
 388      84C68E
 389 0315 F5254160 		.ascii	"\365%A`J\267\200\313\337\364(\031\035\223\364\222 \221"
 389      4AB780CB 
 389      DFF42819 
 389      1D93F492 
 389      2091
 390 0327 5093D7A2 		.ascii	"P\223\327\242\302\037;\365\254AO&D\216\305\230\264\000"
 390      C21F3BF5 
 390      AC414F26 
 390      448EC598 
 390      B400
 391 0339 D1379146 		.ascii	"\3217\221F\360L\263\2064\203\321\277}\033\221z\222\303"
 391      F04CB386 
 391      3483D1BF 
 391      7D1B917A 
 391      92C3
 392 034b EE7CF8EC 		.ascii	"\356|\370\354\276~\324.o\036\225\351\323,\323`\271\357"
 392      BE7ED42E 
 392      6F1E95E9 
 392      D32CD360 
 392      B9EF
 393 035d 605E8D01 		.ascii	"`^\215\001\017\027\025\305\016\327\323\206\376\253!"
 393      0F1715C5 
 393      0ED7D386 
 393      FEAB21
 394 036c 2307EE0C 		.ascii	"#\007\356\014\301\311\366>\347U\015N\302br\226M\272"
 394      C1C9F63E 
 394      E7550D4E 
 394      C2627296 
 394      4DBA
 395 037e DC8E3DA1 		.ascii	"\334\216=\241\312c\270d\242\302K\033\036\303V\371\030"
 395      CA63B864 
 395      A2C24B1B 
 395      1EC356F9 
 395      18
 396 038f 6E39DB93 		.ascii	"n9\333\223k\020:Y\312\267^(J\023\302\213D\207\323\323"
ARM GAS  /tmp/ccmq9jig.s 			page 31


 396      6B103A59 
 396      CAB75E28 
 396      4A13C28B 
 396      4487D3D3 
 397 03a3 75BB6F16 		.ascii	"u\273o\026l\265\225\342+\257\227\340*\322>\"\213\243"
 397      6CB595E2 
 397      2BAF97E0 
 397      2AD23E22 
 397      8BA3
 398 03b5 7D94453A 		.ascii	"}\224E:Hx\200jP\263\343\307*6\007e\340\034\243V\236"
 398      4878806A 
 398      50B3E3C7 
 398      2A360765 
 398      E01CA356 
 399 03ca 77DAAD1F 		.ascii	"w\332\255\037\341\373#\233\034p\236\313\014\314\367"
 399      E1FB239B 
 399      1C709ECB 
 399      0CCCF7
 400 03d9 02F23D2F 		.ascii	"\002\362=/\363\0257\024\036\346\2055\2540\246\355\270"
 400      F3153714 
 400      1EE68535 
 400      AC30A6ED 
 400      B8
 401 03ea 3A13E93A 		.ascii	":\023\351:N\303\026\020]^\357\207\324\236\\T0\275(3"
 401      4EC31610 
 401      5D5EEF87 
 401      D49E5C54 
 401      30BD2833 
 402 03fe BD844C87 		.ascii	"\275\204L\207~\252o7\2140`L\273Wm\3523\004\254[\227"
 402      7EAA6F37 
 402      8C30604C 
 402      BB576DEA 
 402      3304AC5B 
 403 0413 91C04F32 		.ascii	"\221\300O2\201+;j\177/la\376\033[wvk\201\200\333\351"
 403      812B3B6A 
 403      7F2F6C61 
 403      FE1B5B77 
 403      766B8180 
 404 0429 1EECB5B8 		.ascii	"\036\354\265\270\322\304a\2577U\203KH\247\202C\247\314"
 404      D2C461AF 
 404      3755834B 
 404      48A78243 
 404      A7CC
 405 043b A10B39DC 		.ascii	"\241\0139\334\255\357y\031&\2242\214\372\216g\365!L"
 405      ADEF7919 
 405      2694328C 
 405      FA8E67F5 
 405      214C
 406 044d 444D992C 		.ascii	"DM\231,\202\002\\Q\000\\\221\001\272\021\340X\307\201"
 406      82025C51 
 406      005C9101 
 406      BA11E058 
 406      C781
 407 045f 5C228796 		.ascii	"\\\"\207\226ih\273\265\261\335\027\331\253,\262\365"
 407      6968BBB5 
 407      B1DD17D9 
 407      AB2CB2F5 
ARM GAS  /tmp/ccmq9jig.s 			page 32


 408 046f 7D9D839A 		.ascii	"}\235\203\232\200\221\375\017\012\273&\013{\272\277"
 408      8091FD0F 
 408      0ABB260B 
 408      7BBABF
 409 047e EA078DE0 		.ascii	"\352\007\215\340d\254\332\252\036\244\0073e\335'\025"
 409      64ACDAAA 
 409      1EA40733 
 409      65DD2715 
 410 048e CA600DB9 		.ascii	"\312`\015\271\256 v]&\346Fb\315\333^\346\033\204&\206"
 410      AE20765D 
 410      26E64662 
 410      CDDB5EE6 
 410      1B842686 
 411 04a2 B1A5B8CC 		.ascii	"\261\245\270\314E\020\303\221Q\301\224\035\201\303G"
 411      4510C391 
 411      51C1941D 
 411      81C347
 412 04b1 216E2820 		.ascii	"!n( n\310\020=\010\321R\275\355K\241\031\021T\275[\235"
 412      6EC8103D 
 412      08D152BD 
 412      ED4BA119 
 412      1154BD5B 
 413 04c6 F5061239 		.ascii	"\365\006\0229y\262\256\024?~s\311m\330^\275\322\002"
 413      79B2AE14 
 413      3F7E73C9 
 413      6DD85EBD 
 413      D202
 414 04d8 F6CB83F9 		.ascii	"\366\313\203\371\301\017\351\013\350j\360\211\037;O"
 414      C10FE90B 
 414      E86AF089 
 414      1F3B4F
 415 04e7 8E28BCCD 		.ascii	"\216(\274\315\221\031\223\311t8\2777\341\314\322W\034"
 415      911993C9 
 415      7438BF37 
 415      E1CCD257 
 415      1C
 416 04f8 E903FDB7 		.ascii	"\351\003\375\267@?\270\352\3314\220\241\326I\326\351"
 416      403FB8EA 
 416      D93490A1 
 416      D649D6E9 
 417 0508 BF64BDEF 		.ascii	"\277d\275\357H\335#=~\034\322Q\336`\317\2436\001\353"
 417      48DD233D 
 417      7E1CD251 
 417      DE60CFA3 
 417      3601EB
 418 051b E3AFE8F0 		.ascii	"\343\257\350\360l\317\340c=\016\307\321\341\305\236"
 418      6CCFE063 
 418      3D0EC7D1 
 418      E1C59E
 419 052a CCE2308A 		.ascii	"\314\3420\212-\312\207]\257S\304\376\036\242O\233L\356"
 419      2DCA875D 
 419      AF53C4FE 
 419      1EA24F9B 
 419      4CEE
 420 053c 32F09562 		.ascii	"2\360\225b\333\260j|\226Tz\302\011\012\275\003\346\377"
 420      DBB06A7C 
 420      96547AC2 
ARM GAS  /tmp/ccmq9jig.s 			page 33


 420      090ABD03 
 420      E6FF
 421 054e 45F3FB64 		.ascii	"E\363\373d\274\274\210Z\037*\350\274\032\242\264\356"
 421      BCBC885A 
 421      1F2AE8BC 
 421      1AA2B4EE 
 422 055e 7F93F5AD 		.ascii	"\177\223\365\255\234\315\036AheI\031\036\032.\010\026"
 422      9CCD1E41 
 422      68654919 
 422      1E1A2E08 
 422      16
 423 056f 2EB1C1B3 		.ascii	".\261\301\263\236^\257aj\261x\316\341\336\326\2336\327"
 423      9E5EAF61 
 423      6AB178CE 
 423      E1DED69B 
 423      36D7
 424 0581 95E2C0E3 		.ascii	"\225\342\300\343N\036\220\361\344!\244\010\016\267\002"
 424      4E1E90F1 
 424      E421A408 
 424      0EB702
 425 0590 D643E34E 		.ascii	"\326C\343N\312\011\317\221\0012\025\226\0379<xJ'\364"
 425      CA09CF91 
 425      01321596 
 425      1F393C78 
 425      4A27F4
 426 05a3 32ACF5E9 		.ascii	"2\254\365\351\356\323:\341\036\033\310\027\223)\243"
 426      EED33AE1 
 426      1E1BC817 
 426      9329A3
 427 05b2 2F26537C 		.ascii	"/&S|\027\223\226>\261$\214Dbb=\017\253{>\206\017%y\016"
 427      1793963E 
 427      B1248C44 
 427      62623D0F 
 427      AB7B3E86 
 428 05ca 321EFB8A 		.ascii	"2\036\373\212\347\024\351\2721\366\345\345\031$i\212"
 428      E714E9BA 
 428      31F6E5E5 
 428      1924698A 
 429 05da 74797902 		.ascii	"tyy\002\223O1\222\374\311\341\303i\352\2007\236\241"
 429      934F3192 
 429      FCC9E1C3 
 429      69EA8037 
 429      9EA1
 430 05ec 31162185 		.ascii	"1\026!\205\266\0159\023\351Eb\020(<\362QxN$\016\364"
 430      B60D3913 
 430      E9456210 
 430      283CF251 
 430      784E240E 
 431 0601 8522CB61 		.ascii	"\205\"\313a,\313\005\227o=a{\200\247\303\265\353j\275"
 431      2CCB0597 
 431      6F3D617B 
 431      80A7C3B5 
 431      EB6ABD
 432 0614 C181933E 		.ascii	"\301\201\223>,'}:\346\274\250?\267@+e\321!\347\374g"
 432      2C277D3A 
 432      E6BCA83F 
 432      B7402B65 
ARM GAS  /tmp/ccmq9jig.s 			page 34


 432      D121E7FC 
 433 0629 B07E81D6 		.ascii	"\260~\201\326/1\213\270\006\0074\254\256\232\013\301"
 433      2F318BB8 
 433      060734AC 
 433      AE9A0BC1 
 434 0639 E8FD03BC 		.ascii	"\350\375\003\274\237\224\270\357\022\364\036\214\367"
 434      9F94B8EF 
 434      12F41E8C 
 434      F7
 435 0646 9355070E 		.ascii	"\223U\007\016\204\3410\010\277\337\245\236\334\320\300"
 435      84E13008 
 435      BFDFA59E 
 435      DCD0C0
 436 0655 64527889 		.ascii	"dRx\211\214\310#\233\373\251wk\202\374w\340+0\367\242"
 436      8CC8239B 
 436      FBA9776B 
 436      82FC77E0 
 436      2B30F7A2 
 437 0669 F94A7EBC 		.ascii	"\371J~\274\274\010\007\260bw\373\363OG}\316\350U\300"
 437      BC0807B0 
 437      6277FBF3 
 437      4F477DCE 
 437      E855C0
 438 067c E72095C7 		.ascii	"\347 \225\307\317\031}\202\361\231\3663\213\204\026"
 438      CF197D82 
 438      F199F633 
 438      8B8416
 439 068b 0177C7B9 		.ascii	"\001w\307\271\313\255Oy(\014.\207\263\272\254\234\214"
 439      CBAD4F79 
 439      280C2E87 
 439      B3BAAC9C 
 439      8C
 440 069c 7C663EC2 		.ascii	"|f>\302\332\220\306\373j\003\364Y\364W\361\26464\276"
 440      DA90C6FB 
 440      6A03F459 
 440      F457F1B4 
 440      3634BE
 441 06af E8B9A80A 		.ascii	"\350\271\250\012X\317V\363\264\236}!\225\263\243\005"
 441      58CF56F3 
 441      B49E7D21 
 441      95B3A305 
 442 06bf 155BB4C2 		.ascii	"\025[\264\302y\346\261\362\252\367\032\375\260\271\234"
 442      79E6B1F2 
 442      AAF71AFD 
 442      B0B99C
 443 06ce CEA68E07 		.ascii	"\316\246\216\007\274\302#,\"k\024\036\327\310\036\323"
 443      BCC2232C 
 443      226B141E 
 443      D7C81ED3 
 444 06de D1E3CD8B 		.ascii	"\321\343\315\213\003\242N\030b(\345\367\233\372\265"
 444      03A24E18 
 444      6228E5F7 
 444      9BFAB5
 445 06ed 0C655DAD 		.ascii	"\014e]\255\373\317~(\031\012\224\014\031e-\242\244\327"
 445      FBCF7E28 
 445      190A940C 
 445      19652DA2 
ARM GAS  /tmp/ccmq9jig.s 			page 35


 445      A4D7
 446 06ff 389BB458 		.ascii	"8\233\264X\234\007G>\217\335u\257\036\030\002jY\217"
 446      9C07473E 
 446      8FDD75AF 
 446      1E18026A 
 446      598F
 447 0711 5AD6F192 		.ascii	"Z\326\361\222\230W\356\215\242V\250R!\215\342;]\033"
 447      9857EE8D 
 447      A256A852 
 447      218DE23B 
 447      5D1B
 448 0723 75C20136 		.ascii	"u\302\0016\270\337\374\252N\015\320$\023]\302L\352&"
 448      B8DFFCAA 
 448      4E0DD024 
 448      135DC24C 
 448      EA26
 449 0735 D713822C 		.ascii	"\327\023\202,=\231u\225\013\262\367\254\026\261\366"
 449      3D997595 
 449      0BB2F7AC 
 449      16B1F6
 450 0744 92EDAE2C 		.ascii	"\222\355\256,\025\005&\033d\246d#8\240CF6\013\311\326"
 450      1505261B 
 450      64A66423 
 450      38A04346 
 450      360BC9D6 
 451 0758 5FC9CED7 		.ascii	"_\311\316\327\013\036\006\377\252>\367g\236\2015u<^"
 451      0B1E06FF 
 451      AA3EF767 
 451      9E813575 
 451      3C5E
 452 076a 96932A96 		.ascii	"\226\223*\226\212n\257\367\267\016\015j\316Vh\316\226"
 452      8A6EAFF7 
 452      B70E0D6A 
 452      CE5668CE 
 452      96
 453 077b 617210A6 		.ascii	"ar\020\246\350\334\265;*aX\202I=w]-G\316\361\027\277"
 453      E8DCB53B 
 453      2A615882 
 453      493D775D 
 453      2D47CEF1 
 454 0791 C86D52A0 		.ascii	"\310mR\240l\222Q~@\224\315M[s\330\215\\D\240N\367\312"
 454      6C92517E 
 454      4094CD4D 
 454      5B73D88D 
 454      5C44A04E 
 455 07a7 3321B8C7 		.ascii	"3!\270\307i\025!\327:Wn\017\012\274\307\267\310{<\227"
 455      691521D7 
 455      3A576E0F 
 455      0ABCC7B7 
 455      C87B3C97 
 456 07bb EDF1E375 		.ascii	"\355\361\343u\347\037h\374\367\370f\236Ua\216\344\341"
 456      E71F68FC 
 456      F7F8669E 
 456      55618EE4 
 456      E1
 457 07cc 1EC74558 		.ascii	"\036\307EX"
 458 07d0 D12E37A4 		.ascii	"\321.7\244\252\374\253l@\353VO\337C\265\220\256f)\312"
ARM GAS  /tmp/ccmq9jig.s 			page 36


 458      AAFCAB6C 
 458      40EB564F 
 458      DF43B590 
 458      AE6629CA 
 459 07e4 CE9F8875 		.ascii	"\316\237\210u\025\356Q\217\336N\311r\003\002\375\256"
 459      15EE518F 
 459      DE4EC972 
 459      0302FDAE 
 460 07f4 937C9E55 		.ascii	"\223|\236UV\270\214(\240\012\370\221\312Z\310\323\312"
 460      56B88C28 
 460      A00AF891 
 460      CA5AC8D3 
 460      CA
 461 0805 5A98753E 		.ascii	"Z\230u>\237\225\231X\374ck\257\343\224\006U\207\342"
 461      9F959958 
 461      FC636BAF 
 461      E3940655 
 461      87E2
 462 0817 B97F54FD 		.ascii	"\271\177T\375B\025Xu\221\254\272\236}[Z7\236\354\324"
 462      42155875 
 462      91ACBA9E 
 462      7D5B5A37 
 462      9EECD4
 463 082a FBABDE0A 		.ascii	"\373\253\336\012\316\267\361\324|;\352(\222uT\367\357"
 463      CEB7F1D4 
 463      7C3BEA28 
 463      927554F7 
 463      EF
 464 083b DFC3FBAB 		.ascii	"\337\303\373\253\016h}!\245sU\250\220\313T{3\017l\016"
 464      0E687D21 
 464      A57355A8 
 464      90CB547B 
 464      330F6C0E 
 465 084f 46D98EE1 		.ascii	"F\331\216\341\022Q\225'\246\321\255B\034\222f\270\374"
 465      12519527 
 465      A6D1AD42 
 465      1C9266B8 
 465      FC
 466 0860 28808A7D 		.ascii	"(\200\212}\232w\240\346\333Y\225{\330\0074\004\377\034"
 466      9A77A0E6 
 466      DB59957B 
 466      D8073404 
 466      FF1C
 467 0872 1E287A53 		.ascii	"\036(zS\371*\225E\226\260\3246_J9\245\365\027\351\373"
 467      F92A9545 
 467      96B0D436 
 467      5F4A39A5 
 467      F517E9FB 
 468 0886 83A30C69 		.ascii	"\203\243\014i\227\312\264\313\317?\333\256\366\027\031"
 468      97CAB4CB 
 468      CF3FDBAE 
 468      F61719
 469 0895 D07AE796 		.ascii	"\320z\347\226\255\027\364B)\023y\363naf(\023y\275\314"
 469      AD17F442 
 469      291379F3 
 469      6E616628 
 469      1379BDCC 
ARM GAS  /tmp/ccmq9jig.s 			page 37


 470 08a9 27B25C12 		.ascii	"'\262\\\022\011\367 \005P\205Od%?\225\013J\212\373\247"
 470      09F72005 
 470      50854F64 
 470      253F950B 
 470      4A8AFBA7 
 471 08bd C5640FFA 		.ascii	"\305d\017\372\333\247\237\207\317\347f\033W$\331\214"
 471      DBA79F87 
 471      CFE7661B 
 471      5724D98C 
 472 08cd F171CB8C 		.ascii	"\361q\313\214_\233\315\306h[\302\314Dk\242e\246%zY\234"
 472      5F9BCDC6 
 472      685BC2CC 
 472      446BA265 
 472      A6257A59 
 473 08e2 F10F5173 		.ascii	"\361\017Qs\242\3365\306%\232\343W\304X\214I\366\230"
 473      A2DE35C6 
 473      259AE357 
 473      C4588C49 
 473      F698
 474 08f4 18CB5751 		.ascii	"\030\313WQ\261\234>\301\222\360\265\305\376\325\212"
 474      B19C3EC1 
 474      92F0B5C5 
 474      FED58A
 475 0903 44B3C91E 		.ascii	"D\263\311\036\036\025e\204\177\326$\243\315>bj\216\005"
 475      1E156584 
 475      7FD624A3 
 475      CD3E626A 
 475      8E05
 476 0915 13B3D566 		.ascii	"\023\263\325f\001\353P\350Zm\311\246\345Vk\274\311\036"
 476      01EB50E8 
 476      5A6DC9A6 
 476      E5566BBC 
 476      C91E
 477 0927 828F584B 		.ascii	"\202\217XKt\214\305\026\274<\326\224h\371\336>% \004"
 477      748CC516 
 477      BC3CD694 
 477      68F9DE3E 
 477      252004
 478 093a 354E028C 		.ascii	"5N\002\214\340\204\345h\031\006O\353\262\277[\314v\023"
 478      E084E568 
 478      19064FEB 
 478      B2BF5BCC 
 478      7613
 479 094c 151102C3 		.ascii	"\025\021\002\303\3456\353\267q\0006\316\034\273\004"
 479      E536EBB7 
 479      710036CE 
 479      1CBB04
 480 095b AC17E3DB 		.ascii	"\254\027\343\333\205\211q\366w\224\250I6\263\022\321"
 480      858971F6 
 480      7794A849 
 480      36B312D1 
 481 096b CC1998F9 		.ascii	"\314\031\230\371'\326\350\230y6[t\262\236\215\347\305"
 481      27D6E898 
 481      79365B74 
 481      B29E8DE7 
 481      C5
 482 097c C75BCD0B 		.ascii	"\307[\315\013C\024\003\251\277\300f\261,\324\371\372"
ARM GAS  /tmp/ccmq9jig.s 			page 38


 482      431403A9 
 482      BFC066B1 
 482      2CD4F9FA 
 483 098c 2A736CB4 		.ascii	"*sl\264Mc2a\020L\241r'\352\217s\336{O\263\".\321\376"
 483      4D633261 
 483      104CA172 
 483      27EA8F73 
 483      DE7B4FB3 
 484 09a4 EE6C935D 		.ascii	"\356l\223]g2\311\335\231\030fY\\\242\345;\032\361\204"
 484      6732C9DD 
 484      99186659 
 484      5CA2E53B 
 484      1AF184
 485 09b7 68736C5C 		.ascii	"hsl\\\242\305h\202\270F\257\210\267\233\354\311\313"
 485      A2C56882 
 485      B846AF88 
 485      B79BECC9 
 485      CB
 486 09c8 2D546FC4 		.ascii	"-To\304X\326I\311IF\023$\001\020\301D+q\214\211\201"
 486      58D649C9 
 486      49461324 
 486      0110C144 
 486      2B718C89 
 487 09dd DED2E4A4 		.ascii	"\336\322\344\244O\254\346o~3v a!]\260\334j\263\233@"
 487      4FACE66F 
 487      7E337620 
 487      61215DB0 
 487      DC6AB39B 
 488 09f2 D137914A 		.ascii	"\3217\221J3:\233d\234\367\331\242\371\213\276\007[\232"
 488      333A9B64 
 488      9CF7D9A2 
 488      F98BBE07 
 488      5B9A
 489 0a04 34D3B7EF 		.ascii	"4\323\267\357'\320\304\231LI\026\273\351\243yK\377\272"
 489      27D0C499 
 489      4C4916BB 
 489      E9A3794B 
 489      FFBA
 490 0a16 E4B385A1 		.ascii	"\344\263\205\241\321\361\337E''\231\342\022\343\201"
 490      D1F1DF45 
 490      272799E2 
 490      12E381
 491 0a25 F2F41108 		.ascii	"\362\364\021\010\310\212q\376\242\245\013\227\372\034"
 491      C88A71FE 
 491      A2A50B97 
 491      FA1C
 492 0a33 520873C2 		.ascii	"R\010s\302\002\010\010\240\204 \273\317\023\251\343"
 492      020808A0 
 492      8420BBCF 
 492      13A9E3
 493 0a42 10A4B002 		.ascii	"\020\244\260\002\373\312\220\275?[9\372`\226r4g\326"
 493      FBCA90BD 
 493      3F5B39FA 
 493      60967234 
 493      67D6
 494 0a54 FF008DE7 		.ascii	"\377\000\215\347\375\272"
 494      FDBA
ARM GAS  /tmp/ccmq9jig.s 			page 39


 495              		.text
 496              		.section	.gnu.lto_.symtab.43c390364f5eca26,"",%progbits
 497 0000 6368506F 		.ascii	"chPoolObjectInit\000\000\000\000\000\000\000\000\000"
 497      6F6C4F62 
 497      6A656374 
 497      496E6974 
 497      00000000 
 498 0019 000000CF 		.ascii	"\000\000\000\317\000\000\000chPoolLoadArray\000\000"
 498      00000063 
 498      68506F6F 
 498      6C4C6F61 
 498      64417272 
 499 0031 00000000 		.ascii	"\000\000\000\000\000\000\000\000\000\000\325\000\000"
 499      00000000 
 499      0000D500 
 499      00
 500 003e 00636850 		.ascii	"\000chPoolAllocI\000\000\000\000\000\000\000\000\000"
 500      6F6F6C41 
 500      6C6C6F63 
 500      49000000 
 500      00000000 
 501 0054 000000D9 		.ascii	"\000\000\000\331\000\000\000chPoolAlloc\000\000\000"
 501      00000063 
 501      68506F6F 
 501      6C416C6C 
 501      6F630000 
 502 0069 00000000 		.ascii	"\000\000\000\000\000\000\000\000\000\333\000\000\000"
 502      00000000 
 502      00DB0000 
 502      00
 503 0076 6368506F 		.ascii	"chPoolFreeI\000\000\000\000\000\000\000\000\000\000"
 503      6F6C4672 
 503      65654900 
 503      00000000 
 503      00000000 
 504 008b 0000E000 		.ascii	"\000\000\340\000\000\000chPoolFree\000\000\000\000\000"
 504      00006368 
 504      506F6F6C 
 504      46726565 
 504      00000000 
 505 00a0 00000000 		.ascii	"\000\000\000\000\000\000\000\342\000\000\000"
 505      000000E2 
 505      000000
 506              		.text
 507              		.section	.gnu.lto_.opts,"",%progbits
 508 0000 272D666E 		.ascii	"'-fno-trapv' '-mcpu=cortex-m3' '-mno-thumb-interwor"
 508      6F2D7472 
 508      61707627 
 508      20272D6D 
 508      6370753D 
 509 0033 6B272027 		.ascii	"k' '-mthumb' '-ggdb' '-O2' '-fomit-frame-pointer' '"
 509      2D6D7468 
 509      756D6227 
 509      20272D67 
 509      67646227 
 510 0066 2D66616C 		.ascii	"-falign-functions=16' '-ffunction-sections' '-fdata"
 510      69676E2D 
ARM GAS  /tmp/ccmq9jig.s 			page 40


 510      66756E63 
 510      74696F6E 
 510      733D3136 
 511 0099 2D736563 		.ascii	"-sections' '-fno-common' '-flto'\000"
 511      74696F6E 
 511      73272027 
 511      2D666E6F 
 511      2D636F6D 
 512              		.text
 513              		.comm	__gnu_lto_v1,1,1
 514              		.comm	__gnu_lto_slim,1,1
 515              		.ident	"GCC: (15:4.9.3+svn231177-1) 4.9.3 20150529 (prerelease)"
ARM GAS  /tmp/ccmq9jig.s 			page 41


DEFINED SYMBOLS
                            *ABS*:0000000000000000 chmempools.c
                            *COM*:0000000000000001 __gnu_lto_v1
                            *COM*:0000000000000001 __gnu_lto_slim

NO UNDEFINED SYMBOLS
