ARM GAS  /tmp/cc0rut6J.s 			page 1


   1              		.syntax unified
   2              		.cpu cortex-m3
   3              		.fpu softvfp
   4              		.eabi_attribute 20, 1
   5              		.eabi_attribute 21, 1
   6              		.eabi_attribute 23, 3
   7              		.eabi_attribute 24, 1
   8              		.eabi_attribute 25, 1
   9              		.eabi_attribute 26, 1
  10              		.eabi_attribute 30, 2
  11              		.eabi_attribute 34, 1
  12              		.eabi_attribute 18, 4
  13              		.thumb
  14              		.file	"chmsg.c"
  15              		.text
  16              	.Ltext0:
  17              		.section	.gnu.lto_.profile.6ff2a6ae7b859d2b,"",%progbits
  18 0000 789C6366 		.ascii	"x\234cf```a\200\000F\006\177\015\000\001:\000\200"
  18      60606061 
  18      80004606 
  18      7F0D0001 
  18      3A0080
  19              		.text
  20              		.section	.gnu.lto_.jmpfuncs.6ff2a6ae7b859d2b,"",%progbits
  21 0000 789C6366 		.ascii	"x\234cf\300\016\002\24043\003\023##s}=#\323G&\306\357"
  21      C00E02A0 
  21      34330313 
  21      2323737D 
  21      3D23D347 
  22 0017 AD1F3AB9 		.ascii	"\255\037:\271^0\375db\340a`\\\316(\305\300\310\\\016"
  22      5E30FD64 
  22      62E06160 
  22      5CCE28C5 
  22      C0C85C0E 
  23 002b 54C3C4C0 		.ascii	"T\303\304\300\000\226\336\270\360\366wf\2604\037\003"
  23      0096DEB8 
  23      F0F67766 
  23      B0341F03 
  24 003b E30AA034 		.ascii	"\343\012\24043H/##\023X\025s9#\220\004\000\015z\020"
  24      33482F23 
  24      23135815 
  24      73392390 
  24      04000D7A 
  25 0050 5B       		.ascii	"["
  26              		.text
  27              		.section	.gnu.lto_.inline.6ff2a6ae7b859d2b,"",%progbits
  28 0000 789C6366 		.ascii	"x\234cf\300\016b\24143\003\203\250,##\003#\003\003\223"
  28      C00E62A1 
  28      34330383 
  28      A82C2323 
  28      03230303 
  29 0015 E48AC38C 		.ascii	"\344\212\303\214\014\2347\314\230@\022L\334\014@A09"
  29      0C9C37CC 
  29      9840124C 
  29      DC0C4041 
  29      3039
  30 0027 C18F8941 		.ascii	"\301\217\211A\220\037\310\2218\260\233\221\201m\201"
ARM GAS  /tmp/cc0rut6J.s 			page 2


  30      901FC891 
  30      38B09B91 
  30      816D81
  31 0036 3C920266 		.ascii	"<\222\002f\006\016\001\240\014\313\002y\270\0043\017"
  31      060E01A0 
  31      0CCB0279 
  31      B804330F 
  32 0046 507282DF 		.ascii	"Pr\202\337\004?\006\000\330\213\0126"
  32      043F0600 
  32      D88B0A36 
  33              		.text
  34              		.section	.gnu.lto_.pureconst.6ff2a6ae7b859d2b,"",%progbits
  35 0000 789C6366 		.ascii	"x\234cf```g\200\000f\006+&+f+\000\002\342\000\301"
  35      60606067 
  35      80006606 
  35      2B262B66 
  35      2B0002E2 
  36              		.text
  37              		.section	.gnu.lto_chMsgSend.6ff2a6ae7b859d2b,"",%progbits
  38 0000 789C9555 		.ascii	"x\234\225UkLTW\020>s\316\335\313\002\013K\255m\014j"
  38      6B4C5457 
  38      103E73CE 
  38      DDCB020B 
  38      4BAD6D0C 
  39 0015 2125688D 		.ascii	"!%h\215\205m\332\037m\322\326\2661i\332&\374\321\244"
  39      856DDA1F 
  39      6DD2D6B6 
  39      3169DA26 
  39      FCD1A4
  40 0028 3F9A268D 		.ascii	"?\232&\215]7\305D\004w\321\350\017\343]\\\265MCK\264"
  40      5D37C544 
  40      0477D1E8 
  40      0FE35D5C 
  40      B54D434B 
  41 003d AD0A3E20 		.ascii	"\255\012> H\264\242 X)\217R\326\326\202\322\372~\240"
  41      48B4A220 
  41      58298F52 
  41      D6D682D2 
  41      FA7EA0
  42 0050 82B828A8 		.ascii	"\202\270(\250\370\210(*^\015lg\316\275\335.\313\222"
  42      F888282A 
  42      5E0D6C67 
  42      CEBDDD2E 
  42      CB92
  43 0062 DA0DECDD 		.ascii	"\332\015\354\335{\316\3147\257of\004\033\373y\015\377"
  43      7BCECC37 
  43      AF6F6604 
  43      1BFB790D 
  43      FF
  44 0073 3F8A65AC 		.ascii	"?\212e\254\003\237`a\300\213\2162\346\265r.Z\355L\213"
  44      039F6061 
  44      C08B8E32 
  44      E6B5722E 
  44      5AED4C8B 
  45 0087 53DA6731 		.ascii	"S\332g1\315&@1\216\025\000\372\301\200\255\344B\201"
  45      CD264031 
  45      8E1500FA 
ARM GAS  /tmp/cc0rut6J.s 			page 3


  45      C180ADE4 
  45      4281
  46 0099 95D0CFEF 		.ascii	"\225\320\317\357rh\250\272\177$\376:\3279Ke\370\332"
  46      7268A8BA 
  46      7F24FE3A 
  46      D7394B65 
  46      F8DA
  47 00ab B8EED046 		.ascii	"\270\356\320F\225^A\241\327\316\242\340\215\304\351"
  47      955E41A1 
  47      D7CEA2E0 
  47      8DC4E9
  48 00ba 159AA60D 		.ascii	"\025\232\246\015\334\333\337e[\375\201\3169\033\344"
  48      DCDBDF65 
  48      5BFD81CE 
  48      391BE4
  49 00c9 0C764032 		.ascii	"\014v@2\354\204d\202\373\021\246\243\244\327_x:AL\006"
  49      EC846482 
  49      FB11A6A3 
  49      A4D75F78 
  49      3A414C06 
  50 00dd D23A587D 		.ascii	"\322:X}V\267\246\227kZ\201\277\251V{W\321\271\200] "
  50      56B7A697 
  50      6B5A81BF 
  50      A9567B57 
  50      D1B9805D 
  51 00f2 C2F5F088 		.ascii	"\302\365\360\210A%\244\243\364\216\353\267\353\205x"
  51      4125A4A3 
  51      F48EEBB7 
  51      EB8578
  52 0101 416A5E2B 		.ascii	"Aj^+\351\325m\244\251\371\217\030\232\034vGj\342\313"
  52      E9D56DA4 
  52      A9F98F18 
  52      9A1C7647 
  52      6AE2CB
  53 0114 1E4827F1 		.ascii	"\036H'\361\343\255\372\223D\361\242T-\352/\255HL+C\243"
  53      E3ADFA93 
  53      44F1A254 
  53      2DEA2FAD 
  53      484C2B43 
  54 0129 81FAF236 		.ascii	"\201\372\3626\233vH\363\005\202\301\024\262]5\032\301"
  54      9B7648F3 
  54      0582C114 
  54      B25D351A 
  54      C1
  55 013a F8A0CA5D 		.ascii	"\370\240\312]\337pG\274\352CkIP\015i\303\234Ql\030\322"
  55      DF7047BC 
  55      EA436B49 
  55      500D69C3 
  55      9C516C18 
  56 014f 5E50011F 		.ascii	"^P\001\037tX=\301\257\005\203\203\035e_\247m\341\023"
  56      74583DC1 
  56      AF058383 
  56      1D655FA7 
  56      6DE113
  57 0162 D1693C53 		.ascii	"\321i<S\310}\013\220\0271@QX\361@\211\307/K\242\341"
  57      C87D0B90 
  57      17314051 
ARM GAS  /tmp/cc0rut6J.s 			page 4


  57      58F14089 
  57      C72F4BA2 
  58 0177 1BEB451C 		.ascii	"\033\353E\034\312v\037z\213Oq\001\012\352j\272N\010"
  58      CA761F7A 
  58      8B4F7101 
  58      0AEA6ABA 
  58      4E08
  59 0189 821EE202 		.ascii	"\202\036\342\002\215o=\365M\025_\361D\373R\263\352\\"
  59      8D6F3DF5 
  59      4D155FF1 
  59      44FB52B3 
  59      EA5C
  60 019b 1DE6205D 		.ascii	"\035\346 ]\272\324{\354\204\225\362\257\312\327\235"
  60      BAD47BEC 
  60      8495F2AF 
  60      CAD79D
  61 01aa 5EDF66D8 		.ascii	"^\337f\330\002%^\215\244b\240\006V@-\205\200w#\273\277"
  61      02255E8D 
  61      A462A006 
  61      56402D85 
  61      807723BB 
  62 01bf AD55332A 		.ascii	"\255U3*)W3un\205}(x\217\233\2415\267\234\034Q2fR\364"
  62      29573375 
  62      6E857D28 
  62      788F9BA1 
  62      35B79C1C 
  63 01d8 3F41C63D 		.ascii	"?A\306=Bg\260\0372\330Y(\320\336\224\001b \350\011\035"
  63      4267B01F 
  63      32D85928 
  63      D0DE9401 
  63      6220E809 
  64 01ed 2491C660 		.ascii	"$\221\306`\245\366\235\020\323d.o\236.\253\210\223\271"
  64      A5F69D10 
  64      D3642E6F 
  64      9E2EAB88 
  64      93B9
  65 01ff 1CE8DABB 		.ascii	"\034\350\332\273\365\371MZiA\021f\341\035\320y,\324"
  65      F5F94D5A 
  65      69411166 
  65      E11DD079 
  65      2CD4
  66 0211 45CB26FC 		.ascii	"E\313&\374\014i\250\330S\370`\037\220\373\261\251\014"
  66      0C69A8D8 
  66      53F8601F 
  66      90FBB1A9 
  66      0C
  67 0222 EAF1B613 		.ascii	"\352\361\266\023\012.w\254\271\272Q\035\225\356\200"
  67      0A2E77AC 
  67      B9BA511D 
  67      95EE80
  68 0231 2F572679 		.ascii	"/W&y\220\303\350:\004\036\257\355F\"7\320\025\217\270"
  68      90C3E83A 
  68      041EAFED 
  68      462237D0 
  68      158FB8
  69 0244 AA2F7B9B 		.ascii	"\252/{\233\2540h\244[\021Q@\006M\2009\203_\250t\300"
  69      AC3068A4 
ARM GAS  /tmp/cc0rut6J.s 			page 5


  69      5B115140 
  69      064D8039 
  69      835FA874 
  70 0259 8A819279 		.ascii	"\212\201\222y\353\321z\221R\011[\264\215\251:\217#\215"
  70      EBD17A91 
  70      52095BB4 
  70      8DA93A8F 
  70      238D
  71 026b EF3B9F78 		.ascii	"\357;\237x\343\024\314\0224C\212\314T\361\352\015\233"
  71      E314CC12 
  71      34438ACC 
  71      54F1EA0D 
  71      9B
  72 027c 6C7802BF 		.ascii	"lx\002\277\202\"]f\320\002\012^\264\257-}\250\244T\231"
  72      82225D66 
  72      D0020A5E 
  72      B4AF2D7D 
  72      A8A45499 
  73 0290 DAF1926F 		.ascii	"\332\361\222o\267Z\033c\245\266\237\264\341\000v\011"
  73      B75A1B63 
  73      A5B69FB4 
  73      E1007609 
  74 02a0 56F68786 		.ascii	"V\366\207\206\376\222\267(\236\360\002\012\211\276\377"
  74      FE92B728 
  74      9EF0020A 
  74      89BEFF
  75 02af D1B6DB09 		.ascii	"\321\266\333\011F\001\375\252\316m\230q\370\315,\340"
  75      4601FDAA 
  75      CE6D9871 
  75      F8CD2CE0 
  76 02bf E6FBEBCF 		.ascii	"\346\373\353\317\333\251F\034~\227\265\223\334;\010"
  76      DBA9461C 
  76      7E97B593 
  76      DC3B08
  77 02ce 1943DC42 		.ascii	"\031C\334B\260\017\327>,\371\304 \2145\002\352\015\011"
  77      B00FD73E 
  77      2CF9C420 
  77      8C3502EA 
  77      0D09
  78 02e0 1533162A 		.ascii	"\0253\026*\001\376\220P\302\240A\335\356\303\247\022"
  78      01FE9050 
  78      C2A041DD 
  78      EEC3A712 
  79 02f0 9064A892 		.ascii	"\220d\250\222\201\024\205Vd\000\2036XA\370\353z\236"
  79      81148556 
  79      64008336 
  79      5841F8EB 
  79      7A9E
  80 0302 339D7E2A 		.ascii	"3\235~*/\023\341\220\204V\014\350\221\003G\313\355\006"
  80      2F13E190 
  80      84560CE8 
  80      910347CB 
  80      ED06
  81 0314 FD26EBDC 		.ascii	"\375&\353\334\016\207\211f\026\212\240\235\"\260\022"
  81      0E878966 
  81      168AA09D 
  81      22B012
ARM GAS  /tmp/cc0rut6J.s 			page 6


  82 0323 B1FCC156 		.ascii	"\261\374\301V0M\254\252\367\266\330\214\366\254\276"
  82      304DACAA 
  82      F7B6D88C 
  82      F6ACBE
  83 0332 E2F2FB4A 		.ascii	"\342\362\373J\265\221`\020\242L\006\223O\177\206\330"
  83      B5916010 
  83      A24C0693 
  83      4F7F86D8 
  84 0342 190652DB 		.ascii	"\031\006R\333t\276=^\324\201d\315\235+\205\307\325("
  84      74BE3D5E 
  84      D48164CD 
  84      9D2B85C7 
  84      D528
  85 0354 880AFC15 		.ascii	"\210\012\374\025\025\361\010!Z\215z\015\257\353Xc\037"
  85      15F10821 
  85      5A8D7A0D 
  85      AFEB5863 
  85      1F
  86 0365 4DAFBE3B 		.ascii	"M\257\276;\223H\204\014\233\334T\306P\354\250\244\330"
  86      9348840C 
  86      9BDC54C6 
  86      50ECA8A4 
  86      D8
  87 0376 B1C89C59 		.ascii	"\261\310\234Y\243\246\214R3\360\270\242*\301BQ\036\227"
  87      A3A68C52 
  87      33F0B8A2 
  87      2AC14251 
  87      1E97
  88 0388 B9530D0C 		.ascii	"\271S\015\0148a\244HN\205\213\305\037\023\344\020'\322"
  88      3861A448 
  88      4E858BC5 
  88      1F13E410 
  88      27D2
  89 039a 355FEAEC 		.ascii	"5_\352\354\021D\037\345%B\352\253\256l\212\015\031I"
  89      11441FE5 
  89      2542EAAB 
  89      AE6C8A0D 
  89      1949
  90 03ac A0929F34 		.ascii	"\240\222\2374\215\354\332\267\367\276\305\350\360S\022"
  90      8DECDAB7 
  90      F7BEC5E8 
  90      F05312
  91 03bb 3BC6C43E 		.ascii	";\306\304>\2155\246\352\226\331\377\217\247~\351\345"
  91      8D35A6EA 
  91      96D9FF8F 
  91      A77EE9E5 
  92 03cb 19896435 		.ascii	"\031\211d5\221\316\222\227\006\303\357^,\376t<8%\032"
  92      91CE9297 
  92      06C3EF5E 
  92      2CFE743C 
  92      38251A
  93 03de DC5482EB 		.ascii	"\334T\202\353\030\025\3649\202\023\022\256\246\273x"
  93      1815F439 
  93      821312AE 
  93      A6BB78
  94 03ed 9609F79F 		.ascii	"\226\011\367\237!J8\225\340\316\217\212\363B\010\256"
  94      214A3895 
ARM GAS  /tmp/cc0rut6J.s 			page 7


  94      E0CE8F8A 
  94      F34208AE 
  95 03fd AEE1C0E6 		.ascii	"\256\341\300\346W\215F\211\017s\020\306k\222$\350\224"
  95      578D4689 
  95      0F7310C6 
  95      6B9224E8 
  95      94
  96 040e 48B1448B 		.ascii	"H\261D\213.L\327\031\360\235[\225\374/BMY\347\220\254"
  96      2E4CD719 
  96      F09D5B95 
  96      FC2F424D 
  96      59E790AC 
  97 0422 02CDF38B 		.ascii	"\002\315\363\213&\205\372\320X\253]t\201\317\277\276"
  97      2685FAD0 
  97      58AB5D74 
  97      81CFBFBE 
  98 0432 8D93308B 		.ascii	"\215\2230\213\034\343\317\014R\007@7\366\027\032\326"
  98      1CE3CF0C 
  98      52074037 
  98      F6171AD6 
  99 0442 F904A9A6 		.ascii	"\371\004\251\246\310\015@z\033\332 \252\336\263\203"
  99      C80D407A 
  99      1BDA20AA 
  99      DEB383
 100 0451 34EFE112 		.ascii	"4\357\341\022\352\341\325\320\352\201\257\342\244u\033"
 100      EAE1D5D0 
 100      EA81AFE2 
 100      A4751B
 101 0460 830024EB 		.ascii	"\203\000$\353|\242\301\224\253\213\015\027\023#Zv\312"
 101      7CA2C194 
 101      AB8B0D17 
 101      13235A76 
 101      CA
 102 0471 F82DDB13 		.ascii	"\370-\333\023\336\262\303\205w\312\301\310\347\014\232"
 102      DEB2C385 
 102      77CAC1C8 
 102      E70C9A
 103 0480 3A97A965 		.ascii	":\227\251e\343(\011W\314\315`\227\233\0017\030\032\011"
 103      E3280957 
 103      CCCD6097 
 103      9B013718 
 103      1A09
 104 0492 6D86F06D 		.ascii	"m\206\360mP\264\355\251\266A\257\334\006\241Y\210\211"
 104      50B4EDA9 
 104      B641AFDC 
 104      06A15988 
 104      89
 105 04a3 86BEF1B7 		.ascii	"\206\276\361\267\301v\217\331q1c:\356*\250,rE\264=\300"
 105      C1768FD9 
 105      7131633A 
 105      EE2AA82C 
 105      7245B43D 
 106 04b8 15718DE4 		.ascii	"\025q\215\344\255\221+b\317,2\315\340z\364\025\321/"
 106      AD912B62 
 106      CF2C32CD 
 106      E07AF415 
 106      D12F
ARM GAS  /tmp/cc0rut6J.s 			page 8


 107 04ca FBF746D8 		.ascii	"\373\367F\330\212\330~;\320\250\3763\375\373\344\364"
 107      8AD87E3B 
 107      D0A8FE33 
 107      FDFBE4F4 
 108 04da BF29A77F 		.ascii	"\277)\247\177\344\250\277\205\243\276\033\274\201^\217"
 108      E4A8BF85 
 108      A3BE1BBC 
 108      815E8F
 109 04e9 5903464B 		.ascii	"Y\003FK\036\250\264(4)3\323\201\177\271\036\207;\337"
 109      1EA8B428 
 109      342933D3 
 109      817FB91E 
 109      873BDF
 110 04fc E1713B1D 		.ascii	"\341q;\035\316\354\034\317\027\231N\306\363\363\004"
 110      CEEC1CCF 
 110      17994EC6 
 110      F3F304
 111 050b FE12CEFC 		.ascii	"\376\022\316\374<\313\322y\013\227\270\246\205K\346"
 111      3CCBD279 
 111      0B97B8A6 
 111      854BE6
 112 051a E5BAF33D 		.ascii	"\345\272\363=\216\367\346d\315\316Z\206*\316\\\267\353"
 112      8EF7E664 
 112      CDCE5A86 
 112      2ACE5CB7 
 112      EB
 113 052b B3A5AFE7 		.ascii	"\263\245\257\347df\263\031!1\327\262|\307\354\254\271"
 113      6466B319 
 113      2131D7B2 
 113      7CC7ECAC 
 113      B9
 114 053c 1FCE752C 		.ascii	"\037\316u,X\344\\\270d\276\313!\305\2349\357/Y\344D"
 114      58E45CB8 
 114      64BECB21 
 114      C59C39EF 
 114      2F59E444 
 115 0550 C929E180 		.ascii	"\311)\341\200!\221l\317r\017^&e\315\235\223\372\371"
 115      21916CCF 
 115      720F5E26 
 115      65CD9D93 
 115      FAF9
 116 0562 3C8F2BCF 		.ascii	"<\217+\317\275\340\345\324\364W\030w\263\230\034WN\256"
 116      BDE0E5D4 
 116      F4571877 
 116      B3981C57 
 116      4EAE
 117 0574 7B3913F9 		.ascii	"{9\023\371\213\363\246\216\243\354\314\236\217\332\177"
 117      8BF3A68E 
 117      A3ECCC9E 
 117      8FDA7F
 118 0583 03F26D8C 		.ascii	"\003\362m\214u"
 118      75
 119              		.text
 120              		.section	.gnu.lto_chMsgWait.6ff2a6ae7b859d2b,"",%progbits
 121 0000 789C8D56 		.ascii	"x\234\215VkLTW\020>s\316\345.\260\273J\372\2431\266"
 121      6B4C5457 
 121      103E73CE 
ARM GAS  /tmp/cc0rut6J.s 			page 9


 121      E52EB0BB 
 121      4AFAA331 
 122 0015 1512D2DA 		.ascii	"\025\022\322\332\206.k\322&m\322\264\2461i\332\037\374"
 122      862E6BD2 
 122      266DD2B4 
 122      A63169DA 
 122      1FFC
 123 0027 91A4E9AF 		.ascii	"\221\244\351\2576v\335\210\011\010\335\005#?\250wW,"
 123      3676DD88 
 123      0908DD05 
 123      233FA877 
 123      572C
 124 0039 260DAD51 		.ascii	"&\015\255Q\333\002>\000\037\255\025E\036\365\001\324"
 124      DB023E00 
 124      1FAD1545 
 124      1EF501D4 
 125 0049 B2AD1614 		.ascii	"\262\255\026\024_(\010\"\026\026a\255Z\214 \240n|lg"
 125      5F280822 
 125      161661AD 
 125      5A8C20A0 
 125      6E7C6C67 
 126 005d CEBD5076 		.ascii	"\316\275Pv\027R6\354\275{\357\314|3\363\235\357\234"
 126      175236EC 
 126      BD7BEFCC 
 126      7C33F39D 
 126      EF9C
 127 006f 41B0E8CF 		.ascii	"A\260\350\317\233\370\025q\214\015\343\035b\030\360"
 127      9BF81571 
 127      8C0DE31D 
 127      6218F0
 128 007e CD1718F3 		.ascii	"\315\027\030\363\304r.&LL\213W\266\2670\246Y\004(\372"
 128      C4722E26 
 128      4C4C8B57 
 128      B6B730A6 
 128      590428FA 
 129 0092 7B05807E 		.ascii	"{\005\200~0`\353\271P`=\334\346\243\034\032\252\307"
 129      3060EBB9 
 129      50603DDC 
 129      E6A31C1A 
 129      AAC7
 130 00a4 CF9B6FF1 		.ascii	"\317\233o\361 gI\014\037\033\267\234.Q\351\021\024z"
 130      2067490C 
 130      1F1BB79C 
 130      2E51E911 
 130      147A
 131 00b6 ECEE2AE9 		.ascii	"\354\356*\351\216[\274O\323\274#\336\346\314\322m\025"
 131      8E5BBC4F 
 131      D3BC23DE 
 131      E6CCD26D 
 131      15
 132 00c7 68E16C8C 		.ascii	"h\341l\2143\370\011\026\302~XHx?\303b\362\365\370\212"
 132      33F80916 
 132      C27E5848 
 132      783FC362 
 132      F2F5F88A 
 133 00db 3BADE205 		.ascii	";\255\342\005\240\337\033\216{\232-\311\225\030\347"
 133      A0DF1B8E 
ARM GAS  /tmp/cc0rut6J.s 			page 10


 133      7B9A2DC9 
 133      9518E7
 134 00ea 0FEE69B5 		.ascii	"\017\356i\265h\247\265B\177(\224\210\301p\000Dx<}0d"
 134      68A7B542 
 134      7F289488 
 134      C1700044 
 134      783C7D30 
 135 00ff B4F069B7 		.ascii	"\264\360i\267Y-\3244-\001\252 \231\222 \366AP\001o\364"
 135      592DD434 
 135      2D01AA20 
 135      999220F6 
 135      4150016F 
 136 0114 E6F0733E 		.ascii	"\346\360s>-\024\252\177R[\364\306~\236 \030\202)tQ\351"
 136      2D14AA7F 
 136      525BF4C6 
 136      7E9E2018 
 136      82297451 
 137 0129 62C28B88 		.ascii	"b\302\213\210\247\213\231\221\263\205^26\204_j:\200"
 137      A78B9991 
 137      B3855E32 
 137      36845F6A 
 137      3A80
 138 013b 0F78175D 		.ascii	"\017x\027]\340M\240dcU\3326!\026\311Z\377\351\254\334"
 138      E04DA064 
 138      6355DA36 
 138      2116C95A 
 138      FFE9ACDC 
 139 014f 172F6B1D 		.ascii	"\027/k\0359W\263\353\371R\255\302\273\031\023-\205 "
 139      3957B3EB 
 139      F952ADC2 
 139      BB19132D 
 139      8520
 140 0161 57E0D04C 		.ascii	"W\340\320L\325B5$c\340@\361D=\020WJ\022\203\303h\355"
 140      D5423524 
 140      63E040F1 
 140      443D1057 
 140      4A1283C3 
 141 0177 05EF8D63 		.ascii	"\005\357\215c_\335,Q\303\332\361\017})\373\030\343\020"
 141      5FDD2C51 
 141      C3DAF10F 
 141      7D29FB18 
 141      E310
 142 0189 DEA7FF5A 		.ascii	"\336\247\377ZQ\037.[\015\231x\204\251\244\362]\312\302"
 142      511F2E5B 
 142      0D997884 
 142      A9A4F25D 
 142      CAC2
 143 019b A096AC22 		.ascii	"\240\226\254\"\202 \006u\240b\035\365\304\016\260-\200"
 143      82200675 
 143      A0621DF5 
 143      C40EB02D 
 143      80
 144 01ac E6FEE147 		.ascii	"\346\376\341G[E\342\036\330\251\225$\005y\014E|\327"
 144      5B45E21E 
 144      D8A99524 
 144      05790C45 
 144      7CD7
ARM GAS  /tmp/cc0rut6J.s 			page 11


 145 01be FBD813AF 		.ascii	"\373\330\023\257 \005\360\013$J\222\3136\376Pj\3017"
 145      2005F00B 
 145      244A92CB 
 145      36FE506A 
 145      C137
 146 01d0 70041459 		.ascii	"p\004\024Y2\203\243\240\240\241\255\250\342\201\222"
 146      3283A3A0 
 146      A0A1ADA8 
 146      E28192
 147 01df F8A311AD 		.ascii	"\370\243\021\255\222o\373pKc\234\214>F\321p\034%q\015"
 147      926FFB70 
 147      4B639C8C 
 147      3E46D170 
 147      1C25710D 
 148 01f3 BC471B06 		.ascii	"\274G\033\006\312\227P?\0179\005\356\352\370\246\232"
 148      CA97503F 
 148      0F3905EE 
 148      EAF8A69A 
 149 0203 173CD636 		.ascii	"\027<\3266i\261Anz\312\365\305\354\037\272x)\226\250"
 149      69B1416E 
 149      7ACAF5C5 
 149      EC1FBA78 
 149      2996A8
 150 0216 31C9C7FD 		.ascii	"1\311\307\375\236\302\035\260\023\266{4\362\212\205"
 150      9EC21DB0 
 150      13B67B34 
 150      F28A85
 151 0225 06288046 		.ascii	"\006(\200F\312\216\266g\007\277\255SmU\330\226\357\355"
 151      CA8EB667 
 151      07BFAD53 
 151      6D55D896 
 151      EFED
 152 0237 208F8326 		.ascii	" \217\203&t\274\317\015Q\234h\276\374L\321\215\013H"
 152      74BCCF0D 
 152      519C68BE 
 152      FC4CD18D 
 152      0B48
 153 0249 3CBF82ED 		.ascii	"<\277\202\355>\322\210\325\234\000\033\353\002N\205"
 153      3ED288D5 
 153      9C001BEB 
 153      024E85
 154 0258 84EBEDD1 		.ascii	"\204\353\355\321`\313\377\353\015~\203d\254_\357\347"
 154      60CBFFEB 
 154      0D7E8364 
 154      AC5FEFE7 
 155 0268 5EDD9127 		.ascii	"^\335\221'\020N\377\306\220\017\310\307X8%\212\377f"
 155      104EFFC6 
 155      900FC8C7 
 155      5838258A 
 155      FF66
 156 027a C9BF8F58 		.ascii	"\311\277\217X\020\323\373\345\262\354#\217\312\357Z"
 156      10D3FBE5 
 156      B2EC238F 
 156      CAEF5A
 157 0289 A7FA8DC7 		.ascii	"\247\372\215\307L\360\273\321\356\216\361\255=\363e"
 157      4CF0BBD1 
 157      EE8EF1AD 
ARM GAS  /tmp/cc0rut6J.s 			page 12


 157      3DF365
 158 0298 47237D81 		.ascii	"G#}\201;\237`\210\031\376\220-s\035\025}\236\026\337"
 158      3B9F6088 
 158      19FE902D 
 158      731D157D 
 158      9E16DF
 159 02ab DB037AD7 		.ascii	"\333\003z\327K\251\205\223\324\265\320\315p\012\033"
 159      4BA98593 
 159      D4B5D0CD 
 159      700A1B
 160 02ba C7B21F14 		.ascii	"\307\262\037\024\215\253z\376\370\271&\364\345S\262"
 160      8DAB7AFE 
 160      F8B926F4 
 160      E553B2
 161 02c9 3F23921D 		.ascii	"?#\222\035=x\246\303\212\013\210\3665\270}\240\005l"
 161      3D78A6C3 
 161      8A0B88F6 
 161      35B87DA0 
 161      056C
 162 02db 7AA25628 		.ascii	"z\242V(`W\240\360\352\311\257\237\255\320\327[`2I_\000"
 162      6057A0F0 
 162      EAC9AF9F 
 162      ADD0D75B 
 162      6032495F 
 163 02f0 AB993089 		.ascii	"\253\2310\211\353P\350{\334*\327\200EJ\3012\206\032"
 163      EB50E87B 
 163      DC2AD780 
 163      454AC132 
 163      861A
 164 0302 64701A41 		.ascii	"dp\032A\320T[\331\373P\020?\326y\014\316\300\302 \237"
 164      D0545BD9 
 164      FB50103F 
 164      D6790CCE 
 164      C0C2209F 
 165 0316 276114B9 		.ascii	"'a\024\271+i\025FC\265&=\213:\253\252\"e\324\026%\243"
 165      2B691546 
 165      43B5263D 
 165      8B3AABAA 
 165      2265D416 
 166 032c 1452D0D9 		.ascii	"\024R\320\331h\005\245\020\215\347\246\304s~\222\303"
 166      6805A510 
 166      8DE7A6C4 
 166      737E92C3 
 167 033c 53A0E734 		.ascii	"S\240\3474\205s\350\373P\222\250F\220\230B\374]0\370"
 167      8573E8FB 
 167      5092A846 
 167      909842FC 
 167      5D30F8
 168 034f 6311E42D 		.ascii	"c\021\344- \362.\"0\203vl\372?m\3265\365\264\231\305"
 168      20F22E22 
 168      3083766C 
 168      FA3F6DD6 
 168      35F5B499 
 169 0364 5990BBFF 		.ascii	"Y\220\273\377\336`q\273:\223P\005\\\232Q\250\227I\250"
 169      DE6071BB 
 169      3A935005 
 169      5C9A51A8 
ARM GAS  /tmp/cc0rut6J.s 			page 13


 169      9749A8
 170 0377 2629D4E0 		.ascii	"&)\324\340\305\015=-\363\302\324\256\341i\3057\371\360"
 170      C50D3D2D 
 170      F3C2D4AE 
 170      E169C537 
 170      F9F0
 171 0389 B49ADBD1 		.ascii	"\264\232\333\321\352\017\204\226\020\244\241k5\362\340"
 171      EA0F8496 
 171      10A4A16B 
 171      35F2E0
 172 0398 ED2053A7 		.ascii	"\355 S\247\324\366\025\342\305L\014\366\367\016\310"
 172      D4F615E2 
 172      C54C0CF6 
 172      F70EC8
 173 03a7 B513AF92 		.ascii	"\265\023\257\222{\340pUS\334\324\"\230\211\245.\203"
 173      7BE07055 
 173      53DCD422 
 173      9889A52E 
 173      83
 174 03b8 A503F535 		.ascii	"\245\003\3655\3431\272\266\313\213\352\2546\252\251"
 174      E331BAB6 
 174      CB8BEAAC 
 174      36AAA9
 175 03c7 5BD22574 		.ascii	"[\322%tT\270*w\255W{\207\340)\033\246\220\275\325\006"
 175      54B82A77 
 175      AD577B87 
 175      E0291BA6 
 175      90BDD506 
 176 03db CA3ED653 		.ascii	"\312>\326SZf\222\2639z%8\364Hh\305\200\276\246\257\351"
 176      5A6692B3 
 176      397A2538 
 176      F44868C5 
 176      80BEA6AF 
 177 03f0 9681F984 		.ascii	"\226\201\371\2043\327B}*!\365\206\025y\035lX\006\201"
 177      33D7427D 
 177      2A21F586 
 177      15791D6C 
 177      580681
 178 0403 7D3F1A28 		.ascii	"}?\032(\373\324\200\213\252\3112\323\026[Dp\177I\270"
 178      FBD4808B 
 178      AAC932D3 
 178      165B4470 
 178      7F49B8
 179 0416 1803AE8F 		.ascii	"\030\003\256\217\340L\324\266d\237&\032\3157\302\037"
 179      E04CD4B6 
 179      649F261A 
 179      CD37C21F 
 180 0426 A939755F 		.ascii	"\2519u_\0302\231.\277\230\331\232\236\017\375\022[%"
 180      1832992E 
 180      BF98D99A 
 180      9E0FFD12 
 180      5B25
 181 0438 69F8C186 		.ascii	"i\370\301\206\266\341\272\212\026y\364X\255\014\006"
 181      B6E1BA8A 
 181      1679F458 
 181      AD0C06
 182 0447 306072C6 		.ascii	"0`r\306M\237k\233\313\3474\327n\310\2716u\230)\370j"
ARM GAS  /tmp/cc0rut6J.s 			page 14


 182      4D9F6B9B 
 182      CBE734D7 
 182      6EC8B936 
 182      759829F8 
 183 045c 70F6B9B6 		.ascii	"p\366\271\266w7\030:2E\235\217C\244\241\210i\327:\201"
 183      7737183A 
 183      32459D8F 
 183      43A4A188 
 183      69D73A81 
 184 0470 9404C83F 		.ascii	"\224\004\310?6r\332\035z\217r3\2709\363\264\373[*\362"
 184      3672DA1D 
 184      7A8F7233 
 184      B839F3B4 
 184      FB5B2AF2 
 185 0484 D6B469B7 		.ascii	"\326\264i\267\367\256\277Q\235\034d\203r\220\335\226"
 185      F7AEBF51 
 185      9D1C6483 
 185      7290DD96 
 186 0494 832C726A 		.ascii	"\203,rj\335\301\251\325\007\036\377\320nc\253\233\031"
 186      DDC1A9D5 
 186      071EFFD0 
 186      6E63AB9B 
 186      19
 187 04a5 FD5B0074 		.ascii	"\375[\000t\360\240\327\202\324T;\376e\273\355\256\\"
 187      F0A0D782 
 187      D4543BFE 
 187      65BBEDAE 
 187      5C
 188 04b6 BBDBE5B0 		.ascii	"\273\333\345\260;2\262\334\253R\035\214\347\346\304"
 188      3B32B2DC 
 188      AB521D8C 
 188      E7E6C4
 189 04c5 AC5D9199 		.ascii	"\254]\221\231\347|e\272GN\266+\327m\177\177y\332\262"
 189      E77C65BA 
 189      474EB62B 
 189      D76D7F7F 
 189      79DAB2
 190 04d8 B475E8EA 		.ascii	"\264u\350\352\310v9?[\373VVj\006{m\312\315\271.\327"
 190      C876393F 
 190      5BFB5656 
 190      6A067B6D 
 190      CACDB92E 
 191 04ed BE2C2DFD 		.ascii	"\276,-\375\243t\373\3525\216\314\274\225N\273tsd}\220"
 191      A374FBEA 
 191      358ECCBC 
 191      954EBB74 
 191      73647D90 
 192 0501 B7C6819E 		.ascii	"\267\306\201\236/N\007\234r\311p\347\273\321\230\220"
 192      2F4E079C 
 192      72C970E7 
 192      BBD19890 
 193 0511 96BE3CE9 		.ascii	"\226\276<\351\363\025ng\216k\365\353I//a\334\305LY\316"
 193      F3156E67 
 193      8E6BF5EB 
 193      492F2F61 
 193      DCC54C59 
 194 0526 AC6C57FE 		.ascii	"\254lW\376l\201To\006\023\271_\344\2744\013\262#c%z"
ARM GAS  /tmp/cc0rut6J.s 			page 15


 194      6C81546F 
 194      0613B95F 
 194      E4BC340B 
 194      B2236325 
 195 053b FC0B73D5 		.ascii	"\374\013s\325\200\342"
 195      80E2
 196              		.text
 197              		.section	.gnu.lto_chMsgRelease.6ff2a6ae7b859d2b,"",%progbits
 198 0000 789C8D53 		.ascii	"x\234\215S]H\223Q\030>\357\371\276\315\351\014\244\213"
 198      5D489351 
 198      183EEFF9 
 198      BECDE90C 
 198      A48B
 199 0012 108B1CC9 		.ascii	"\020\213\034\311\222 \\]u\325\037B\320\305n\224\256"
 199      92205C5D 
 199      75D51F42 
 199      D0C56E94 
 199      AE
 200 0023 C3D66882 		.ascii	"\303\326h\202S\331\246\350\205x\266fzc\214~\265\310"
 200      53D9A6E8 
 200      8578B666 
 200      7A638C7E 
 200      B5C8
 201 0035 1415CBE5 		.ascii	"\024\025\313\3454\355G\227\345,\377(\312\"g\202\241"
 201      34ED4797 
 201      E52CFF28 
 201      CA226782 
 201      A1
 202 0046 2B561929 		.ascii	"+V\031)hf\365!\262\336\363\271\211\233\012\215\215\363"
 202      6866F521 
 202      B2DEF3B9 
 202      899B0A8D 
 202      8DF3
 203 0058 F33ECF7B 		.ascii	"\363>\317{\236\363\234g\002\331\370I\301\337)\221\220"
 203      9EF39C67 
 203      02D9F849 
 203      C1DF2991 
 203      90
 204 0069 37388240 		.ascii	"78\202@\200\272pfWQ\000\227\274E\312)\224\303w\272@"
 204      80BA7066 
 204      57510097 
 204      BC45CA29 
 204      94C377BA 
 205 007e C1E573D7 		.ascii	"\301\345s\327\250\323\233\031c\363\016\177rE\262D\011"
 205      A8D39B19 
 205      63F30E7F 
 205      7245B244 
 205      09
 206 008f 59A4AB6D 		.ascii	"Y\244\253m\240\005\322\021b\367U\217m\023v\002\301y"
 206      A005D211 
 206      62F7558F 
 206      6D137602 
 206      C179
 207 00a1 8FE7D76B 		.ascii	"\217\347\327k\365\014\225(h\370\322{i\244F\311\227T"
 207      F50C9528 
 207      68F8D27B 
 207      69A446C9 
ARM GAS  /tmp/cc0rut6J.s 			page 16


 207      9754
 208 00b3 E4CB81F6 		.ascii	"\344\313\201\366qI\245md\314\341{\332\311\216\211\022"
 208      7149A56D 
 208      64CCE17B 
 208      DAC98E89 
 208      12
 209 00c4 15E00E08 		.ascii	"\025\340\016\010\330\017\356B\012\264B\012\301-\002"
 209      D80FEE42 
 209      0AB4420A 
 209      C12D02
 210 00d3 6ED022BA 		.ascii	"n\320\"\272ef\256[\020v\313}\277\335\014J\211\234\311"
 210      6566AE5B 
 210      1076CB7D 
 210      BFDD0C4A 
 210      899CC9
 211 00e6 7CA3AB4C 		.ascii	"|\243\253L\021\356\3052E\002m\240\345\360\005\347\312"
 211      11EEC532 
 211      45026DA0 
 211      E5F005E7 
 211      CA
 212 00f7 07B5D289 		.ascii	"\007\265\322\211\360\244\225\210`\360\200\022pl\337"
 212      F0A49588 
 212      60F08012 
 212      706CDF
 213 0106 EE63A150 		.ascii	"\356c\241P\243g\326/\306\011\300\317\022A\346\221 \302"
 213      A367D62F 
 213      C609C0CF 
 213      1241E691 
 213      20C2
 214 0118 B8015F28 		.ascii	"\270\001_(\345\2430\016\216$\336m\321\315\256\010\302"
 214      E5A3300E 
 214      8E24DE6D 
 214      D1CDAE08 
 214      C2
 215 0129 1E59C88F 		.ascii	"\036Y\310\217\261\206\346\204\264\006\274\302\374DG"
 215      B186E684 
 215      B406BCC2 
 215      FC4447
 216 0138 DD8E5A56 		.ascii	"\335\216ZV\357pa\273\243 Q\005\264G+\012\273\324\001"
 216      EF7061BB 
 216      A3205105 
 216      B4472B0A 
 216      BBD401
 217 014b 6948FC54 		.ascii	"iH\374T\275\324\005\334\012\205\206\300}\254N\202\343"
 217      BDD405DC 
 217      0A8586C0 
 217      7DAC4E82 
 217      E3
 218 015c 73DF85AF 		.ascii	"s\337\205\2575\312(\275\201\201V\220\245.R\210\276I"
 218      35CA28BD 
 218      81815690 
 218      A52E5288 
 218      BE49
 219 016e E067E594 		.ascii	"\340g\345\224\202@'/\321\230RG\303a~\014\201.^\025b"
 219      8240272F 
 219      D1985247 
 219      C3617E0C 
ARM GAS  /tmp/cc0rut6J.s 			page 17


 219      812E5E15 
 220 0183 2C20F000 		.ascii	", \360\000\224(\344!7\000\3105\300\362\364\354\337\313"
 220      9428E421 
 220      3700C835 
 220      C0F2F4EC 
 220      DFCB
 221 0195 426A0BDC 		.ascii	"Bj\013\334b5\032\211*9\343\352\344\262=AD\017\340\021"
 221      62351A89 
 221      2A39E3EA 
 221      E4B23D41 
 221      440FE011 
 222 01a9 A412BE73 		.ascii	"\244\022\276s\243\342zm\"\356\300c\020e\315\004\272"
 222      A3E27A6D 
 222      22EEC063 
 222      1065CD04 
 222      BA
 223 01ba 41C4C2CB 		.ascii	"A\304\302\313\312\372\337bjk\230\035\307\261og\207\274"
 223      CAFADF62 
 223      6A6B981D 
 223      C7B16F67 
 223      87BC
 224 01cc F132BB87 		.ascii	"\3612\273\207\263\301\013\"\211\030x\276\333\336\227"
 224      B3C10B22 
 224      891878BE 
 224      DBDE97
 225 01db B86A9AC3 		.ascii	"\270j\232\303?\221\310F\2303\020\012\245n\362\374a\313"
 225      3F91C846 
 225      9833100A 
 225      A56EF2FC 
 225      61CB
 226 01ed 9E40DA1F 		.ascii	"\236@\332\037\274F\204\337\273\344\035Ts>ch8\255\362"
 226      BC4684DF 
 226      BBE41D54 
 226      733E6368 
 226      38ADF2
 227 0200 A1E19B24 		.ascii	"\241\341\233$ L\356\345d\221|\204\212\200\377\325\322"
 227      204CEEE5 
 227      64917C84 
 227      8A80FFD5 
 227      D2
 228 0211 C168A79C 		.ascii	"\301h\247\234n\340\000~B\330fq\203[Oe\267\236\201\354"
 228      6EE0007E 
 228      42D86671 
 228      835B4F65 
 228      B79E81EC 
 229 0225 4ADDFB8B 		.ascii	"J\335\373\213\036Z\266\314\252\230J\242\252E|e^\206"
 229      1E5AB6CC 
 229      AA984AA2 
 229      AA457C65 
 229      5E86
 230 0237 3E282328 		.ascii	">(#(\021\017\222h\374\232\320\365\351p\335\376\257t"
 230      110F9268 
 230      FC9AD0F5 
 230      E970DDFE 
 230      AF74
 231 0249 F8E4744C 		.ascii	"\370\344tL\007G\337\251\344t\340V\377\326\351hrG\322"
 231      0747DFA9 
ARM GAS  /tmp/cc0rut6J.s 			page 18


 231      E474E056 
 231      FFD6E968 
 231      7247D2
 232 025c A1DC20FB 		.ascii	"\241\334 \3739\227\035\023\231\341%\214\314\013\216"
 232      39971D13 
 232      99E1258C 
 232      CC0B8E
 233 026b 8F8B8D4C 		.ascii	"\217\213\215L\333\021~6\201\201\315#3(\2330\264.2Ms"
 233      DB117E36 
 233      8181CD23 
 233      33289B30 
 233      B42E324D 
 234 0280 01AF3292 		.ascii	"\001\2572\222\206~9\015\303r\032b\237~\004\237~\012"
 234      867E390D 
 234      C3721A62 
 234      9F7E049F 
 234      7E0A
 235 0292 EC814177 		.ascii	"\354\201Aw<\327\312\257\031\3044\343_\0121\311\031\031"
 235      3CD7CAAF 
 235      19C434E3 
 235      5F0A31C9 
 235      1919
 236 02a4 3AFC1658 		.ascii	":\374\026Xu\026\233\316j1\350\014&\263\365\\\206\201"
 236      75169BCE 
 236      6A31E80C 
 236      26B3F55C 
 236      8681
 237 02b6 505BA180 		.ascii	"P[\241\2003EqN^\221q\357zTa\201\305f\325\035\317\322"
 237      3345714E 
 237      5E9171EF 
 237      7A546181 
 237      C566D51D 
 238 02cc 67EA4B10 		.ascii	"g\352K\020n(\260\030O\027\0372g\230\310\2765\230\261"
 238      6E28B018 
 238      4F171F32 
 238      6798C8BE 
 238      3598B1
 239 02df C4A6CBD4 		.ascii	"\304\246\313\324g\237\314\326\345\346\033\362\212\316"
 239      679FCCD6 
 239      E5E61BF2 
 239      8ACE
 240 02ed 1A7532CC 		.ascii	"\032u2\314`>Q\224o@\344\256\365\015\327 &k\251\025\213"
 240      603E5194 
 240      6F40E4AE 
 240      F50DD720 
 240      266BA915 
 241 0302 49FAEC2C 		.ascii	"I\372\354,\315\231\034\253\261\320\222\273_\243=@\250"
 241      CD991CAB 
 241      B1D092BB 
 241      5FA33D40 
 241      A8
 242 0313 85C4998D 		.ascii	"\205\304\231\215\346\002K\351VD\256\331D\376\001\351"
 242      E6024BE9 
 242      5644AED9 
 242      44FE01E9 
 243 0323 4BBEDA   		.ascii	"K\276\332"
 244              		.text
ARM GAS  /tmp/cc0rut6J.s 			page 19


 245              		.section	.gnu.lto_.symbol_nodes.6ff2a6ae7b859d2b,"",%progbits
 246 0000 789C4DC8 		.ascii	"x\234M\310\255\015\002A\024E\341s\337\233!H:\240\324"
 246      AD0D0241 
 246      1445E173 
 246      DF9B2148 
 246      3AA0D4
 247 0013 BB024510 		.ascii	"\273\002E\020T@\020\333\002\277\002E A\320\003\006E"
 247      544010DB 
 247      02BF0245 
 247      2041D003 
 247      0645
 248 0025 0D04925D 		.ascii	"\015\004\222]1\307}'\201\025c\261\223a\375\004\233\315"
 248      31C77D27 
 248      811563B1 
 248      9361FD04 
 248      9BCD
 249 0037 764A3D8A 		.ascii	"vJ=\212\231\211\275\254\366\307A\216v\350,\3470\350"
 249      9989BDAC 
 249      F6C7418E 
 249      76E82CE7 
 249      30E8
 250 0049 BABF4F72 		.ascii	"\272\277Ori}\221k\343\244\322?\356\231\024\256\313\317"
 250      697D916B 
 250      E3A4D23F 
 250      EE9914AE 
 250      CBCF
 251 005b 3CA3B0B8 		.ascii	"<\243\260\270\275\2259\241\177}\305\017\2120&G"
 251      BD9539A1 
 251      7F7DC50F 
 251      8A302647 
 252              		.text
 253              		.section	.gnu.lto_.refs.6ff2a6ae7b859d2b,"",%progbits
 254 0000 789C6366 		.ascii	"x\234cf``\340c\200\000F bdbb`df`\344d\000\000\002\013"
 254      6060E063 
 254      80004620 
 254      62646262 
 254      60646660 
 255 001a 0027     		.ascii	"\000'"
 256              		.text
 257              		.section	.gnu.lto_.decls.6ff2a6ae7b859d2b,"",%progbits
 258 0000 789CB55B 		.ascii	"x\234\265[{XT\327\265\237}\366\014\303\014\003$\261"
 258      7B5854D7 
 258      B59F7DF6 
 258      0CC30C03 
 258      24B1
 259 0012 31F9BC69 		.ascii	"1\371\274ikHK\233\373%\301\264M\332\336\257\275y\265"
 259      6B484B9B 
 259      FB25C1B4 
 259      4DDADEAF 
 259      BD79B5
 260 0025 CD4D7BD3 		.ascii	"\315M{\323\244\261\371\372G\277{'\004G\341\206Wg\306"
 260      A4B1F9FA 
 260      47BF7B27 
 260      0447E186 
 260      5767C6
 261 0038 18BFEF7E 		.ascii	"\030\277\357~\367\016O\021D^\202\240\"\203\240\362\224"
 261      F70E4F11 
ARM GAS  /tmp/cc0rut6J.s 			page 20


 261      445E82A0 
 261      2283A0F2 
 261      94
 262 0049 872820C8 		.ascii	"\207( \310C\005A\300\240\242\202\212\014\017\025|\016"
 262      430541C0 
 262      A0A2828A 
 262      0C0F157C 
 262      0E
 263 005a 8282CAE3 		.ascii	"\202\202\312\343\256\275\3679s\316\214g4\377\\\276l"
 263      AEBDF739 
 263      73CE8C67 
 263      34FF5CBE 
 263      6C
 264 006b CF5EE7AC 		.ascii	"\317^\347\254\275\326o\255\275\366\332\353\3543\301"
 264      BDD66FAD 
 264      BDF6DAEB 
 264      EC33C1
 265 007a 0A856239 		.ascii	"\012\205b9\247P,\302\337\212\237+\024\371\036\012\205"
 265      A7502CC2 
 265      DF8A9F2B 
 265      14F91E0A 
 265      85
 266 008b 12EE7D0A 		.ascii	"\022\356}\012\015A[\252`\177p[\3615\334X\017\355\177"
 266      0D415BAA 
 266      607F705B 
 266      F135DC58 
 266      0FED7F
 267 009e A045438B 		.ascii	"\240EC\213\207\226\200\030\237'\247p\372#\274\317\303"
 267      87968018 
 267      9F27A770 
 267      FA23BCCF 
 267      C3
 268 00af D5079A0E 		.ascii	"\325\007\232\016Z\015\264\217\341\236\206c2\265pUA\263"
 268      5A0DB48F 
 268      E19E8663 
 268      32B57055 
 268      41B3
 269 00c1 C2BD2384 		.ascii	"\302\275#\204\007\372\317B{\007\350O\240\375'\271\302"
 269      07FACF42 
 269      7B07E84F 
 269      A0FD27B9 
 269      C2
 270 00d2 FD4568CF 		.ascii	"\375Eh\317\301\375X\240\227\300\325\002W/\270\207\241"
 270      C1FD58A0 
 270      97C0D502 
 270      572FB887 
 270      A1
 271 00e3 9F0BFD60 		.ascii	"\237\013\375`h\201\320\376\015Z\020\264\367\240}\006"
 271      6881D0FE 
 271      0D5A10B4 
 271      F7A07D06 
 272 00f3 ED2FD0BE 		.ascii	"\355/\320\276\200\366/D'\217g)\214y\021\332\017\240"
 272      80F62F44 
 272      278F6729 
 272      8C7911DA 
 272      0FA0
 273 0105 BDC231FC 		.ascii	"\275\3021\374\304\216\037C\377'\320\210\011+\270\307"
ARM GAS  /tmp/cc0rut6J.s 			page 21


 273      C48E1F43 
 273      FF27D088 
 273      092BB8C7 
 274 0115 6D21363F 		.ascii	"m!6?#\261E\260C\212[j\217`\303\022\336V\202\231\330"
 274      23B145B0 
 274      438A5B6A 
 274      8F60C312 
 274      DE568299 
 275 012a A196E026 		.ascii	"\241\226\340&\230\337\347\361\012X5\274.)\316_s\014"
 275      98DFE7F1 
 275      0A5835BC 
 275      2E29CE5F 
 275      730C
 276 013c E36F3911 		.ascii	"\343o9\021\247\234\277\311\234h\371y\223\342$~\227\342"
 276      A79CBFC9 
 276      9C68F979 
 276      93E2247E 
 276      97E2
 277 014e FC5768FF 		.ascii	"\374Wh\377\215\330\030O~\234T\337\273\034\233S\251\256"
 277      8DD8184F 
 277      7E9C54DF 
 277      BB1C9B53 
 277      A9AE
 278 0160 0F5D744D 		.ascii	"\017]tMr\250~\337t\217\3278\207|\264\313\011y(\275#"
 278      72A87EDF 
 278      748FD738 
 278      877CB4CB 
 278      097928BD 
 279 0175 DB03489D 		.ascii	"\333\003H\235VI\310\232\366\241\036o\314!\322/\310\036"
 279      5649C89A 
 279      F6A11E6F 
 279      CC21D22F 
 279      C81E
 280 0187 EED3BE56 		.ascii	"\356\323\276Vb\261X\022,--H\024\321p-z@\215})\323\354"
 280      62B15812 
 280      2C2D2D48 
 280      14D1702D 
 280      7A408D7D 
 281 019e F56B3711 		.ascii	"\365k7\021~\201\366\367\015\036]\007\242<\2640\3042"
 281      7E81F6F7 
 281      0D1E5D07 
 281      A23CB430 
 281      C432
 282 01b0 4BE212FD 		.ascii	"K\342\022\375/\334\356<\363m\257\212\336'\267\324\300"
 282      2FDCEE3C 
 282      F36DAF8A 
 282      DE27B7D4 
 282      C0
 283 01c1 C93D3856 		.ascii	"\311=8VW\341\201\264\376\011\20435\306\242\351\360Q"
 283      57E181B4 
 283      FE098433 
 283      35C6A2E9 
 283      F051
 284 01d3 A0BD6819 		.ascii	"\240\275h\031*B\313\024\250\022\371\0033*A\257)P9\334"
 284      2A42CB14 
 284      A812F903 
 284      332A41AF 
ARM GAS  /tmp/cc0rut6J.s 			page 22


 284      295039DC 
 285 01e7 DC07370B 		.ascii	"\334\0077\013\201\321\336\2710\214,\026%\252@ZT\206"
 285      81D1DEB9 
 285      308C2C16 
 285      25AA405A 
 285      5486
 286 01f9 30E50043 		.ascii	"0\345\000C=\264\0024n\340@\376!\037\344\257\245\354"
 286      3DB40234 
 286      6EE040FE 
 286      211FE4AF 
 286      A5EC
 287 020b 79A3DF3E 		.ascii	"y\243\337>O\330\253\201\275Td\207\321\214_^{\225\214"
 287      4FD8AB81 
 287      BD546487 
 287      D18C5F5E 
 287      7B958C
 288 021e 7690BCEB 		.ascii	"v\220\274\353\364h\"\022$_/\030\011\216\261\274\213"
 288      F4682212 
 288      245F2F18 
 288      098EB1BC 
 288      8B
 289 022f 6A4072B1 		.ascii	"j@r\261(\271\372\311\222\367\313JF\273[f\2228:#V:\007"
 289      28B9FAC9 
 289      92F7CB4A 
 289      46BB5B66 
 289      92383A23 
 290 0246 2575898F 		.ascii	"%u\211\217<\351\224\374\216\220\305\325\345\2679\\\210"
 290      3CE994FC 
 290      8E90C5D5 
 290      E5B7395C 
 290      88
 291 0257 A88B47F3 		.ascii	"\250\213G\363\272\256\372\342rFd^+\277\253\301\265\214"
 291      BAAEFAE2 
 291      7246645E 
 291      2BBFABC1 
 291      B58C
 292 0269 18D83C95 		.ascii	"\030\330<\225\352\211\233\030q.\345F\237\016\2671\242"
 292      EA899B18 
 292      712EE546 
 292      9F0EB731 
 292      A2
 293 027a B969B65D 		.ascii	"\271i\266]\213{\030\261)\301\326\251\305\347\030\021"
 293      8B7B18B1 
 293      29C1D6A9 
 293      C5E71811 
 294 028a B5A76193 		.ascii	"\265\247a\223\0324\275\254\245\363:\264\375A\241\206"
 294      1A34BDAC 
 294      A5F33AB4 
 294      FD41A186 
 295 029a 9264A27C 		.ascii	"\222d\242|\211\325\035W-\005\202?{;\215\236\250\025"
 295      89D51D57 
 295      2D05823F 
 295      7B3B8D9E 
 295      A815
 296 02ac 2C3E2C5A 		.ascii	",>,Z\374\262hp\364\343\006\267\200\301/\363\0067\301"
 296      FCB26870 
 296      F4E306B7 
ARM GAS  /tmp/cc0rut6J.s 			page 23


 296      80C12FF3 
 296      0637C1
 297 02bf CD66E6CA 		.ascii	"\315f\346\312\266\271\246X\025\233}\231AGe\006\261\351"
 297      B6B9A658 
 297      159B7D99 
 297      41476506 
 297      B1E9
 298 02d1 8C495F4A 		.ascii	"\214I_J\246\363\010@h\024!\264\"q\372\013'\242KU\216"
 298      A6F30840 
 298      681421B4 
 298      2271FA0B 
 298      27A24B55 
 299 02e6 498A6193 		.ascii	"I\212a\223\324\006\374\015\"\377\021\364D\314\307d1"
 299      D406FC0D 
 299      22FF11F4 
 299      44CCC764 
 299      31
 300 02f7 A3BC63F7 		.ascii	"\243\274c\367\362\275\3600\363[afV\231\212\316\220'"
 300      F2BDF030 
 300      F35B6166 
 300      56998ACE 
 300      9027
 301 0309 21CF8CD9 		.ascii	"!\317\214\331oz\342q\366\254\275\347\324\030b\263\311"
 301      6F7AE271 
 301      F6ACBDE7 
 301      D41862B3 
 301      C9
 302 031a 113A7FF4 		.ascii	"\021:\177\364D\227\027\345\375\021!S\367\266\264{a;"
 302      449717E5 
 302      FD112153 
 302      F7B6B47B 
 302      613B
 303 032c E33D7DB7 		.ascii	"\343=}\267\336\242\306s\224\340\222O\015-(\221\277\216"
 303      DEA2C673 
 303      94E0924F 
 303      0D2D2891 
 303      BF8E
 304 033e 624F2E9E 		.ascii	"bO.\236\372&\012\260\237D:\324-b\377D\307\240'\212\320"
 304      FA260AB0 
 304      9F443AD4 
 304      2D62FF44 
 304      C7A0278A 
 305 0353 D1A74B45 		.ascii	"\321\247KE\360=\000\376\023\035\317\015\012\356[\332"
 305      F03D00FE 
 305      131DCF0D 
 305      0AEE5BDA 
 306 0363 137D7111 		.ascii	"\023}q\021[\317\211S\261\255:\\\312\210;\207;s}\361"
 306      5BCF8953 
 306      B1AD3A5C 
 306      CA883B87 
 306      3B737DF1 
 307 0377 3E468C4F 		.ascii	">F\214O\216\237\363\301U\214\310\270\3362\342\203k\030"
 307      8E9FF3C1 
 307      558CC8B8 
 307      DE32E283 
 307      6B18
 308 0389 D135323B 		.ascii	"\32152;\245\243\350\237!\344\256\346\321\030\035\256"
ARM GAS  /tmp/cc0rut6J.s 			page 24


 308      A5A3E89F 
 308      21E4AEE6 
 308      D1181DAE 
 309 0399 65CF2EA6 		.ascii	"e\317.\246\306\027i\360!F\344\314t\267\373R\306\027"
 309      C61769F0 
 309      2146E4CC 
 309      74B7FB52 
 309      C617
 310 03ab 0959969F 		.ascii	"\011Y\226\237sP\203\233\330\263\333\235e#\034>\302\010"
 310      7350839B 
 310      D8B3DB9D 
 310      65231C3E 
 310      C208
 311 03bd 21FFE868 		.ascii	"!\377\350h\376\361\232.n\310\327!?\366\267\304\317\337"
 311      FEF19A2E 
 311      6EC8D721 
 311      3FF6B7C4 
 311      CFDF
 312 03cf CF0AA6D9 		.ascii	"\317\012\246\331\223KK\376\230\036c)|\221:\240\027\034"
 312      934B4BFE 
 312      981E6329 
 312      7C913AA0 
 312      171C
 313 03e1 30829688 		.ascii	"0\202\226\210f\376t\231\202\316\030\030I\330\255\345"
 313      66FE7499 
 313      82CE1818 
 313      49D8ADE5 
 314 03f1 C51E1D2B 		.ascii	"\305\036\035+(\353YW\326>\344\302\273\317\301{\316\225"
 314      28EB5957 
 314      D63EE4C2 
 314      BBCFC17B 
 314      CE95
 315 0403 F73CE5FD 		.ascii	"\367<\345\375g\007k\251\203\365\264+\353qW\261%\016"
 315      67076BA9 
 315      83F5B42B 
 315      EB7157B1 
 315      250E
 316 0415 DE53F2BC 		.ascii	"\336S\362\274\242\330:\007\353\200+\353\005\027\326"
 316      A2D83A07 
 316      EB802BEB 
 316      0517D6
 317 0424 2207EBB7 		.ascii	"\"\007\353\267\262>\240\234i4\331X,\357\232\025\250"
 317      B23EA09C 
 317      6934D958 
 317      2CEF9A15 
 317      A8
 318 0435 131E9F20 		.ascii	"\023\036\237 \217\273x~\010\0054\006Q1\214\374\320E"
 318      8FBB787E 
 318      08053406 
 318      51318CFC 
 318      D045
 319 0447 6843D02E 		.ascii	"hC\320.C\273\002\355\022\264Ah\243\320l\310\217F\026"
 319      43BB02ED 
 319      12B44168 
 319      A3D06CC8 
 319      8F4616
 320 045a 555BE150 		.ascii	"U[\341P\333/\357#f8\211T\333\374\006\017\013\"<\012"
ARM GAS  /tmp/cc0rut6J.s 			page 25


 320      DB2FEF23 
 320      66388954 
 320      DBFC060F 
 320      0B223C0A 
 321 046e 3EECF83F 		.ascii	">\354\370?\"\310VV|Bg\341E\235\221\237\032j\002\304"
 321      22C85656 
 321      7C4267E1 
 321      459D919F 
 321      1A6A02C4 
 322 0482 C5B5B884 		.ascii	"\305\265\270\204B\225N\032\330Rf\005\272\212t\374\366"
 322      42954E1A 
 322      D8526605 
 322      BA8A74FC 
 322      F6
 323 0493 33B121EE 		.ascii	"3\261!\356\217\370&\215&\334\232\224\266\016A\330\244"
 323      8FF8268D 
 323      26DC9A94 
 323      B60E41D8 
 323      A4
 324 04a4 F10997F8 		.ascii	"\361\011\227\370\300\241\240\0034\216\363>\270\016>"
 324      C0A1A003 
 324      348EF33E 
 324      B80E3E
 325 04b3 9890D868 		.ascii	"\230\220\330hO\356\334\263\236\205\030HF\327xV\031\367"
 325      4FEEDCB3 
 325      9E851848 
 325      46D77856 
 325      19F7
 326 04c5 522B73E2 		.ascii	"R+s\342\210\225\343\217Y\011p\3462G\343=\261\235E\367"
 326      8895E38F 
 326      590970E6 
 326      3247E33D 
 326      B19D45F7 
 327 04d9 D0C1B629 		.ascii	"\320\301\266)\015\276\317\210m\225\2633Z\274\300\210"
 327      0DBECF88 
 327      6D95B333 
 327      5ABCC088 
 328 04e9 8ED2DC2F 		.ascii	"\216\322\334/p<&}\345\350\216\312\203\276\310\177\331"
 328      703C267D 
 328      E5E88ECA 
 328      83BEC87F 
 328      D9
 329 04fa 329AA812 		.ascii	"2\232\250\022`\235\337\205\034u\033a\311V\235\015\367"
 329      609DDF85 
 329      1C751B61 
 329      C9569D0D 
 329      F7
 330 050b 67DF210F 		.ascii	"g\337!\017\240\353I\2574a\331\323-\370E\005zm\031z\025"
 330      A0EB49AF 
 330      3461D9D3 
 330      2DF84505 
 330      7A6D197A 
 331 0520 60DE01B3 		.ascii	"`\336\001\263\310#\005\232\004\344v\226\253F2&7\252"
 331      C823059A 
 331      04E47696 
 331      AB463226 
 331      37AA
ARM GAS  /tmp/cc0rut6J.s 			page 26


 332 0532 B43C77C2 		.ascii	"\264<w\302\323\270\263\023\263\023tN\216\237\0020\242"
 332      D3B8B313 
 332      B313744E 
 332      8E9F0230 
 332      A2
 333 0543 E3A71D8E 		.ascii	"\343\247\035\216?;\232\326\212p\022\265\001\315\315"
 333      3F3B9AD6 
 333      8A7012B5 
 333      01CDCD
 334 0552 C76EF5C5 		.ascii	"\307n\365\305\351\214\330z\252\277V\211\2673\"\361b"
 334      E98CD87A 
 334      AABF5689 
 334      B73322F1 
 334      62
 335 0563 71B71A17 		.ascii	"q\267\032\027`\247-f)\333b6wmk\305\224\\\244I/}tz7\022"
 335      60A72D66 
 335      29DB6236 
 335      776D6BC5 
 335      945CA449 
 336 057d B60267D3 		.ascii	"\266\002g\323\346\000\354R>\021?\0004\017\035U\300C"
 336      E600EC52 
 336      3E113F00 
 336      340F1D55 
 336      C043
 337 058f 1BAD021E 		.ascii	"\033\255\002\036\001\314Y17.\025\267\001\333\371\335"
 337      01CC5931 
 337      372E15B7 
 337      01DBF9DD 
 338 059f 7F9117BA 		.ascii	"\177\221\027\272\340Nh^L\027\255\025\346A\350\214(\364"
 338      E04E685E 
 338      4C17AD15 
 338      E641E88C 
 338      28F4
 339 05b1 916473B1 		.ascii	"\221ds\261\345\317\254\221\227j\341\334H\275^0\364\003"
 339      E5CFAC91 
 339      976AE1DC 
 339      48BD5E30 
 339      F403
 340 05c3 227511A4 		.ascii	"\"u\021\244\336\027\245\316\213R\321\205\262\363\307"
 340      DE17A5CE 
 340      8B52D185 
 340      B2F3C7
 341 05d2 302E67DE 		.ascii	"0.g\336\3529\233\035\347\215\017P\202;;\037\277D^_\254"
 341      EA399B1D 
 341      E78D0F50 
 341      823B3B1F 
 341      BF445E5F 
 342 05e7 1B7DD639 		.ascii	"\033}\3269\213\305S\201b8-\212\346d\265\215\336\275"
 342      8BC55381 
 342      62382D8A 
 342      E664B58D 
 342      DEBD
 343 05f9 50A4C387 		.ascii	"P\244\303\207\231\266\242\221\223\351\336t\253\372)"
 343      99B6A291 
 343      93E9DE74 
 343      ABFA29
 344 0608 21776C98 		.ascii	"!wl\230~\250\304mLyM\362P\034\226\327\276\321\235\366"
ARM GAS  /tmp/cc0rut6J.s 			page 27


 344      7EA8C46D 
 344      4C794DF2 
 344      501C96D7 
 344      BED19DF6 
 345 061c 05AA3D01 		.ascii	"\005\252=\001\264o\220\327>|\275i\217\022\3670\355C"
 345      B46F90D7 
 345      3E7CBD69 
 345      8F12F730 
 345      ED43
 346 062e 334347D4 		.ascii	"3CG\324T\373\012\2721\236\037X\360\304}\354Y_q\257\325"
 346      54FB0ABA 
 346      319E1F58 
 346      F0C47DEC 
 346      595F71AF 
 347 0643 175F6444 		.ascii	"\027_dD\377\300\261\\5\036cD\375\226\2426\035\276\301"
 347      FFC0B15C 
 347      351E6344 
 347      FD96A236 
 347      1DBEC1
 348 0656 88A3FB1B 		.ascii	"\210\243\373\033~\217\027X\277\262\271t\243\206\212"
 348      7E8F1758 
 348      BFB2B974 
 348      A3868A
 349 0665 FB829033 		.ascii	"\373\202\2203q\366\215Z\272\315\350\350>\326y\375\262"
 349      71F68D5A 
 349      BACDE8E8 
 349      3ED679FD 
 349      B2
 350 0676 1AC72A29 		.ascii	"\032\307*)ku\301\356\203\214\365]\272=m\330z\226\303"
 350      6B75C1EE 
 350      838CF55D 
 350      BA3D6DD8 
 350      7A96C3
 351 0689 69ECD9B6 		.ascii	"i\354\331\266\316\213\2768\237\365\217'\025\234\366"
 351      CE8BBE38 
 351      9FF58F27 
 351      159CF6
 352 0698 C0D58CA8 		.ascii	"\300\325\214\250\275\265;K\205\017Q\202\253\316m\313"
 352      BDB53B4B 
 352      850F5182 
 352      ABCE6DCB 
 353 06a8 D1F07586 		.ascii	"\321\360u\2065\031#\264\015\214\316\346\276k!\230\303"
 353      351923B4 
 353      0D8CCEE6 
 353      BE6B2198 
 353      C3
 354 06b9 C9168271 		.ascii	"\311\026\202qW\353\2620na\372fO\216\225\250q;#2\033"
 354      57EBB230 
 354      6E61FA66 
 354      4F8E95A8 
 354      713B2332 
 355 06ce 77A433C4 		.ascii	"w\2443\304\026J\333/\247>\364\306=\354a\364\365\034"
 355      164ADB2F 
 355      A73EF4C6 
 355      3DEC61F4 
 355      F51C
 356 06e0 2BC2E718 		.ascii	"+\302\347\030q%\276:W\211/3\"\2534\367\241\007\276\312"
ARM GAS  /tmp/cc0rut6J.s 			page 28


 356      7125BE3A 
 356      57892F33 
 356      22AB34F7 
 356      A107BECA 
 357 06f4 888CCD97 		.ascii	"\210\214\315\227\017\350\360mF\354\273>\271E\205\357"
 357      0FE8F06D 
 357      46ECBB3E 
 357      B94585EF 
 358 0704 31A26AE2 		.ascii	"1\242j\342\302\353x\216Y\2263}\345\004r[\233\355\341"
 358      C2EB788E 
 358      5996337D 
 358      E504725B 
 358      9BEDE1
 359 0717 E46B332B 		.ascii	"\344k3+$\005\264\033|P\310=^g\201\206\334K{\362t8AE"
 359      2405B41B 
 359      7C50C83D 
 359      5E678186 
 359      DC4B7BF2 
 360 072f D5ED8C3A 		.ascii	"\325\355\214:\237\241\302)\214X(\330\004\265Y\006#\206"
 360      9FA1C229 
 360      8C5828D8 
 360      04B55906 
 360      2386
 361 0741 2BAE4D70 		.ascii	"+\256Mpx\027#\262O&\237\321\341jF$\037\261\235V\341"
 361      781723B2 
 361      4F269FD1 
 361      E16A4624 
 361      1FB19D56 
 362 0756 469553DC 		.ascii	"F\225S\334\352X\334\026\017\234;\256\306\307UNQ\245"
 362      EA58DC16 
 362      0F9C3BAE 
 362      C6C7554E 
 362      51A5
 363 0768 6351956B 		.ascii	"cQ\225k\233\036\326\340\036\366\354\362\261\350sJ\334"
 363      9B1ED6E0 
 363      1EF6ECF2 
 363      B1E8734A 
 363      DC
 364 0779 CF88A896 		.ascii	"\317\210\250\226\3623\214\361W\264~i\313\234\366\302"
 364      F2338CF1 
 364      57B47E69 
 364      CB9CF6C2 
 365 0789 23EC594C 		.ascii	"#\354YLLS\273\012\337R9E\213\216F\313o.\017\027\304"
 365      4C53BB0A 
 365      DF523945 
 365      8B8E46CB 
 365      6F2E0F17 
 366 079e 0A058BBF 		.ascii	"\012\005\213\277\316o\211?\271.\241\305\313\222%:\035"
 366      CE6F893F 
 366      B92EA1C5 
 366      CB92253A 
 366      1D
 367 07af E9F9D35A 		.ascii	"\351\371\323Z\206\334\324}\217\3255:\362\257\316\237"
 367      86DCD47D 
 367      8FD5353A 
 367      F2AFCE9F 
 368 07bf FE910AC7 		.ascii	"\376\221\012\307b\277Uk\373Q}\265\245%\026\323\227"
ARM GAS  /tmp/cc0rut6J.s 			page 29


 368      62BF556B 
 368      FB517DB5 
 368      A52516D3 
 368      97
 369 07d0 8864F0DB 		.ascii	"\210d\360\333e\356{r\373\017\335\2217\227\222\035\231"
 369      65EE7B72 
 369      FB0FDD91 
 369      3797921D 
 369      99
 370 07e1 78B81238 		.ascii	"x\270\0228/p\222\235\252\202s.E\354\245\365\366\225"
 370      2F70929D 
 370      AA82732E 
 370      45ECA5F5 
 370      F695
 371 07f3 197467EB 		.ascii	"\031tg\353\341t\310\012\374\335\234\373r\244\362Vm\335"
 371      E174C80A 
 371      FCDD9CFB 
 371      72A4F256 
 371      6DDD
 372 0805 8F732CD6 		.ascii	"\217s,\326#\010\035\006\366\324'\002\261\3306\026\237"
 372      23081D06 
 372      F6D42702 
 372      B1D83616 
 372      9F
 373 0816 A43B3A01 		.ascii	"\244;:\001\275\351)\240;\257\251\262W\320l\024\307\203"
 373      BDE929A0 
 373      3BAFA9B2 
 373      57D06C14 
 373      C783
 374 0828 E633082B 		.ascii	"\3463\010+\"\3429a{\265\217\327[\275;!{\240o\201)S\214"
 374      22E23961 
 374      7BB58FD7 
 374      5BBD3B21 
 374      7BA06F81 
 375 083f A14E6EC9 		.ascii	"\241Nn\311\343\005\357I\200)nO\000\332\261\247\337\252"
 375      E305EF49 
 375      80296E4F 
 375      00DAB1A7 
 375      DFAA
 376 0851 6DF43FC4 		.ascii	"m\364?\304\234z\005\230\012\334\343\223\326L\007\340"
 376      9C7A0598 
 376      0ADCE393 
 376      D64C07E0 
 377 0861 F141FABA 		.ascii	"\361A\372\272\002\321MP\222z\341\006\364[9?t\012\332"
 377      02D14D50 
 377      927AE106 
 377      F45B393F 
 377      740ADA
 378 0874 7968BDD0 		.ascii	"yh\275\320\316B\033\201\326\007\315\006\255\001\332"
 378      CE421B81 
 378      D607CD06 
 378      AD01DA
 379 0883 55681DD0 		.ascii	"Uh\035\320\332\241\015C\033\207V\013\355\034\264\011"
 379      DAA10D43 
 379      1B87560B 
 379      ED1CB409 
 380 0893 68173956 		.ascii	"h\0279Vs\0203+\307\353\3470\331\016\232AI\255\270\035"
ARM GAS  /tmp/cc0rut6J.s 			page 30


 380      7310332B 
 380      C7EBE730 
 380      D90E9A41 
 380      49ADB81D 
 381 08a7 5C10ACE4 		.ascii	"\\\020\254\344\347\243\354%6\037d\372\352\221\313t\273"
 381      E7A3EC25 
 381      361F64FA 
 381      EA91CB74 
 381      BB
 382 08b8 F8787637 		.ascii	"\370xv7\011\014\201\263\363\011\234\023N\234c\362\234"
 382      090C81B3 
 382      F3099C13 
 382      4E9C63F2 
 382      9C
 383 08c9 74364AEB 		.ascii	"t6J\353+\377D^\234\372\201'_\234\214n\001\246l\261u"
 383      2BFF445E 
 383      9CFA8127 
 383      5F9C8C6E 
 383      01A66CB1 
 384 08de 061C36C6 		.ascii	"\006\0346\306;\317\016\375\243\234\243\330\262\220\030"
 384      3BCF0EFD 
 384      A39CA3D8 
 384      B29018
 385 08ed FB09B3A9 		.ascii	"\373\011\263\251\015XJ]C\370\202s5m\251,i\250\301Q\224"
 385      0D584A5D 
 385      43F88273 
 385      356DA92C 
 385      69A8C151 
 386 0902 9F04C456 		.ascii	"\237\004\304V\340\357\202\353\026n\031\215^\227\230"
 386      E0EF82EB 
 386      166E198D 
 386      5E9798
 387 0911 04E985BC 		.ascii	"\004\351\205\274t2\333E\362\322%\323n\245\310\035\322"
 387      7432DB45 
 387      F2D225D3 
 387      6EA5C81D 
 387      D2
 388 0922 B238E638 		.ascii	"\2628\3468\202\3746 ?\002\323v\232\223\224\212\245\365"
 388      82FC3620 
 388      3F02D376 
 388      9A93948A 
 388      A5F5
 389 0934 B3FC821A 		.ascii	"\263\374\202\032\004\357\355\222_P\014\2754\256\322"
 389      04EFED92 
 389      5F500CBD 
 389      34AED2
 390 0943 40413AC4 		.ascii	"@A:\3048\312\340\361\023\005\267@\301qP0\311+\220\016"
 390      38CAE0F1 
 390      1305B740 
 390      C1715030 
 390      C92B900E 
 391 0957 C88501A4 		.ascii	"\310\205\001\244(F;y\025d\300\035\030p\015\006\324A"
 391      28463B79 
 391      1564C01D 
 391      18700D06 
 391      D441
 392 0969 3BC10F92 		.ascii	";\301\017\222\256\206fNZ%\223\351e\323\345\216\007\015"
ARM GAS  /tmp/cc0rut6J.s 			page 31


 392      AE86664E 
 392      5A2593E9 
 392      65D3E58E 
 392      070D
 393 097b 8040914D 		.ascii	"\200@\221M\252\337\341\221F`y\202Gh\366z\211\317^\244"
 393      AADFE191 
 393      46607982 
 393      4768F67A 
 393      89CF5EA4 
 394 098f 6ABEE11A 		.ascii	"j\276\341\032\244\256\257G\266\344\343,m\020\305\207"
 394      A4AEAF47 
 394      B6E4E32C 
 394      6D10C587 
 395 099f 64435AF2 		.ascii	"dCZ\362.\365\300\021\251\207dcZ|\373\200\3041\246\353"
 395      2EF5C011 
 395      A9876463 
 395      5A7CFB80 
 395      C431A6EB 
 396 09b3 208983C4 		.ascii	" \211\203\304U\261\030\253c\322%\005p\213\276\317\347"
 396      55B118AB 
 396      63D22505 
 396      708BBECF 
 396      E7
 397 09c4 05A866D1 		.ascii	"\005\250f\321=W\000\256/~\333\366\012\000n\272\262\366"
 397      3D5700AE 
 397      2F7EDBF6 
 397      0A006EBA 
 397      B2F6
 398 09d6 B9B0E6D2 		.ascii	"\271\260\346\322\304L\262M\225k\334UsN\254\266\224\275"
 398      C44CB24D 
 398      956BDC55 
 398      734EACB6 
 398      94BD
 399 09e8 CC07E43C 		.ascii	"\314\007\344<\242]\336c\217\345&GH\034\203ixRH\360\336"
 399      A25DDE63 
 399      8FE52647 
 399      481C8369 
 399      785248F0 
 400 09fd A8D49511 		.ascii	"\250\324\225\021o\220\024\231\"z\243\207\323)\036\213"
 400      6F901499 
 400      227AA387 
 400      D3291E8B 
 401 0a0d 3647DAAB 		.ascii	"6G\332\253\343\261\374\177\244=\336\375\266\327y\367"
 401      E3B1FC7F 
 401      A43DDEFD 
 401      B6D779F7 
 402 0a1d 7FA24335 		.ascii	"\177\242C5\256~:\340\354'k\023}\373\274\016&\354p\237"
 402      AE7E3AE0 
 402      EC276B13 
 402      7DFBBC0E 
 402      26EC709F 
 403 0a31 C0A5E1DD 		.ascii	"\300\245\341\335\357\264\004\006\231\261\3512IJA\245"
 403      EFB40406 
 403      99B1E932 
 403      494A41A5 
 404 0a41 113B6F82 		.ascii	"\021;o\202\235\207\000\347Ah\243\320\352\241]\202\326"
 404      9D8700E7 
ARM GAS  /tmp/cc0rut6J.s 			page 32


 404      4168A3D0 
 404      EAA15D82 
 404      D6
 405 0a52 046D4882 		.ascii	"\004mH\202\3356\304\357wd\353\335\373\224\375\3560\335"
 405      DD36C4EF 
 405      7764EBDD 
 405      FB94FDEE 
 405      30DD
 406 0a64 EF48AD1F 		.ascii	"\357H\255\037%\267\337\211\371\315:\367*\210$\251\255"
 406      25B7DF89 
 406      F9CD3AF7 
 406      2A8824A9 
 406      AD
 407 0a75 8C67742C 		.ascii	"\214gt,\275r\227\240\331.Y8\267\344\203Q\262r\362\250"
 407      BD7297A0 
 407      D92E5938 
 407      B7E48351 
 407      B272F2A8 
 408 0a89 EBC0C99B 		.ascii	"\353\300\311\233\237\266\365\271d\357\022\016\313fo"
 408      9FB6F5B9 
 408      64EF120E 
 408      CB666F
 409 0a98 A99BBB9D 		.ascii	"\251\233\273\235\334|E\334wm'\367\236\364\262\200\351"
 409      DC7C45DC 
 409      776D27F7 
 409      9EF4B280 
 409      E9
 410 0aa9 A4F44F94 		.ascii	"\244\364O\2243=\211s$\353\322\372qIj\317\3433\235\373"
 410      333D8973 
 410      24EBD2FA 
 410      71496ACF 
 410      E3339DFB 
 411 0abd D46E7D8D 		.ascii	"\324n}\215\245vRp\354\223\257}\304\031(\246\253\221"
 411      A5765270 
 411      EC93AF7D 
 411      C41928A6 
 411      AB91
 412 0acf 2CB0FDF2 		.ascii	",\260\375\362\253\221\371JjU\227\223U\327\231U\364\235"
 412      AB91F94A 
 412      6A559793 
 412      55D79955 
 412      F49D
 413 0ae1 3F919E6C 		.ascii	"?\221\236l\220\315\331\371\235\237>|\270\306\2238X\346"
 413      90CDD9F9 
 413      9D9F3E7C 
 413      B8C69338 
 413      58E6
 414 0af3 91BDA4A1 		.ascii	"\221\275\244\241\362\203h\330>\273dG\222\"\345\205l"
 414      F28368D8 
 414      3EBB6447 
 414      9222E585 
 414      6C
 415 0b04 B2483B65 		.ascii	"\262H;e\237\203\203\306h\221\320-\377\030<\362\002y"
 415      9F8383C6 
 415      6891D02D 
 415      FF183CF2 
 415      0279
ARM GAS  /tmp/cc0rut6J.s 			page 33


 416 0b16 3CF6D863 		.ascii	"<\366\330c+S\336\370'\266W\221W\222\355\374\316#\227"
 416      2B53DEF8 
 416      27B65791 
 416      5792EDFC 
 416      CE2397
 417 0b29 664869FB 		.ascii	"fHi\373\260aQ\253$\337\012\210w\377NO\237\367\307\024"
 417      B06151AB 
 417      24DF0A88 
 417      77FF4E4F 
 417      9FF7C714 
 418 0b3d 35EBE83D 		.ascii	"5\353\350=\022rw9z3%\275\243\005\277\220\311G\3163J"
 418      12727739 
 418      7A3325BD 
 418      A305BF90 
 418      C947CE33 
 419 0b52 CA2F3922 		.ascii	"\312/9\"\340^\200\177\2478%\023\333?\3200\205\361\035"
 419      E05E807F 
 419      A7382513 
 419      DB3FD030 
 419      85F11D
 420 0b65 0F5A3E0F 		.ascii	"\017Z>\017\326\3664{,\337i\261V\332\03744zo\005l\026"
 420      D6F6347B 
 420      2CDF69B1 
 420      56DA1F34 
 420      347A6F05 
 421 0b7b DBE2E20F 		.ascii	"\333\342\342\017\351(t\317\221\244\024\244O\355@\367"
 421      E92874CF 
 421      91A414A4 
 421      4FED40F7 
 422 0b8b B9E530B0 		.ascii	"\271\3450\260%j\362\276\267Tg\217S\3357Cu\376\235W\231"
 422      256AF2BE 
 422      B754678F 
 422      53DD3743 
 422      75FE9D57 
 423 0ba0 BEE16EA7 		.ascii	"\276\341n\247'NW\263\267\307\273Si\276T\245mv\264\035"
 423      274E57B3 
 423      B7C7BB53 
 423      69BE54A5 
 423      6D76B41D 
 424 0bb4 968FA565 		.ascii	"\226\217\245eq\361\035:\004\315J\024\316\012\012\037"
 424      71F11D3A 
 424      04CD4A14 
 424      CE0A0A1F 
 425 0bc4 50854FF7 		.ascii	"P\205O\367\306C\346\215\015\266\321\277J\201IN`\025"
 425      C643E68D 
 425      0DB6D1BF 
 425      4A81494E 
 425      6015
 426 0bd6 688EE27A 		.ascii	"h\216\342z$\370\242\246\343\376\220\017\336\301\200"
 426      24F8A2A6 
 426      E3FE900F 
 426      DEC180
 427 0be5 3DAABDDC 		.ascii	"=\252\275\334\245a\300\212\332\014-\261\226\271\305"
 427      A561C08A 
 427      DA0C2DB1 
 427      96B9C5
 428 0bf4 454C87A0 		.ascii	"EL\207\240y\011\256y\001\327\002\305U5\333|QE1,:p\215"
ARM GAS  /tmp/cc0rut6J.s 			page 34


 428      7909AE79 
 428      01D702C5 
 428      5535DB7C 
 428      5145312C 
 429 0c0b 649E4BF0 		.ascii	"d\236K\360u\213\301\202\011\206E\001\303\226\221\312"
 429      758BC182 
 429      09864501 
 429      C39691CA 
 430 0c1b 8B2A5CCC 		.ascii	"\213*\\\3140T\335\260\237\324\002\006\033\211\304\312"
 430      3054DDB0 
 430      9FD40206 
 430      1B89C4CA 
 431 0c2b DF4715C4 		.ascii	"\337G\025\304[\251\177\320\017\3110\024\205E\034\320"
 431      5BA97FD0 
 431      0FC93014 
 431      85451CD0 
 432 0c3b 6738A231 		.ascii	"g8\2421\301\021\337>\177\335\327\341\013\206\243\241"
 432      C111DF3E 
 432      7FDDD7E1 
 432      0B86A3A1 
 433 0c4b 7B721EB9 		.ascii	"{r\036\271\237\244X\012$\006\363@\036fL\226iq-\003\222"
 433      9FA4580A 
 433      2406F340 
 433      1E664C96 
 433      69712D03 
 434 0c60 32BE2346 		.ascii	"2\276#FG\201\330J\253\3149\226\374h\313\002\300\240"
 434      4781D84A 
 434      ABCC3996 
 434      FC68CB02 
 434      C0A0
 435 0c72 83509C04 		.ascii	"\203P\234\004F\234\000#\236\302\330\264q&Q\215\2172"
 435      469C0023 
 435      9EC2D8B4 
 435      7126518D 
 435      8F32
 436 0c84 211BDA52 		.ascii	"!\033\332R\032\325L\310\276\252/$B\210O7H\204l\020\204"
 436      1AD54CC8 
 436      BEAA2F24 
 436      42884F37 
 436      48846C10 
 437 0c99 245021E9 		.ascii	"$P!\351\215\371\321\236\354\205\372y\372\346Y\0227\311"
 437      8DF9D19E 
 437      EC85FA79 
 437      FAE65912 
 437      37C9
 438 0cab 3E83F5D2 		.ascii	">\203\365\322S\373\370\201:\003\356e:j[\247\237\305"
 438      53FBF881 
 438      3A03EE65 
 438      3A6A5BA7 
 438      9FC5
 439 0cbd 9758BF61 		.ascii	"\227X\277a\366\340^\037:\316\306^\016\033\307\357\261"
 439      F6E05E1F 
 439      3ACEC65E 
 439      0E1BC7EF 
 439      B1
 440 0cce 63EF97E8 		.ascii	"c\357\227\350\253\370\374\2431\037|\225\361\326\357"
 440      ABF8FCA3 
ARM GAS  /tmp/cc0rut6J.s 			page 35


 440      311F7C95 
 440      F1D6EF
 441 0cdd AE2DF6C6 		.ascii	"\256-\366\306S\214H\337z\255\332\007GyRbcq\327\250\016"
 441      538C48DF 
 441      7AADDA07 
 441      47795262 
 441      6371D7A8 
 442 0cf2 6F64447D 		.ascii	"odD}\365\201\\\016\2472\342ZT~\256\017\316bD\333\226"
 442      F5815C0E 
 442      A732E25A 
 442      547EAE0F 
 442      CE6244DB 
 443 0d07 89BFE29D 		.ascii	"\211\277\342\235\254\177f\344\354\036o\274\207\022\236"
 443      AC7F66E4 
 443      EC1E6FBC 
 443      87129E
 444 0d16 BBAC9BF6 		.ascii	"\273\254\233\366\252\221\337\022\366\022JSp]\217\270"
 444      AA91DF12 
 444      F6124A53 
 444      705D8FB8 
 445 0d26 4F6482DD 		.ascii	"Od\202\335\331\330\315>!-\001\222\3612\264\031\003C"
 445      D9D8CD3E 
 445      212D0192 
 445      F132B419 
 445      0343
 446 0d38 2A3F82A4 		.ascii	"*?\202\244\377\235\330\037m\307~h\007\264m\320r\240"
 446      FF9DD81F 
 446      6DC77E68 
 446      07B46DD0 
 446      72A0
 447 0d4a 6D85968B 		.ascii	"m\205\226\213\245'\304\345B\205\264E^\231\370\306XV"
 447      A527C4E5 
 447      4285B445 
 447      5E99F8C6 
 447      5856
 448 0d5c CE909142 		.ascii	"\316\220\221B1\303\225\371\270\353\316X\374:\2773\246"
 448      31C395F9 
 448      B8EBCE58 
 448      FC3ABF33 
 448      A6
 449 0d6d F1ACF23B 		.ascii	"\361\254\362;C\264\265\244\\H\365\351\362B\305=\264"
 449      43B4B5A4 
 449      5C48F5E9 
 449      F242C53D 
 449      B4
 450 0d7e 41E29B2C 		.ascii	"A\342\233,WfI\355G\023{Q2\311\372\300\362\330I/w\254"
 450      576649ED 
 450      47137B51 
 450      32C9FAC0 
 450      F2D8492F 
 451 0d94 68A14F85 		.ascii	"h\241O\205\374\227\360\265V\243w\023I\343V\220\226\342"
 451      FC97F0B5 
 451      56A37713 
 451      49E35690 
 451      96E2
 452 0da6 88343A92 		.ascii	"\2104:\222\376\311::\017\234\373]\035\015\263~\251\360"
 452      FEC93A3A 
ARM GAS  /tmp/cc0rut6J.s 			page 36


 452      0F9CFB5D 
 452      1D0DB37E 
 452      A9F0
 453 0db8 7CAD1257 		.ascii	"|\255\022W\262\020(\236>v\023\343\203\214\330\267\277"
 453      B210289E 
 453      3E7613E3 
 453      838CD8B7 
 453      BF
 454 0dc9 A5D30B77 		.ascii	"\245\323\013w3\342\330\251\213\245\036\354\233\023;"
 454      33E2D8A9 
 454      8BA51EEC 
 454      9B133B
 455 0dd8 2EEAAA1B 		.ascii	".\352\252\033d\207_\337#d{\301\350\026\015\036\345#"
 455      64875FDF 
 455      23647BC1 
 455      E8160D1E 
 455      E523
 456 0dea 6C5F3414 		.ascii	"l_4\024\007S\214\310\312\310\254\325\340X\015%\306\212"
 456      07538CC8 
 456      CAC8ACD5 
 456      E0580D25 
 456      C68A
 457 0dfc 0BBABCF1 		.ascii	"\013\272\274\361&\215\323\207\037\037\366\341g\333\371"
 457      268DD387 
 457      1F1FF6E1 
 457      67DBF9
 458 0e0b 2BD3984A 		.ascii	"+\323\230J\244\313\343\344Nk\215/\336\302X3OlOQ\341"
 458      A4CBE3E4 
 458      4E6B8D2F 
 458      DEC25833 
 458      4F6C4F51 
 459 0e20 9D8C481D 		.ascii	"\235\214H\035N?\243\304{5N\207\277\313\331\341\357\326"
 459      4E3FA3C4 
 459      7B354E87 
 459      BFCBD9E1 
 459      EFD6
 460 0e32 1BB3359E 		.ascii	"\033\2635\236\224$i\217|S\035\354\035\026\216\321\354"
 460      9424698F 
 460      7C531DEC 
 460      1D168ED1 
 460      EC
 461 0e43 9D07AFD0 		.ascii	"\235\007\257\320c\335j\014\033\275\350\317\345\322\257"
 461      63DD6A0C 
 461      1BBDE8CF 
 461      E5D2AF
 462 0e52 7596188B 		.ascii	"u\226\030\213\252\310\007f\006\374YJ\374Y\005>\\\316"
 462      AAC80766 
 462      06FC594A 
 462      FC59053E 
 462      5CCE
 463 0e64 1F4855C0 		.ascii	"\037HU\300\315JL\2770\356\037\271\235\244u|\006>\272"
 463      CD4A4CBF 
 463      30EE1FB9 
 463      9DA4757C 
 463      063EBA
 464 0e77 997E37AC 		.ascii	"\231~7\254\001\301\345\242`\320\363$\311\373\345%\267"
 464      01C1E5A2 
ARM GAS  /tmp/cc0rut6J.s 			page 37


 464      60D0F324 
 464      C9FBE525 
 464      B7
 465 0e88 56F56DC3 		.ascii	"V\365m\303\202\344\361\372\232\225d\247?\010\222\313"
 465      82E4F1FA 
 465      9A9564A7 
 465      3F0892CB 
 466 0e98 44C9354F 		.ascii	"D\3115O\226|@V2*8\323t\000\341j\346\271#\337\326e!\232"
 466      967C4056 
 466      322A38D3 
 466      7400E16A 
 466      E6B923DF 
 467 0eb0 6B3F1152 		.ascii	"k?\021R\355Ls\333\244\207\333\224_O3m\235\220i\033."
 467      ED4C73DB 
 467      A487DB94 
 467      5F4F336D 
 467      9D90691B 
 468 0ec5 4F756970 		.ascii	"Ouip\003\023V\226Q\333\342\345t\302\017\334\222\261"
 468      03135696 
 468      51DBE2E5 
 468      74C20FDC 
 468      92B1
 469 0ed7 0D58FC64 		.ascii	"\015X\374d\310\225\235)\312\364B:\177w\354\3500\300"
 469      C8959D29 
 469      CAF4423A 
 469      7F77ECE8 
 469      30C0
 470 0ee9 1747D035 		.ascii	"\027G\3205\323\030\243\2055\323\0107\017\211^\000\036"
 470      D318A385 
 470      35D30837 
 470      0F895E00 
 470      1E
 471 0efa 61E5A05D 		.ascii	"a\345\240]\323\031\365^\370\030\203Sb\313{\340\203\273"
 471      D319F55E 
 471      F8188353 
 471      62CB7BE0 
 471      83BB
 472 0f0c 29A17D38 		.ascii	")\241}8\267\373(\2025E\223\231\316\317\237\312\353,"
 472      B7FB2882 
 472      35459399 
 472      CECF9FCA 
 472      EB2C
 473 0f1e 780EE4B5 		.ascii	"x\016\344\265\302:\331#\312;*\267\260\012\301\177\273"
 473      C23AD923 
 473      CA3B2AB7 
 473      B00AC17F 
 473      BB
 474 0f2f 89535B00 		.ascii	"\211S[\000\325Q~auB\377\010,\244\016hm\320\216Ak\307"
 474      D5517E61 
 474      7542FF08 
 474      2CA40E68 
 474      6DD08E41 
 475 0f45 4E2F24F6 		.ascii	"N/$\3667\370\027\222\343\000\272\010\224\034\305\262"
 475      37F81792 
 475      E300BA08 
 475      941CC5B2 
 476 0f55 E721B2BA 		.ascii	"\347!\262\272\366\362\374\337E\227m\250\224%\037\342"
ARM GAS  /tmp/cc0rut6J.s 			page 38


 476      F6F2FCDF 
 476      45976DA8 
 476      94251FE2 
 477 0f65 9D265745 		.ascii	"\235&WE\217}F\274\234\344Q\264\202\306S\255\240D\010"
 477      8F7D46BC 
 477      9CE451B4 
 477      82C653AD 
 477      A04408
 478 0f78 1BD7AC36 		.ascii	"\033\327\2546\321\305\004C\2004\273\312\225\344`\351"
 478      D1C50443 
 478      8034BBCA 
 478      95E460E9 
 479 0f88 3CB66269 		.ascii	"<\266bi\255{\034;*x\353 -\234\2113\212e\235!\371\340"
 479      AD7B1C3B 
 479      2A78EB20 
 479      2D9C8933 
 479      8A659D21 
 480 0f9e 7731     		.ascii	"w1"
 481 0fa0 8924C8A3 		.ascii	"\211$\310\2432\011\022\245\037\351\254\345\360\031:"
 481      320912A5 
 481      1FE9ACE5 
 481      F0193A
 482 0faf B31EA92D 		.ascii	"\263\036\251-\325\235>l\223b[\324\034\017Xpy\367\323"
 482      D59D3E6C 
 482      93625BD4 
 482      1C0F5870 
 482      79F7D3
 483 0fc2 5DEE3842 		.ascii	"]\3568B)\340\371\211\313{\301\345]\340\346\223\320z"
 483      29E0F989 
 483      CB7BC1E5 
 483      5DE0E693 
 483      D07A
 484 0fd4 A07D2B75 		.ascii	"\240}+uwB\371f\235E\342\302\356'\271pA\202\250X\026"
 484      7742F966 
 484      9D45E2C2 
 484      EE27B970 
 484      4182A858 
 485 0fe9 91E40823 		.ascii	"\221\344\010#[\"\371\204\274d \005/=\242^\352\226\333"
 485      5B22F984 
 485      BC642005 
 485      2F3DA25E 
 485      EA96DB
 486 0ffc 46C61B7A 		.ascii	"F\306\033z"
 487 1000 07346889 		.ascii	"\0074h\211\277\254\241\247\301\270\247\031\312\347\236"
 487      BFACA1A7 
 487      C1B8A719 
 487      CAE79E
 488 100f 3A9F7EB2 		.ascii	":\237~\262\377\234\002\356]\3422\351\026\226\0119\375"
 488      FF9C02EE 
 488      5DE232E9 
 488      16960939 
 488      FD
 489 1020 1E9A9852 		.ascii	"\036\232\230R\342!\266\354\012\026\362*<\361UF\264\\"
 489      E221B6EC 
 489      0A16F22A 
 489      3CF15546 
 489      B45C
ARM GAS  /tmp/cc0rut6J.s 			page 39


 490 1032 89EBF3C6 		.ascii	"\211\353\363\306\367\370d3\322\235\244!\371!\346i_\000"
 490      F7F86433 
 490      D29DA421 
 490      F921E669 
 490      5F00
 491 1044 B3EACAEE 		.ascii	"\263\352\312\356ip\234\226~{=\325[\330\357\011\023\014"
 491      69709C96 
 491      7E7B3DD5 
 491      5BD8EF09 
 491      130C
 492 1056 B31B1B03 		.ascii	"\263\033\033\003kj\374\355n\266\246\316\201;\317\003"
 492      6B6AFCED 
 492      6EB6A6CE 
 492      813BCF03 
 493 1066 A281274D 		.ascii	"\242\201'M\260\313\013\350Y\236\237\330}\001\354\356"
 493      B0CB0BE8 
 493      599E9FD8 
 493      7D01ECEE 
 494 1076 97D86A3B 		.ascii	"\227\330j;A\367\344\0019g\366\217\325\225q\016g\272"
 494      41F7E401 
 494      3967F68F 
 494      D595710E 
 494      67BA
 495 1088 08BD0482 		.ascii	"\010\275\004\202\334\011\005\007\336\364\241GG\027\201"
 495      DC090507 
 495      DEF4A147 
 495      471781
 496 1097 A34F74E0 		.ascii	"\243Ot\340\200\304\201\213\261\335\275\010\247h\331"
 496      80C4818B 
 496      B1DDBD08 
 496      A768D9
 497 10a6 3ED75B76 		.ascii	">\327[vN\2153\030\321{\2767\023\341\235\214\030\332"
 497      4E8D3318 
 497      D17BBE37 
 497      13E19D8C 
 497      18DA
 498 10b8 73695189 		.ascii	"siQ\211+(\301\015\317t\334\224\374P\3502\375\0008\002"
 498      2B28C10D 
 498      CF74DC94 
 498      FC50E832 
 498      FD003802 
 499 10cc 4163C3DF 		.ascii	"Ac\303\337\3657(\303X\3667(e\327\366_\300\270\226y\277"
 499      F53728C3 
 499      58F63728 
 499      65D7F65F 
 499      C0B89679 
 500 10e1 A262E03F 		.ascii	"\242b\340?\334}\371V\2401\336\352\253 \351\2124\365"
 500      DC7DF956 
 500      A031DEEA 
 500      AB20E98A 
 500      34F5
 501 10f3 2D0CD8F9 		.ascii	"-\014\330\371\367C\002i\024 \215\311\317\022u\374\354"
 501      F7430269 
 501      14208DC9 
 501      CF1275FC 
 501      EC
 502 1104 CF3CC9F3 		.ascii	"\317<\311\363\307\335\336\332ky$\224B\266y\017\204\306"
ARM GAS  /tmp/cc0rut6J.s 			page 40


 502      C7DDDEDA 
 502      6B792494 
 502      42B6790F 
 502      84C6
 503 1116 41CA9068 		.ascii	"A\312\220h\340\030~\322Y\3615@%\207\020l\274s2i#\302"
 503      E0187ED2 
 503      59F13540 
 503      2587106C 
 503      BC733269 
 504 112c 17985FF3 		.ascii	"\027\230_\3636W?`Uy$!\017O\2446h\361 {\266\305^\327"
 504      36573F60 
 504      55792421 
 504      0F4FA436 
 504      68F1207B 
 505 1144 AFC1E38C 		.ascii	"\257\301\343\214\230\354\311=\346\203'\265NU\207\037"
 505      98ECC93D 
 505      E68327B5 
 505      4E55871F 
 506 1154 AB3A1E6C 		.ascii	"\253:\036l\330\030\253\245\344\242\360G\347\351D\\\332"
 506      D818ABA5 
 506      E4A2F047 
 506      E7E9445C 
 506      DA
 507 1165 6E9DF0A5 		.ascii	"n\235\360\245\313\032cy6\252\352%\311\031\350$\340\362"
 507      CB1A6379 
 507      36AAEA25 
 507      C919E824 
 507      E0F2
 508 1177 E3E7E036 		.ascii	"\343\347\3406,\363;X\370\374|\277\375%2\245v\360\337"
 508      2CF33B58 
 508      F8FC7CBF 
 508      FD2532A5 
 508      76F0DF
 509 118a 2DD1623F 		.ascii	"-\321b?\361C\361\340\201\316y\225{\311S\356$\347\035"
 509      F143F1E0 
 509      81CE7995 
 509      7BC953EE 
 509      24E71D
 510 119d CDA085CA 		.ascii	"\315\240\205\312]\220|S\224l\307\242\350\234\251\013"
 510      5D907C53 
 510      946CC7A2 
 510      E89CA90B 
 511 11ad 1D4F007D 		.ascii	"\035O\000}\317\235\350\344\342\231OI\2452\015\242o\210"
 511      CF9DE8E4 
 511      E2994F49 
 511      A5320DA2 
 511      6F88
 512 11bf A2EF8AA2 		.ascii	"\242\357\212\242\221\345\336\331\024_Z\361\265x\023"
 512      91E5DED9 
 512      145F5AF1 
 512      B57813
 513 11ce FAE2C6B4 		.ascii	"\372\342\306\264\030\037\352\374~\366\245\256\252y\206"
 513      181FEAFC 
 513      7EF6A5AE 
 513      AA7986
 514 11dd FD148806 		.ascii	"\375\024\210\006\343\205\371\276!_\255\344\373&<\220"
 514      E385F9BE 
ARM GAS  /tmp/cc0rut6J.s 			page 41


 514      215FADE4 
 514      FB263C90 
 515 11ed 04E00322 		.ascii	"\004\340\003\"\031\302\011\315\262\352\346\360b\305"
 515      19C209CD 
 515      B2EAE6F0 
 515      62C5
 516 11fb 94F773A9 		.ascii	"\224\367s\251|\312[\236\355C\241\334\007\2143$i\242"
 516      7CCA5B9E 
 516      ED43A1DC 
 516      078C3324 
 516      69A2
 517 120d 87F83961 		.ascii	"\207\3709a\024a\217K\274wF\207\347\330\204V\235\035"
 517      14618F4B 
 517      BC774687 
 517      E7D88456 
 517      9D1D
 518 121f 3FCFCAD9 		.ascii	"?\317\312\331o\310\333O\306\215\343\207}\020\375\342"
 518      6FC8DB4F 
 518      C68DE387 
 518      7D10FDE2 
 519 122f C6B6167A 		.ascii	"\306\266\026z\246\362[\341<\032\342j\002,\264(%a}\035"
 519      A6F25BE1 
 519      3C1AE26A 
 519      022CB428 
 519      25617D1D 
 520 1243 3BBD9358 		.ascii	";\275\223X\267\005@\326'\211\363\014\317\351\310\277"
 520      B70540D6 
 520      2789F30C 
 520      CFE9C8BF 
 521 1253 8F1DD5ED 		.ascii	"\217\035\325\355\254 ;#\311\021\203\256R%gu\216\\\236"
 521      AC203B23 
 521      C91183AE 
 521      52256775 
 521      8E5C9E
 522 1266 0DEB7823 		.ascii	"\015\353x#X\225Hv\205M\374\010\022\347\261J\177\024"
 522      58954876 
 522      854DFC08 
 522      12E7B14A 
 522      7F14
 523 1278 A3F4430B 		.ascii	"\243\364C\013\220\310\027\241EC\177\036\256QJ\361\\"
 523      90C817A1 
 523      45437F1E 
 523      AE514AF1 
 523      5C
 524 1289 DDD67547 		.ascii	"\335\326uG\331\222\275\2028\003=\342\307\012.Bs\316"
 524      D992BD82 
 524      38033DE2 
 524      C70A2E42 
 524      73CE
 525 129b 36D84A2A 		.ascii	"6\330J*\376L\366.r\266\177\231\347u\034\351\226s.Vl"
 525      FE4CF62E 
 525      72B67F99 
 525      E7751CE9 
 525      96732E56 
 526 12b0 26069337 		.ascii	"&\006\2237\225|\236\325\361F\342\262\342\023SH\252\005"
 526      957C9ED5 
 526      F146E2B2 
ARM GAS  /tmp/cc0rut6J.s 			page 42


 526      E2135348 
 526      AA05
 527 12c2 8EC7D7FC 		.ascii	"\216\307\327\374\303{}C\336\322}\313\311\326x\260\357"
 527      C37B7D43 
 527      DED27DCB 
 527      C9D678B0 
 527      EF
 528 12d3 BBDA2A7C 		.ascii	"\273\332*|\363\363=D\362o\034\214J\022c\222\350\026"
 528      F3F33D44 
 528      F26F1C8C 
 528      4A126392 
 528      E816
 529 12e5 62726AFB 		.ascii	"brj\373\260\025\343$/\266\256\027fb\325\257\344\263"
 529      B015E324 
 529      2FB6AE17 
 529      6662D5AF 
 529      E4B3
 530 12f7 938BB1DF 		.ascii	"\223\213\261\337\265\356\266X\023b,\226\337,.\252\251"
 530      B5EEB658 
 530      13622C96 
 530      DF2C2EAA 
 530      A9
 531 1308 8C0D4A2A 		.ascii	"\214\015J*\303\001IA\356\020A(A\371\012I\346\015\203"
 531      C3014941 
 531      EE104128 
 531      41F90A49 
 531      E60D83
 532 131b B5CEBF30 		.ascii	"\265\316\2770\372\326\351\354o\243\222ns\344J\266\313"
 532      FAD6E9EC 
 532      6FA3926E 
 532      73E44AB6 
 532      CB
 533 132c F64367BD 		.ascii	"\366Cg\275\235\270\343\224R\356D\236;\221r'&U-\252\335"
 533      9DB8E394 
 533      52EE449E 
 533      3B917227 
 533      26552DAA 
 534 1341 AF862425 		.ascii	"\257\206$%\277\032^\245\213a\347x\3266\015\277\030\254"
 534      BF1A5EA5 
 534      8B61E778 
 534      D6360DBF 
 534      18AC
 535 1353 96E588FE 		.ascii	"\226\345\210\376\374G\250% l\224\317\011c(!\371Z\355"
 535      FC47A825 
 535      206C94CF 
 535      09632821 
 535      F95AED
 536 1366 C3BE56CF 		.ascii	"\303\276V\317\024\330n \272\"\324\264\356\212\253\253"
 536      14D86E20 
 536      BA22D4B4 
 536      EE8AABAB 
 537 1376 634BD583 		.ascii	"cK\325\203\220\205\205\366,o\367`R\0050)J\212\346V\314"
 537      908585F6 
 537      2C6FF760 
 537      52053029 
 537      4A8AE656 
 538 138b 8D720F71 		.ascii	"\215r\017qi24\311J\210\017%aO\243hR\031\2324\212&\311"
ARM GAS  /tmp/cc0rut6J.s 			page 43


 538      693234C9 
 538      4A880F25 
 538      614FA368 
 538      52199A34 
 539 13a2 7EFF2A72 		.ascii	"~\377*r\362M\254\323\013E:\357\233t\352\233\326\234"
 539      F24DACD3 
 539      0B453AEF 
 539      9B74EA9B 
 539      D69C
 540 13b4 CA7DCE3F 		.ascii	"\312}\316?0\2628qg\360\334\031\224\273\341\321H\237"
 540      30B23871 
 540      67F0DC19 
 540      94BBE1D1 
 540      489F
 541 13c6 D2ED6BCE 		.ascii	"\322\355k\316\026\245\364\324\257u\333\336\255\032\274"
 541      16A5F4D4 
 541      AF75DBDE 
 541      AD1ABC
 542 13d5 998547D1 		.ascii	"\231\205G\321\245\305A\274|\247\245\245\262\262np\374"
 542      A5C541BC 
 542      7CA7A5A5 
 542      B2B26E70 
 542      FC
 543 13e6 F51C8B95 		.ascii	"\365\034\213\225\235\005\275O\006\241L\245x\026\224"
 543      9D05BD4F 
 543      06A14CA5 
 543      781694
 544 13f5 A9E4CF82 		.ascii	"\251\344\317\202\262\224\344,h\254o\322\242\305\007"
 544      B294E42C 
 544      68AC6FD2 
 544      A2C507
 545 1404 98943DB7 		.ascii	"\230\224=\267\032\3075LJr\322U\354\"e\253D\312VAJ6\225"
 545      1AC7354C 
 545      4A72D255 
 545      EC2265AB 
 545      44CA5641 
 546 141b 92505ED9 		.ascii	"\222P^\331\250\241olG\034\247t\027\367/\334v\177J\267"
 546      A8A16F6C 
 546      471CA774 
 546      17F72FDC 
 546      767F4AB7 
 547 142f 8DDA92A3 		.ascii	"\215\332\222\243\344\215Y\260\245X4\270\231\301\310"
 547      E48D59B0 
 547      A55834B8 
 547      99C1C8
 548 143e 9F1848D1 		.ascii	"\237\030H\321\342\036F\334:\276\260\237\034\000\242"
 548      E21E46DC 
 548      3ABEB09F 
 548      1C00A2
 549 144d 1D5425F9 		.ascii	"\035T%\371\201BF\3134\242(\355\015CE\177H\253\210g\207"
 549      814246CB 
 549      34A228ED 
 549      0D43457F 
 549      48AB8867 
 550 1462 9C28AF25 		.ascii	"\234(\257%UI\004\243\355\002R\224\013\012\010\311\300"
 550      554904A3 
 550      ED025294 
ARM GAS  /tmp/cc0rut6J.s 			page 44


 550      0B0A08C9 
 550      C0
 551 1473 EEA46037 		.ascii	"\356\244`7\237\217=\344C\301B\260\363`\363.\334\251"
 551      9F8F3DE4 
 551      43C142B0 
 551      F360F32E 
 551      DCA9
 552 1485 F3701CEF 		.ascii	"\363p\034\357\345)\351\315\262\212\274\343\356_:\363"
 552      E529E9CD 
 552      B28ABCE3 
 552      EE5F3AF3 
 553 1495 A90556C1 		.ascii	"\251\005V\301\202\303\031G2\020\216\323Q\320\235\227"
 553      82C31947 
 553      32108ED3 
 553      51D09D97 
 554 14a5 EA4EAA18 		.ascii	"\352N\252\030D\310\316\237\267\356\026!>C\006\242]\022"
 554      44C8CE9F 
 554      B7EE1621 
 554      3E4306A2 
 554      5D12
 555 14b7 5FEE12E0 		.ascii	"_\356\022\340\025Px\007/\244\345\350p:\023\264p0\353"
 555      15507807 
 555      2FA4E5E8 
 555      703A13B4 
 555      7030EB
 556 14ca 2127CC6B 		.ascii	"!'\314k\335\033.3R(\221R(H\331M\245\354\354\035\234"
 556      DD1B2E33 
 556      52289152 
 556      2848D94D 
 556      A5ECEC1D 
 557 14df 50E29DBC 		.ascii	"P\342\235\274\224\230\336!\2250\257w]\347u\217D\312"
 557      9498DE21 
 557      9530AF77 
 557      5DE7758F 
 557      44CA
 558 14f1 1E41CA5E 		.ascii	"\036A\312^*\345Z\323M\013\373u\366\247DN\362\303\311"
 558      2AE55AD3 
 558      4D0BFB75 
 558      F6A7444E 
 558      F2C3C9
 559 1504 1EB6D4B4 		.ascii	"\036\266\324\264\204\354\357\330\372\026\2454\204:t"
 559      84ECEFD8 
 559      FA16A534 
 559      843A74
 560 1513 2FBE01BB 		.ascii	"/\276\001\273_x\245\302\302+a\013o\"\2618\207s]xE\260"
 560      5F78A5C2 
 560      C22B610B 
 560      6F22B138 
 560      87735D78 
 561 1529 F08AE9C2 		.ascii	"\360\212\351\302+\243\013\217\016\242\252jJ\016\252"
 561      2BA30B8F 
 561      0EA2AA6A 
 561      4A0EAA
 562 1538 A5DC534F 		.ascii	"\245\334SO\342\276\222\236i\307\270\204\031?\367`n\233"
 562      E2BE929E 
 562      69C7B884 
 562      193FF760 
ARM GAS  /tmp/cc0rut6J.s 			page 45


 562      6E9B
 563 154a 1AEF67C4 		.ascii	"\032\357g\304\375\326\256\010\310\242\275V\373\203\206"
 563      FDD6AE08 
 563      C8A2BD56 
 563      FB8386
 564 1559 71EF0C4B 		.ascii	"q\357\014K\364&(\013\027\337\371!*W>\207\366\201#\356"
 564      F426280B 
 564      17DFF921 
 564      2A573E87 
 564      F68123EE 
 565 156d 73CB2572 		.ascii	"s\313%r+\210;\320\036\004\341WI\323\350\326\254\256"
 565      2B883BD0 
 565      1E04E157 
 565      49D3E8D6 
 565      ACAE
 566 157f 1D6ADC4A 		.ascii	"\035j\334J\205)\307\036\\\236Q\243e\032\377e\344G\212"
 566      8529C71E 
 566      5C9E51A3 
 566      651AFF65 
 566      E4478A
 567 1592 FB951AC5 		.ascii	"\373\225\032\305\006\372\203\261\350\324g\376\341\370"
 567      06FA83B1 
 567      E8D467FE 
 567      E1F8
 568 15a0 C1580D6C 		.ascii	"\301X\015l\007\344\221\002U\203\330\003JV\223\220\237"
 568      07E49102 
 568      5583D803 
 568      4A569390 
 568      9F
 569 15b1 3DC25D54 		.ascii	"=\302]T\245t\375\331#\023\344\346\304\371TqF\221\217"
 569      A574FDD9 
 569      2313E4E6 
 569      C4F95471 
 569      46918F
 570 15c4 3422890C 		.ascii	"4\"\211\014\321\307\2654$\017\012!ym_C\223\016\037g"
 570      D1C7B534 
 570      240F0A21 
 570      796D5F43 
 570      930E1F67 
 571 15d8 96CFEFAA 		.ascii	"\226\317\357\252<\240c!Y15\247+#\005\0039\202GQ\261"
 571      3CA06321 
 571      593135A7 
 571      2B230503 
 571      39824751 
 572 15ed EF9181A8 		.ascii	"\357\221\201\250N\022\006uB\030\324\273]1\235)\233\262"
 572      4E120675 
 572      4218D4BB 
 572      5D319D29 
 572      9BB2
 573 15ff 7CDD1F7E 		.ascii	"|\335\037~7P(\207\004(\215\335\326J_<\315\240D\367\014"
 573      37502887 
 573      04288DDD 
 573      D64A5F3C 
 573      CDA044F7 
 574 1614 17FA0AAB 		.ascii	"\027\372\012\253c\356\363\264\275\322\325\001\003Q\243"
 574      63EEF3B4 
 574      BDD2D501 
ARM GAS  /tmp/cc0rut6J.s 			page 46


 574      0351A3
 575 1623 044AA300 		.ascii	"\004J\243\000\3450\2052Rh\217R:\345Sr\330-\352m\342"
 575      E5308532 
 575      52688F52 
 575      3AE55372 
 575      D82DEA6D 
 576 1638 F36913CD 		.ascii	"\363i\023\315\247\035q7/a\034\357\315~\375\277\245t"
 576      A71D7137 
 576      2F611CEF 
 576      CD7EFDBF 
 576      A574
 577 164a 58E5F080 		.ascii	"X\345\360\200\217\324\003\210Ji\226\250m\026\324\266"
 577      8FD40388 
 577      4A6996A8 
 577      6D16D4B6 
 578 165a 50B5DB53 		.ascii	"P\265\333SO\347\260\023\301`\"\352f\265\265\235\375"
 578      4FE7B013 
 578      C16022EA 
 578      66B5B59D 
 578      FD
 579 166b 5F0AB45A 		.ascii	"_\012\264Z\234\271[\372H\351>\364\217\012\241O\212,"
 579      9CB95BFA 
 579      48E93EF4 
 579      8F0AA14F 
 579      8A2C
 580 167d 60EF4E69 		.ascii	"`\357Ni\353\327\271\206~+D\307\021\032t\307h0\037\025"
 580      EBD7B986 
 580      7E2B44C7 
 580      111A74C7 
 580      68301F15 
 581 1691 82B974FC 		.ascii	"\202\271t\374@\005\347\032\372n\271\355\215Q\227\020"
 581      4005E71A 
 581      FA6EB9ED 
 581      8D519710 
 582 16a1 DEC22C4E 		.ascii	"\336\302,N+J\311\365\026\302\275\354yI\270\267\361\341"
 582      2B4AC9F5 
 582      16C2BDEC 
 582      7949B8B7 
 582      F1E1
 583 16b3 BE00E12E 		.ascii	"\276\000\341.\312j\027\303\375\270\362\025\205*\314"
 583      CA6A17C3 
 583      FDB8F215 
 583      852ACC
 584 16c2 B4466FF6 		.ascii	"\264Fo\366\370\360\317\237/\377@\241\016\0117\377\374"
 584      F8F0CF9F 
 584      2FFF40A1 
 584      0E0937FF 
 584      FC
 585 16d3 677AB346 		.ascii	"gz\263F\257\347{\257\007\2545\031\003B\302\203B\327"
 585      AFE77BAF 
 585      07AC3519 
 585      0342C283 
 585      42D7
 586 16e5 AE320484 		.ascii	"\2562\004\204\033\326\205\206|\031\020\026\030\024\034"
 586      1BD68586 
 586      7C191016 
 586      18141C
ARM GAS  /tmp/cc0rut6J.s 			page 47


 587 16f4 126E08D0 		.ascii	"\022n\010\320\2572\254\016\\\033j\326\233\327G\032L"
 587      AF32AC0E 
 587      5C1B6AD6 
 587      9BD7471A 
 587      4C
 588 1705 6F042BFC 		.ascii	"o\004+\374\344\270M\353M\001z\223y\025H\004\2267\337"
 588      E4B84DEB 
 588      4D017A93 
 588      79154804 
 588      9637DF
 589 1718 782300FE 		.ascii	"x#\000\376\2130\005\030\315\001\221\021F\263)\340\275"
 589      8B300518 
 589      CD019111 
 589      46B329E0 
 589      BD
 590 1729 CF3EFEE0 		.ascii	"\317>\376\340\343o\002\202\"\302\"CB\015FS\300\207\037"
 590      E36F0282 
 590      22C22243 
 590      420D4653 
 590      C0871F
 591 173c 7C101014 		.ascii	"|\020\020\024,\010\3654\007\033\015\201\253\000UP\260"
 591      2C08F534 
 591      071B0D81 
 591      AB005550 
 591      B0
 592 174d 9EF53D22 		.ascii	"\236\365=\"\365\341\206o\314p\2114\032\276V\233#\215"
 592      F5E1866F 
 592      CC708934 
 592      1ABE569B 
 592      238D
 593 175f 21117AB3 		.ascii	"!\021z\263\347Z\036\264V\257\027\272\224%$B\035\024"
 593      E75A1EB4 
 593      56AF17BA 
 593      94252442 
 593      1D14
 594 1771 116E8611 		.ascii	"\021n\206\021^D#\261-\310\374\215\247\321\260&\320\030"
 594      5E4423B1 
 594      2DC8FC8D 
 594      A7D1B026 
 594      D018
 595 1783 A637FBB9 		.ascii	"\2467\373\271\207\024\034\024a4\000\006\316\370\013"
 595      87141C14 
 595      61340006 
 595      CEF80B
 596 1792 CEF81667 		.ascii	"\316\370\026g|\2333\376\2223\376\2123\376\032\033\337"
 596      7C9B33FE 
 596      9233FE8A 
 596      33FE1A1B 
 596      DF
 597 17a3 5C01ED4D 		.ascii	"\\\001\355M.\324\350\377\224\361\372\257\177\031\006"
 597      2ED4E8FF 
 597      94F1FAAF 
 597      7F1906
 598 17b2 3280FBE7 		.ascii	"2\200\373\347\252H=hV\023\370\353\014F\270F\204\256"
 598      AA483D68 
 598      5613F8EB 
 598      0C46B846 
ARM GAS  /tmp/cc0rut6J.s 			page 48


 598      84AE
 599 17c4 32189541 		.ascii	"2\030\225A\301\201FbS`\230\301"
 599      C1814662 
 599      536098C1 
 600 17d0 D36C3207 		.ascii	"\323l2\007\232\015z\263\232\230\360+:\027|\017\330\351"
 600      9A0D7AB3 
 600      9A98F02B 
 600      3A177C0F 
 600      D8E9
 601 17e2 33B5392C 		.ascii	"3\2659,b\225\201\322\253C\003\327\230\324f\243a\265"
 601      629581D2 
 601      AB4303D7 
 601      98D466A3 
 601      61B5
 602 17f4 89DA4A3A 		.ascii	"\211\332J:\036\306U\353aR=\015\337\204\230\203\200\321"
 602      1EC655EB 
 602      61523D0D 
 602      DF849883 
 602      80D1
 603 1806 639D39E2 		.ascii	"c\2359\342\313\377\212|\216w#\260\030\214\206\360 \020"
 603      CBFF8A7C 
 603      8E7723B0 
 603      188C86F0 
 603      2010
 604 1818 A05A6736 		.ascii	"\240Zg6\033#u\340V\223!,02\030\260\3722.\223\376\037"
 604      1B2375E0 
 604      5693212C 
 604      303218B0 
 604      FA322E93 
 605 182e 6B0D6B81 		.ascii	"k\015k\201\345\031\207\317\371[j\376\252\012\012\207"
 605      E51987CF 
 605      F95B6AFE 
 605      AA0A0A87 
 606 183e 795799F4 		.ascii	"yW\231\364p\005\015  \322\023x\303\326\202\233\325a"
 606      70050D20 
 606      20D21378 
 606      C3D6829B 
 606      D561
 607 1850 3C6F983E 		.ascii	"<o\230>b]8\330I\357\002\30006m\353\314a\346o\"\275\014"
 607      625D38D8 
 607      49EF02C0 
 607      30366DEB 
 607      CC61E66F 
 608 1867 5F1BC2CD 		.ascii	"_\033\302\315a\201\246\257\340\211a\035\351\340H\375"
 608      6181A6AF 
 608      E089611D 
 608      E9E048FD 
 609 1877 5A1F415D 		.ascii	"Z\037A]h\210\0114\370J\000\220;\232H\375\272\300\020"
 609      68880934 
 609      F84A0090 
 609      3B9A48FD 
 609      BAC010
 610 188a 7348F81A 		.ascii	"sH\370\032m\244\036\314d`h\027n\030\"\015\341\020hk"
 610      6DA41ECC 
 610      64606817 
 610      6E18220D 
 610      E110686B 
ARM GAS  /tmp/cc0rut6J.s 			page 49


 611 189e 800B5410 		.ascii	"\200\013T\020~-qJ`(\015\002\270\031\031\021\021\372"
 611      7E2D714A 
 611      60280D02 
 611      B8191911 
 611      11FA
 612 18b0 7DE97C09 		.ascii	"}\351|\011\301\032\024l\012\012^\005\323\364\222\374"
 612      C11A146C 
 612      0A0A5E05 
 612      D3F492FC 
 613 18c0 5310070F 		.ascii	"S\020\007\017_v3t\275I\210V7\303\301?\360\020\"\370"
 613      5F763374 
 613      BD498856 
 613      37C3C13F 
 613      F01022F8 
 614 18d4 63D39A95 		.ascii	"c\323\232\225\200\361E)\233\311\030D4\230\326\274\021"
 614      80F14529 
 614      9BC91844 
 614      3498D6BC 
 614      11
 615 18e5 C4B3FC0D 		.ascii	"\304\263\374\015L\324\321\336g\206PC\240\311\340\035"
 615      4CD4D1DE 
 615      67865043 
 615      A0C9E01D 
 616 18f5 14BC3228 		.ascii	"\024\2742(\370\303\210\225\241\006C\344J/J}\006NY\377"
 616      F8C38895 
 616      A10643E4 
 616      4A2F4A7D 
 616      064E59FF 
 617 1909 918EF6FF 		.ascii	"\221\216\366\377\026\370\225a-}\240'`\014al\271\260"
 617      16F89561 
 617      2D7DA027 
 617      600C616C 
 617      B9B0
 618 191b BE8EB86F 		.ascii	"\276\216\270o=\357P\220\244\027i\265\221M\225\207\221"
 618      3DEF5090 
 618      A41769B5 
 618      914D9587 
 618      91
 619 192c AE139591 		.ascii	"\256\023\225\221\306\247\221\217O#\213O\015\334]k\204"
 619      C6A7918F 
 619      4F238B4F 
 619      0DDC5D6B 
 619      84
 620 193d A031AB8C 		.ascii	"\2401\253\214d\320\363_\207\030\315k\003C\365\346\220"
 620      64D0F35F 
 620      8718CD6B 
 620      0343F5E6 
 620      90
 621 194e 3058AFBC 		.ascii	"0X\257\274\340\245 X\346\201\257\323=\026QN\267\324"
 621      E0A52058 
 621      E681AFD3 
 621      3D16514E 
 621      B7D4
 622 1960 5F9B6958 		.ascii	"_\233iX\220+Y\316\032\002\032\036\360\013\372\315\267"
 622      902B59CE 
 622      1A021A1E 
 622      F00BFACD 
ARM GAS  /tmp/cc0rut6J.s 			page 50


 622      B7
 623 1971 1D0B9A74 		.ascii	"\035\013\232t=\201k\225!\324\034\010\235\325k\303\203"
 623      3D816B95 
 623      21D41C08 
 623      9DD56BC3 
 623      83
 624 1982 F4741CE9 		.ascii	"\364t\034\351y\220\361\201F/\270\204\006\232\314D\004"
 624      7990F181 
 624      462FB884 
 624      069ACC44 
 624      04
 625 1993 DC22107C 		.ascii	"\334\"\020|x\227\2542|\271v\015\013)\351\035Md`xH\020"
 625      7897AC32 
 625      7CB9760D 
 625      0B29E91D 
 625      4D646078 
 626 19a9 8920BCEA 		.ascii	"\211 \274\352\3135\332\260@PE#\356\031s\230>(\020r\230"
 626      CB35DAB0 
 626      40504523 
 626      EE197398 
 626      3E281072 
 627 19be 31D01C12 		.ascii	"1\320\034\022\021\016\252\214f\032\366\036\021\253W"
 627      110EAA8C 
 627      661AF61E 
 627      11AB57
 628 19cd 9B0CE67F 		.ascii	"\233\014\346\177\222\237k3\231j\316\034\2465\231\277"
 628      929F6B33 
 628      996ACE1C 
 628      A63599BF 
 629 19dd 82D16BC2 		.ascii	"\202\321k\302yK\336\376\205\303\022\322\365\011Y\025"
 629      794BDEFE 
 629      85C312D2 
 629      F5095915 
 630 19ed 6AE0631B 		.ascii	"j\340c\033b\232\013\012\206\031[\271\336\364\357\021"
 630      629A0B0A 
 630      86195BB9 
 630      DEF4EF11 
 631 19fd 415FB98B 		.ascii	"A_\271\213\242\365$\30444\211\205\002\233\267\036V\256"
 631      A2F524C4 
 631      34348985 
 631      029BB71E 
 631      56AE
 632 1a0f 59FFFE7B 		.ascii	"Y\377\376{+\177\377\351g\037y\007\206\256\013\\o\202"
 632      2B7FFFE9 
 632      671F7907 
 632      86AE0B5C 
 632      6F82
 633 1a21 F4160AD9 		.ascii	"\364\026\012\331\371U\207\010\360m\300\007\037\257\374"
 633      F9558708 
 633      F06DC007 
 633      1FAFFC
 634 1a30 68A52889 		.ascii	"h\245(\211d\245\240\260?\200\327@\236\216\255\365\220"
 634      64A5A0B0 
 634      3F80D740 
 634      9E8EADF5 
 634      90
 635 1a41 7093C168 		.ascii	"p\223\301h\366\242\030>\017'\342Y\266\\K\373\236z\352"
ARM GAS  /tmp/cc0rut6J.s 			page 51


 635      F6A2183E 
 635      0F27E259 
 635      B65C4BFB 
 635      9E7AEA
 636 1a54 64BDDE5B 		.ascii	"d\275\336[\350\274\361\326\257\337~[\245\177\037V\224"
 636      E8BCF1D6 
 636      AFDF7E5B 
 636      A57F1F56 
 636      94
 637 1a65 2F0DD58F 		.ascii	"/\015\325\217L\237\262\325\367\221\2735\004\021\036"
 637      4C9FB2D5 
 637      F791BB35 
 637      04111E
 638 1a74 AC7896A9 		.ascii	"\254x\226\251[\035\262:\002\0021,\342k\022\334b\244"
 638      5B1DB23A 
 638      0202312C 
 638      E26B12DC 
 638      62A4
 639 1a86 AF942AF8 		.ascii	"\257\224*\370\345[\377\007+\004\036)"
 639      E55BFF07 
 639      2B041E29 
 640              		.text
 641              		.section	.gnu.lto_.symtab.6ff2a6ae7b859d2b,"",%progbits
 642 0000 63684D73 		.ascii	"chMsgSend\000\000\000\000\000\000\000\000\000\000\000"
 642      6753656E 
 642      64000000 
 642      00000000 
 642      00000000 
 643 0014 00760100 		.ascii	"\000v\001\000\000chMsgWait\000\000\000\000\000\000\000"
 643      0063684D 
 643      73675761 
 643      69740000 
 643      00000000 
 644 0029 00000000 		.ascii	"\000\000\000\000\000y\001\000\000chMsgRelease\000\000"
 644      00790100 
 644      0063684D 
 644      73675265 
 644      6C656173 
 645 0040 00000000 		.ascii	"\000\000\000\000\000\000\000\000\000\000~\001\000\000"
 645      00000000 
 645      00007E01 
 645      0000
 646 004e 63680000 		.ascii	"ch\000\000\002\000\000\000\000\000\000\000\000\000\010"
 646      02000000 
 646      00000000 
 646      000008
 647 005d 02000063 		.ascii	"\002\000\000chSchGoSleepS\000\000\002\000\000\000\000"
 647      68536368 
 647      476F536C 
 647      65657053 
 647      00000200 
 648 0074 00000000 		.ascii	"\000\000\000\000\000\202\001\000\000chSchReadyI\000"
 648      00820100 
 648      00636853 
 648      63685265 
 648      61647949 
 649 0089 00020000 		.ascii	"\000\002\000\000\000\000\000\000\000\000\000\206\001"
ARM GAS  /tmp/cc0rut6J.s 			page 52


 649      00000000 
 649      00000086 
 649      01
 650 0096 00006368 		.ascii	"\000\000chSchWakeupS\000\000\002\000\000\000\000\000"
 650      53636857 
 650      616B6575 
 650      70530000 
 650      02000000 
 651 00ac 00000000 		.ascii	"\000\000\000\000\210\001\000\000"
 651      88010000 
 652              		.text
 653              		.section	.gnu.lto_.opts,"",%progbits
 654 0000 272D666E 		.ascii	"'-fno-trapv' '-mcpu=cortex-m3' '-mno-thumb-interwor"
 654      6F2D7472 
 654      61707627 
 654      20272D6D 
 654      6370753D 
 655 0033 6B272027 		.ascii	"k' '-mthumb' '-ggdb' '-O2' '-fomit-frame-pointer' '"
 655      2D6D7468 
 655      756D6227 
 655      20272D67 
 655      67646227 
 656 0066 2D66616C 		.ascii	"-falign-functions=16' '-ffunction-sections' '-fdata"
 656      69676E2D 
 656      66756E63 
 656      74696F6E 
 656      733D3136 
 657 0099 2D736563 		.ascii	"-sections' '-fno-common' '-flto'\000"
 657      74696F6E 
 657      73272027 
 657      2D666E6F 
 657      2D636F6D 
 658              		.text
 659              		.comm	__gnu_lto_v1,1,1
 660              		.comm	__gnu_lto_slim,1,1
 661              		.ident	"GCC: (15:4.9.3+svn231177-1) 4.9.3 20150529 (prerelease)"
ARM GAS  /tmp/cc0rut6J.s 			page 53


DEFINED SYMBOLS
                            *ABS*:0000000000000000 chmsg.c
                            *COM*:0000000000000001 __gnu_lto_v1
                            *COM*:0000000000000001 __gnu_lto_slim

NO UNDEFINED SYMBOLS
