ARM GAS  /tmp/ccLyNULn.s 			page 1


   1              		.syntax unified
   2              		.cpu cortex-m3
   3              		.fpu softvfp
   4              		.eabi_attribute 20, 1
   5              		.eabi_attribute 21, 1
   6              		.eabi_attribute 23, 3
   7              		.eabi_attribute 24, 1
   8              		.eabi_attribute 25, 1
   9              		.eabi_attribute 26, 1
  10              		.eabi_attribute 30, 2
  11              		.eabi_attribute 34, 1
  12              		.eabi_attribute 18, 4
  13              		.thumb
  14              		.file	"chregistry.c"
  15              		.text
  16              	.Ltext0:
  17              		.section	.gnu.lto_.profile.fd9e178dce873fe,"",%progbits
  18 0000 789C6366 		.ascii	"x\234cf```a\200\000F\006Y!\000\000\300\0008"
  18      60606061 
  18      80004606 
  18      59210000 
  18      C00038
  19              		.text
  20              		.section	.gnu.lto_.jmpfuncs.fd9e178dce873fe,"",%progbits
  21 0000 789C6366 		.ascii	"x\234cf\300\016\004\2404\023\010322\32632\227\203\370"
  21      C00E04A0 
  21      34130833 
  21      3232D633 
  21      329783F8 
  22 0014 0008FA01 		.ascii	"\000\010\372\001\025"
  22      15
  23              		.text
  24              		.section	.gnu.lto_.inline.fd9e178dce873fe,"",%progbits
  25 0000 789C6366 		.ascii	"x\234cf\300\016\364\2414\023\003\003'\007#\003\023\317"
  25      C00EF4A1 
  25      34130303 
  25      27072303 
  25      13CF
  26 0012 835806B6 		.ascii	"\203X\006\266\005\362L\0201^Q\240\020\377\202\022\006"
  26      05F24C10 
  26      315E51A0 
  26      10FF8212 
  26      06
  27 0023 F60E7588 		.ascii	"\366\016u\210\0207\003\003\343\004?\006\000\200 \005"
  27      10370303 
  27      E3043F06 
  27      00802005 
  28 0033 47       		.ascii	"G"
  29              		.text
  30              		.section	.gnu.lto_.pureconst.fd9e178dce873fe,"",%progbits
  31 0000 789C6366 		.ascii	"x\234cf```e\200\000&\006+&+\000\001{\000\201"
  31      60606065 
  31      80002606 
  31      2B262B00 
  31      017B0081 
  32              		.text
  33              		.section	.gnu.lto_chRegFirstThread.fd9e178dce873fe,"",%progbits
ARM GAS  /tmp/ccLyNULn.s 			page 2


  34 0000 789C8D53 		.ascii	"x\234\215S[KTQ\024\336k\2373\343xC\351\241\007)\034"
  34      5B4B5451 
  34      14DE6B9F 
  34      33E37843 
  34      E9A10729 
  35 0015 90B2A871 		.ascii	"\220\262\250qz\353!*B\010z\360E\177@\3304\244\340\215"
  35      7AEB212A 
  35      42087AF0 
  35      457F40D8 
  35      34A4E08D 
  36 0029 33A3E883 		.ascii	"3\243\350\203xf4-\310\0225\274\344\265\274\346\2651"
  36      7866342D 
  36      C81235BC 
  36      E4B5BCE6 
  36      B531
  37 003b 4D2D732A 		.ascii	"M-s*o\231],QT\320),\212\024\274\226\203\250\255\275"
  37      6F995D2C 
  37      5154D029 
  37      2C8A14BC 
  37      9683A8AD 
  38 0050 476D9C14 		.ascii	"Gm\234\024:\314\234}\366^\337Z\353[k}[ \377>~\370\257"
  38      3ACC9C7D 
  38      F65EDF5A 
  38      EB5B6B7D 
  38      5B20FF3E 
  39 0067 1609B1E0 		.ascii	"\026\011\261\340\012\002\001\232\365\216\020\223\212"
  39      0A02019A 
  39      F58E1093 
  39      8A
  40 0074 02B00F02 		.ascii	"\002\260\017\002$\205B\012\374\240\013\024:\032\227"
  40      2485420A 
  40      FCA00B14 
  40      3A1A97
  41 0083 DF7A7EA7 		.ascii	"\337z~\247vJ\324\004\267\235\331\003\371J\266\005\221"
  41      764AD404 
  41      B79DD903 
  41      F94AB605 
  41      91
  42 0094 6DC746F3 		.ascii	"m\307F\363\307\334\003+e\331<o\031\216*\310-C\013%K"
  42      C7DC032B 
  42      65D93C6F 
  42      198E2AC8 
  42      2D430B25 
  43 00a9 944035F8 		.ascii	"\224@5\370A\015\260DP\013\201\014k\262f\216x\013j`\337"
  43      410DB044 
  43      500B810C 
  43      6BB2668E 
  43      780B6A60 
  44 00be A9EDA66E 		.ascii	"\251\355\246n\257\200r\364\263\335\252\354\367\222\007"
  44      AF8072F4 
  44      B3DDAAEC 
  44      F79207
  45 00cd E434DBE6 		.ascii	"\3444\333\346\246?:\303C\020v\373\263\007]\026\322\326"
  45      A63F3AC3 
  45      431076FB 
  45      B3075D16 
  45      D2D6
ARM GAS  /tmp/ccLyNULn.s 			page 3


  46 00df C73C9569 		.ascii	"\307<\225i\262,\373B\035\004\260$\030\273\036\224\200"
  46      B22CFB42 
  46      1D04B024 
  46      18BB1E94 
  46      80
  47 00f0 0B3B693A 		.ascii	"\013;i:`\22577\227z\357\337<SKUX\025\236\211\304N\005"
  47      60953737 
  47      977AEFDF 
  47      3C534B55 
  47      58159E89 
  48 0107 057B1132 		.ascii	"\005{\0212\203\016\254\274\257\310\020Wa\024\314\276"
  48      830EACBC 
  48      AFC81057 
  48      6114CCBE 
  49 0117 2CF0529D 		.ascii	",\360R\235\234+\010\001\234\327\317\221\362J\017\316"
  49      9C2B0801 
  49      9CD7CF91 
  49      F24A0FCE 
  50 0127 6B7EBCB9 		.ascii	"k~\274\271\344`\201\\f\316\302\240\347\301NEh\330\213"
  50      E460815C 
  50      66CEC2A0 
  50      E7C14E45 
  50      68D88B
  51 013a 19344200 		.ascii	"\0314B\000:~\316\\i\001\326\027QM\240\011\255\223`\376"
  51      3A7ECE5C 
  51      6901D617 
  51      514DA009 
  51      AD9360FE 
  52 014e 329CFE2D 		.ascii	"2\234\376-_\271\213\272\255\347\001p\322K\024v\027e"
  52      5FB98BBA 
  52      ADE70170 
  52      D24B1476 
  52      1765
  53 0160 5BCE9852 		.ascii	"[\316\230R\020hf&\352b\262\224\237ei\010<bV\301\245"
  53      10686626 
  53      EA62B294 
  53      9F656908 
  53      3C6256C1 
  54 0175 1B042CA0 		.ascii	"\033\004,\240D\"-\254\025@\362\000\315\323\263\2539"
  54      44222DAC 
  54      1540F200 
  54      CDD3B3AB 
  54      39
  55 0186 827F0D14 		.ascii	"\202\177\015\024\313\371j;U0\217\273\223k&\017\021{"
  55      CBF96A3B 
  55      55308FBB 
  55      936B260F 
  55      117B
  56 0198 008FC19F 		.ascii	"\000\217\301\237w\264\360z^\201\027\236@+\210\2343\201"
  56      77B4F07A 
  56      5E81179E 
  56      402B889C 
  56      3381
  57 01aa 3610D130 		.ascii	"6\020\3210\230Q\366K\364\257\333\362V2\354\207\331\276"
  57      9851F64B 
  57      F4AFDBF2 
  57      5632EC87 
ARM GAS  /tmp/ccLyNULn.s 			page 4


  57      D9BE
  58 01bc 4E77EEFD 		.ascii	"Nw\356\375\204yC;\316\177\002\314m\035\366\032/V\317"
  58      8479433B 
  58      CE7F02CC 
  58      6D1DF61A 
  58      2F56CF
  59 01cf 6F2A20AA 		.ascii	"o* \252\344\323\355F\232\274&\337\220Uv\352\266N\035"
  59      E4D3ED46 
  59      9ABC26DF 
  59      905576EA 
  59      B64E1D
  60 01e2 939B9E79 		.ascii	"\223\233\236y?\254b\275q\343\333\032SZ\021\024\303="
  60      3FAC62BD 
  60      71E3DB1A 
  60      535A1114 
  60      C33D
  61 01f4 93CC502A 		.ascii	"\223\314P*\350\200d\350d\331\321\266Q\177\307\242\324"
  61      E88064E8 
  61      64D9D1B6 
  61      517FC7A2 
  61      D4
  62 0205 D4615956 		.ascii	"\324aYV?;u\207\247\010\\\244[\012\350\352\376\270!:"
  62      3F3B7587 
  62      A7085CA4 
  62      5B0AE8EA 
  62      FEB8213A 
  63 0219 8CC79852 		.ascii	"\214\307\230R\236\201f\021\333\210l\272@Cp\234\2627"
  63      9E816611 
  63      DB886CBA 
  63      4043709C 
  63      B237
  64 022b D703CE1D 		.ascii	"\327\003\316\035\351pz\013C\241\016v\2423\017\312\303"
  64      E9707A0B 
  64      43A10E76 
  64      A2330FCA 
  64      C3
  65 023c B5AE96CE 		.ascii	"\265\256\226\316y#\017\234\255\007\342\341\371\026\207"
  65      79230F9C 
  65      AD07E2E1 
  65      F91687
  66 024b A2E59C71 		.ascii	"\242\345\234q\037\315\011;\365\204n\236\236\013\315"
  66      1FCD093B 
  66      F5846E9E 
  66      9E0BCD
  67 025a 8A292620 		.ascii	"\212)& 5;}\026\034\021\025\216\240\303\205U\251>,\250"
  67      353B7D16 
  67      1C11158E 
  67      A0C38555 
  67      A93E2CA8 
  68 026e 2736FF05 		.ascii	"'6\377\005\206\300\264\331\034\342\224\002K\265*\366"
  68      86C0B4D9 
  68      1CE29402 
  68      4BB52AF6 
  69 027e 4FF3F26F 		.ascii	"O\363\362o\232W\240\301\320d[\233\316z\314*\375/=\366"
  69      9A57A0C1 
  69      D0645B9B 
  69      CE7ACC2A 
ARM GAS  /tmp/ccLyNULn.s 			page 5


  69      FD2F3DF6 
  70 0292 703DEED4 		.ascii	"p=\356\324\212\267\034z\367\327\343L\325\266\036\305"
  70      8AB71C7A 
  70      F7D7E34C 
  70      D5B61EC5 
  71 02a2 7F64D5C7 		.ascii	"\177d\325\307d\345\"\322\376\025\024i?\303+\\E\332p"
  71      64E522D2 
  71      FE151469 
  71      3FC32B5C 
  71      45DA70
  72 02b5 8EE52630 		.ascii	"\216\345&0\260\267H_s\221\016:\211\264b\316\326\251"
  72      B0B7485F 
  72      73910E3A 
  72      89B462CE 
  72      D6A9
  73 02c7 DCD65F2F 		.ascii	"\334\326_/\327\337\033\256?W\261\015\241\330\246\300"
  73      D7DF1BAE 
  73      3F57B10D 
  73      A1D8A6C0 
  74 02d7 64ABA8DE 		.ascii	"d\253\250\336\352=\336f\274\316\300\2561\242\016\007"
  74      EA3DDE66 
  74      BCCEC0AE 
  74      31A20E07 
  75 02e7 0569F117 		.ascii	"\005i\361\027k\320JF\255A\322iu\021\222\376Z\244\301"
  75      6BD04A46 
  75      AD41D269 
  75      751192FE 
  75      5AA4C1
  76 02fa 282505E9 		.ascii	"(%\005\351\0105\306)\022\302\243\342\365G\235aq\261"
  76      0835C629 
  76      12C2A3E2 
  76      F5479D61 
  76      71B1
  77 030c 92D1A0BD 		.ascii	"\222\321\240\275\020\032\022\034\222\210x]\254\244\277"
  77      101A121C 
  77      9288785D 
  77      ACA4BF
  78 031b 9C703A3A 		.ascii	"\234p::(\202\034\337\201\351\023\215\332\340\220\260"
  78      28821CDF 
  78      81E9138D 
  78      DAE090B0 
  79 032b 4B61DAC8 		.ascii	"Ka\332\310\030]T\374U\275\226\303t\321\027\343ct\210"
  79      185D54FC 
  79      55BD96C3 
  79      74D117E3 
  79      637488
  80 033e 3CE41C70 		.ascii	"<\344\034p\007\022aH2\240\3217$,T}%\334\240\217\223"
  80      07126148 
  80      32A0D137 
  80      242C547D 
  80      25DCA08F 
  81 0353 224FAA8F 		.ascii	"\"O\252\217\234\"T\"n\321\372\350X)\211\374\001\240"
  81      9C225422 
  81      6ED1FAE8 
  81      582989FC 
  81      01A0
  82 0365 2DD5E9   		.ascii	"-\325\351"
ARM GAS  /tmp/ccLyNULn.s 			page 6


  83              		.text
  84              		.section	.gnu.lto_chRegNextThread.fd9e178dce873fe,"",%progbits
  85 0000 789C8D54 		.ascii	"x\234\215T\357OSg\024~\237\367\336^\012\024!\373\260"
  85      EF4F5367 
  85      147E9FF7 
  85      DE5E0A14 
  85      21FBB0
  86 0013 2CCE8526 		.ascii	",\316\205&\204\221e\203\356\303\222%K\334\217\230,\331"
  86      84916583 
  86      EEC39225 
  86      4BDC8F98 
  86      2CD9
  87 0025 07BEC81F 		.ascii	"\007\276\310\037\260\270\332\014\022~\245-F>\020oK\247"
  87      B0B8DA0C 
  87      127EA52D 
  87      463E106F 
  87      4BA7
  88 0037 4B163602 		.ascii	"K\0266\002l\202\212B&\352\006R\205\211\243\262\331m"
  88      6C828A42 
  88      26EA0652 
  88      8589A3B2 
  88      D96D
  89 0049 4CD08942 		.ascii	"L\320\211B\346\350\320\251\335\202\206MLt\325a\203\214"
  89      E6E8D0A9 
  89      DD82864D 
  89      4C74D561 
  89      838C
  90 005b 9DF356A0 		.ascii	"\235\363V\240\024M\326\264\275\367\276\347<\347\307"
  90      144DD6B4 
  90      BDF7BEE7 
  90      3CE7C7
  91 006a 739E7335 		.ascii	"s\236s5\261\366\363\012\375v[\204\030\240+,\002\262"
  91      B1F6F30A 
  91      FD765B84 
  91      18A02B2C 
  91      02B2
  92 007c F182103E 		.ascii	"\361\202\020>\253\224z\030\302\314\320\306\317\013a"
  92      AB947A18 
  92      C2CCD0C6 
  92      CF0B61
  93 008b DA34E889 		.ascii	"\3324\350\211s\035\340\033\001\261Cj:v\340OyWb\260\367"
  93      731DE01B 
  93      01B1436A 
  93      3A76E04F 
  93      795762B0 
  94 00a0 DE58E68C 		.ascii	"\336X\346\214\214Ka\027\364\030j\032m5\370\021:?F&["
  94      8C4B6117 
  94      F4186A1A 
  94      6D35F811 
  94      3A3F4626 
  95 00b5 23E9055D 		.ascii	"#\351\005]\246\351\277\323\027)ok\351 \213\0241)p\030"
  95      A6E9BFD3 
  95      17296F6B 
  95      E9208B14 
  95      31297018 
  96 00c9 EB7104EB 		.ascii	"\353q\004\3539\336\027( W_\270\341R\226f\007\303\206"
  96      39DE1728 
ARM GAS  /tmp/ccLyNULn.s 			page 7


  96      20575FB8 
  96      E1529666 
  96      07C386
  97 00dc 8393716B 		.ascii	"\203\223qk\376\347\004\013\217\365\231o\352\004\302"
  97      FEE7040B 
  97      8FF5996F 
  97      EA04C2
  98 00eb 97D09271 		.ascii	"\227\320\222q\034\007\335\310g\367\376\360\374-]\313"
  98      1C07DDC8 
  98      67F7FEF0 
  98      FC2D5DCB 
  99 00fb 53D0D333 		.ascii	"S\320\3233\177\265\330\362:\011\032\035\352\032\261"
  99      7FB5D8F2 
  99      3A091A1D 
  99      EA1AB1
 100 010a 99A36620 		.ascii	"\231\243f \272\270\230\313\021zVGH|\010r7\260\020\311"
 100      BAB898CB 
 100      117A5647 
 100      487C0872 
 100      37B010C9 
 101 011e 3402A669 		.ascii	"4\002\246i\346\340(\362\026\244\340\012\251\260^\030"
 101      E6E028F2 
 101      16A4E00A 
 101      A9B05E18 
 102 012e A00B1F06 		.ascii	"\240\013\037\006\237\012\233\213\213\261\253M\037\025"
 102      9F0A9B8B 
 102      8BB1AB4D 
 102      1F15
 103 013c F44A1B04 		.ascii	"\364J\033\004\237Y\300\005\030\352>\215\012\322\254"
 103      9F59C005 
 103      18EA3E8D 
 103      0AD2AC
 104 014b FC27C434 		.ascii	"\374'\3044\201\231\251\033T\"]\265I\370s8O\254\333l"
 104      8199A91B 
 104      54225DB5 
 104      49F87338 
 104      4FACDB6C 
 105 015f D1B40255 		.ascii	"\321\264\002U\346\255K\235]\031\252\314;W\217\355\177"
 105      E6AD4B9D 
 105      5D19AACC 
 105      3B578FED 
 105      7F
 106 0170 BACDECF0 		.ascii	"\272\315\354\3607R\2027\020\227:\202\217+\024\307\220"
 106      37528237 
 106      10973A82 
 106      8F2B14C7 
 106      90
 107 0181 47C0DF1B 		.ascii	"G\300\337\033\356\367\203\011\326\355\002\307\311z\005"
 107      EEF78309 
 107      D6ED02C7 
 107      C97A05
 108 0190 FE3FA676 		.ascii	"\376?\246v\336l5Vu\022\035\016B5\020\223X\335c\364\341"
 108      DE6C3556 
 108      75121D0E 
 108      42351093 
 108      58DD63F4 
 109 01a5 AE6B34EC 		.ascii	"\256k4\354>6\311\024S\250s#\247\021\350g\253\226B\216"
ARM GAS  /tmp/ccLyNULn.s 			page 8


 109      3E36C914 
 109      53A87323 
 109      A711E867 
 109      AB96428E 
 110 01b9 C05730A8 		.ascii	"\300W0\250\220\023L\013\304^\220\371\372\354\203f-\267"
 110      90134C0B 
 110      C45E90F9 
 110      FAEC8366 
 110      2DB7
 111 01cb 07ED66AB 		.ascii	"\007\355f\253=.-\214\370\364\312\274/C'\0160\200\\E"
 111      3D2E2D8C 
 111      F8F4CABC 
 111      2F43270E 
 111      30805C45 
 112 01df F09E0F76 		.ascii	"\360\236\017v\267\331\350\004'\241\253\232\005\276\206"
 112      B7D9E804 
 112      27A1AB9A 
 112      05BE86
 113 01ee 4E8673BB 		.ascii	"N\206s\273:\376\321s\203\217\320\006\373\216\317\236"
 113      3AFED173 
 113      838FD006 
 113      FB8ECF9E 
 114 01fe 09A52BF4 		.ascii	"\011\245+\364 \243\021\"!]\206\177`0\336\275\216\373"
 114      20A31122 
 114      215D867F 
 114      6030DEBD 
 114      8EFB
 115 0210 9993DCE8 		.ascii	"\231\223\334\350\365\351\213\023\326\031%&\006\235x"
 115      F5E98B13 
 115      D6192526 
 115      069D78
 116 021f 70E07656 		.ascii	"p\340vV;\366\372L3\374l\\\246\315I\013Nq\036\262\355"
 116      3BF6FA4C 
 116      33FC6C5C 
 116      A6CD490B 
 116      4E711EB2 
 117 0234 BBD73C95 		.ascii	"\273\327<\225]\370\"\013`\010\355\370[*2\277A\241\240"
 117      5DF8220B 
 117      6008EDF8 
 117      5B2A32BF 
 117      41A1A0
 118 0247 B998D96A 		.ascii	"\271\230\331j\3104@\212+~A\340\327\372\303\237\031+"
 118      C834408A 
 118      2B7E41E0 
 118      D7FAC39F 
 118      192B
 119 0259 79F6FFFC 		.ascii	"y\366\377\374q\257\254\2337?4\255qi] .Erv\253z<\342"
 119      71AFAC9B 
 119      373F34AD 
 119      71695D20 
 119      2E457276 
 120 0271 0BEC4322 		.ascii	"\013\354C\";y\245\343[\324\341\364\243\354\377\366|"
 120      3B79A5E3 
 120      5BD4E1F4 
 120      A3ECFFF6 
 120      7C
 121 0282 D2671476 		.ascii	"\322g\024v\023}\341\215q\231\201\260*\001\011\3415\314"
ARM GAS  /tmp/ccLyNULn.s 			page 9


 121      137DE18D 
 121      719981B0 
 121      2A0109E1 
 121      35CC
 122 0294 1F6A3654 		.ascii	"\037j6T\364\360kq\231\211\357\250(\201\357Q\247\006"
 122      F4F06B71 
 122      9989EFA8 
 122      2881EF51 
 122      A706
 123 02a6 7E830640 		.ascii	"~\203\006@+\250q\367\307g\375Z\242\252\264\244v\241"
 123      2BA871F7 
 123      C767FD5A 
 123      A2AAB4A4 
 123      76A1
 124 02b8 5A35D6B6 		.ascii	"Z5\326\266j\303\017*\217R\3610E\275\214\372\246\235"
 124      6AC30F2A 
 124      8F52F130 
 124      45BD8CFA 
 124      A69D
 125 02ca C33211C2 		.ascii	"\3032\021\302\232\2102\261\347P}6w\301r\376\221BP\242"
 125      9A8832B1 
 125      E7507D36 
 125      77C172FE 
 125      914250A2 
 126 02de 26B04B0A 		.ascii	"&\260K\012\243\317<9\315\231\2254#(\234cB\250n}E\366"
 126      A3CF3C39 
 126      CD999534 
 126      23289C63 
 126      42A86E7D 
 127 02f4 096A2196 		.ascii	"\011j!\226v Y\367\215\007\376\227\356G\225\356\2279"
 127      762059F7 
 127      8D07FE97 
 127      EE4795EE 
 127      9739
 128 0306 D7E9E8EC 		.ascii	"\327\351\350\354\223u?=\260\244{}\215|\317\261|S\226"
 128      93753F3D 
 128      B0A47B7D 
 128      8D7CCFB1 
 128      7C5396
 129 0319 61E43E2D 		.ascii	"a\344>-\303O\354oI]\206\243\257sn\201\363\217_\2061"
 129      C34FEC6F 
 129      495D86A3 
 129      AF736E81 
 129      F38F5F86 
 130 032e B50C1792 		.ascii	"\265\014\027\222\226\341\340\355h\310X\322\371Y\245"
 130      96E1E0ED 
 130      68C858D2 
 130      F959A5
 131 033d F38B4AE7 		.ascii	"\363\213J\347\251\242\036'Q\377\206@\364\340I\305\267"
 131      A9A21E27 
 131      51FF8640 
 131      F4E049C5 
 131      B7
 132 034e 48555A56 		.ascii	"HUZVLr\354\011R\002I9.\327\211k\364~\034\317L\314\217"
 132      4C72EC09 
 132      52024939 
 132      2ED7896B 
ARM GAS  /tmp/ccLyNULn.s 			page 10


 132      F47E1CCF 
 133 0365 D47313E0 		.ascii	"\324s\023\340q\310\241\251\2554\031\355ad\003\275u\300"
 133      71C8A1A9 
 133      AD3419ED 
 133      616403BD 
 133      75C0
 134 0377 B45392E7 		.ascii	"\264S\222\347\212\212\034\364\255\3628\334^\207\307"
 134      8A8A1CF4 
 134      ADF238DC 
 134      5E87C7
 135 0386 ED74384B 		.ascii	"\355t8K\335\256\367\313<^wm\221SHo\265V\351\255\266"
 135      DDAEF7CB 
 135      3C5E776D 
 135      9153486F 
 135      B556E9AD 
 136 039b 6CDB525E 		.ascii	"l\333R^\343z>\331\265\272\312\355\3658\336\332\\\274"
 136      E37A3ED9 
 136      B5BACAED 
 136      F538DEDA 
 136      5CBC
 137 03ad A9783B61 		.ascii	"\251x;a\234Un\327\273\333^\255(*\025/,\273\271\266{"
 137      9C556ED7 
 137      BBDB5EAD 
 137      282A152F 
 137      2CBBB9B6 
 138 03c2 1D9B8A4B 		.ascii	"\035\233\212K\336)q\224U:\313k\266\272\034\312\315Y"
 138      DE297194 
 138      553ACB6B 
 138      B6BA1CCA 
 138      CD59
 139 03d4 F1764DA5 		.ascii	"\361vM\245\223<7$\007\\v)\365\324z\310\230S\\\262\331"
 139      933C3724 
 139      075C7629 
 139      F5D47AC8 
 139      98535CB2 
 140 03e9 FEDE168F 		.ascii	"\376\336\026\217\253\332]\366\222=\377e!\335\"\255\302"
 140      ABDA5DF6 
 140      923DFF65 
 140      21DD22AD 
 140      C2
 141 03fa 5551E5AE 		.ascii	"UQ\345\256\025\377\001\326R,\217"
 141      15FF01D6 
 141      522C8F
 142              		.text
 143              		.section	.gnu.lto_.symbol_nodes.fd9e178dce873fe,"",%progbits
 144 0000 789C6366 		.ascii	"x\234cf``\360f\200\002\246m\214\365\014\014\023\316"
 144      6060F066 
 144      8002A66D 
 144      8CF50C0C 
 144      13CE
 145 0012 3130D4D7 		.ascii	"10\324\3273\314[\300\301\300\272\203\221A\240\236\201"
 145      33CC5BC0 
 145      C1C0BA83 
 145      9141A09E 
 145      81
 146 0023 693B633D 		.ascii	"i;c=#\212\370VF\306\205L\365\014\214\273\030\353\231"
 146      238AF856 
ARM GAS  /tmp/ccLyNULn.s 			page 11


 146      46C6854C 
 146      F50C8CBB 
 146      18EB99
 147 0036 20120C0D 		.ascii	" \022\014\015\015\034\014\314L,\014K\332\337\3103\000"
 147      0D1C0CCC 
 147      4C2C0C4B 
 147      DADFC833 
 147      00
 148 0047 00F6D013 		.ascii	"\000\366\320\023\221"
 148      91
 149              		.text
 150              		.section	.gnu.lto_.refs.fd9e178dce873fe,"",%progbits
 151 0000 789C6366 		.ascii	"x\234cf``\340f\200\000F bfdbbde\000\000\001z\000\037"
 151      6060E066 
 151      80004620 
 151      62666462 
 151      62646500 
 152              		.text
 153              		.section	.gnu.lto_.decls.fd9e178dce873fe,"",%progbits
 154 0000 789CB53B 		.ascii	"x\234\265;kT\224\311\225]_u\003\3354\315d\2340s\334"
 154      6B5494C9 
 154      955D5F75 
 154      03DD34CD 
 154      649C3073 
 155 0015 4962982C 		.ascii	"Ib\230,\233\311\316\310L\2221\311\331\354\231\331L\036"
 155      9BC9CEC8 
 155      4C9231C9 
 155      D9EC99D9 
 155      4C1E
 156 0027 9BC76426 		.ascii	"\233\307d&3\311\331\263'\311\3510\320*;\274\322\264"
 156      33C9D9B3 
 156      27C9E930 
 156      D02A3BBC 
 156      D2B4
 157 0039 A3E6EC39 		.ascii	"\243\346\3549\371x)\242 \202 \017\221\346%oA|\000\202"
 157      F97829A2 
 157      2082200F 
 157      91E6256F 
 157      417C0082 
 158 004d 0A3E50C4 		.ascii	"\012>P\304\007\012\012\202@\013(\240\202 8\240\362\330"
 158      070A0A82 
 158      400B28A0 
 158      822038A0 
 158      F2D8
 159 005f 5B55DFD7 		.ascii	"[U\337\327\337\327\355\327:?6}\274~u\277\272u\357\255"
 159      DFD7EDD7 
 159      3A3F367D 
 159      BC7E75BF 
 159      BA75EFAD 
 160 0073 5BB76EDD 		.ascii	"[\267n\335\252\372\300*\225\352\307H\245Z\202\337\337"
 160      AAFAC02A 
 160      95EAC748 
 160      A55A82DF 
 160      DF
 161 0084 57A95401 		.ascii	"W\251T\001\356*\025\206w\037\251\244\037\301-@\263\001"
 161      EE2A1586 
 161      771FA9A4 
ARM GAS  /tmp/ccLyNULn.s 			page 12


 161      1FC12D40 
 161      B301
 162 0096 E07F0138 		.ascii	"\340\177\0018\300\347\341\3713N\345\360#4zx\032T\354"
 162      C0E7E1F9 
 162      334EE5F0 
 162      23347A78 
 162      1A54EC
 163 00a9 F901E03E 		.ascii	"\371\001\340>\360\254\005\370\005\320\376\032\3407\000"
 163      F0AC05F8 
 163      05D0FE1A 
 163      E03700
 164 00b8 8FE0FD4E 		.ascii	"\217\340\375N\200w\001\026\004\376\263PN\004X\015\340"
 164      80770116 
 164      04FEB350 
 164      4E04580D 
 164      E0
 165 00c9 26F0FA10 		.ascii	"&\360\372\020h\177\007\360_\000\377\015\360G\000$\310"
 165      687F07F0 
 165      5F00FF0D 
 165      F0470024 
 165      C8
 166 00da 96FF885E 		.ascii	"\226\377\210^\336\317\221Kd\311e\377\211c\262\377\014"
 166      DECF914B 
 166      64C965FF 
 166      8963B2FF 
 166      0C
 167 00eb CFBF21A6 		.ascii	"\317\277!\246\303\037\020\323\203\350\340.\360U\322"
 167      C31F10D3 
 167      83E8E02E 
 167      F055D2
 168 00fa 41B44110 		.ascii	"A\264A\020\367\264.S\034*j\232\335\312\215r\310\240"
 168      F7B42E53 
 168      1C2A6A9A 
 168      DDCA8D72 
 168      C8A0
 169 010c B3AA095E 		.ascii	"\263\252\011^V\227\360\304\003p\275\356\247\004-\255"
 169      5697F0C4 
 169      0370BDEE 
 169      A7042DAD 
 170 011c A99CE030 		.ascii	"\251\234\3400\207H\271 \343f\247\356\2152\236\347\343"
 170      8748B920 
 170      E366A7EE 
 170      8D329EE7 
 170      E3
 171 012d F9A66E24 		.ascii	"\371\246n$\361\030\312m\273\355\215_\244Di#\225\017"
 171      F118CA6D 
 171      BBED8D5F 
 171      A4446923 
 171      950F
 172 013f B4F8555A 		.ascii	"\264\370UZ\256\3377s\301\223\362^A\320#)g3\334(k*\351"
 172      AEDF3773 
 172      C193F25E 
 172      41D02329 
 172      6733DC28 
 173 0156 7AD274B2 		.ascii	"z\322t\262\007~\215R^\333~\267S\217\277C\313\307\217"
 173      077E8D52 
 173      5EDB7EB7 
ARM GAS  /tmp/ccLyNULn.s 			page 13


 173      538FBF43 
 173      CBC78F
 174 0169 CDB5E8F0 		.ascii	"\315\265\350\360wiy[\274\255U\207\377\215\226\243\366"
 174      7769795B 
 174      BCAD5587 
 174      FF8D96A3 
 174      F6
 175 017a 366C7387 		.ascii	"6ls\207\346\337\324Q\241\003\331\217\012\265\024%\336"
 175      E6DFD451 
 175      A103D98F 
 175      0AB51425 
 175      DE
 176 018b E00DAFB8 		.ascii	"\340\015\257\270\263\267\371\002\003\362\323\025\202"
 176      B3B7F902 
 176      03F2D315 
 176      82
 177 0198 8A934905 		.ascii	"\212\223I\005\203\377\031\303\277\207\016#\035\252A"
 177      83FF19C3 
 177      BF870E23 
 177      1DAA41
 178 01a7 1895A137 		.ascii	"\030\225\2417@[\332\232\374\342y>\232O\216\341\265g"
 178      405BDA9A 
 178      FCE2793E 
 178      9A4F8EE1 
 178      B567
 179 01b9 0D2A5489 		.ascii	"\015*T\211\226\243}h\271\012\035B~@Ai\321\001xy\020"
 179      96A37D68 
 179      B90A1D42 
 179      7E404169 
 179      D1017879 
 180 01ce 5E02E3D3 		.ascii	"^\002\343\323\363\307b5H\347\247\334\250N\241\021U\341"
 180      F3C76235 
 180      48E7A7DC 
 180      A84EA111 
 180      55E1
 181 01e0 5E4C8A0F 		.ascii	"^L\212\017\317\253Q-\250\260_R\0014\022M\307\025\216"
 181      CFAB512D 
 181      A8B05F52 
 181      0134124D 
 181      C7158E
 182 01f3 45976B44 		.ascii	"E\227kD\225\253\342\006\327\022\225\217\000}\265D_\213"
 182      95ABE206 
 182      D712958F 
 182      007DB544 
 182      5F8B
 183 0205 9EA973BD 		.ascii	"\236\251s\275\242\316(\367\324\303<O\334\212\250\355"
 183      A2CE28F7 
 183      D4C33C4F 
 183      DC8AA8ED 
 184 0215 0AD3D22B 		.ascii	"\012\323\322+4\324\364\036\004\355\030\236\274\347\201"
 184      34D4F41E 
 184      04ED189E 
 184      BCE781
 185 0224 DB595DCB 		.ascii	"\333Y]\313\205\313\303\210y\000G\360\274\241sm\236\224"
 185      85CBC388 
 185      790047F0 
 185      BCA1736D 
ARM GAS  /tmp/ccLyNULn.s 			page 14


 185      9E94
 186 0236 F65B044D 		.ascii	"\366[\004M.nj\361\304\335\214\366\312\203z\336\035\017"
 186      2E6E6AF1 
 186      C4DD8CF6 
 186      CA837ADE 
 186      1D0F
 187 0248 53844BBC 		.ascii	"S\204K\274<\260\250F~z\252{_\361\364\206(\320\375$\322"
 187      3CB0A846 
 187      7E7AAA7B 
 187      5FF1F486 
 187      28D0FD24 
 188 025d A36649F7 		.ascii	"\243fI\367\017\365L\365\004Iu\364\221\217\244\374\011"
 188      0FF54CF5 
 188      044975F4 
 188      918FA4FC 
 188      09
 189 026e 50FE43BD 		.ascii	"P\376C\275@\015\002\276\340[\022\274q2s\270\204\351"
 189      400D02BE 
 189      E05B12BC 
 189      713273B8 
 189      84E9
 190 0280 D8663D4E 		.ascii	"\330f=Ne\310\375\243\2559\3368\235!\243S\243\327\014"
 190      65C8FDA3 
 190      AD39DE38 
 190      9D21A353 
 190      A3D70C
 191 0293 389321A9 		.ascii	"8\223!\251w\232\006\015x7C\332\006\347\246\365T\373"
 191      779A060D 
 191      783743DA 
 191      06E7A6F5 
 191      54FB
 192 02a5 17089A7F 		.ascii	"\027\010\232\177|(F\217sY]o\362\246\022-\316gH\346\354"
 192      7C28468F 
 192      73595D6F 
 192      F2A6122D 
 192      CE6748E6 
 193 02ba F9166F4A 		.ascii	"\371\026oJ\370\012A+\3622\017k\361^V7\321Z1\310\341"
 193      F80A412B 
 193      F2320F6B 
 193      F15E5637 
 193      D15A31C8 
 194 02cf 32CEC18B 		.ascii	"2\316\301\213\365\324\213=gJ\033\362\364\310\227\375"
 194      F5D48B3D 
 194      674A1BF2 
 194      F4C897FD 
 195 02df 96F9FAF9 		.ascii	"\226\371\372\371Z\241k\223}\245e\277J\211\341\013_\241"
 195      5AA16B93 
 195      7DA565BF 
 195      4A89E10B 
 195      5FA1
 196 02f1 06380D06 		.ascii	"\0068\015\006\350B\313\244n~{\271\212\216\030t\222\220"
 196      E842CBA4 
 196      6E7E7BB9 
 196      8A8E1874 
 196      9290
 197 0303 5B2B4BDD 		.ascii	"[+K\335\316\276EI\3179\223\266\"'\332}v\3326g\332\363"
 197      CEBE4549 
ARM GAS  /tmp/ccLyNULn.s 			page 15


 197      CF3993B6 
 197      2227DA7D 
 197      76DA3667 
 198 0319 94F63B76 		.ascii	"\224\366;v\322r;\351\031g\322Fg\266ev\332\026eZ\211"
 198      D2723BE9 
 198      1967D246 
 198      67B66576 
 198      DA16655A 
 199 032e 6D9D9DF4 		.ascii	"m\235\235\364\2423\351%'\322\022;\351)E\033P\312\035"
 199      A233E925 
 199      27D2123B 
 199      E929451B 
 199      50CA1D
 200 0341 E0307C32 		.ascii	"\3400|2\317\277gQ\241cP}\234T7\011\364\340\012\350:"
 200      CFBF6751 
 200      A163507D 
 200      9C543709 
 200      F4E00AE8 
 201 0356 78C535E4 		.ascii	"x\3055\344\213\332\001:\001:\000z\000.\003\\\001\350"
 201      8BDA013A 
 201      013A007A 
 201      002E035C 
 201      01E8
 202 0368 06B88A7C 		.ascii	"\006\270\212|\251gQ\261Uv\261\027\224m\304:N<\325\266"
 202      A96751B1 
 202      5576B117 
 202      946DC43A 
 202      4E3CD5B6 
 203 037c B0D98D47 		.ascii	"\260\331\215G\204F%\270\235\360#\214l\025\245\347\364"
 203      844625B8 
 203      9DF0238C 
 203      6C15A5E7 
 203      F4
 204 038d BCC0EAAC 		.ascii	"\274\300\352\254\362\320\320.\200_\214\304\305\027j"
 204      F2D0D02E 
 204      805F8CC4 
 204      C5176A
 205 039c F472C796 		.ascii	"\364r\307\226\023\253P/\322\013\361qls\334\257p'\365"
 205      13AB502F 
 205      D20BF171 
 205      6C73DCAF 
 205      7027F5
 206 03af 26DCBC75 		.ascii	"&\334\274u\307z\004n\303l\020Cm`\027p\024$\366\0116"
 206      C77A046E 
 206      C36C1043 
 206      6D601770 
 206      1424F609 
 207 03c4 18001BF4 		.ascii	"\030\000\033\364\313\3728\331wf\357F\346b\300\031\335"
 207      CBFA38D9 
 207      7766EF46 
 207      E662C019 
 207      DD
 208 03d5 104815CC 		.ascii	"\020H\025\314K{\231\031Gz\331\367T/A\235\371\264\241"
 208      4B7B9919 
 208      477AD9F7 
 208      542F419D 
 208      F9B4A1
ARM GAS  /tmp/ccLyNULn.s 			page 16


 209 03e8 4D1EB89B 		.ascii	"M\036\270\233y\367\300\341\323\323Z\334\317\220\254"
 209      79F7C0E1 
 209      D3D35ADC 
 209      CF90AC
 210 03f7 EAB9591D 		.ascii	"\352\271Y\035\276\315\220\263\3459\177\301\023\264\254"
 210      BECD90B3 
 210      E5397FC1 
 210      13B4AC
 211 0406 1EDA5D7D 		.ascii	"\036\332]}\330\033\371-_N\003U<\314\363\021\210QC\010"
 211      D81BF92D 
 211      5F4E0355 
 211      3CCCF311 
 211      88514308 
 212 041a CB16930C 		.ascii	"\313\026\223\014x?\367.\251\200\242\007}\322\2005\231"
 212      783FF72E 
 212      A980A207 
 212      7DD28035 
 212      99
 213 042b C2E35754 		.ascii	"\302\343WT\350\215\345\350uPs\030\272E\252T\3506h~\213"
 213      E88DE5E8 
 213      75507318 
 213      BA45AA54 
 213      E836687E 
 214 0440 C5AAC1D4 		.ascii	"\305\252\301\324\251-\032\235@\035\377<\352\214\204"
 214      A92D1A9D 
 214      401DFF3C 
 214      EA8C84
 215 044f 8C78BD83 		.ascii	"\214x\275\203\341GA\031\311\360cv\303_\035\332\001\261"
 215      E1474119 
 215      C9F06376 
 215      C35F1DDA 
 215      01B1
 216 0461 689AF567 		.ascii	"h\232\365g~!v\2277~\314\220]\227\273k\3258\006\2638"
 216      7E217697 
 216      377ECC90 
 216      5D97BB6B 
 216      D53806B3 
 217 0476 D35B7ADE 		.ascii	"\323[z\336\035o\305\016\313\214\017[f\222\332\262\232"
 217      1D6FC50E 
 217      CB8C0F5B 
 217      6692DAB2 
 217      9A
 218 0487 31459768 		.ascii	"1E\227h\320K\031\232)B\342R\340\330\265)P\326G\010\304"
 218      D04B199A 
 218      2942E252 
 218      E0D8B529 
 218      50D64708 
 219 049c 13A0CD7D 		.ascii	"\023\240\315}q\035H*\330\376*Y\007&A\315q)6\372H\313"
 219      711D482A 
 219      D8FE2A59 
 219      072641CD 
 219      712936FA 
 220 04b2 80ADABE8 		.ascii	"\200\255\253\350w\312L\247]1\275\027\323\366U\302\364"
 220      77CA4CA7 
 220      5D31BD17 
 220      D3F655C2 
 220      F4
ARM GAS  /tmp/ccLyNULn.s 			page 17


 221 04c3 0130BD27 		.ascii	"\0010\275'1\235\224-.\266\274\3315\312\\\037\272\342"
 221      319D942D 
 221      2EB6BCD9 
 221      35CA5C1F 
 221      BAE2
 222 04d5 5A5534F0 		.ascii	"ZU4\360u\302u\006\270\336\225\270>\220\270\242\236\212"
 222      75C27506 
 222      B8DE95B8 
 222      3E90B8A2 
 222      9E8A
 223 04e7 AE5318A7 		.ascii	"\256S\030\2471k]\270\232\021\347\205s(\302]]\330\264"
 223      316B5DB8 
 223      9A11E785 
 223      7328C25D 
 223      5DD8B4
 224 04fa 4C59DE23 		.ascii	"LY\336#\027\362\254\363<\357\241Bs mVY\332\320\203\236"
 224      17F2ACF3 
 224      3CEFA142 
 224      73206D56 
 224      59DAD083 
 225 050f 123D2E62 		.ascii	"\022=.b\322J\006/\246x\321\245\352\333\004\335\275y"
 225      D24A062F 
 225      A678D1A5 
 225      EADB04DD 
 225      BD79
 226 0521 E6B11A57 		.ascii	"\346\261\032W2\341\007\023\007\342\260\262\364EW\322"
 226      32E10713 
 226      07E2B0B2 
 226      F44557D2 
 227 0531 17A9F405 		.ascii	"\027\251\364\005\220>\257,\375\346\235c{\325\370\020"
 227      903EAF2C 
 227      FDE69D63 
 227      7BD5F810 
 228 0541 933E303B 		.ascii	"\223>0;p\302\235J\177\213\240\007[\006.x\341FV\3270"
 228      70C29D4A 
 228      7F8BA007 
 228      5B062E78 
 228      E14656D7 
 229 0556 127DDD1D 		.ascii	"\022}\335\035\237`\310\334\235\021\030\221s\014\331"
 229      9F60C8DC 
 229      9D111891 
 229      730CD9
 230 0565 D777723D 		.ascii	"\327wr=4r\323\221\011?Gr\025\364wx\335\332q\251]C\337"
 230      3472D391 
 230      093F4772 
 230      15F47778 
 230      DDDA71A9 
 231 057c 9357EEA4 		.ascii	"\223W\356\244\007\217N\325U\271\261\036\360O/\363\233"
 231      078F4ED5 
 231      55B9B11E 
 231      F04F2FF3 
 231      9B
 232 058d 393F2066 		.ascii	"9? f\235\210\345\226\2438N\364\256\241\\\352]\2338\035"
 232      9D88E596 
 232      A3384EF4 
 232      AEA15CEA 
 232      5D9B381D 
ARM GAS  /tmp/ccLyNULn.s 			page 18


 233 05a1 8AE1ECDD 		.ascii	"\212\341\354\335p\223\374\340\372\241\274#\366\274\350"
 233      7093FCE0 
 233      FAA1BC23 
 233      F6BCE8
 234 05b0 DED025EA 		.ascii	"\336\320%\3527[\200<Z\"\207\326\366$CAz\274\202t\340"
 234      375B803C 
 234      5A2287D6 
 234      F6244341 
 234      7ABC8274 
 235 05c5 9C7F6528 		.ascii	"\234\177e(\001\331\323\227\"\226\276l\005\316Q\022\347"
 235      01D9D397 
 235      2296BE6C 
 235      05CE5112 
 235      E7
 236 05d6 2DCFE69C 		.ascii	"-\317\346\234\240\310\031%w]_\364\300\235\314\206\235"
 236      A0C81925 
 236      775D5FF4 
 236      C09DCC86 
 236      9D
 237 05e7 A5ED566F 		.ascii	"\245\355Vo\334\313\220\356\353\247r \007aH\375\316\222"
 237      DCCB90EE 
 237      EBA77220 
 237      076148FD 
 237      CE92
 238 05f9 D37A7C97 		.ascii	"\323z|\227!'\0174\374\014/\262r\365\361\362-Z:X\177"
 238      21270F34 
 238      FC0C2FB2 
 238      72F5F1F2 
 238      2D5A3A58 
 239 060e 21E86CDC 		.ascii	"!\350l\334\344\026\035]\304\3654Kh\275\323\357\216c"
 239      E4161D5D 
 239      C4F5344B 
 239      68BDD3EF 
 239      8E63
 240 0620 D594B4A6 		.ascii	"\325\224\264\246\240\3500#}\217.\376\233w]\345\360\016"
 240      A0E83023 
 240      7D8F2EFE 
 240      9B775DE5 
 240      F00E
 241 0632 5697D5DA 		.ascii	"V\227\325\332\353\215\363X\371\314\326\202+n\270\206"
 241      EB8DF358 
 241      F9CCD682 
 241      2B6EB886 
 242 0642 21B5E345 		.ascii	"!\265\343E\351\032|\204\"\\M\316\351L\255`\006k\"F("
 242      E91A7C84 
 242      225C4DCE 
 242      E94CAD60 
 242      066B2246 
 243 0657 0B4C90F1 		.ascii	"\013L\220\361\245M\220\251l\202\270\333u\351\03071y"
 243      A54D90A9 
 243      6C82B8DB 
 243      75E91837 
 243      3179
 244 0669 731787CB 		.ascii	"s\027\207\313\334q\013C\322\032w\2470\215y\212O\366"
 244      DC710B43 
 244      D21A77A7 
 244      308D798A 
ARM GAS  /tmp/ccLyNULn.s 			page 19


 244      4FF6
 245 067b 273FF6C2 		.ascii	"'?\366\302\027Xe\364\235L+\302\327\030rkSM\216\032\367"
 245      175865F4 
 245      9D4C2BC2 
 245      D718726B 
 245      534D8E1A 
 246 0690 3324BD3C 		.ascii	"3$\275<\347\261\033\276\315\220\324\244\376Cz<\301\220"
 246      E7B11BBE 
 246      CD90D4A4 
 246      FE437A3C 
 246      C190
 247 06a2 7D77A676 		.ascii	"}w\246vj\360C\206\354\037\353y\023\317\263\236e\316"
 247      6AF04386 
 247      EC1FEB79 
 247      13CFB39E 
 247      65CE
 248 06b4 DC3A875C 		.ascii	"\334:\207\\f\276{9\345\314\327\012\261\024\025\201\015"
 248      66BE7B39 
 248      E5CCD70A 
 248      B1141581 
 248      0D
 249 06c5 0AB9A7B3 		.ascii	"\012\271\247\263X\220\220sco\256\036\307k\250\270=Q"
 249      58909073 
 249      636FAE1E 
 249      C76BA8B8 
 249      3D51
 250 06d7 5DA91ABC 		.ascii	"]\251\032\274\235!\213\005\333\032\020Ne\310\315\252"
 250      9D218B05 
 250      DB1A104E 
 250      65C8CDAA 
 251 06e7 91310EE7 		.ascii	"\2211\016\3473$\343bb\207\036\3270$\361\204\355\212"
 251      3324E362 
 251      62871ED7 
 251      3024F184 
 251      ED8A
 252 06f9 06376A1C 		.ascii	"\0067j\034\242\202\236E\205\322\353\327\316\270\343"
 252      A2829E45 
 252      85D2EBD7 
 252      CEB8E3
 253 0708 331A8739 		.ascii	"3\032\2079\253gs6\3076sS\213/\260\272\376S\321\327\324"
 253      AB677336 
 253      C7367353 
 253      8B2FB0BA 
 253      FE53D1D7 
 254 071d B89B2151 		.ascii	"\270\233!QM\225\035\214\360\2074;<\2356\343\211\007"
 254      4D951D8C 
 254      F087343B 
 254      3C9D36E3 
 254      8907
 255 072f 595D4CCC 		.ascii	"Y]L\314\261\026\015\036\3278x\213\236z\313\217\373o"
 255      B1160D1E 
 255      D738788B 
 255      9E7ACB8F 
 255      FB6F
 256 0741 16C48AE9 		.ascii	"\026\304\212\351\240\237\336w\231\037y.\243\251\341"
 256      A09FDE77 
 256      991F792E 
ARM GAS  /tmp/ccLyNULn.s 			page 20


 256      A3A9E1
 257 0750 B2657A3D 		.ascii	"\262ez=)\371\321L\221\274\324\277\304\262F=\371_\357"
 257      29F9D14C 
 257      91BCD4BF 
 257      C4B2463D 
 257      F95FEF
 258 0763 477F247F 		.ascii	"G\177$\177\344'\307km\337\252\257\341\233b1\235>\211"
 258      E427C76B 
 258      6DDFAAAF 
 258      E19B6231 
 258      9D3E89
 259 0776 60B77EEE 		.ascii	"`\267~\356%\245\325\235\346;I\345$\337!\026\256\006"
 259      25A5D59D 
 259      E63B49E5 
 259      24DF2116 
 259      AE06
 260 0788 CA1E4E96 		.ascii	"\312\036N\226\007Tq\216\211\336dy\375\344'\2514o\270"
 260      0754718E 
 260      89DE6479 
 260      FDE427A9 
 260      346FB8
 261 079b C0E99115 		.ascii	"\300\351\221\025\350\317s\256\223\275\352\361\332\272"
 261      E8CF73AE 
 261      93BDEAF1 
 261      DABA
 262 07a9 7FCEE4AD 		.ascii	"\177\316\344\255'\020:\012\344\311\317T\204\267m)\275"
 262      27103A0A 
 262      E4C9CF54 
 262      84B76D29 
 262      BD
 263 07ba 48F325A2 		.ascii	"H\363%\242\364\266\347(\335:\242\311x\213\306\372\307"
 263      F4B6E728 
 263      DD3AA2C9 
 263      788BC6FA 
 263      C7
 264 07cb 88292DC4 		.ascii	"\210)-\304g"
 264      67
 265 07d0 96A23DB1 		.ascii	"\226\242=\261\247h\223\243\365V\257V\210\315\350\022"
 265      A76893A3 
 265      F556AF56 
 265      88CDE812 
 266 07e0 10A5493E 		.ascii	"\020\245I>\324\312-{z;q\021\324\224\026\177P\332\236"
 266      D4CA2D7B 
 266      7A3B7111 
 266      D494167F 
 266      50DA9E
 267 07f3 318DD736 		.ascii	"1\215\3276\372\035aF\275\005D\005\256\365\223g\244\305"
 267      FA1D6146 
 267      BD054405 
 267      AEF59367 
 267      A4C5
 268 0805 505D4233 		.ascii	"P]B3R\360n\242%\311\306\356B\271\231\203\014\024\240"
 268      52F06EA2 
 268      25C9C6EE 
 268      42B99983 
 268      0C14A0
 269 0818 0BA01DE0 		.ascii	"\013\240\035\340*\300 @'\200\015\240\001\3406\300Y\200"
ARM GAS  /tmp/ccLyNULn.s 			page 21


 269      2AC02040 
 269      27800DA0 
 269      01E036C0 
 269      5980
 270 082a 16809B00 		.ascii	"\026\200\233\000\243\000\265\000\327\000\306\000z9\226"
 270      A300B500 
 270      D700C600 
 270      7A3996
 271 0839 D1916E56 		.ascii	"\321\221nV\217\326\317c\022\212\217\203\220Ri\001\352"
 271      8FD6CF63 
 271      128A8F83 
 271      90526901 
 271      EA
 272 084a 117B298C 		.ascii	"\021{)\214G\305\253l<\310\360U \247\341v\262\361\\\021"
 272      47C5AB6C 
 272      3CC8F055 
 272      20A7E176 
 272      B2F15C11 
 273 085e 710C91B2 		.ascii	"q\014\221\262\365\031\224c\016\224\303\312\224t4\312"
 273      F5199463 
 273      0E94C3CA 
 273      947434CA 
 274 086e EBAB7F4D 		.ascii	"\353\253\177M\342z7\320\344I\203q^TS1\225\355\000\203"
 274      E27A37D0 
 274      E4498371 
 274      5E545331 
 274      95ED0083 
 275 0882 0D0BC69B 		.ascii	"\015\013\306\233\204\362I\316\236\312\362\304\307\376"
 275      84F249CE 
 275      9ECAF2C4 
 275      C7FE
 276 0890 85F5E934 		.ascii	"\205\365\3514\220\224;\273\360%\307\275\012_]\326p\020"
 276      90943BBB 
 276      F025C7BD 
 276      0A5F5DD6 
 276      7010
 277 08a2 47517AE2 		.ascii	"GQz\342\020\273\200\276\015\236;!T6>\355\223\300\275"
 277      10BB80BE 
 277      0D9E3B21 
 277      54363EED 
 277      93C0BD
 278 08b5 50E04E46 		.ascii	"P\340NF\273D\231\273l\330\255Ts;\267t\216\031\216h>"
 278      BB4499BB 
 278      6CD8AD54 
 278      733BB774 
 278      8E198E68 
 279 08ca 019A9F80 		.ascii	"\001\232\237\200a\273\302\311\022\361\362\3729aB\365"
 279      61BBC2C9 
 279      12F1F2FA 
 279      396142F5 
 280 08da 81F5F295 		.ascii	"\201\365\362\225'\024\323^\356W;@@\012LN\224*\350O\004"
 280      2714D35E 
 280      EE573B40 
 280      400A4C4E 
 280      942AE84F 
 281 08ef 8C838033 		.ascii	"\214\203\2003 `J\020 o\220\003\015\310\226\003\355\021"
 281      20604A10 
ARM GAS  /tmp/ccLyNULn.s 			page 22


 281      206F9003 
 281      0DC89603 
 281      ED11
 282 0901 449006F7 		.ascii	"D\220\006\367\241\301\0104\250\0038'4\222\317\206\343"
 282      A1C10834 
 282      A8033827 
 282      3492CF86 
 282      E3
 283 0912 9C7C0F42 		.ascii	"\234|\017B\206\227\015\227+\032t\035\030Jdr\371v\213"
 283      86970D97 
 283      2B1A741D 
 283      184A6472 
 283      F9768B
 284 0925 3402C933 		.ascii	"4\002\3113,B\243\327\253B\364\"{\022\233\263\223:o>"
 284      2C42A3D7 
 284      AB42F422 
 284      7B129BB3 
 284      933A6F3E 
 285 0939 6D896758 		.ascii	"m\211gX\330 \202\253\024]Z\266S}d\367\324*E\237\256"
 285      D82082AB 
 285      145D5AB6 
 285      537D64F7 
 285      D42A459F 
 286 094e 94078E61 		.ascii	"\224\007\216a\375Y\0228\210_\225J\276:,\237R\240n\311"
 286      FD591238 
 286      885F954A 
 286      BE3A2C9F 
 286      52A06EC9 
 287 0962 D784B800 		.ascii	"\327\204\270\000{\005t\307Y\001\347muV\261\250\300M"
 287      7B0574C7 
 287      5901E76D 
 287      7556B1A8 
 287      C04D
 288 0974 67D25627 		.ascii	"g\322V'\322\034\032\230I\264\331\357\354w5\234\003\251"
 288      D21C1A98 
 288      49B4D9EF 
 288      EC77359C 
 288      03A9
 289 0986 6D7B31B3 		.ascii	"m{1\263\0019\355iP\266\330S\261\311\356\022\247`\030"
 289      0139ED69 
 289      50B6D853 
 289      B1C9EE12 
 289      A76018
 290 0999 9EE51282 		.ascii	"\236\345\022\2025\252\365\025\304\032$Dn\227\254q\201"
 290      35AAF515 
 290      C41A2444 
 290      6E97AC71 
 290      81
 291 09aa D3AB9EF2 		.ascii	"\323\253\236\3626{\330+\027t\371G\204=\301\374\2667"
 291      367BD82B 
 291      1774F947 
 291      843DC1FC 
 291      B637
 292 09bc 05F37FA8 		.ascii	"\005\363\177\250G\007\235\355t\310\321N\326cto\177\007"
 292      47079DED 
 292      74C8D14E 
 292      D663746F 
ARM GAS  /tmp/ccLyNULn.s 			page 23


 292      7F07
 293 09ce BAB0DB75 		.ascii	"\272\260\333u\000\227\273w\267\303\024\350c\235MQ\010"
 293      0097BB77 
 293      B7C314E8 
 293      639D4D51 
 293      08
 294 09df 522ACA8D 		.ascii	"R*\312\215\364\363\036\364\363\010\350y\030`\010\240"
 294      F4F31EF4 
 294      F308E879 
 294      186008A0 
 295 09ef 1EE006C0 		.ascii	"\036\340\006\3001\200\001\231\356\266\001a\275#Ko\361"
 295      31800199 
 295      EEB60161 
 295      BD234B6F 
 295      F1
 296 0a00 73D6BBA3 		.ascii	"s\326\273\243t\275#;\251/\224\326;)\276Y\347_\007\226"
 296      74BD233B 
 296      A92F94D6 
 296      3B29BE59 
 296      E75F0796 
 297 0a14 24B45508 		.ascii	"$\264U\010\306\260O\275J'\247\311\226M\234Aeg\224\315"
 297      C6B04FBD 
 297      4A27A7C9 
 297      964D9C41 
 297      656794CD 
 298 0a28 9C5C6A3A 		.ascii	"\234\\j:0r\322\363\226>\247\350]\306a\305\350-7\363"
 298      3072D2F3 
 298      963EA7E8 
 298      5DC661C5 
 298      E82D37F3 
 299 0a3c 790733DF 		.ascii	"y\0073\337\222\326]\333\305\342\213\236<t\235l\254\226"
 299      92D65DDB 
 299      C5E28B9E 
 299      3C749D6C 
 299      AC96
 300 0a4e 94BACE73 		.ascii	"\224\272\316s\366`]^?*\013\355\271B\244s\035\332\255"
 300      F6605D5E 
 300      3F2A0BED 
 300      B942A473 
 300      1DDAAD
 301 0a61 6FB0D04E 		.ascii	"o\260\320N\022\216}\312\271\2174\002\245t6\222\011v"
 301      128E7DCA 
 301      B98F3402 
 301      A5743692 
 301      0976
 302 0a73 40793632 		.ascii	"@y62[\311{\325\346\320\253;\254W\364D%\201\236\033\221"
 302      5BC97BD5 
 302      E6D0AB3B 
 302      AC57F444 
 302      25819E1B 
 303 0a88 C5D9F144 		.ascii	"\305\331\361D\205V>^\343A\014\254P5Y\326P\375~4,\237"
 303      85563E5E 
 303      E3410CAC 
 303      503559D6 
 303      50FD7E34 
 304 0a9e 6D8A2D49 		.ascii	"m\212-I\222\362r\006\231\244\255\212\365`\240a\232$"
 304      92F27206 
ARM GAS  /tmp/ccLyNULn.s 			page 24


 304      99A4AD8A 
 304      F560A061 
 304      9A24
 305 0ab0 9C57AE06 		.ascii	"\234W\256\006\213\274L\252\207\237\252\2662\341\215"
 305      8BBC4CAA 
 305      879FAAB6 
 305      32E18D
 306 0abf BF666B15 		.ascii	"\277fk\025\331\222d\013+\217R\230\201\324\266)j\352"
 306      D992640B 
 306      2B8F5298 
 306      81D4B629 
 306      6AEA
 307 0ad1 0BAF97D3 		.ascii	"\013\257\227\323\004\207xAM\275L2\306\003\356e\370\377"
 307      04877841 
 307      4DBD4C32 
 307      C603EE65 
 307      F8FF
 308 0ae3 8F6A463C 		.ascii	"\217jF<\324\270\320\256\301\367\335\330\341\354b\353"
 308      D4B8D0AE 
 308      C1F7DDD8 
 308      E1EC62EB 
 309 0af3 6EB7157B 		.ascii	"n\267\025{xk\365d\374\321\212\227\262\311\354\346\347"
 309      786BF564 
 309      FCD18A97 
 309      B2C9ECE6 
 309      E7
 310 0b04 61AB8B48 		.ascii	"a\253\213H+4m\217=*R\246\352\241\031n\005\264\334\324"
 310      2B346D8F 
 310      3D2A52A6 
 310      EAA1196E 
 310      05B4DCD4 
 311 0b18 B270C75B 		.ascii	"\262p\307[\315\011k\325\037\351\315@\303\371\251\005"
 311      CD096BD5 
 311      1FE9CD40 
 311      C3F9A905 
 312 0b28 E45A8F2F 		.ascii	"\344Z\217/\250\036\0179A\221\232\202\350.\204\367\270"
 312      A81E0F39 
 312      41919A82 
 312      E82E84F7 
 312      B8
 313 0b39 B3F38889 		.ascii	"\263\363\210\211\221\333\036T\021k\003,\033|\323\322"
 313      91DB1E54 
 313      116B032C 
 313      1B7CD3D2 
 314 0b49 D2BBA401 		.ascii	"\322\273\244\001\232\225\2510+\2520\347R\005[\302\340"
 314      9A95A930 
 314      2BAA30E7 
 314      52055BC2 
 314      E0
 315 0b5a 04275741 		.ascii	"\004'WAvh\255B\217\251\006\217D\015j\253\273\0065x\037"
 315      7668AD42 
 315      8FA9068F 
 315      440D6AAB 
 315      BB063578 
 316 0b6f D3A0ED6A 		.ascii	"\323\240\355j\333&b\012\033?\371\344\350=}F\015\177"
 316      DB26620A 
 316      1B3FF9E4 
ARM GAS  /tmp/ccLyNULn.s 			page 25


 316      E83D7D46 
 316      0D7F
 317 0b81 42340534 		.ascii	"B4\0054COdz<\021\365\230\247z\2444\346E{\260]\335W\351"
 317      434F647A 
 317      3C11F598 
 317      A77AA434 
 317      E6457BB0 
 318 0b99 F6A72C6E 		.ascii	"\366\247,n\212\335\227\264\323\203\371M\327\353L\370"
 318      8ADD97B4 
 318      D383F94D 
 318      D7EB4CF8 
 319 0ba9 069352DB 		.ascii	"\006\223R\333<\363\025<\312\312\015s\207\213\015\264"
 319      3CF3153C 
 319      CACA0D73 
 319      878B0DB4 
 320 0bb9 9D8DED50 		.ascii	"\235\215\355P\032G\037\262\223\355W\351~p\341\311\260"
 320      1A471FB2 
 320      93ED57E9 
 320      7E70E1C9 
 320      B0
 321 0bca 013F60B4 		.ascii	"\001?`\264\365E\265\245^x\211!)\273Fj\0148\321\203\""
 321      F545B5A5 
 321      5E788921 
 321      29BB466A 
 321      0C38D183 
 322 0bdf 5B4ADB86 		.ascii	"[J\333\206\3648\215!\3655\207r8\274\233!#Qy9\006\234"
 322      F4388D21 
 322      F5358772 
 322      38BC9B21 
 322      23517939 
 323 0bf5 CF90D33B 		.ascii	"\317\220\323;\307~\217\313X\271c\360\352^/\\C\021\217"
 323      C77E8FCB 
 323      58B963F0 
 323      EA5E2F5C 
 323      43118F
 324 0c08 7CEBB662 		.ascii	"|\353\266bw\344\273\214\355\204\304@\377\216\020\350"
 324      77E4BB8C 
 324      ED84C440 
 324      FF8E10E8 
 325 0c18 8965B760 		.ascii	"\211e\267`\214\266a\027\361J\276\024E\341\345(\032\003"
 325      8CB66117 
 325      F14ABE14 
 325      45E1E528 
 325      1A03
 326 0c2a 41ACD082 		.ascii	"A\254\320\202\204\241\024\354\207\266c_\224\014\220"
 326      84A114EC 
 326      87B6635F 
 326      940C90
 327 0c39 049008B0 		.ascii	"\004\220\010\260\025`\007\226\237\003W\212+u\274\262"
 327      15600796 
 327      9F03578A 
 327      2B75BCB2 
 328 0c49 3069E752 		.ascii	"0i\347RQ\311\")IX6;\0237:G\350\3227\205\010\035'\220"
 328      51C92229 
 328      4958363B 
 328      13373A47 
 328      E8D23785 
ARM GAS  /tmp/ccLyNULn.s 			page 26


 329 0c61 2A47A868 		.ascii	"*G\250hkY\245\030r6)3\225by\303\005)\226'8\023\313r"
 329      6B59A518 
 329      72362933 
 329      956279C3 
 329      05299627 
 330 0c79 101A604A 		.ascii	"\020\032`J\022I\364\001\222\247\316s\271S%\213\235\032"
 330      1249F401 
 330      92A7CE73 
 330      B953258B 
 330      9D1A
 331 0c8b E4B74C58 		.ascii	"\344\267LX\363\033\275\216\221p\262\023\270\305`\373"
 331      F31BBD8E 
 331      9170B213 
 331      B8C560FB 
 332 0c9b 9A4F5A3E 		.ascii	"\232OZ>\265\346\333\015\235\012\306\375\262\206\206"
 332      B5E6DB0D 
 332      9D0AC6FD 
 332      B28686
 333 0caa 81BF51D8 		.ascii	"\201\277Q\330U\253\306\215\314\013JgN\335\303\370\004"
 333      55ABC68D 
 333      CC0B4A67 
 333      4EDDC3F8 
 333      04
 334 0cbb 43F61D68 		.ascii	"C\366\035hj\365\304\335\0149u\271\267\334\215\335,\261"
 334      6AF5C4DD 
 334      0C3975B9 
 334      B7DC8DDD 
 334      2CB1
 335 0ccd 638BB6BA 		.ascii	"c\213\266\272>v\010\363\022\275x*\030\332\251\305\367"
 335      3E7608F3 
 335      12BD782A 
 335      18DAA9C5 
 335      F7
 336 0cde 0527DB17 		.ascii	"\005'\333\027\015\213\324\022C\322S\323j\2658YK\221"
 336      0D8BD412 
 336      43D253D3 
 336      6AB53859 
 336      4B91
 337 0cf0 E1D28236 		.ascii	"\341\322\2026/\234\241u\270\3361\260\353\235\254\256"
 337      2F9CA175 
 337      B8DE31B0 
 337      EB9DACAE 
 338 0d00 5B339872 		.ascii	"[3\230r\2443\344\342\036\353Aole\244i\347\262\267kp"
 338      A433E4E2 
 338      1EEB416F 
 338      6C65A469 
 338      E7B2B76B 
 339 0d15 1943926F 		.ascii	"\031C\222o\246t\250\361\001\255\303\021\357\012v\304"
 339      A674A8F1 
 339      01ADC311 
 339      EF0A76C4 
 340 0d25 BBEBEEDC 		.ascii	"\273\353\356\334A\017\212.-az\252\325\327~Sk\277G\034"
 340      410F8A2E 
 340      2D617AAA 
 340      D5D77E53 
 340      6BBF471C 
 341 0d39 BA468FD7 		.ascii	"\272F\217\327\366b\035\312\227\354\271B~'\307\307\360"
ARM GAS  /tmp/ccLyNULn.s 			page 27


 341      F6621DCA 
 341      97ECB942 
 341      7E27C7C7 
 341      F0
 342 0d4a 9A120324 		.ascii	"\232\022\003$\352`\317\\b\317\"\260\341\012\341`\244"
 342      EA60CF5C 
 342      62CF22B0 
 342      E10AE160 
 342      A4
 343 0d5b 005E1662 		.ascii	"\000^\026bz\\v`pb\253\316~\020w2\211\336\016\226\000"
 343      7A5C7660 
 343      7062ABCE 
 343      7E107732 
 343      89DE0E96 
 344 0d70 E33C8931 		.ascii	"\343<\2111\310y\026\347be\316\315\373;\263\260\310y"
 344      C87916E7 
 344      6265CECD 
 344      FB3BB3B0 
 344      C879
 345 0d82 B4FEE027 		.ascii	"\264\376\340'd\305)\003\316V\211s\311\2639\227*rF\005"
 345      64C52903 
 345      CE568973 
 345      C9B33997 
 345      2A724605 
 346 0d96 1DC70E21 		.ascii	"\035\307\016!|\214Y\356\304\245\272tDC\345\207b\244"
 346      7C8C59EE 
 346      C4A5BA74 
 346      4443E587 
 346      62A4
 347 0da8 9C3D7E7A 		.ascii	"\234=~z\312\315e\244\254\304$RV`!R6\364O\267i\361\031"
 347      CACD65A4 
 347      ACC42452 
 347      56602152 
 347      36F44FB7 
 348 0dbf C6AC22B5 		.ascii	"\306\254\"\265\266\311\323\341\034\037\250em\253\260"
 348      B6C9D3E1 
 348      1C1FA865 
 348      6DABB0
 349 0dce 7431C855 		.ascii	"t1\310Ut\224\244y\"\275\237+r\264\037\324\227Z\3209"
 349      7494A479 
 349      22BD9F2B 
 349      72B41FD4 
 349      975AD039 
 350 0de2 D318A383 		.ascii	"\323\030\243\2039S\015/\367IV\000\032q\346\240\374\231"
 350      39530D2F 
 350      F7495600 
 350      1A71E6A0 
 350      FC99
 351 0df4 D47A4FDC 		.ascii	"\324zO\334\316\324)\263\345>2\340n\212\350\036\317\027"
 351      CED429B3 
 351      E53E32E0 
 351      6E8AE81E 
 351      CF17
 352 0e06 9D4430A7 		.ascii	"\235D0\247h<\323\373\372Q~\255\005/\002\277C0O\262$"
 352      683CD3FB 
 352      FA517EAD 
 352      052F02BF 
ARM GAS  /tmp/ccLyNULn.s 			page 28


 352      43304FB2 
 353 0e1b 7EB54A13 		.ascii	"~\265J\023+\003\354\227I\214z\020\264\252\025&\326Q"
 353      2B03EC97 
 353      498C7A10 
 353      B4AA1526 
 353      D651
 354 0e2d 281F8689 		.ascii	"(\037\206\211\324\010P\017P\007p\004;$\306\223+\205"
 354      D408500F 
 354      50077004 
 354      3B24C693 
 354      2B85
 355 0e3f 78D9004A 		.ascii	"x\331\000J\357\006!\265Xq_\256(+[\240\3772\262l\003"
 355      EF0621B5 
 355      58715FAE 
 355      282B5BA0 
 355      FF32B26C 
 356 0e54 E52CF810 		.ascii	"\345,\370\020\353\3248\013z\352\262\260\177\253[\311"
 356      EBD4380B 
 356      7AEAB2B0 
 356      7FAB5BC9 
 357 0e64 5BD49FCA 		.ascii	"[\324\237\312\005Z\273\3338G\265\2616\306\030\034\344"
 357      055ABBDB 
 357      3847B5B1 
 357      36C6181C 
 357      E4
 358 0e75 80335F59 		.ascii	"\2003_Y\014\226\217\343!,\317\271\032\260=\223\264\366"
 358      0C968FE3 
 358      212CCFB9 
 358      1AB03D93 
 358      B4F6
 359 0e87 D1048E18 		.ascii	"\321\004\216\030#G\321\030\262k\275\336\255$@\326*\004"
 359      2347D118 
 359      B26BBDDE 
 359      AD2440D6 
 359      2A04
 360 0e99 489472A2 		.ascii	"H\224r\242\265\226\303\003td\335\222\233jZ\015l\235"
 360      B596C303 
 360      7464DD92 
 360      9B6A5A0D 
 360      6C9D
 361 0eab A2AB946D 		.ascii	"\242\253\224m^PX4y\323\363Mn\337\312\357\022\350\211"
 361      5E505834 
 361      79D3F34D 
 361      6EDFCAEF 
 361      12E889
 362 0ebe C94F81C9 		.ascii	"\311O\201\311\217\203\231O\0004\003\234\224\233;\276"
 362      8F83994F 
 362      0034039C 
 362      949B3BBE 
 363 0ece 3249CFCB 		.ascii	"2I\317\313L\330\364,\023.\3124\312Q\324H\266\225\316"
 363      4CD8F42C 
 363      132ECA34 
 363      CA51D448 
 363      B695CE
 364 0ee1 90713EA6 		.ascii	"\220q>\246\314\031P\321JO\250\225\232\224\226\221\321"
 364      CC1950D1 
 364      4A4FA895 
ARM GAS  /tmp/ccLyNULn.s 			page 29


 364      9A949691 
 364      D1
 365 0ef2 86F6EB5A 		.ascii	"\206\366\353Z\264\314O\261\243-\320\271\347uT\210=u"
 365      B4CC4FB1 
 365      A32DD0B9 
 365      E7755488 
 365      3D75
 366 0f04 866EBA03 		.ascii	"\206n\272\003\007\352ti\2324\211\323\204\234\302\016"
 366      07EA7469 
 366      9A3489D3 
 366      849CC20E 
 367 0f14 8C4DABF1 		.ascii	"\214M\253\361]6\355\012\026s\253<\360\003\2064\335\212"
 367      5D36ED0A 
 367      1673AB3C 
 367      F0038634 
 367      DD8A
 368 0f26 EBF4C251 		.ascii	"\353\364\302Q:\026l\006\317o\325\222\370\020\363\274"
 368      3A166C06 
 368      CF6FD592 
 368      F810F3BC 
 369 0f36 7BBEF4BA 		.ascii	"{\276\364\272\212\207Z\274\2036\303\227\333\013a\375"
 369      8A875ABC 
 369      8336C397 
 369      DB0B61FD 
 370 0f46 F15D06A3 		.ascii	"\361]\006\243\033\033\003sjt\325y6\247\316\2019\333"
 370      1B1B0373 
 370      6A74D579 
 370      36A7CE81 
 370      39DB
 371 0f58 40A30BCF 		.ascii	"@\243\013\317\032`\247\215P\253@O\372}\021\372}^\326"
 371      1A60A78D 
 371      50AB404F 
 371      FA7D11FA 
 371      7D5ED6
 372 0f6b 57DB39BA 		.ascii	"W\3339\272&_P2f\367p]\005g7\246\023\323v`\344\212)\030"
 372      265F5032 
 372      66F7705D 
 372      056737A6 
 372      13D37660 
 373 0f83 F09E811E 		.ascii	"\360\236\201\036a\\\002\212\263\222\001/\310\014\270"
 373      615C028A 
 373      B392012F 
 373      C80CB8
 374 0f92 147BBE1D 		.ascii	"\024{\276\035\341lf\246\264\366\212k\3568"
 374      E16C66A6 
 374      B4F68A6B 
 374      EE38
 375 0fa0 9721ED5D 		.ascii	"\227!\355]\355i\010\2271d`\357\215%5n\240\010ws\366"
 375      ED690897 
 375      316460EF 
 375      8D25356E 
 375      A0087773 
 376 0fb5 EC3DD955 		.ascii	"\354=\331UM?\275\346\273\006N\323\211\277\354\227&W"
 376      4D3FBDE6 
 376      BB064ED3 
 376      89BFEC97 
 376      2657
ARM GAS  /tmp/ccLyNULn.s 			page 30


 377 0fc7 B1E29726 		.ascii	"\261\342\227&\025#\007z0>\311\254_Uu\375\317\256\356"
 377      1523077A 
 377      303EC9AC 
 377      5F5575FD 
 377      CFAEEE
 378 0fda B755A85B 		.ascii	"\267U\250[\350u\017p\272.\017}Y\275\223\302>\205\250"
 378      E8750F70 
 378      BA2E0F7D 
 378      59BD93C2 
 378      3E85A8
 379 0fed D4052A75 		.ascii	"\324\005*u+\217\0225\374\334w=H\375\323fon\347"
 379      2B8F1235 
 379      FCDC773D 
 379      48FDD366 
 379      6F6EE7
 380 1000 9F88A990 		.ascii	"\237\210\251\220m\301\015\241\033\300\245C\352`7~\326"
 380      6DC10DA1 
 380      1BC0A543 
 380      EA60377E 
 380      D6
 381 1011 99652F68 		.ascii	"\231e/h\245\244!\331\340\\\334\272\005\341\333\314\256"
 381      A5A421D9 
 381      E05CDCBA 
 381      05E1DBCC 
 381      AE
 382 1022 B949358F 		.ascii	"\271I5\217Xb\036A\320\243c\311\015:<\306\352vN\326u"
 382      58621E41 
 382      D0A363C9 
 382      0D3A3CC6 
 382      EA764ED6 
 383 1037 6BF10C43 		.ascii	"k\361\014C\246.\344\2342\340\005\235C\326\341\313\262"
 383      A62EE49C 
 383      32E0059D 
 383      43D6E1CB 
 383      B2
 384 1048 8E479BB7 		.ascii	"\216G\233\267\304\352(\272$\376\3508\235\213\333Q\244"
 384      C4EA28BA 
 384      24FEE838 
 384      9D8BDB51 
 384      A4
 385 1059 176F5CAC 		.ascii	"\027o\\\2541\374W\242\366\277*;\213\273\005z\371\012"
 385      31FC57A2 
 385      F6BF2A3B 
 385      8BBB057A 
 385      F90A
 386 106b 633008D3 		.ascii	"c0\010\323|\010\333\257\001'\350\367N\303`\277\233R"
 386      7C08DBAF 
 386      0127E8F7 
 386      4EC360BF 
 386      9B52
 387 107d 8F7DA56B 		.ascii	"\217}\245k\300\276C\255\013\032\327\234G\\q\276w2\225"
 387      C0BE43AD 
 387      0B1AD79C 
 387      475C71BE 
 387      773295
 388 1090 262AB781 		.ascii	"&*\267\201\263M\342<\214%\326\231\323=g\237\241\364"
 388      B34DE23C 
ARM GAS  /tmp/ccLyNULn.s 			page 31


 388      8C25D699 
 388      D33D679F 
 388      A1F4
 389 10a2 982BD67D 		.ascii	"\230+\326}\305\263\037\221Le\024X\017H\254oK\254\021"
 389      C5B31F91 
 389      4C651458 
 389      0F48AC6F 
 389      4BAC11
 390 10b5 FFF0EA76 		.ascii	"\377\360\352vo\232\3615y\021\274w\313\216\030\0035~"
 390      6F9AF135 
 390      7911BC77 
 390      CB8E1803 
 390      357E
 391 10c7 37BB31DA 		.ascii	"7\2731\332\177|\226}\360C\235\261g\241s\300['\273g\203"
 391      7F7C967D 
 391      F0439DB1 
 391      67A173C0 
 391      5B27BB67 
 392 10dc 0A99038E 		.ascii	"\012\231\003\216\023\316\340N\350\036\313n\216.UM{\275"
 392      13CEE04E 
 392      E81ECB6E 
 392      8E2E554D 
 392      7BBD
 393 10ee 982C84BC 		.ascii	"\230,\204\274\025\031\006\252\312\035\320\361.\011\232"
 393      151906AA 
 393      CA1DD0F1 
 393      2E099A
 394 10fd 6802BF28 		.ascii	"h\002\277(\266\242Wr\011\017;\3648\336\223\335\223]"
 394      B6A25772 
 394      090F3BF4 
 394      38DE93DD 
 394      935D
 395 110f 1DED62E9 		.ascii	"\035\355b\351\354\006\262\001J\275{\346\250\001\321"
 395      EC06B201 
 395      4ABD7BE6 
 395      A801D1
 396 111e 9B1FB6B4 		.ascii	"\233\037\266\264\320\275\375\277\013\347\242\304\021"
 396      D0BDFDBF 
 396      0BE7A2C4 
 396      11
 397 112b FBA08733 		.ascii	"\373\240\2073r\267\356\307\016{\022k\226?D}\0228\317"
 397      72B7EEC7 
 397      0E7B126B 
 397      963F447D 
 397      1238CF
 398 113e 0894F6F8 		.ascii	"\010\224\366\370\373\324\221\321\236*\2622\222\030q"
 398      FBD491D1 
 398      9E2AB232 
 398      921871
 399 114d D999ABEC 		.ascii	"\331\231\253\354\314\310\036\3133`\036/\000\263E\302"
 399      CCC81ECB 
 399      33601E2F 
 399      00B345C2 
 400 115d 8C175A10 		.ascii	"\214\027Z\020?\237\203\241\231\205 \376\000`\032\340"
 400      3F9F83A1 
 400      998520FE 
 400      00601AE0 
ARM GAS  /tmp/ccLyNULn.s 			page 32


 401 116d 0B802980 		.ascii	"\013\200)\200\207\322\354\344mm\367\325M\031o\021c\240"
 401      87D2ECE4 
 401      6D6DF7D5 
 401      4D196F11 
 401      63A0
 402 117f FB425BD1 		.ascii	"\373B[\321Dh\322\261\017\266\262\252\337\222\265\213"
 402      4468D2B1 
 402      0FB6B2AA 
 402      DF92B58B 
 403 118f 9C315F11 		.ascii	"\2341_\021h\355G\213\225\234S/\222H\207\311N%M \265"
 403      68ED478B 
 403      959C532F 
 403      924887C9 
 403      4E254D20 
 404 11a4 EF489C66 		.ascii	"\357H\234f|\302v\022jg\224\346\374\343\207\235\003^"
 404      7CC27612 
 404      6A6794E6 
 404      FCE3879D 
 404      035E
 405 11b6 F275CBA1 		.ascii	"\362u\313\241\257\217\241\177_\266\257\342\335\223\367"
 405      AF8FA17F 
 405      5FB6AFE2 
 405      DD93F7
 406 11c5 11127F1F 		.ascii	"\021\022\177\037A\253%\351\320tF\026\177\247\263oB^"
 406      41AB25E9 
 406      D0744616 
 406      7FA7B36F 
 406      425E
 407 11d7 BD8BB941 		.ascii	"\275\213\271A\324\342l\254\373kyd\303?^;\374\323\346"
 407      D4E26CAC 
 407      FB6B7964 
 407      C33F5E3B 
 407      FCD3E6
 408 11ea 22DE1A1F 		.ascii	"\"\336\032\037\303\363?^\202]6\341\361\204\371\265]"
 408      C3F33F5E 
 408      825D36E1 
 408      F184F9B5 
 408      5D
 409 11fb 25157943 		.ascii	"%\025yC\030\241y\374\032\264\177P\267=\233m\337\253"
 409      18A179FC 
 409      1AB47F50 
 409      B73D9B6D 
 409      DFAB
 410 120d 29BFBEE6 		.ascii	")\277\276\346\223=\354&\322\207\240I\373\012\247\331"
 410      933DEC26 
 410      D287A049 
 410      FB0AA7D9 
 411 121d 6E1ED3CB 		.ascii	"n\036\323\313\316\274\033\347\261k\377\346\325\202\177"
 411      CEBC1BE7 
 411      B16BFFE6 
 411      D5827F
 412 122c 2F31FFEE 		.ascii	"/1\377\356\230\314\3535\010\376m\345W \372\335\216D"
 412      98CCEB35 
 412      08FE6DE5 
 412      5720FADD 
 412      8E44
 413 123e 1EA57E51 		.ascii	"\036\245~QlD\250\023\212\366\024kp\026\353WBc\314\240"
ARM GAS  /tmp/ccLyNULn.s 			page 33


 413      6C44A813 
 413      8AF6146B 
 413      7016EB57 
 413      4263CCA0 
 414 1252 172E6148 		.ascii	"\027.aHVba\2317\256fH\306\310\316&\003\256cHb\301\325"
 414      56626199 
 414      37AE6648 
 414      C6C8CE26 
 414      03AE6348 
 415 1269 2FB4F824 		.ascii	"/\264\370$C2\273\223a\015\270\310\220\315\326\266\031"
 415      4332BB93 
 415      610DB8C8 
 415      90CDD6B6 
 415      19
 416 127a 2FDCC390 		.ascii	"/\334\303\220\346\314\374%\003\036\365t\370\366\316"
 416      E6CCFC25 
 416      031EF574 
 416      F8F6CE
 417 1289 C0BEBD4B 		.ascii	"\300\276\275KI\355\250\327\340\031V7\222\326\360\016"
 417      49EDA8D7 
 417      E0195637 
 417      92D6F00E 
 418 1299 5EF2140E 		.ascii	"^\362\024\016\030\232\2521\336\246\247\310\336=\331"
 418      189AAA31 
 418      DEA6A7C8 
 418      DE3DD9
 419 12a8 913853EF 		.ascii	"\2218S\357p[k`\267\265M\227[\037\270\343\"V\327\320"
 419      705B6B60 
 419      B7B54D97 
 419      5B1FB8E3 
 419      2256D7D0 
 420 12bc 5255A2C5 		.ascii	"RU\242\305\207\030\222\266)\377\260\006\237`\310\376"
 420      871892B6 
 420      29FFB006 
 420      9F60C8FE 
 421 12cc C2D27103 		.ascii	"\302\322q\003\276\304\220\303\343\215\351\034\356eH"
 421      BEC490C3 
 421      E38DE91C 
 421      EE6548
 422 12db 66F34EC8 		.ascii	"f\363N\310U\356P\344\245\256\205\203\2735h\231\257\323"
 422      55EE50E4 
 422      A5AE8583 
 422      BB356899 
 422      AFD3
 423 12ed CFCFD7D7 		.ascii	"\317\317\327\327\356bf\3600\360\324E\352\373\351j\346"
 423      EE6266F0 
 423      30F0D445 
 423      EAFBE96A 
 423      E6
 424 12fe 5EC56A3F 		.ascii	"^\305j?T\252\366E\273\000J\000\012\000r\001\262\000"
 424      54AAF645 
 424      BB004A00 
 424      0A007201 
 424      B200
 425 1310 32003201 		.ascii	"2\0002\001r\000\366\002\344\003X\001\262\001\012\001"
 425      7200F602 
 425      E4035801 
ARM GAS  /tmp/ccLyNULn.s 			page 34


 425      B2010A01 
 426 1320 F600EC06 		.ascii	"\366\000\354\006(\002\310S\313\026\306\211\351\272\317"
 426      2802C853 
 426      CB16C689 
 426      E9BACF
 427 132f A6A2F96D 		.ascii	"\246\242\371m\257\320\017}b\324\230\212\023NS\235oJ"
 427      AFD00F7D 
 427      62D4988A 
 427      134E539D 
 427      6F4A
 428 1341 9EECE3DF 		.ascii	"\236\354\343\337\213\302\2242\336\221R\236\010R\322"
 428      8BC29432 
 428      DE91529E 
 428      0852D2
 429 1350 7989748B 		.ascii	"y\211t\213\022i\202\332N\372X\"\335\254D\372\206\235"
 429      126982DA 
 429      4EFA5822 
 429      DDAC44FA 
 429      869D
 430 1362 72CB1039 		.ascii	"r\313\0209\361&\204\311\216\204\316\327$\211v\302T%"
 430      F12684C9 
 430      8E84CED7 
 430      248976C2 
 430      5425
 431 1374 4299F005 		.ascii	"B\231\360\005I\370V%\341\262\336o\2633MQb*\353\374#"
 431      49F85625 
 431      E1B2DE6F 
 431      B3334D51 
 431      622AEBFC 
 432 1389 89E92625 		.ascii	"\211\351&%\246\222\242\361v\236IJ\204\333%E3\354\224"
 432      A692A2F1 
 432      769E494A 
 432      84DB2545 
 432      33EC94
 433 139c 694AD29F 		.ascii	"iJ\322\237Hz.I\322\023\225\230\332O\307\243\255s\325"
 433      487A2E49 
 433      D2139598 
 433      DA4FC7A3 
 433      AD73D5
 434 13af FC7BD198 		.ascii	"\374{\321\230\036\021\304\011\244\366\334\376\333N\264"
 434      1E11C409 
 434      A4F6DCFE 
 434      DB4EB4
 435 13be 5BED0AEC 		.ascii	"[\355\012\354PR@\032\245$;\341N%B\231E\027%M\267)i*"
 435      5052401A 
 435      A5243BE1 
 435      4E254299 
 435      4517254D 
 436 13d6 5DD9DBEE 		.ascii	"]\331\333\356AJ\006\365J\337T\336?\362\247&\201K\254"
 436      414A06F5 
 436      4ADF54DE 
 436      3FF2A726 
 436      814BAC
 437 13e9 82FF3E91 		.ascii	"\202\377>\221\226\203\361h*\017\242\022\212\026(\025"
 437      9683F168 
 437      2A0FA212 
 437      8A162815 
ARM GAS  /tmp/ccLyNULn.s 			page 35


 438 13f9 524098AF 		.ascii	"R@\230\257;r+\322\3648\303\213fL\207\036\024\247\351"
 438      3B722BD2 
 438      F438C38B 
 438      664C871E 
 438      14A7E9
 439 140c E40B806C 		.ascii	"\344\013\200lv\242\012\230\224\377\250\011\312>\264"
 439      76A20A98 
 439      94FFA809 
 439      CA3EB4
 440 141b 0CF440E5 		.ascii	"\014\364@\345D\200\332\276T\020;\210K\305\231s\373\032"
 440      4480DABE 
 440      54103B88 
 440      4BC59973 
 440      FB1A
 441 142d F4CB04D5 		.ascii	"\364\313\004\325\254\256TS\375\277\352E>\252\311\317"
 441      ACAE5453 
 441      FDBFEA45 
 441      3EAAC9CF 
 442 143d 1A73C7F9 		.ascii	"\032s\307\371^\354\363\251\330k\177\375F\271W\016\357"
 442      5EECF3A9 
 442      D86B7FFD 
 442      46B9570E 
 442      EF
 443 144e 41EB7647 		.ascii	"A\353vG'\367\223\214\011\226\202P\202o\317\315Y\022"
 443      27F7938C 
 443      09968250 
 443      826FCFCD 
 443      5912
 444 1460 F000F9A1 		.ascii	"\360\000\371\241\232\201\035\252\035\257\272r\337\300"
 444      9A811DAA 
 444      1DAFBA72 
 444      DFC0
 445 146e AA83E50B 		.ascii	"\252\203\345\013\222\201-H\223\371S?b\265a\364\240\255"
 445      92812D48 
 445      93F9533F 
 445      62B561F4 
 445      A0AD
 446 1480 B129DB6D 		.ascii	"\261)\333m\325A>\336\272\202\216\343w\226\243j\365r"
 446      D5413EDE 
 446      BA828EE3 
 446      7796A36A 
 446      F572
 447 1492 F4AFCBD1 		.ascii	"\364\257\313\321~x\324\000\034\0008\010pH\275\\\276"
 447      7E78D400 
 447      1C003808 
 447      7048BD5C 
 447      BE
 448 14a3 DCF9B0E5 		.ascii	"\334\371\260\345n.\352\304a==\214;E\277\330\021\377"
 448      6E2EEAC4 
 448      613D3D8C 
 448      3B45BFD8 
 448      11FF
 449 14b5 68C087FD 		.ascii	"h\300\207\375\321\200\250\233\017\323M\374k\005\037"
 449      D180A89B 
 449      0FD34DFC 
 449      6B051F
 450 14c4 F6D70AE2 		.ascii	"\366\327\012\342g\356>\3543w\361\243/\037\341\243/\341"
ARM GAS  /tmp/ccLyNULn.s 			page 36


 450      67EE3EEC 
 450      3377F1A3 
 450      2F1FE1A3 
 450      2FE1
 451 14d6 ECD0879D 		.ascii	"\354\320\207\235\035\212\247\221>\3544R\\\223|\330\232"
 451      1D8AA791 
 451      3EEC3452 
 451      5C937CD8 
 451      9A
 452 14e7 241EA2FB 		.ascii	"$\036\242\373\260C\364\354\334\256\011/\212~\215\232"
 452      B043F4EC 
 452      DCAE092F 
 452      8A7E8D9A 
 453 14f7 2C75E100 		.ascii	",u\341\000G\321\257\323\015m\366\331q5\355t;\207*aH"
 453      47D1AFD3 
 453      0D6DF6D9 
 453      7135ED74 
 453      3B872A61 
 454 150c C9681E56 		.ascii	"\311h\036V\257\242#J\2768$\243Z\013}&#[\007O2\272\365"
 454      AFA2234A 
 454      BE3824A3 
 454      5A0B7D26 
 454      235B074F 
 455 1523 F024237C 		.ascii	"\360$#|\004\236d\224\033\340IF\272\021\236d\264\217"
 455      049E6494 
 455      1BE04946 
 455      BA119E64 
 455      B48F
 456 1535 C2938CF8 		.ascii	"\302\223\214\3701x\222Q?\016O2\362M\360\314\026\370"
 456      31789251 
 456      3F0E4F32 
 456      F24DF0CC 
 456      16F8
 457 1547 120F6806 		.ascii	"\022\017h\006\234x\301\011x\022O8\011\317\"\241>\217"
 457      9C78C109 
 457      78124F38 
 457      09CF22A1 
 457      3E8F
 458 1559 3D898E5D 		.ascii	"=\211\216]\251iw<!M\251\266N\306\037\265zUD\223+\032"
 458      A969773C 
 458      214DA9B6 
 458      4EC61FB5 
 458      7A554493 
 459 156f 7EF1DD25 		.ascii	"~\361\335%L5\336\247\026\262\024\373\262F\336T\251\277"
 459      4C35DEA7 
 459      16B214FB 
 459      B246DE54 
 459      A9BF
 460 1581 A142A7D4 		.ascii	"\241B\247\324\253T\350\264\232\344*\011[\367/\271\273"
 460      AB54E8B4 
 460      9AE42A09 
 460      5BF72FB9 
 460      BB
 461 1592 CE3E5AC4 		.ascii	"\316>Z\304\354\343u*r\317hz\226\3269\371\020\343\227"
 461      ECE3752A 
 461      72CF687A 
 461      96D639F9 
ARM GAS  /tmp/ccLyNULn.s 			page 37


 461      10E397
 462 15a5 0A9DA1C9 		.ascii	"\012\235\241\311\007mC\0212b\005\266\273\210&;\3564"
 462      076D4311 
 462      326205B6 
 462      BB88263B 
 462      EE34
 463 15b7 3188ABAB 		.ascii	"1\210\253\253c\271\276\033\035\336\302\311t/\327\322"
 463      63B9BE1B 
 463      1DDEC2C9 
 463      742FD7D2 
 464 15c7 CF89D25B 		.ascii	"\317\211\322[\231g\215\307\334\255t\223r{&\036\"6:K"
 464      99678DC7 
 464      DCAD7493 
 464      727B261E 
 464      22363A4B 
 465 15db A2366AA3 		.ascii	"\2426j\243\342\3171\361mT|A\313\221\253^\016'\222\217"
 465      E2CF31F1 
 465      6D547C41 
 465      CB91AB5E 
 465      0E27928F 
 466 15ef 1C8EA6CE 		.ascii	"\034\216\246\316\253\351\211\003y\222D\343\311`\247"
 466      ABE98903 
 466      799244E3 
 466      C960A7
 467 15fe DAE5C9E7 		.ascii	"\332\345\311\347\005\265\374\266\2549\253x\227\0267"
 467      05B5FCB6 
 467      AC39AB78 
 467      971637
 468 160d B2F95872 		.ascii	"\262\371Xrc\251\017\257\330\3037UW'\315\216\276\231"
 468      63A90FAF 
 468      D8C33755 
 468      5727CD8E 
 468      BE99
 469 161f C95BA3F9 		.ascii	"\311[\243\371E\330\376\375\2044B\027\325\322\015\021"
 469      45D8FEFD 
 469      84344217 
 469      D5D20D11 
 470 162f 94E98C46 		.ascii	"\224\351\214F\227\324+\310Qx\347\024\257\303C\214\313"
 470      97D42BC8 
 470      5178E714 
 470      AFC3438C 
 470      CB
 471 1640 DEF1C651 		.ascii	"\336\361\306Q-\343\322\267\3456v\342\322.\343\322.r"
 471      2DE3D2B7 
 471      E53676E2 
 471      D22EE3D2 
 471      2E72
 472 1652 B94CB9C4 		.ascii	"\271L\271\304WV7j\351!.\371\303\024v\212\333{`q\302"
 472      5756376A 
 472      E9212EF9 
 472      C314768A 
 472      DB7B6071 
 473 1667 DB655F3A 		.ascii	"\333e_:h_\256\250\205\316,\332\266\363Z<\316\324\310"
 473      685FAEA8 
 473      85CE2CDA 
 473      B6F35A3C 
 473      CED4C8
ARM GAS  /tmp/ccLyNULn.s 			page 38


 474 167a 1BBBBE5D 		.ascii	"\033\273\276]\207\2370d\374\314\342\001\015\260FW\251"
 474      879F3064 
 474      FCCCE201 
 474      0DB04657 
 474      A9
 475 168b 48781393 		.ascii	"Hx\023\223\3324\203\250\226\223\231\217J~\276\243j\023"
 475      DA3483A8 
 475      9693998F 
 475      4A7EBEA3 
 475      6A13
 476 169d 4F6FE550 		.ascii	"Oo\345PnS\262\2320F\235\242\246\350\032\010 (S\266\213"
 476      6E53B29A 
 476      30469DA2 
 476      A6E81A08 
 476      202853B6 
 477 16b2 2A7BB867 		.ascii	"*{\270gG\246\036\0370\260\275\336\341\364\307\034c\226"
 477      47A61E1F 
 477      30B0BDDE 
 477      E1F4C71C 
 477      6396
 478 16c4 345BB7B2 		.ascii	"4[\267\262\302~\315\030\025\213h\257\273e\275\356\026"
 478      C27ECD18 
 478      158B68AF 
 478      BB65BDEE 
 478      16
 479 16d5 195DA78C 		.ascii	"\031]\247\214\366\264\367\215\251\361q\201QL\373\200"
 479      F6B4F78D 
 479      A9F17181 
 479      514CFB80 
 480 16e5 46B4DD03 		.ascii	"F\264\335\003g\333\365\310\270\364\210\\z)\227\254\252"
 480      67DBF5C8 
 480      B8F4885C 
 480      7A2997AC 
 480      AA
 481 16f6 CA23C8C1 		.ascii	"\312#\310\301Cv:x\310\015\301CnP\017Y\032y\370\027\007"
 481      43763A78 
 481      C80DC143 
 481      6E500F59 
 481      1A79F817 
 482 170b 62720328 		.ascii	"br\003(\3734A \356\243\304\335\266\350s\354\357L\274"
 482      FB344120 
 482      EEA3C4DD 
 482      B6E873EC 
 482      EF4CBC
 483 171e 695CEC8E 		.ascii	"i\\\354\216\316us\355\354\003\242\263\3673g?y\340\312"
 483      CE7573ED 
 483      EC03A2B3 
 483      F733673F 
 483      79E0CA
 484 1731 8487B3B3 		.ascii	"\204\207\263\263\213\237\213\250\220\215:\373\200\230"
 484      8B9F8BA8 
 484      908D3AFB 
 484      8098
 485 173f E86FEB3A 		.ascii	"\350o\353:\022\243\226S\217>\213\372VJ\332$\306m\314"
 485      12A39653 
 485      8F3E8BFA 
 485      564ADA24 
ARM GAS  /tmp/ccLyNULn.s 			page 39


 485      C66DCC
 486 1752 740B77F7 		.ascii	"t\013w\367Lc\334\311\220\230c\347\357\272APi'A\245\321"
 486      4C63DCC9 
 486      909863E7 
 486      EFBA4150 
 486      692741A5 
 487 1767 278D8FDE 		.ascii	"'\215\217\336\0069\353\322\273\337@7!\366\017\202\035"
 487      0639EBD2 
 487      BBDF4037 
 487      21F60F82 
 487      1D
 488 1778 E7B81532 		.ascii	"\347\270\0252\306C\304\232h/\002\017\031V\277\246\362"
 488      C643C49A 
 488      682F020F 
 488      1956BFA6 
 488      F2
 489 1789 B0AC359B 		.ascii	"\260\2545\233\002\202\214\026\267_\374\366\017+\336"
 489      02828C16 
 489      B75FFCF6 
 489      0F2BDE
 490 1798 576903D7 		.ascii	"Wi\003\327\032\331+\267\010c\230i\203\005\036\021f\323"
 490      1AD92BB7 
 490      08639869 
 490      83051E11 
 490      66D3
 491 17aa E7EE9608 		.ascii	"\347\356\226\010sp\270\321\342\261.8\314\362\275\357"
 491      7370B8D1 
 491      E2B12E38 
 491      CCF2BDEF 
 492 17ba 1A2D3AA3 		.ascii	"\032-:\243Q,\276\351\277.\322\354\037\034\026\030\262"
 492      512CBEE9 
 492      BF2ED2EC 
 492      1F1C1618 
 492      B2
 493 17cb 2EC8E41F 		.ascii	".\310\344\037f"
 493      66
 494 17d0 5A1F12FC 		.ascii	"Z\037\022\374\251\177h@\340\332\3400\223\2771\310\264"
 494      A97F6840 
 494      E0DAE030 
 494      93BF31C8 
 494      B4
 495 17e1 3A605D88 		.ascii	":`]\210\305h\331\030a\212\\\271V\345\253D\035\2711\322"
 495      C568D918 
 495      618A5CB9 
 495      56E5AB44 
 495      1DB931D2 
 496 17f5 DF186909 		.ascii	"\337\030i\011\002\216@\362\366\312\225\376\360/<\322"
 496      028E40F2 
 496      F6CA95FE 
 496      F02F3CD2 
 497 1805 DF6CF18F 		.ascii	"\337l\361\217\0107[\"\375\377\343\343\017\336\377`\203"
 497      08375B22 
 497      FDFFE3E3 
 497      0FDEFF60 
 497      83
 498 1816 7F607868 		.ascii	"\177`xhDp\210\311\034\351\377\213\367\337\367\017\\"
 498      447088C9 
ARM GAS  /tmp/ccLyNULn.s 			page 40


 498      1CE9FF8B 
 498      F7DFF70F 
 498      5C
 499 1827 2B32A55A 		.ascii	"+2\245Z\006\207\273\007\206\207Y@iO\322\310\010\314"
 499      0687BB07 
 499      86875940 
 499      694FD2C8 
 499      08CC
 500 1839 022D1B3C 		.ascii	"\002-\033<\314\2465\001\346P\243\305\3275\327\265\201"
 500      CCA63501 
 500      E650A3C5 
 500      D735D7B5 
 500      81
 501 184a E16613B0 		.ascii	"\341f\023\260\341\314\337\347\314\357p\346U\234\371"
 501      E1CCDFE7 
 501      CCEF70E6 
 501      559CF9
 502 1859 079CF987 		.ascii	"\007\234\371\207\234\371G\330\374\366[\000os!f\277\347"
 502      9CF947D8 
 502      FCF65B00 
 502      6F732166 
 502      BFE7
 503 186b B4377EFE 		.ascii	"\2647~\376\203P\340\001\324\337\323D\030A\262;\261\340"
 503      8350E001 
 503      D4DFD344 
 503      1841B23B 
 503      B1E0
 504 187d 7A93199E 		.ascii	"z\223\031\236\341!A&\263:pm\200\231\2305 \324\344a\211"
 504      E1214126 
 504      B33A706D 
 504      80999835 
 504      20D4E461 
 505 1892 B404584C 		.ascii	"\264\004XLF\213;\261\342\017\215\026-\263'\224\200\234"
 505      468B3BB1 
 505      E20F8D16 
 505      2DB32794 
 505      809C
 506 18a4 D6B95B42 		.ascii	"\326\271[B\303\203L\024_\035\022\260&\322\335b6\255"
 506      C3834C14 
 506      5F1D12B0 
 506      26D2DD62 
 506      36AD
 507 18b6 8E349211 		.ascii	"\2164\222\021!\005Mh\344\032\250\024\306\000\232\013"
 507      21054D68 
 507      E41AA814 
 507      C6009A0B 
 508 18c6 253773D0 		.ascii	"%7s\320F\250\3620m\010\266\004\002\003\267\365\226\360"
 508      46A8F230 
 508      6D08B604 
 508      0203B7F5 
 508      96F0
 509 18d8 4FFF27E2 		.ascii	"O\377'\342Ea\240\241\251\311l\012\013\004\306\232\365"
 509      4561A0A1 
 509      A9C96C0A 
 509      0B04C69A 
 509      F5
 510 18e9 168B3942 		.ascii	"\026\2139B\017#\036i\012\015\210X\013}\360fT\221\306"
ARM GAS  /tmp/ccLyNULn.s 			page 41


 510      0F231E69 
 510      0A0D8858 
 510      0B7DF066 
 510      5491C6
 511 18fc BFAE33AD 		.ascii	"\277\2563\255\003\222\027\354\356 \274r\027\236\232"
 511      039217EC 
 511      EE20BC72 
 511      179E9A
 512 190b C0301852 		.ascii	"\3000\030RM\244\021\236 \001\030Dx\000m\350:0\277{\250"
 512      4DA4119E 
 512      20011844 
 512      78006DE8 
 512      3A30BF7B 
 513 1920 401B6A0C 		.ascii	"@\033j\014_\037\006\375\247oA\263P\346Q\353-\241\226"
 513      5F1F06FD 
 513      A76F41B3 
 513      50E651EB 
 513      2DA196
 514 1933 0D119EA6 		.ascii	"\015\021\236\246\317Ma\226\320\200\310\317\240\306\264"
 514      CF4D6196 
 514      D080C8CF 
 514      A0C6B4
 515 1942 9E147084 		.ascii	"\236\024p\204q\235A\024\027\022\034\011\022\274e\012"
 515      719D4114 
 515      17121C09 
 515      12BC650A 
 516 1952 9037DA08 		.ascii	"\2207\332\010\343\372\200`Kp\330\032]\204\021\272\311"
 516      E3FA8060 
 516      4B70D81A 
 516      5D8411BA 
 516      C9
 517 1963 94A14578 		.ascii	"\224\241Exa\2120\205\201\017\255\001*\020A\350u\304"
 517      618A3085 
 517      810FAD01 
 517      2A1041E8 
 517      75C4
 518 1975 580121D4 		.ascii	"X\001!\3249\340eDxx\310\327\344\343(\372a\340\332\310"
 518      39E06544 
 518      7878C8D7 
 518      E4E328FA 
 518      61E0DAC8 
 519 1989 C0B54130 		.ascii	"\300\265A0|\257*\327\002;\250\374\246\213\246\033#E"
 519      7CAF2AD7 
 519      023BA8FC 
 519      A68BA61B 
 519      2345
 520 199b 4774D11C 		.ascii	"Gt\321\034\354\003\225`\315\217Mk~\036l\216\264\374"
 520      EC039560 
 520      CD8F4D6B 
 520      7E1E6C8E 
 520      B4FC
 521 19ad 9EF6C941 		.ascii	"\236\366\311A\225Hs P\202\267\202\332\346\215+\003U"
 521      95487320 
 521      5082B782 
 521      DAE68D2B 
 521      0355
 522 19bf DE94FCB7 		.ascii	"\336\224\374\267`2F\015#\365\373\265A\037\233BL\001"
ARM GAS  /tmp/ccLyNULn.s 			page 42


 522      6032460D 
 522      23F5FBB5 
 522      411F9B42 
 522      4C01
 523 19d1 91A615CA 		.ascii	"\221\246\025\312\202\2026\202w\005\007\2020O2\256\240"
 523      82823682 
 523      77050782 
 523      304F32AE 
 523      A0
 524 19e2 98095C5F 		.ascii	"\230\011\\_k/\353\011\243\215\202q\275\340\265\204\273"
 524      6B2FEB09 
 524      A38D8271 
 524      BDE0B584 
 524      BB
 525 19f3 9BD9B0B9 		.ascii	"\233\331\260\271\231\351\\\322\230\251\017\233\005\037"
 525      99E95CD2 
 525      98A90F9B 
 525      051F
 526 1a01 36331FD6 		.ascii	"63\037\326\302\333ufp \213\306L\032}\365\363`\263e]"
 526      C2DB7566 
 526      70208BC6 
 526      4C1A7DF5 
 526      F360B365 
 527 1a16 4088D112 		.ascii	"@\210\321\022\034\012\323R`\354\003\214\025*\274\035"
 527      1C0AD352 
 527      60EC038C 
 527      152ABC1D 
 528 1a26 DE31EF72 		.ascii	"\3361\357rx\345\376\271\205\272\010y\222\250\243%JC"
 528      78E5FEB9 
 528      85BA0879 
 528      92A8A325 
 528      4A43
 529 1a38 851077DE 		.ascii	"\205\020w\336^e\217;\244\350\001TA\246\020K\000\024"
 529      5E658F3B 
 529      A4E80154 
 529      41A6104B 
 529      0014
 530 1a4a 56AF0B0B 		.ascii	"V\257\013\0134\322v\244\344F\332\007\230=\341\021\022"
 530      34D276A4 
 530      E446DA07 
 530      983DE111 
 530      12
 531 1a5b 1069212C 		.ascii	"\020i!,\340\025Q\301 \230$\310\364\351\2725\314\275"
 531      E01551C1 
 531      209824C8 
 531      F4E9BA35 
 531      CCBD
 532 1a6d E46FB411 		.ascii	"\344o\264\021\001a\301\201\304\233p\320\247kt\241\001"
 532      0161C181 
 532      C49B70D0 
 532      A76B74A1 
 532      01
 533 1a7e 208ADAFE 		.ascii	" \212\332\376\005K\25010\000B\2259\300\022\034\036\006"
 533      054BA831 
 533      30004295 
 533      39C0121C 
 533      1E06
ARM GAS  /tmp/ccLyNULn.s 			page 43


 534 1a90 A2CC163A 		.ascii	"\242\314\026:\005\334\302W\257\2164Y\376Iy8,d\3309K"
 534      05DCC257 
 534      AF8E3459 
 534      FE497938 
 534      2C64D839 
 535 1aa5 A82ED2F2 		.ascii	"\250.\322\362\031\264^\023&\364d\325\367\355=!ECpP\210"
 535      19B45E13 
 535      26F464D5 
 535      F7ED3D21 
 535      45437050 
 536 1aba 49F073F0 		.ascii	"I\360s\360o.p-\031\232\340 0s\360\352`\260\013`\177"
 536      6F2E702D 
 536      199AE020 
 536      3073F0EA 
 536      60B00B60 
 537 1acf 3399C3C9 		.ascii	"3\231\303\31132\370o&\0351\034X\0254!\305\010\213\231"
 537      3332F86F 
 537      261D311C 
 537      58153421 
 537      C5088B99 
 538 1ae3 BC25234E 		.ascii	"\274%#N\272J\312^\322\274\2415\253\215\240'\035W\235"
 538      BA4ACA5E 
 538      D2BCA135 
 538      AB8DA027 
 538      1D579D
 539 1af6 5086C1D5 		.ascii	"P\206\301\325\013E:\302\"B\207Yl@B\225\267P\206.\204"
 539      0B453AC2 
 539      22428759 
 539      6C404295 
 539      B750862E 
 540 1b0b 0487065B 		.ascii	"\004\207\006[\364v\034\202\224\210\320\010%\266\"\341"
 540      F4761C82 
 540      9488D008 
 540      25B622E1 
 541 1b1b C9601769 		.ascii	"\311`\027i\202\330`\021\253\210~.f\221\335\363\327\222"
 541      82D86011 
 541      AB887E2E 
 541      6691DDF3 
 541      D792
 542 1b2d 55481820 		.ascii	"UH\030 \022Th\361\205\225\346\360\240\000K\300J\361"
 542      125468F1 
 542      8595E6F0 
 542      A0004BC0 
 542      4AF1
 543 1b3f 05D07CB2 		.ascii	"\005\320|\2621\3627\341\201\237\271\232s\033\311\204"
 543      31F237E1 
 543      819FB99A 
 543      731BC984 
 544 1b4f D4D2A520 		.ascii	"\324\322\245 \004\310\274\214\020\347,\306\237\374\307"
 544      04C8BC8C 
 544      10E72CC6 
 544      9FFCC7
 545 1b5e 273FFBE8 		.ascii	"'?\373\350\343_z\005\204\254\017\330\030\011Q3\004\226"
 545      E35F7A05 
 545      84AC0FD8 
 545      18095133 
 545      0496
ARM GAS  /tmp/ccLyNULn.s 			page 44


 546 1b70 A9D7ED2C 		.ascii	"\251\327\355,\300\373\374\337\377\340\223_~\"q\"\261"
 546      C0FBFCDF 
 546      FFE0935F 
 546      7E227122 
 546      B1
 547 1b81 3D30F4E7 		.ascii	"=0\364\347\340WlZ\201\330?\204\021\216l\231YG\313\036"
 547      E0576C5A 
 547      81D83F84 
 547      118E6C99 
 547      5947CB1E 
 548 1b95 46EA7946 		.ascii	"F\352yF\243\227XX\371\316\217~\360\326\377\001\024\""
 548      A3975858 
 548      F9CE8F7E 
 548      F0D6FF01 
 548      1422
 549 1ba7 29EC     		.ascii	")\354"
 550              		.text
 551              		.section	.gnu.lto_.symtab.fd9e178dce873fe,"",%progbits
 552 0000 63685265 		.ascii	"chRegFirstThread\000\000\000\000\000\000\000\000\000"
 552      67466972 
 552      73745468 
 552      72656164 
 552      00000000 
 553 0019 00000074 		.ascii	"\000\000\000t\001\000\000chRegNextThread\000\000\000"
 553      01000063 
 553      68526567 
 553      4E657874 
 553      54687265 
 554 0032 00000000 		.ascii	"\000\000\000\000\000\000\000\000\000x\001\000\000ch"
 554      00000000 
 554      00780100 
 554      006368
 555 0041 5F646562 		.ascii	"_debug\000\000\000\000\000\000\000\000\000\000\000\000"
 555      75670000 
 555      00000000 
 555      00000000 
 555      0000
 556 0053 45020000 		.ascii	"E\002\000\000ch\000\000\002\000\000\000\000\000\000"
 556      63680000 
 556      02000000 
 556      000000
 557 0062 000000FC 		.ascii	"\000\000\000\374\001\000\000chThdRelease\000\000\002"
 557      01000063 
 557      68546864 
 557      52656C65 
 557      61736500 
 558 0078 00000000 		.ascii	"\000\000\000\000\000\000\000\000\000|\001\000\000"
 558      00000000 
 558      007C0100 
 558      00
 559              		.text
 560              		.section	.gnu.lto_.opts,"",%progbits
 561 0000 272D666E 		.ascii	"'-fno-trapv' '-mcpu=cortex-m3' '-mno-thumb-interwor"
 561      6F2D7472 
 561      61707627 
 561      20272D6D 
 561      6370753D 
ARM GAS  /tmp/ccLyNULn.s 			page 45


 562 0033 6B272027 		.ascii	"k' '-mthumb' '-ggdb' '-O2' '-fomit-frame-pointer' '"
 562      2D6D7468 
 562      756D6227 
 562      20272D67 
 562      67646227 
 563 0066 2D66616C 		.ascii	"-falign-functions=16' '-ffunction-sections' '-fdata"
 563      69676E2D 
 563      66756E63 
 563      74696F6E 
 563      733D3136 
 564 0099 2D736563 		.ascii	"-sections' '-fno-common' '-flto'\000"
 564      74696F6E 
 564      73272027 
 564      2D666E6F 
 564      2D636F6D 
 565              		.text
 566              		.comm	__gnu_lto_v1,1,1
 567              		.comm	__gnu_lto_slim,1,1
 568              		.ident	"GCC: (15:4.9.3+svn231177-1) 4.9.3 20150529 (prerelease)"
ARM GAS  /tmp/ccLyNULn.s 			page 46


DEFINED SYMBOLS
                            *ABS*:0000000000000000 chregistry.c
                            *COM*:0000000000000001 __gnu_lto_v1
                            *COM*:0000000000000001 __gnu_lto_slim

NO UNDEFINED SYMBOLS
