ARM GAS  /tmp/ccaCl8TC.s 			page 1


   1              		.syntax unified
   2              		.cpu cortex-m3
   3              		.fpu softvfp
   4              		.eabi_attribute 20, 1
   5              		.eabi_attribute 21, 1
   6              		.eabi_attribute 23, 3
   7              		.eabi_attribute 24, 1
   8              		.eabi_attribute 25, 1
   9              		.eabi_attribute 26, 1
  10              		.eabi_attribute 30, 2
  11              		.eabi_attribute 34, 1
  12              		.eabi_attribute 18, 4
  13              		.thumb
  14              		.file	"crt1.c"
  15              		.text
  16              	.Ltext0:
  17              		.section	.gnu.lto_.profile.9a24702d0b50165d,"",%progbits
  18 0000 789C6366 		.ascii	"x\234cf```a\200\000F\006IQ\000\000\273\0007"
  18      60606061 
  18      80004606 
  18      49510000 
  18      BB0037
  19              		.text
  20              		.section	.gnu.lto_.jmpfuncs.9a24702d0b50165d,"",%progbits
  21 0000 789C6366 		.ascii	"x\234cf\300\016\004\2414+\020320010030\260\0009\000"
  21      C00E04A1 
  21      342B1033 
  21      32303031 
  21      30303330 
  22 0018 03080024 		.ascii	"\003\010\000$"
  23              		.text
  24              		.section	.gnu.lto_.inline.9a24702d0b50165d,"",%progbits
  25 0000 789C6366 		.ascii	"x\234cf\300\016\342\2414+\003\0033\023#\003\023\220"
  25      C00EE2A1 
  25      342B0303 
  25      33132303 
  25      1390
  26 0012 C9B6401E 		.ascii	"\311\266@\036D10b\2100a\2100\003y\020\021\0260\011\244"
  26      44313062 
  26      88306188 
  26      30037910 
  26      11163009 
  27 0027 445E7102 		.ascii	"D^q\002E\224\332\026\315d\204+c\000\000\376\271\006"
  27      4594DA16 
  27      CD64842B 
  27      630000FE 
  27      B906
  28 0039 9F       		.ascii	"\237"
  29              		.text
  30              		.section	.gnu.lto_.pureconst.9a24702d0b50165d,"",%progbits
  31 0000 789C6366 		.ascii	"x\234cf``\340f\200\000V\006\011F\011&\011f\023\026)"
  31      6060E066 
  31      80005606 
  31      09460926 
  31      09661316 
  32 0015 00043A00 		.ascii	"\000\004:\000\264"
  32      B4
ARM GAS  /tmp/ccaCl8TC.s 			page 2


  33              		.text
  34              		.section	.gnu.lto___core_init.9a24702d0b50165d,"",%progbits
  35 0000 789C6366 		.ascii	"x\234cf\300\004R@\\\002\304&@\314\310\314\300\3104\341"
  35      C0045240 
  35      5C02C426 
  35      40CCC8CC 
  35      C0C834E1 
  36 0014 1C034323 		.ascii	"\034\003C#\007\023##\210\301\300\310P\317\304X\317\370"
  36      07132323 
  36      88C1C0C8 
  36      50CFC458 
  36      CFF8
  37 0026 92E92313 		.ascii	"\222\351#\023\343\204\003\253gp\253/mhh\370\320tY\242"
  37      E38403AB 
  37      6770AB2F 
  37      6D6868F8 
  37      D07459A2 
  38 003a 55E22713 		.ascii	"U\342'\023\003\303g&\2101\214\313\031\325\031\200j>"
  38      03C36726 
  38      88318CCB 
  38      19D51980 
  38      6A3E
  39 004c B6FCBDCE 		.ascii	"\266\374\275\316\315\326\002T#\000\221c\\\301\310\306"
  39      CDD60254 
  39      23009163 
  39      5CC1C8C6 
  40 005c 08A4D70B 		.ascii	"\010\244\327\013\035h\370\377\177\361\2347\227Y\200"
  40      1D68F8FF 
  40      7FF19C37 
  40      975980
  41 006b C24F8018 		.ascii	"\302O\200\030d\376S&&\020\315|\217\221\021\244\020d"
  41      64FE5326 
  41      2610CD7C 
  41      8F9111A4 
  41      1064
  42 007d D2132646 		.ascii	"\322\023&F\220\020P\201\221\236\236>\020\345\027\353"
  42      90105081 
  42      919E9E3E 
  42      10E517EB 
  43 008d 27E7E7E6 		.ascii	"'\347\347\346\346\347\351\027\344\027\225\024\353;\006"
  43      E6E7E917 
  43      E4179514 
  43      EB3B06
  44 009c F93AFB56 		.ascii	"\371:\373V\200\304\0122sR\213\212\365\335\235\235\365"
  44      80C40A32 
  44      73528B8A 
  44      F5DD9D9D 
  44      F5
  45 00ad 938B4A0C 		.ascii	"\223\213J\014\365\222\031\000\301r9\237"
  45      F5921900 
  45      C172399F 
  46              		.text
  47              		.section	.gnu.lto___early_init.9a24702d0b50165d,"",%progbits
  48 0000 789C6366 		.ascii	"x\234cf\300\004R@\\\004\304&@\314\310\314\300\3104\341"
  48      C0045240 
  48      5C04C426 
  48      40CCC8CC 
ARM GAS  /tmp/ccaCl8TC.s 			page 3


  48      C0C834E1 
  49 0014 1C034323 		.ascii	"\034\003C#\007\023##\210\301\300\310P\317\304X\317\370"
  49      07132323 
  49      88C1C0C8 
  49      50CFC458 
  49      CFF8
  50 0026 92E92313 		.ascii	"\222\351#\023\343\204\003\253gp\253/mhh\370\260\351"
  50      E38403AB 
  50      6770AB2F 
  50      6D6868F8 
  50      B0E9
  51 0038 BA44ABC4 		.ascii	"\272D\253\304O&\006\206\317L\020c\030\2273\2523\000"
  51      4F260686 
  51      CF4C1063 
  51      189733AA 
  51      3300
  52 004a D57C6CF9 		.ascii	"\325|l\371{\235\233\255\005\250F\000\"\307\270\202\221"
  52      7B9D9BAD 
  52      05A84600 
  52      22C7B882 
  52      91
  53 005b 8D1148AF 		.ascii	"\215\021H\257\027:\320\360\377\377\3439\022@\301'@\014"
  53      173AD0F0 
  53      FFFFE339 
  53      1240C127 
  53      400C
  54 006d 32FD2913 		.ascii	"2\375)\023\023\210f\276\307\310\010R\0062\347\011\023"
  54      138866BE 
  54      C7C80852 
  54      0632E709 
  54      13
  55 007e 234808A8 		.ascii	"#H\010\250\300HOO\037\210\362\213\365\223\363ss\363"
  55      C0484F4F 
  55      1F88F28B 
  55      F593F373 
  55      73F3
  56 0090 F3F40BF2 		.ascii	"\363\364\013\362\213J\212\365\035\203|\235}+@b\005\231"
  56      8B4A8AF5 
  56      1D837C9D 
  56      7D2B4062 
  56      0599
  57 00a2 39A945C5 		.ascii	"9\251E\305\372\356\316\316\372\311E%\206z\311\014\000"
  57      FAEECECE 
  57      FAC94525 
  57      867AC90C 
  57      00
  58 00b3 1BF33866 		.ascii	"\033\3638f"
  59              		.text
  60              		.section	.gnu.lto___late_init.9a24702d0b50165d,"",%progbits
  61 0000 789C6366 		.ascii	"x\234cf\300\004R@\\\004\304&@\314\310\314\300\3104\341"
  61      C0045240 
  61      5C04C426 
  61      40CCC8CC 
  61      C0C834E1 
  62 0014 1C034323 		.ascii	"\034\003C#\007\023##\210\301\300\310P\317\304X\317\370"
  62      07132323 
  62      88C1C0C8 
ARM GAS  /tmp/ccaCl8TC.s 			page 4


  62      50CFC458 
  62      CFF8
  63 0026 92E92313 		.ascii	"\222\351#\023\343\204\003\253gp\253/mhh\3700\351\266"
  63      E38403AB 
  63      6770AB2F 
  63      6D6868F8 
  63      30E9B6
  64 0039 44ABC44F 		.ascii	"D\253\304O&\006\206\317L\020c\030\2273\2523\000\325"
  64      260686CF 
  64      4C106318 
  64      9733AA33 
  64      00D5
  65 004b 7C6CF97B 		.ascii	"|l\371{\235\233\255\005\250F\000\"\307\270\202\221\215"
  65      9D9BAD05 
  65      A8460022 
  65      C7B88291 
  65      8D
  66 005c 1148AF17 		.ascii	"\021H\257\027:\320\360\377\377\3429\022@\301'@\0142"
  66      3AD0F0FF 
  66      FFE23912 
  66      40C12740 
  66      0C32
  67 006e FD291313 		.ascii	"\375)\023\023\210f\276\307\310\010R\0062\347\011\023"
  67      8866BEC7 
  67      C8085206 
  67      32E70913 
  68 007e 234808A8 		.ascii	"#H\010\250\300HOO\037\210\362\213\365\223\363ss\363"
  68      C0484F4F 
  68      1F88F28B 
  68      F593F373 
  68      73F3
  69 0090 F3F40BF2 		.ascii	"\363\364\013\362\213J\212\365\035\203|\235}+@b\005\231"
  69      8B4A8AF5 
  69      1D837C9D 
  69      7D2B4062 
  69      0599
  70 00a2 39A945C5 		.ascii	"9\251E\305\372\356\316\316\372\311E%\206z\311\014\000"
  70      FAEECECE 
  70      FAC94525 
  70      867AC90C 
  70      00
  71 00b3 F3F8380A 		.ascii	"\363\3708\012"
  72              		.text
  73              		.section	.gnu.lto___default_exit.9a24702d0b50165d,"",%progbits
  74 0000 789C6366 		.ascii	"x\234cf\300\004&@\\\014\245\031Y\031\030\231&\234c`"
  74      C0042640 
  74      5C0CA519 
  74      59191899 
  74      269C6360 
  75 0014 68E46062 		.ascii	"h\344`bd\0061\030\231\031Y \002,\020\001GF\206z&f\026"
  75      64063118 
  75      99195920 
  75      022C1001 
  75      4746867A 
  76 002b 462001D1 		.ascii	"F \001\321\377\222\351#\023\343\204\003\253gp\253/m"
  76      FF92E923 
  76      13E38403 
ARM GAS  /tmp/ccaCl8TC.s 			page 5


  76      AB6770AB 
  76      2F6D
  77 003d 6868F8F0 		.ascii	"hh\370\360\350\256D\253\304O&\006\206\317L\020\005\214"
  77      E8AE44AB 
  77      C44F2606 
  77      86CF4C10 
  77      058C
  78 004f CB19D519 		.ascii	"\313\031\325\031\200j>\266\374\275\316\315\326\002T"
  78      806A3EB6 
  78      FCBDCECD 
  78      D60254
  79 005e 23009163 		.ascii	"#\000\221c\\\301\310\306\010\244\327\013\035h\370\377"
  79      5CC1C8C6 
  79      08A4D70B 
  79      1D68F8FF 
  80 006e FFF1DC3D 		.ascii	"\377\361\334=\367Y\200\334'@)F \311\004\264\373\011"
  80      F75980DC 
  80      27402946 
  80      20C904B4 
  80      FB09
  81 0080 D012A0A5 		.ascii	"\320\022\240\245\214O\230X\2404#\330H#==} \312/\326"
  81      8C4F9858 
  81      A03423D8 
  81      48233D3D 
  81      7D20CA2F 
  82 0095 4FCECFCD 		.ascii	"O\316\317\315\315\317\323/\310/*)\326w\014\362u\366"
  82      CDCFD32F 
  82      C82F2A29 
  82      D6770CF2 
  82      75F6
  83 00a7 AD008915 		.ascii	"\255\000\211\025d\346\244\026\025\353\273;;\353'\027"
  83      64E6A416 
  83      15EBBB3B 
  83      3BEB2717 
  84 00b7 9518EA25 		.ascii	"\225\030\352%3\000\000\317I<\312"
  84      330000CF 
  84      493CCA
  85              		.text
  86              		.section	.gnu.lto___init_ram_areas.9a24702d0b50165d,"",%progbits
  87 0000 789C8D54 		.ascii	"x\234\215T\337oTU\020>s\316\375\265{w\335-\255\011!"
  87      DF6F5455 
  87      103E73CE 
  87      FDB57B77 
  87      DD2DAD09 
  88 0015 319AF401 		.ascii	"1\232\364\001_\350U\022\023$\032C\372\240/\370\340_"
  88      5FE85512 
  88      13241A43 
  88      FAA02FF8 
  88      E05F
  89 0027 A0A93E98 		.ascii	"\240\251>\230\010\335\264}0\221\246\267\355*\241\221"
  89      08DDB47D 
  89      3091A6B7 
  89      ED2AA191 
  90 0037 5289904D 		.ascii	"R\211\220M\014 \361\007\255m)X\201\335\026dK\201-Pj"
  90      0C20F107 
  90      AD6D2958 
  90      81DD1664 
ARM GAS  /tmp/ccaCl8TC.s 			page 6


  90      4B812D50 
  91 004c 884B4DD4 		.ascii	"\210KM\324`CJ\321DM\327U\266\2536\353\314\234m\334."
  91      60434AD1 
  91      444DD755 
  91      B6AB36EB 
  91      CC9C6DDC 
  92 0061 D4D86CEF 		.ascii	"\324\330l\35793g\3167\337|s\357(q\377\337a\374\177\313"
  92      393367CE 
  92      37DF7C73 
  92      EF2871FF 
  92      DF61FC7F 
  93 0076 12E2595C 		.ascii	"\022\342Y\\!$@\366\315\010\321\351HPz\243\300\324\033"
  93      212440F6 
  93      CD08D1E9 
  93      48507AA3 
  93      C0D41B
  94 0089 436F261C 		.ascii	"Co&\034S\032\357f\204\360\203V\334\026~\310\002\207"
  94      531AEF66 
  94      84F08356 
  94      DC167EC8 
  94      0287
  95 009b FC60EB75 		.ascii	"\374`\353u\302q\244\255\317\003|\036\220\2566\203l\272"
  95      C271A4AD 
  95      CF037C1E 
  95      90AE3683 
  95      6CBA
  96 00ad 1A785B10 		.ascii	"\032x[\020\200V\001\242C*\303\264l'\340\006\241\303"
  96      805601A2 
  96      432AC3B4 
  96      6C27E006 
  96      A1C3
  97 00bf 50024AA5 		.ascii	"P\002J\245R\007s35EG/?\311\234\204\276\364`\302\335"
  97      52077333 
  97      3545472F 
  97      3FC99C84 
  97      BEF460C2 
  98 00d4 F889EFFB 		.ascii	"\370\211\357\373\213]\271\365o\257/J!\362R\007\3001"
  98      8B5DB9F5 
  98      6FAF2F4A 
  98      21F25207 
  98      C031
  99 00e6 D8283066 		.ascii	"\330(0fd0{\030\324S@\373\324\361\337\257\273?\312\242"
  99      64307B18 
  99      D45340FB 
  99      D4F1DFAF 
  99      BB3FCAA2 
 100 00fa 84C7C81C 		.ascii	"\204\307\310\034\333?\225\260\310\224\006\231\337}\272"
 100      DB3F95B0 
 100      C8940699 
 100      DF7DBA
 101 0109 BC47D61F 		.ascii	"\274G\326\037\365\375\256\271\236\314L\310\237\362\343"
 101      F5FDAEB9 
 101      9ECC4CC8 
 101      9FF2E3
 102 0118 73A5D2A3 		.ascii	"s\245\322\243E\251\240\037\024\342\302\000l\200\317"
 102      45A9A01F 
 102      14E2C200 
ARM GAS  /tmp/ccaCl8TC.s 			page 7


 102      6C80CF
 103 0127 6043592C 		.ascii	"`CY,\274\222\213/\177\343Zq$\020\205A\250\327\311a\010"
 103      BC928B2F 
 103      7FE35A71 
 103      24108541 
 103      A8D7C961 
 104 013c 2C104291 		.ascii	",\020B\221\007c:\323{\263a\3654\023\350Nv\236\017\351"
 104      07633AD3 
 104      7BB361F5 
 104      3413E84E 
 104      769E0FE9 
 105 0150 147BEF66 		.ascii	"\024{\357f*R\0300\374\240\024p\234!\226\372\367\234"
 105      2A521830 
 105      FCA01470 
 105      9C2196FA 
 105      F79C
 106 0162 93EA1986 		.ascii	"\223\352\031\206\310\374}\357\346C\014\361a\3571\253"
 106      C8FC7DEF 
 106      E6430CF1 
 106      61EF31AB 
 107 0172 0260E481 		.ascii	"\002`\344\201\000'\240~d]\332/\225F/~\275\273~\\>\014"
 107      0027A07E 
 107      645DDA2F 
 107      95462F7E 
 107      BDBB7E5C 
 108 0188 82784986 		.ascii	"\202xI\206V|n\360\323\341g\220\375.\357C\002a\303\370"
 108      567C6EF0 
 108      D3E16790 
 108      FD2EEF43 
 108      0261C3F8 
 109 019c 30236C47 		.ascii	"0#lG\371\254\206\274\265\354\250c(!\346\261\352\033"
 109      F9AC86BC 
 109      B5ECA863 
 109      2821E6B1 
 109      EA1B
 110 01ae 42DC9112 		.ascii	"B\334\221\022\0275\013]\351\003\275\217\260\012Z\201"
 110      17350B5D 
 110      E903BD8F 
 110      B00A5A81 
 111 01be 83FBB249 		.ascii	"\203\373\262I\325\376\227\237\360\235\242\264\226\245"
 111      D5FE979F 
 111      F09DA2B4 
 111      96A5
 112 01cc D6EE87F9 		.ascii	"\326\356\207\371\257n8\244\276\305\346\300\276\367\223"
 112      AF6E38A4 
 112      BEC5E6C0 
 112      BEF793
 113 01db 70083EE8 		.ascii	"p\010>\350\354\243(\033NB;|Nu\340\331\221\371\376\204"
 113      ECA3281B 
 113      4E423B7C 
 113      4E75E0D9 
 113      91F9FE84 
 114 01ef CB00E917 		.ascii	"\313\000\351\0270\036F1\020k\373\002\332\005\245U\""
 114      301E4631 
 114      106BFB02 
 114      DA05A555 
 114      22
ARM GAS  /tmp/ccaCl8TC.s 			page 8


 115 0200 6E53DA28 		.ascii	"nS\332(\363)H\020\337B\327\351\334\345\274\252j\021"
 115      F3294810 
 115      DF42D7E9 
 115      DCE5BCAA 
 115      6A11
 116 0212 D227DEDC 		.ascii	"\322'\336\334!\274\177\012\254\202\014VRQ\234\356\324"
 116      21BC7F0A 
 116      AC820C56 
 116      52519CEE 
 116      D4
 117 0223 D2915FC2 		.ascii	"\322\221_\302D\305\367\323^Q:\210\010\247\313T~\275"
 117      44C5F7D3 
 117      5E513A88 
 117      08A7CB54 
 117      7EBD
 118 0235 D0FB6764 		.ascii	"\320\373gd\323\240\037-\312\000\234A\036\277\361\373"
 118      D3A01F2D 
 118      CA009C41 
 118      1EBFF1FB 
 119 0245 0649D824 		.ascii	"\006I\330$\220\202\377\034\241R\"Df\032\357e\224N\344"
 119      9082FF1C 
 119      A1522244 
 119      661AEF65 
 119      944EE4
 120 0258 562137FC 		.ascii	"V!7\374\027r\212\221\201\220\307V!\237 dW\210\005\200"
 120      17728A91 
 120      8190C756 
 120      219F2064 
 120      57880580 
 121 026c 55CACEF5 		.ascii	"U\312\316\365\354^\267\".\214C\273\354\267\013\262\316"
 121      EC5EB722 
 121      2E8C43BB 
 121      ECB70BB2 
 121      CE
 122 027d 9DFEE365 		.ascii	"\235\376\343e\024\310\020\370\321)ds\257g6\265E\323"
 122      14C810F8 
 122      D1296473 
 122      AF6736B5 
 122      45D3
 123 028f 0957D66D 		.ascii	"\011W\326m\254\252\033\2122X\220\022\316\02238Gb\343"
 123      ACAA1B8A 
 123      32589012 
 123      CE123338 
 123      4762E3
 124 02a2 DDFD47C3 		.ascii	"\335\375G\303t\263\252\012\233cU9\366K\214Eh\014\357"
 124      74B3AA0A 
 124      9B635539 
 124      F64B8C45 
 124      680CEF
 125 02b5 4EBC732B 		.ascii	"N\274s+\365\204N\025\241\000z'gA\376[DDG-\2446\353\250"
 125      F5844E15 
 125      A1007A27 
 125      6741FE5B 
 125      4444472D 
 126 02cd 28A5AC8C 		.ascii	"(\245\254\214b\021\243\334aS\340x(\267\230/+\241\015"
 126      6211A3DC 
 126      6153E078 
ARM GAS  /tmp/ccaCl8TC.s 			page 9


 126      28B7982F 
 126      2BA10D
 127 02e0 8E91BADF 		.ascii	"\216\221\272\337\323\243\246F\012\255\256em\225\317"
 127      D3A3A646 
 127      0AADAE65 
 127      6D95CF
 128 02ef B3CA2C59 		.ascii	"\263\312,Y\032U\276\011\361\231\356\235e\014\312!Hg"
 128      1A55BE09 
 128      F199EE9D 
 128      650CCA21 
 128      4867
 129 0301 899D54DF 		.ascii	"\211\235T\337\347v!\027c:\377\352\002(l\200\372\231"
 129      E7762117 
 129      633AFFEA 
 129      02286C80 
 129      FA99
 130 0313 1C11E36C 		.ascii	"\034\021\343l\236\364\265\350\005\304P\314\244L@\207"
 130      9EF4B5E8 
 130      05C450CC 
 130      A44C4087 
 131 0323 BD22F8E2 		.ascii	"\275\"\370\342b\366#\265\246lFY\266\011\344Q\331\216"
 131      62F623B5 
 131      A66C4659 
 131      B609E451 
 131      D98E
 132 0335 20FA2EE0 		.ascii	" \372.\340\011\0134;V\226\261\226.\334'c-\013\344\220"
 132      090B343B 
 132      5696B196 
 132      2EDC2763 
 132      2D0BE490 
 133 0349 40502190 		.ascii	"@P!\220\301\232\234\314\256hR\363\1775\231dM\250v\270"
 133      C19A9CCC 
 133      AE6852F3 
 133      7F359964 
 133      4DA876B8 
 134 035d 58A5490D 		.ascii	"X\245I\015\301\262&FA:\026v\272\326\036\342\027,@\002"
 134      C1B22646 
 134      413A1676 
 134      BAD61EE2 
 134      172C4002 
 135 0371 30DBDB5B 		.ascii	"0\333\333[ul\035&@\350k\267\227\362!\036\261H\354R\005"
 135      756C1D26 
 135      40E86BB7 
 135      97F2211E 
 135      B148EC52 
 136 0386 77FE50EB 		.ascii	"w\376P\353\010~\272{\374\220\242/\022\3555\207E\365"
 136      087EBA7B 
 136      FC90A22F 
 136      12ED3587 
 136      45F5
 137 0398 74B85C31 		.ascii	"t\270\\1\035>>pp\310\244\034\256C\346\225\311\2013\021"
 137      1D3E3E70 
 137      70C8A41C 
 137      AE43E695 
 137      C9813311 
 138 03ac 6FD8EFF3 		.ascii	"o\330\357\363\323[\261P\310\340=\230\322\023\221\246"
 138      D35BB150 
ARM GAS  /tmp/ccaCl8TC.s 			page 10


 138      C8E03D98 
 138      D21391A6 
 139 03bc FC647238 		.ascii	"\374dr8\240g\311\3434\332\257\200\207\245^\345QB\243"
 139      A067C9E3 
 139      34DAAF80 
 139      87A55EE5 
 139      5142A3
 140 03cf CC15A316 		.ascii	"\314\025\243\026\334\301\026\340(\273\205\303;\367\242"
 140      DCC116E0 
 140      28BB85C3 
 140      3BF7A2
 141 03de 9E167406 		.ascii	"\236\026t\006\350DB\233\033\032<\3745\267zM\315;v4\357"
 141      E844429B 
 141      1B1A3CFC 
 141      35B77A4D 
 141      CD3B7634 
 142 03f3 F462CD2D 		.ascii	"\364b\315-m\255\336\266\227\2667n\177\223|\261\327\337"
 142      6DADDEB6 
 142      97B6376E 
 142      7F937CB1 
 142      D7DF
 143 0405 78ADA5D5 		.ascii	"x\255\245\325{\276\261\321kji{\262\241I\250\226Wb\262"
 143      7BBEB1D1 
 143      6B6A697B 
 143      B2A149A8 
 143      965762B2 
 144 0419 2D06B17F 		.ascii	"-\006\261\177\000\264\234Q\246"
 144      00B49C51 
 144      A6
 145              		.text
 146              		.section	.gnu.lto_.symbol_nodes.9a24702d0b50165d,"",%progbits
 147 0000 789C55CA 		.ascii	"x\234U\312\331Q\002a\024D\3413\377\314\350 (\270 \273"
 147      D9510261 
 147      1444E133 
 147      FFCCE820 
 147      28B820BB 
 148 0014 10098476 		.ascii	"\020\011\204vS0\002\212P\\\300\235]\020\005\001\201"
 148      5330028A 
 148      505CC09D 
 148      5D100501 
 148      81
 149 0025 40B08B07 		.ascii	"@\260\213\007\245_\276\252S\355\003U\217\335\334\015"
 149      A55FBEAA 
 149      53ED0355 
 149      8FDDDC0D 
 150 0035 06D71D30 		.ascii	"\006\327\0350\243\336\210p\267\230\267\027\3560\267"
 150      A3DE8870 
 150      B798B717 
 150      EE30B7
 151 0044 17EE31FF 		.ascii	"\027\3561\377/\004\270&\026\374\177\2045\032\316\374"
 151      2F04B826 
 151      16FC7F84 
 151      351ACEFC 
 152 0054 B0859732 		.ascii	"\260\205\2272\302\007\234x\304\027O\004\342\231P\274"
 152      C2079C78 
 152      C4174F04 
 152      E29950BC 
ARM GAS  /tmp/ccaCl8TC.s 			page 11


 153 0064 70205E39 		.ascii	"p ^9\024oD\242MLt8\022]\342\242GB\3649\026\003N\304"
 153      146F44A2 
 153      4D4C7438 
 153      125DE2A2 
 153      4742F439 
 154 007c 90A47827 		.ascii	"\220\244x'%F\234\2121g\342\203s1\341B|\222\026_\\\212"
 154      25469C8A 
 154      3167E283 
 154      7331E142 
 154      7C92165F 
 155 0092 29193123 		.ascii	")\0311#+\276\311\2119y\261\240 \226\024\305\017%\261"
 155      2BBEC989 
 155      3979B1A0 
 155      209614C5 
 155      0F25B1
 156 00a5 E24AAC29 		.ascii	"\342J\254)\213\015\225_\330\002OTIJ"
 156      8B0D955F 
 156      D8024F54 
 156      494A
 157              		.text
 158              		.section	.gnu.lto_.refs.9a24702d0b50165d,"",%progbits
 159 0000 789C25C1 		.ascii	"x\234%\301[\032\201P\030\000\300\377\233:\024\241(\227"
 159      5B1A8150 
 159      1800C0FF 
 159      9B3A14A1 
 159      2897
 160 0012 90E3B61A 		.ascii	"\220\343\266\032\373\337\217\207f\212\210\370\305L)"
 160      FBDF8F87 
 160      668A88F8 
 160      C54C29
 161 0021 91A69C2C 		.ascii	"\221\246\234,,Uj+k\215\215\255\235Vg\357\24078:9\273"
 161      2C556A2B 
 161      6B8D8DAD 
 161      9D5667EF 
 161      A037383A 
 162 0037 185DDDDC 		.ascii	"\030]\335\334M\036\262\247\227\267\217o\374\001}Z\003"
 162      4D1EB2A7 
 162      97B78F6F 
 162      FC017D5A 
 162      03
 163 0048 98       		.ascii	"\230"
 164              		.text
 165              		.section	.gnu.lto_.decls.9a24702d0b50165d,"",%progbits
 166 0000 789C8598 		.ascii	"x\234\205\230{LTW\036\307\347\33433\3008\014F\323G\334"
 166      7B4C5457 
 166      1EC7E7DC 
 166      3333C038 
 166      0C46D347 
 167 0015 A46B3131 		.ascii	"\244k11\373peE\305d\263i\273k6mvk\333\335d\377\331\375"
 167      FB706545 
 167      C564B369 
 167      BB6B366D 
 167      766BDBDD 
 168 002d 63C2224D 		.ascii	"c\302\"M\311\"40\246\355\037\335\214\242\210\250\200"
 168      C9223430 
 168      A6ED1FDD 
 168      8CA288A8 
ARM GAS  /tmp/ccaCl8TC.s 			page 12


 168      80
 169 003e 23E2200A 		.ascii	"#\342 \012\243HEy#\240<\207\367\033\037\200\017\012"
 169      A3484579 
 169      23A03C87 
 169      F71B1F80 
 169      0F0A
 170 0050 C2407D51 		.ascii	"\302@}Q\236\002\026\3605\373\273\347\374\356\305\271"
 170      9E0216F0 
 170      35FBBBE7 
 170      FCEEC5B9 
 171 0060 177727FE 		.ascii	"\027w'\376<\367\334\373\373}~\3379\337s\357\314@5\032"
 171      3CF7DCFB 
 171      FB7D7EDF 
 171      39DF73EF 
 171      CC40351A 
 172 0074 4D23D168 		.ascii	"M#\321h\334\360\372\375\033\032\315{T\243\321\303\271"
 172      DCF0FAFD 
 172      1B1ACD7B 
 172      54A3D1C3 
 172      B9
 173 0085 CF344B2F 		.ascii	"\3174K/\035D>D\021D\011D9D%\304\273\020\037C\355 \214"
 173      1D443E44 
 173      11440944 
 173      394425C4 
 173      BB101F43 
 174 009c C310F720 		.ascii	"\303\020\367 \036B\214ALB<\206\230\203X\204x\016\341"
 174      1E428C41 
 174      4C423C86 
 174      98835884 
 174      780EE1
 175 00af 861020DF 		.ascii	"\206\020 \337\013\302\000\341\013\261\022\342\015\210"
 175      0BC200E1 
 175      0BB112E2 
 175      0D88
 176 00bd B7217E06 		.ascii	"\267!~\006\361\016\304:\210\365\020\277\204\330\000"
 176      F10EC43A 
 176      88F510BF 
 176      84D800
 177 00cc B109620B 		.ascii	"\261\011b\013\3046\210\337A\274\017\361G\210?A|D4\036"
 177      C43688DF 
 177      41BC0FF1 
 177      47883F41 
 177      7C44341E 
 178 00e0 2F512779 		.ascii	"/Q'yE?\301s\312W\3212yE\313\344\225,\223W\262L^\371"
 178      453FC173 
 178      CA57D132 
 178      7945CBE4 
 178      952C9357 
 179 00f8 3279E5CB 		.ascii	"2y\345\313\344\211\353f\304<\023\036\357\200\344f\015"
 179      E489EB66 
 179      C43C131E 
 179      EF80E466 
 179      0D
 180 0109 5FCF4FE0 		.ascii	"_\317O\340\270\037\306\233\020\237\302q#\214\177\206"
 180      B81FC69B 
 180      109FC271 
 180      238C7F86 
ARM GAS  /tmp/ccaCl8TC.s 			page 13


 181 0119 D0425C85 		.ascii	"\320B\\\205\350\204\270\016\321\205=*q\374X\261\016"
 181      E884B80E 
 181      D1853D2A 
 181      71FC58B1 
 181      0E
 182 012a 8F05529E 		.ascii	"\217\005R\236?\327\265\342\221@L\206\265\342\264\302"
 182      3FD7B5E2 
 182      91404C86 
 182      B5E2B4C2 
 183 013a D66AD7C3 		.ascii	"\326j\327\303\324h\320\212\323\312g#\275\332\267\216"
 183      D468D08A 
 183      D3CA6723 
 183      BDDAB78E 
 184 014a 5BE19514 		.ascii	"[\341\225\024c]\251%\237\275I\316\2235$\233\254\001"
 184      635DA925 
 184      9FBD49CE 
 184      9335249B 
 184      AC01
 185 015c E205F216 		.ascii	"\342\005\362\026\374\377O-'}\237\336\323\354M\301:8"
 185      FCFF4F2D 
 185      277D9FDE 
 185      D3EC4DC1 
 185      3A38
 186 016e CEB40FF7 		.ascii	"\316\264\017\367\0326\\\204\2628k\3554Yj\367}L\334\214"
 186      1A365C84 
 186      B2386BED 
 186      34596AF7 
 186      7D4CDC8C 
 187 0182 1F7D8325 		.ascii	"\037}\203%\355\277:6C\265\202\206\344\022\312\257&\306"
 187      EDBF3A36 
 187      43B58286 
 187      E412CAAF 
 187      26C6
 188 0194 D754FBAD 		.ascii	"\327T\373\255M\267:\034\323\025\205\3614\325\352\250"
 188      4DB73A1C 
 188      D31585F1 
 188      34D5EAA8 
 189 01a4 B7BE74BB 		.ascii	"\267\276t\273\011kE.\022Jr\310\006h\231G\264\032q\312"
 189      096B452E 
 189      124A72C8 
 189      06689947 
 189      B41A71CA 
 190 01b8 17319FAC 		.ascii	"\0271\237\254\205\332\372\2433\023\204\356x\015y\317"
 190      85DAFAA3 
 190      331384EE 
 190      780D79CF 
 191 01c8 604BBA89 		.ascii	"`K\272\211\221\035\225Y\372\326\244Z\267\373}\006-\220"
 191      911D9559 
 191      FAD6A45A 
 191      B7FB7D06 
 191      2D90
 192 01da A18522B4 		.ascii	"\241\205\"\264@\202\0261h\312\255\323\017}\350?^\003"
 192      40821631 
 192      68CAADD3 
 192      0F7DE83F 
 192      5E03
 193 01ec 2D1F78E4 		.ascii	"-\037x\344 \034\332\347\001-\226\241\227Dh\261\004-"
ARM GAS  /tmp/ccaCl8TC.s 			page 14


 193      201CDAE7 
 193      012D96A1 
 193      974468B1 
 193      042D
 194 01fe 61D0C2C1 		.ascii	"a\320\302\301\204\031/\3729\203\366\015\217\366z\321"
 194      84192FFA 
 194      3983F60D 
 194      8FF67AD1 
 195 020e DDEC38C3 		.ascii	"\335\3548\303\236~\333(6(\223\032\014\366%W\370H-\311"
 195      9E7EDB28 
 195      3628931A 
 195      0CF62557 
 195      F8482DC9 
 196 0222 65C23C69 		.ascii	"e\302<i8j\033\026\304\256g\034\223\036]K\345\256W\304"
 196      386A1B16 
 196      C4AE671C 
 196      931E5D4B 
 196      E5AE57C4 
 197 0236 AEA552D7 		.ascii	"\256\245R\327r\326\265\344\354\203\273^\364?\254\323"
 197      72D6B5E4 
 197      EC83BB5E 
 197      F43FACD3 
 198 0246 C3D8C6BF 		.ascii	"\303\330\306\277\212\204BG\334y}\253U&TH\004\250\252"
 198      8A844247 
 198      DC797DAB 
 198      55265448 
 198      04A8AA
 199 0259 90CA2B59 		.ascii	"\220\312+Y\371\361\252S6\037\266O\254\014\3211\2620"
 199      F9F1AA53 
 199      361FB64F 
 199      AC0CD131 
 199      B230
 200 026b 6B641B65 		.ascii	"kd\033e\2458u\326,4\033h\"a\327\016\307\271\332\014"
 200      A53875D6 
 200      2C341B68 
 200      2261D70E 
 200      C7B9DA0C 
 201 027f D4CE277B 		.ascii	"\324\316'{\276\253<\354\005\211\357\032\330[\032J[<"
 201      BEAB3CEC 
 201      0589EF1A 
 201      D85B1A4A 
 201      5B3C
 202 0291 E7C3A6E2 		.ascii	"\347\303\246\342\303\304\017N\011\255\017\254\231&\262"
 202      C3C40F4E 
 202      09AD0FAC 
 202      9926B2
 203 02a0 DE700EB6 		.ascii	"\336p\016\266\313tG\326\310G1\326\017H\0031\020\247"
 203      CB7447D6 
 203      C84731D6 
 203      0F480331 
 203      10A7
 204 02b2 2C87558B 		.ascii	",\207U\213\2578\253u\257\270\025}ZM\032y'\222z\262\036"
 204      AF38AB75 
 204      AFB8157D 
 204      5A4D1A79 
 204      27927AB2 
 205 02c7 32582EA9 		.ascii	"2X.\251\205\223up\022\300M\317k\366\351\210a\375\362"
ARM GAS  /tmp/ccaCl8TC.s 			page 15


 205      85937570 
 205      12C04DCF 
 205      6BF6E988 
 205      61FDF2
 206 02da 454DCB14 		.ascii	"EM\313\0241\011\027\016\330\336\264Z\265\244\021$\324"
 206      3109170E 
 206      D8DEB45A 
 206      B5A41124 
 206      D4
 207 02eb 2C490045 		.ascii	",I\000E\3626\236\032\212\315\321\031\343\227\270,y\351"
 207      F2369E1A 
 207      8ACDD119 
 207      E397B82C 
 207      79E9
 208 02fd CE682646 		.ascii	"\316h&F\314<\330\364\270@K\347paJ\353\036\230h\014\277"
 208      CC3CD8F4 
 208      B8404BE7 
 208      70614AEB 
 208      1E98680C 
 209 0312 47CAEEA7 		.ascii	"G\312\356\247\332u\364\010\237\234;\236\222\253c\313"
 209      DA75F408 
 209      9F9C3B9E 
 209      92AB63CB 
 210 0322 E92D4E1D 		.ascii	"\351-N\035YySzjg\327\364e\011/O\372\021\177\177\377"
 210      5979537A 
 210      6A67D7F4 
 210      65092F4F 
 210      FA117F7F 
 211 0337 D5FEEB1D 		.ascii	"\325\376\353\035\320r\272b`\224\210\367\006\021\373"
 211      D072BA62 
 211      609488F7 
 211      0611FB
 212 0346 90569078 		.ascii	"\220V\220x\215\254^zc\277\020\025\234\027uh\304t\307"
 212      8DAC5E7A 
 212      63BF1015 
 212      9C177568 
 212      C474C7
 213 0359 42B1F583 		.ascii	"B\261\365\203}\224\345v(s\333\211\"yb)\271eY\360\257"
 213      7D94E576 
 213      2873DB89 
 213      22796229 
 213      B96559F0 
 214 036e C4D4A3EC 		.ascii	"\304\324\243\354\211`\265~`\321\220*\270\\\3150b2,\026"
 214      8960B57E 
 214      60D1902A 
 214      B85CCD30 
 214      62322C16 
 215 0382 B9012B7B 		.ascii	"\271\001+{\225\370\223N\210\353\020]\304\237-\034k0"
 215      95F8934E 
 215      88EB105D 
 215      C49F2D1C 
 215      6B30
 216 0394 B5D4A06D 		.ascii	"\265\324\240my5\254\203\350\204k<\320[L\320H\233R^\377"
 216      7935AC83 
 216      E8846B3C 
 216      D05B4CD0 
 216      489B525E 
ARM GAS  /tmp/ccaCl8TC.s 			page 16


 217 03a9 E9D99261 		.ascii	"\351\331\222ao\232\305\326G\350J\032=\346EV\257_N\024"
 217      6F9AC5D6 
 217      47E84A1A 
 217      3DE64556 
 217      AF5F4E14 
 218 03bd E9052DFF 		.ascii	"\351\005-\377O\027\353\265\250'\244\007\022\273\227"
 218      4F17EBB5 
 218      A827A407 
 218      12BB97
 219 03cc 1C175B4B 		.ascii	"\034\027[K\035SJ\333\317\254X\215-\034\257k\241Y\226"
 219      1D534ADB 
 219      CFAC588D 
 219      2D1CAF6B 
 219      A15996
 220 03df 2FDE2E1D 		.ascii	"/\336.\035\271o\363\273\207\371+\335MF\274\233\3463"
 220      B96FF3BB 
 220      87F92BDD 
 220      4D46BC9B 
 220      E633
 221 03f1 5D6384CD 		.ascii	"]c\204\315\275\304\251\353e\222\325\317\020\207\217"
 221      BDC4A9EB 
 221      6592D5CF 
 221      10878F
 222 0400 5D717B19 		.ascii	"]q{\031_\335]}\342N\0047\310\035\266\317I\206\355\334"
 222      5FDD5D7D 
 222      E24E0437 
 222      C81DB6CF 
 222      4986EDDC 
 223 0414 639F5549 		.ascii	"c\237UI\370\366\327Z\330\373\270\005\351\267Y\372\367"
 223      F8F6D75A 
 223      D8FBB805 
 223      E9B759FA 
 223      F7
 224 0425 64955424 		.ascii	"d\225T$f\337h\270\231\247{5\373\346\377\312\216)\354"
 224      66DF68B8 
 224      99A77B35 
 224      FBE6FFCA 
 224      8E29EC
 225 0438 CDF2A5A5 		.ascii	"\315\362\245\245|\227\246\214%\307\030\250\223OJ\013"
 225      7C97A68C 
 225      25C718A8 
 225      934F4A0B 
 226 0448 F252C9BA 		.ascii	"\362R\311\2723V\327^W\\f\273\321\321\012\213\350v\377"
 226      3356D75E 
 226      575C66BB 
 226      D1D10A8B 
 226      E876FF
 227 045b 9CDD0977 		.ascii	"\234\335\011w\371\"\276\242\371.\177\234@]\221=\245"
 227      F922BEA2 
 227      F92E7F9C 
 227      405D913D 
 227      A5
 228 046c CFEFDB67 		.ascii	"\317\357\333g\360\311\340\252\216\341[x\220\254c\227"
 228      F0C9E0AA 
 228      8EE15B78 
 228      90AC6397 
 229 047c E207EFEE 		.ascii	"\342\007\357\356\367\245\335\234_}\262\367=\011\337"
ARM GAS  /tmp/ccaCl8TC.s 			page 17


 229      F7A5DD9C 
 229      5F7DB2F7 
 229      3D09DF
 230 048b E38977A9 		.ascii	"\343\211w\251\360.\031?\337\364\364\004A<<VD\3740\342"
 230      F02E193F 
 230      DFF4F404 
 230      413C3C56 
 230      44FC30E2 
 231 049f CB2F9F9E 		.ascii	"\313/\237\236\363\242.\216\2775\231{_\222\037\323\357"
 231      F3A22E8E 
 231      BF35997B 
 231      5F921FD3 
 231      EF
 232 04b0 C9FF41C5 		.ascii	"\311\377A\305\377A\346'\367\307\217{I\3747\031\377\036"
 232      FF41E627 
 232      F7C78F7B 
 232      49FC3719 
 232      FF1E
 233 04c2 F2630B33 		.ascii	"\362c\0133\347\015t\212\363\355OG\207\250\304\017I\265"
 233      E70D748A 
 233      F3ED4F47 
 233      87A8C40F 
 233      49B5
 234 04d4 9ED96BB5 		.ascii	"\236\331k\265\212\317Y\326\340\201\252\301\003\271\301"
 234      8ACF59D6 
 234      E081AAC1 
 234      03B9C1
 235 04e3 CDE9EC87 		.ascii	"\315\351\354\207\024\0334\274\303\032<\304\0069\363"
 235      141B34BC 
 235      C31A3CC4 
 235      0639F3
 236 04f2 31077D82 		.ascii	"1\007}\202J\254q\216\265\3145q\263\015\221o\331\206"
 236      4AAC718E 
 236      B5CC3571 
 236      B30D916F 
 236      D986
 237 0504 1B8151DC 		.ascii	"\033\201Q\334t\367a\204\215G\036\221o\305\222\326\226"
 237      74F76184 
 237      8D471E91 
 237      6FC592D6 
 237      96
 238 0515 CC277ED4 		.ascii	"\314'~\324\3155M\354\033\3176rM\207\224\226\375\250"
 238      CD354DEC 
 238      1BCF3672 
 238      4D879496 
 238      FDA8
 239 0527 92F4A32C 		.ascii	"\222\364\243,\351\306\304\375\235\\\221\023\035\033"
 239      E9C6C4FD 
 239      9D5C9113 
 239      1D1B
 240 0535 4345CD3D 		.ascii	"CE\315=w\036zS\033e\370\241\241\372\006*\341\025\226"
 240      771E7A53 
 240      1B65F8A1 
 240      A1FA062A 
 240      E11596
 241 0548 4DA8F013 		.ascii	"M\250\360\0232\276f\360^/\276c'Z6\211\374\376\326\230"
 241      32BE66F0 
ARM GAS  /tmp/ccaCl8TC.s 			page 18


 241      5E2FBE63 
 241      275A3689 
 241      FCFED698 
 242 055c 273ED4C1 		.ascii	"'>\324\301\371\275\3751Y:\344+-\233V\361\247e\376\334"
 242      F9BDFD31 
 242      593AE42B 
 242      2D9B56F1 
 242      A765FEDC 
 243 0570 01F70091 		.ascii	"\001\367\000\221\370\334\262\307\310?;\350\316\364\243"
 243      F8DCB2C7 
 243      C83F3BE8 
 243      CEF4A3
 244 057f 059C9F7C 		.ascii	"\005\234\237|d\346\242^\342+-\233U5\230\225\033T\024"
 244      64E6A25E 
 244      E22B2D9B 
 244      55359895 
 244      1B5414
 245 0592 A65E3661 		.ascii	"\246^6a\003\264l\016\033\314\015\267Lx+,\033G\313\246"
 245      03B46C0E 
 245      1BCC0DB7 
 245      4C782B2C 
 245      1B47CBA6 
 246 05a6 D0B219B4 		.ascii	"\320\262\031\264\354\011\267\354\344\355\373s\224=,"
 246      EC09B7EC 
 246      E4EDFB73 
 246      943D2C
 247 05b5 04769F75 		.ascii	"\004v\237u\235]\324R'\227x\344y}\261\201KLP:\270\240"
 247      9D5DD452 
 247      279778E4 
 247      797DB181 
 247      4B4C503A 
 248 05cb 52B8202B 		.ascii	"R\270 +L\252I(6r\205\355h\341\"*\254\310\232\350\323"
 248      4CAA4928 
 248      367285ED 
 248      68E1222A 
 248      ACC89AE8 
 249 05e0 D16ECE2F 		.ascii	"\321n\316/=\272P\252\223\370\012\013\237\251\370\317"
 249      3DBA50AA 
 249      93F80A0B 
 249      9FA9F8CF 
 250 05f0 64FEEC3D 		.ascii	"d\376\354=\373m\001\371h\341s\344\037\251\257\272\344"
 250      FB6D01F9 
 250      68E173E4 
 250      1FA9AFBA 
 250      E4
 251 0601 435D9CDF 		.ascii	"C]\234\337\224\323\371\010\2278Ai\341K\025\377\245\314"
 251      94D3F908 
 251      97384169 
 251      E14B15FF 
 251      A5CC
 252 0613 1FB0C5BB 		.ascii	"\037\260\305\273%\375h\241\033\371\271\271\265\231\002"
 252      25FD68A1 
 252      1BF9B9B9 
 252      B59902
 253 0622 9DE2FC49 		.ascii	"\235\342\374I{y%\225\370J\013\367\010\312\006p\006\033"
 253      7B792595 
 253      F84A0BF7 
ARM GAS  /tmp/ccaCl8TC.s 			page 19


 253      08CA0670 
 253      061B
 254 0634 0C9ECA4E 		.ascii	"\014\236\312ND\013\333\321\302\275\002opm\341\351\264"
 254      440BDBD1 
 254      C2BD026F 
 254      706DE1E9 
 254      B4
 255 0645 5661E153 		.ascii	"Va\341S\264\360\005Zh\025\270\2051\002\2630!\377\334"
 255      B4F0055A 
 255      6815B885 
 255      3102B330 
 255      21FFDC
 256 0658 AC1FB390 		.ascii	"\254\037\263\220\212\323\273\267GoxQ7\227x\357\311\023"
 256      8AD3BBB7 
 256      476F7851 
 256      379778EF 
 256      C913
 257 066a 5C8154A5 		.ascii	"\\\201T\245\203\261*\201\261\262\300\330\356\364J\334"
 257      83B12A81 
 257      B1B2C0D8 
 257      EEF44ADC 
 258 067a C45DE8E0 		.ascii	"\304]\350\340\001\024x77\241T\2406-\303\347\227\017"
 258      01147837 
 258      37A154A0 
 258      362DC3E7 
 258      970F
 259 068c 5DD1497C 		.ascii	"]\321I|\205\203\007U\374\2032\377\332\241\3304|\256"
 259      85830755 
 259      FC8332FF 
 259      DAA1D834 
 259      7CAE
 260 069e 75A183F1 		.ascii	"u\241\203\361\310/p\345\246\371R\007\347\333*\367\255"
 260      C82F70E5 
 260      A6F95207 
 260      E7DB2AF7 
 260      AD
 261 06af 43BCD2C0 		.ascii	"C\274\322\300\303*\374a\031\337\234\231\330#\343\271"
 261      C32AFC61 
 261      19DF9C99 
 261      D823E3B9 
 262 06bf 814710BF 		.ascii	"\201G\020\277\357\271\353.\245\005\034?ZqcD\220\370"
 262      EFB9EB2E 
 262      A5051C3F 
 262      5A716344 
 262      90F8
 263 06d1 4A031355 		.ascii	"J\003\023U\015\022\345\006\363\243/.xc\00340\011\033"
 263      0D12E506 
 263      F3A32F2E 
 263      78630334 
 263      30091B
 264 06e4 9CE96D68 		.ascii	"\234\351mhT\032\030'p\003\017\011\334\300\0044\360("
 264      541A1827 
 264      70030F09 
 264      DCC00434 
 264      F028
 265 06f6 3750FA1D 		.ascii	"7P\372\035d\342\277\203\232\253\2374\013\324\311%\266"
 265      64E2BF83 
ARM GAS  /tmp/ccaCl8TC.s 			page 20


 265      9AAB9F34 
 265      0BD4C925 
 265      B6
 266 0707 B5F6A5AF 		.ascii	"\265\366\245\257\340\022O)\035LV)L\226\025\0264\215"
 266      E0124F29 
 266      1D4C5629 
 266      4C961516 
 266      348D
 267 0719 BB745CE1 		.ascii	"\273t\\\341\035t\3608*\314*l\256\025h7\347;S^\264\371"
 267      1D74F038 
 267      2ACC2A6C 
 267      AE156837 
 267      E73B535E 
 268 072f 4A7C8583 		.ascii	"J|\205\203'T\374\0232\277\243\2527E\217|t\320\216\374"
 268      2754FC13 
 268      32BFA3AA 
 268      37458F7C 
 268      74D08EFC 
 269 0743 ECE1F82A 		.ascii	"\354\341\370*-uq\376\324\236\231\313\370\0149\245\264"
 269      2D7571FE 
 269      D49E99CB 
 269      F80C39A5 
 269      B4
 270 0754 F0A48A7F 		.ascii	"\360\244\212\177R\346\327\244\367H+|\007-LC\376y[F\336"
 270      52E6D7A4 
 270      F7482B7C 
 270      072D4C43 
 270      FE795B46 
 271 0769 0A3AC5F9 		.ascii	"\012:\305\371gs*\216\021\211\257\264\360\264\252\301"
 271      67732A8E 
 271      1189AFB4 
 271      F0B4AAC1 
 272 0779 69B9C1C8 		.ascii	"i\271\301\310b\331u_l\200\026\246c\203\314#\256\223"
 272      62D9755F 
 272      6C8016A6 
 272      6383CC23 
 272      AE93
 273 078b 82C2C214 		.ascii	"\202\302\302\024\2640\025-<\205\026fp\013\307{\322*"
 273      B430152D 
 273      3C851666 
 273      700BC77B 
 273      D22A
 274 079d 8CCC429D 		.ascii	"\214\314B\2358=d\037\273\263\202\272\271\304\361\274"
 274      383D641F 
 274      BBB382BA 
 274      B9C4F1BC 
 275 07ad 863E2F2E 		.ascii	"\206>/.1Ci\341Y\225\302\263\262\302:[~+~w\351G\0133"
 275      314369E1 
 275      5995C2B3 
 275      B2C23A5B 
 275      7E2B7E77 
 276 07c5 51E1EC40 		.ascii	"Q\341\354@\361\230\216\332t\214_"
 276      F1988EDA 
 276      748C5F
 277 07d0 7C36758A 		.ascii	"|6u\212J|\205\205Y*~\326\322&n?\226\205\026\366\243"
 277      4A7C8585 
 277      592A7ED6 
ARM GAS  /tmp/ccaCl8TC.s 			page 21


 277      D2266E3F 
 277      968516F6 
 278 07e5 85DF21FF 		.ascii	"\205\337!\377\247\347\203\007\341\223\220\363\307/v"
 278      A7E78307 
 278      E19390F3 
 278      C72F76
 279 07f4 4CA38519 		.ascii	"L\243\205\031J\013\263U\374l\231_<\222\266h\222\370"
 279      4A0BB355 
 279      FC6C995F 
 279      3C92B668 
 279      92F8
 280 0806 DCC20BC8 		.ascii	"\334\302\013\310\037\357\370\341\250\017-\340|\307|"
 280      1FEFF8E1 
 280      A80F2DE0 
 280      7CC77C
 281 0815 FA3141E2 		.ascii	"\3721A\342+-\314Q5\310\221\033\264\015\035\274\205\037"
 281      2B2DCC51 
 281      35C8911B 
 281      B40D1DBC 
 281      851F
 282 0827 E5FD6861 		.ascii	"\345\375ha.6\250\254n\231\327),<\207\026\236G\013/\242"
 282      2E36A8AC 
 282      6E99D729 
 282      2C3C8716 
 282      9E470B2F 
 283 083c 8579DC42 		.ascii	"\205y\334B\333\376+WL\314B\2758\355<\3313\353K\235\\"
 283      DBFE2B57 
 283      4CCC42BD 
 283      38ED3CD9 
 283      33EB4B9D 
 284 0851 62E2F138 		.ascii	"b\342\3618\2337\227xQia\241Ja\241\254\320\331\331Z\216"
 284      9B379778 
 284      516961A1 
 284      4A61A1AC 
 284      D0D9D95A 
 285 0866 0A07D1C2 		.ascii	"\012\007\321\302\"T\270\367\2163\006>\0119\377L~\365"
 285      2254B8F7 
 285      8E33063E 
 285      0939FF4C 
 285      7EF5
 286 0878 7E5F89AF 		.ascii	"~_\211\257\260\360\222\212\177I\346Ogt&\343sz\020-,"
 286      B0F0928A 
 286      7F49E64F 
 286      677426E3 
 286      737A102D 
 287 088d 41FEB94B 		.ascii	"A\376\271Kimz\352\342\374\207\3459\177A\274\322\301"
 287      696D7AEA 
 287      E2FC87E5 
 287      397F41BC 
 287      D2C1
 288 089f 3215BE4C 		.ascii	"2\025\276L\306_\351\254k\226\361\334\301\313\210\237"
 288      C65FE9AC 
 288      6B96F1DC 
 288      C1CB889F 
 289 08af EABAFEC2 		.ascii	"\352\272\376\302\213Nq\374\275\330\322\016A\342+\035"
 289      8B4E71FC 
 289      BDD8D20E 
ARM GAS  /tmp/ccaCl8TC.s 			page 22


 289      41E22B1D 
 290 08bf 2C573528 		.ascii	",W5(\227\033tM>O\302->\210\016V`\003\373l\367K\223\302"
 290      971B744D 
 290      3E4FC22D 
 290      3E880E56 
 290      6003FB6C 
 291 08d7 C16274B0 		.ascii	"\301bt\260\024\035\274\202\016Vr\007\245\0376&\376\303"
 291      141DBC82 
 291      0E567207 
 291      A51F3626 
 291      FEC3
 292 08e9 26DB7E3B 		.ascii	"&\333~;_\240n.1\247\373F\005~\033\315S:X\243RX#+\034"
 292      5FA06E2E 
 292      31A7FB46 
 292      057E1BCD 
 292      533A58A3 
 293 0902 AFCA1A47 		.ascii	"\257\312\032G\205\243\350\240\023\025\306_\353\250\204"
 293      85A3E8A0 
 293      1315C65F 
 293      EBA884
 294 0911 AFA37AC6 		.ascii	"\257\243z\306\277\2234{\331$\361\025\016\326\251\370"
 294      BF93347B 
 294      D924F115 
 294      0ED6A9F8 
 295 0921 75327F6E 		.ascii	"u2\177n2\247\014w\310(:X/\335\344\271\343\007(up~Iu"
 295      32A70C77 
 295      C8283A58 
 295      2FDDE4B9 
 295      E3072875 
 296 0939 5DAD16F9 		.ascii	"]\255\026\371J\013\033U\374F\231\177\353Z\361-\275\304"
 296      4A0B1B55 
 296      FC46997F 
 296      EB5AF12D 
 296      BDC4
 297 094b E7163621 		.ascii	"\347\0266!\337\341\254n0\322\002\316\037k\030K\322K"
 297      DFE1AC6E 
 297      30D202CE 
 297      1F6B184B 
 297      D24B
 298 095d 7CA5852D 		.ascii	"|\245\205-\252\006-r\203\027\013\003N\351\015\240\205"
 298      AA062D72 
 298      83170B03 
 298      4EE90DA0 
 298      85
 299 096e ADD8E0B1 		.ascii	"\255\330\340\261\375\304\250\227\302\302Z\264\260\001"
 299      FDC4A897 
 299      C2C25AB4 
 299      B001
 300 097c 2D6C460B 		.ascii	"-lF\013\333\270\205\255\005E\315\334\365ZB\372\311*"
 300      DBB885AD 
 300      0545CDDC 
 300      F55A42FA 
 300      C92A
 301 098e F87D4E46 		.ascii	"\370}NFI\020\371\365\032\362\023\014\363 `\237\020D"
 301      4910F9F5 
 301      1AF2130C 
 301      F320609F 
ARM GAS  /tmp/ccaCl8TC.s 			page 23


 301      1044
 302 09a0 F60B6B88 		.ascii	"\366\013k\210\015\306c0:`<\003c>\214\0050V\301X\015"
 302      0DC66330 
 302      3A603C03 
 302      633E8C05 
 302      3056C158 
 303 09b5 63BB1024 		.ascii	"c\273\020$\022\343R\343b\305\275y\335\341\252j\370\324"
 303      12E352E3 
 303      62C5BD79 
 303      DDE1AA6A 
 303      F8D4
 304 09c7 2AAD9BC8 		.ascii	"*\255\233\310\036\300\357\200K\277G\007\304\357\200"
 304      1EC0EF80 
 304      4BBF4707 
 304      C4EF80
 305 09d6 A4032A49 		.ascii	"\244\003*I\247\260\016\252/u\3245\350=\376\366r\363"
 305      A7B00EAA 
 305      2F75D435 
 305      E83DFEF6 
 305      72F3
 306 09e8 95BF2168 		.ascii	"\225\277!hH\227\300\376\366\"\216\342\207\321\304\243"
 306      4897C0FE 
 306      F6228EE2 
 306      87D1C4A3 
 307 09f8 3AAD47B6 		.ascii	":\255G\266\330f)\373*f_e\331\303\203{\323\004);\356"
 307      D86629FB 
 307      2A665F65 
 307      D9C3837B 
 307      D304293B 
 308 0a0d B57FD721 		.ascii	"\265\177\327!\327\240j\205\331\034\022\031\025j\016"
 308      D7A06A85 
 308      D91C1219 
 308      156A0E
 309 0a1c 8B08B3E8 		.ascii	"\213\010\263\350?\374\344\357k\267k\264_\205\006\377"
 309      3FFCE4EF 
 309      6BB76BB4 
 309      5F8506FF 
 310 0a2c 3B70E3C6 		.ascii	";p\343\306\000\370\027\031\035\020\022\271kWdD\300\227"
 310      00F81719 
 310      1D1012B9 
 310      6B576444 
 310      C097
 311 0a3e 915196E8 		.ascii	"\221Q\226\350\200?\374m\307\366\035_\213\347\276\014"
 311      803FFC6D 
 311      C7F61D5F 
 311      8BE7BE0C 
 312 0a4e 0B0F8D8A 		.ascii	"\013\017\215\212\016\370p\373\366\200\220(\313\246\215"
 312      0EF870FB 
 312      F6809028 
 312      CBA68D
 313 0a5d 211AA3D9 		.ascii	"!\032\243\331\034\032\034\025\376\015c\0017<\330\302"
 313      1C1A1C15 
 313      FE0D6301 
 313      373CD8C2 
 314 0a6d B926B379 		.ascii	"\271&\263yg\350\347\301\273\303-\346\320\257\303,\336"
 314      67E8E7C1 
 314      BBC32DE6 
ARM GAS  /tmp/ccaCl8TC.s 			page 24


 314      D0AFC32C 
 314      DE
 315 0a7e 11D0D0B2 		.ascii	"\021\320\320\262;*b\245\231]6G\005\3572\007G\205\006"
 315      3B2A62A5 
 315      995D3647 
 315      05EF3207 
 315      478506
 316 0a91 477BEF0E 		.ascii	"G{\357\016\213\260l\0164[\014f\263t\370\233\200\335"
 316      8BB06C0E 
 316      345B0C66 
 316      B374F89B 
 316      80DD
 317 0aa3 D1510161 		.ascii	"\321Q\001a\021!\341\273w\206\006D\204~\025\036\366\257"
 317      1121E1BB 
 317      77860644 
 317      847E151E 
 317      F6AF
 318 0ab5 805DC121 		.ascii	"\200]\301!_\204E\204\006\310\\\3137_\206Fo\374B\343"
 318      5F844584 
 318      06C85CCB 
 318      375F8646 
 318      6FFC42E3 
 319 0ac9 BF5C76F4 		.ascii	"\277\\v\3647\321\001\346h\313N B\212\211\365\264\204"
 319      37D101E6 
 319      68CB4E20 
 319      428A89F5 
 319      B484
 320 0adb 7E6D614D 		.ascii	"~maM}\330T<2\204\204\203~vh\214\2104\313\347\375D}\362"
 320      7DD8543C 
 320      32848483 
 320      7E76688C 
 320      8834CBE7 
 321 0af3 CC6CF191 		.ascii	"\314l\361\221\365\2562\213\332\177k^\"\232}_=e6\341"
 321      F5AE328B 
 321      DA7F6B5E 
 321      229A7D5F 
 321      3D6536E1 
 322 0b07 8C93CD7E 		.ascii	"\214\223\315~8\215\210\344\227y\375&u\375&\217\372M"
 322      388D88E4 
 322      9779FD26 
 322      75FD268F 
 322      FA4D
 323 0b19 9EF59B14 		.ascii	"\236\365\233\024\365\201\352\372@\217\372@\317\372@"
 323      F581EAFA 
 323      408FFA40 
 323      CFFA40
 324 0b28 45FD6675 		.ascii	"E\375fu\375f\217\372\315\236\365\233\025\365[\324\365"
 324      FD668FFA 
 324      CD9EF59B 
 324      15F55BD4 
 324      F5
 325 0b39 5B3CEAB7 		.ascii	"[<\352\267x\326oQ\324oU\327o\365\250\337\352Y\277UQ"
 325      78D66F51 
 325      D46F55D7 
 325      6FF5A8DF 
 325      EA59BF55 
 326 0b4e 1FA4AE0F 		.ascii	"\037\244\256\017\362\250\017\362\254\017R\324oS\327"
ARM GAS  /tmp/ccaCl8TC.s 			page 25


 326      F2A80FF2 
 326      AC0F52D4 
 326      6F53D7
 327 0b5d 6FF3A8DF 		.ascii	"o\363\250\337\346Y\277M\256\377/\247\002\210\242"
 327      E659BF4D 
 327      AEFF2FA7 
 327      0288A2
 328              		.text
 329              		.section	.gnu.lto_.symtab.9a24702d0b50165d,"",%progbits
 330 0000 5F5F636F 		.ascii	"__core_init\000\000\001\000\000\000\000\000\000\000"
 330      72655F69 
 330      6E697400 
 330      00010000 
 330      00000000 
 331 0015 0000AE00 		.ascii	"\000\000\256\000\000\000__early_init\000\000\001\000"
 331      00005F5F 
 331      6561726C 
 331      795F696E 
 331      69740000 
 332 002b 00000000 		.ascii	"\000\000\000\000\000\000\000\000\261\000\000\000__l"
 332      00000000 
 332      B1000000 
 332      5F5F6C
 333 003a 6174655F 		.ascii	"ate_init\000\000\001\000\000\000\000\000\000\000\000"
 333      696E6974 
 333      00000100 
 333      00000000 
 333      000000
 334 004d 00B40000 		.ascii	"\000\264\000\000\000__default_exit\000\000\001\000\000"
 334      005F5F64 
 334      65666175 
 334      6C745F65 
 334      78697400 
 335 0065 00000000 		.ascii	"\000\000\000\000\000\000\000\271\000\000\000__init_"
 335      000000B9 
 335      0000005F 
 335      5F696E69 
 335      745F
 336 0077 72616D5F 		.ascii	"ram_areas\000\000\000\000\000\000\000\000\000\000\000"
 336      61726561 
 336      73000000 
 336      00000000 
 336      00000000 
 337 008b 00BB0000 		.ascii	"\000\273\000\000\000__ram0_init_text__\000\000\002\000"
 337      005F5F72 
 337      616D305F 
 337      696E6974 
 337      5F746578 
 338 00a6 00000000 		.ascii	"\000\000\000\000\000\000\000\000\336\000\000\000__r"
 338      00000000 
 338      DE000000 
 338      5F5F72
 339 00b5 616D305F 		.ascii	"am0_init__\000\000\002\000\000\000\000\000\000\000\000"
 339      696E6974 
 339      5F5F0000 
 339      02000000 
 339      00000000 
ARM GAS  /tmp/ccaCl8TC.s 			page 26


 340 00ca 00E10000 		.ascii	"\000\341\000\000\000__ram0_clear__\000\000\002\000\000"
 340      005F5F72 
 340      616D305F 
 340      636C6561 
 340      725F5F00 
 341 00e2 00000000 		.ascii	"\000\000\000\000\000\000\000\344\000\000\000__ram0_"
 341      000000E4 
 341      0000005F 
 341      5F72616D 
 341      305F
 342 00f4 6E6F696E 		.ascii	"noinit__\000\000\002\000\000\000\000\000\000\000\000"
 342      69745F5F 
 342      00000200 
 342      00000000 
 342      000000
 343 0107 00E70000 		.ascii	"\000\347\000\000\000__ram1_init_text__\000\000\002\000"
 343      005F5F72 
 343      616D315F 
 343      696E6974 
 343      5F746578 
 344 0122 00000000 		.ascii	"\000\000\000\000\000\000\000\000\353\000\000\000__r"
 344      00000000 
 344      EB000000 
 344      5F5F72
 345 0131 616D315F 		.ascii	"am1_init__\000\000\002\000\000\000\000\000\000\000\000"
 345      696E6974 
 345      5F5F0000 
 345      02000000 
 345      00000000 
 346 0146 00EE0000 		.ascii	"\000\356\000\000\000__ram1_clear__\000\000\002\000\000"
 346      005F5F72 
 346      616D315F 
 346      636C6561 
 346      725F5F00 
 347 015e 00000000 		.ascii	"\000\000\000\000\000\000\000\361\000\000\000__ram1_"
 347      000000F1 
 347      0000005F 
 347      5F72616D 
 347      315F
 348 0170 6E6F696E 		.ascii	"noinit__\000\000\002\000\000\000\000\000\000\000\000"
 348      69745F5F 
 348      00000200 
 348      00000000 
 348      000000
 349 0183 00F40000 		.ascii	"\000\364\000\000\000__ram2_init_text__\000\000\002\000"
 349      005F5F72 
 349      616D325F 
 349      696E6974 
 349      5F746578 
 350 019e 00000000 		.ascii	"\000\000\000\000\000\000\000\000\371\000\000\000__r"
 350      00000000 
 350      F9000000 
 350      5F5F72
 351 01ad 616D325F 		.ascii	"am2_init__\000\000\002\000\000\000\000\000\000\000\000"
 351      696E6974 
 351      5F5F0000 
 351      02000000 
ARM GAS  /tmp/ccaCl8TC.s 			page 27


 351      00000000 
 352 01c2 00FC0000 		.ascii	"\000\374\000\000\000__ram2_clear__\000\000\002\000\000"
 352      005F5F72 
 352      616D325F 
 352      636C6561 
 352      725F5F00 
 353 01da 00000000 		.ascii	"\000\000\000\000\000\000\000\377\000\000\000__ram2_"
 353      000000FF 
 353      0000005F 
 353      5F72616D 
 353      325F
 354 01ec 6E6F696E 		.ascii	"noinit__\000\000\002\000\000\000\000\000\000\000\000"
 354      69745F5F 
 354      00000200 
 354      00000000 
 354      000000
 355 01ff 00020100 		.ascii	"\000\002\001\000\000__ram3_init_text__\000\000\002\000"
 355      005F5F72 
 355      616D335F 
 355      696E6974 
 355      5F746578 
 356 021a 00000000 		.ascii	"\000\000\000\000\000\000\000\000\007\001\000\000__r"
 356      00000000 
 356      07010000 
 356      5F5F72
 357 0229 616D335F 		.ascii	"am3_init__\000\000\002\000\000\000\000\000\000\000\000"
 357      696E6974 
 357      5F5F0000 
 357      02000000 
 357      00000000 
 358 023e 000A0100 		.ascii	"\000\012\001\000\000__ram3_clear__\000\000\002\000\000"
 358      005F5F72 
 358      616D335F 
 358      636C6561 
 358      725F5F00 
 359 0256 00000000 		.ascii	"\000\000\000\000\000\000\000\015\001\000\000__ram3_"
 359      0000000D 
 359      0100005F 
 359      5F72616D 
 359      335F
 360 0268 6E6F696E 		.ascii	"noinit__\000\000\002\000\000\000\000\000\000\000\000"
 360      69745F5F 
 360      00000200 
 360      00000000 
 360      000000
 361 027b 00100100 		.ascii	"\000\020\001\000\000__ram4_init_text__\000\000\002\000"
 361      005F5F72 
 361      616D345F 
 361      696E6974 
 361      5F746578 
 362 0296 00000000 		.ascii	"\000\000\000\000\000\000\000\000\025\001\000\000__r"
 362      00000000 
 362      15010000 
 362      5F5F72
 363 02a5 616D345F 		.ascii	"am4_init__\000\000\002\000\000\000\000\000\000\000\000"
 363      696E6974 
 363      5F5F0000 
ARM GAS  /tmp/ccaCl8TC.s 			page 28


 363      02000000 
 363      00000000 
 364 02ba 00180100 		.ascii	"\000\030\001\000\000__ram4_clear__\000\000\002\000\000"
 364      005F5F72 
 364      616D345F 
 364      636C6561 
 364      725F5F00 
 365 02d2 00000000 		.ascii	"\000\000\000\000\000\000\000\033\001\000\000__ram4_"
 365      0000001B 
 365      0100005F 
 365      5F72616D 
 365      345F
 366 02e4 6E6F696E 		.ascii	"noinit__\000\000\002\000\000\000\000\000\000\000\000"
 366      69745F5F 
 366      00000200 
 366      00000000 
 366      000000
 367 02f7 001E0100 		.ascii	"\000\036\001\000\000__ram5_init_text__\000\000\002\000"
 367      005F5F72 
 367      616D355F 
 367      696E6974 
 367      5F746578 
 368 0312 00000000 		.ascii	"\000\000\000\000\000\000\000\000#\001\000\000__ram5"
 368      00000000 
 368      23010000 
 368      5F5F7261 
 368      6D35
 369 0324 5F696E69 		.ascii	"_init__\000\000\002\000\000\000\000\000\000\000\000"
 369      745F5F00 
 369      00020000 
 369      00000000 
 369      0000
 370 0336 00260100 		.ascii	"\000&\001\000\000__ram5_clear__\000\000\002\000\000"
 370      005F5F72 
 370      616D355F 
 370      636C6561 
 370      725F5F00 
 371 034e 00000000 		.ascii	"\000\000\000\000\000\000\000)\001\000\000__ram5_noi"
 371      00000029 
 371      0100005F 
 371      5F72616D 
 371      355F6E6F 
 372 0363 6E69745F 		.ascii	"nit__\000\000\002\000\000\000\000\000\000\000\000\000"
 372      5F000002 
 372      00000000 
 372      00000000 
 372      00
 373 0374 2C010000 		.ascii	",\001\000\000__ram6_init_text__\000\000\002\000\000"
 373      5F5F7261 
 373      6D365F69 
 373      6E69745F 
 373      74657874 
 374 038f 00000000 		.ascii	"\000\000\000\000\000\000\0001\001\000\000__ram6_ini"
 374      00000031 
 374      0100005F 
 374      5F72616D 
 374      365F696E 
ARM GAS  /tmp/ccaCl8TC.s 			page 29


 375 03a4 745F5F00 		.ascii	"t__\000\000\002\000\000\000\000\000\000\000\000\000"
 375      00020000 
 375      00000000 
 375      000000
 376 03b3 34010000 		.ascii	"4\001\000\000__ram6_clear__\000\000\002\000\000\000"
 376      5F5F7261 
 376      6D365F63 
 376      6C656172 
 376      5F5F0000 
 377 03cb 00000000 		.ascii	"\000\000\000\000\000\0007\001\000\000__ram6_noinit_"
 377      00003701 
 377      00005F5F 
 377      72616D36 
 377      5F6E6F69 
 378 03e3 5F000002 		.ascii	"_\000\000\002\000\000\000\000\000\000\000\000\000:\001"
 378      00000000 
 378      00000000 
 378      003A01
 379 03f2 00005F5F 		.ascii	"\000\000__ra"
 379      7261
 380 03f8 6D375F69 		.ascii	"m7_init_text__\000\000\002\000\000\000\000\000\000\000"
 380      6E69745F 
 380      74657874 
 380      5F5F0000 
 380      02000000 
 381 0410 00003F01 		.ascii	"\000\000?\001\000\000__ram7_init__\000\000\002\000\000"
 381      00005F5F 
 381      72616D37 
 381      5F696E69 
 381      745F5F00 
 382 0428 00000000 		.ascii	"\000\000\000\000\000\000\000B\001\000\000__ram7_cle"
 382      00000042 
 382      0100005F 
 382      5F72616D 
 382      375F636C 
 383 043d 61725F5F 		.ascii	"ar__\000\000\002\000\000\000\000\000\000\000\000\000"
 383      00000200 
 383      00000000 
 383      00000000 
 384 044d 45010000 		.ascii	"E\001\000\000__ram7_noinit__\000\000\002\000\000\000"
 384      5F5F7261 
 384      6D375F6E 
 384      6F696E69 
 384      745F5F00 
 385 0466 00000000 		.ascii	"\000\000\000\000\000\000H\001\000\000"
 385      00004801 
 385      0000
 386              		.text
 387              		.section	.gnu.lto_.opts,"",%progbits
 388 0000 272D666E 		.ascii	"'-fno-trapv' '-mcpu=cortex-m3' '-mno-thumb-interwor"
 388      6F2D7472 
 388      61707627 
 388      20272D6D 
 388      6370753D 
 389 0033 6B272027 		.ascii	"k' '-mthumb' '-ggdb' '-O2' '-fomit-frame-pointer' '"
 389      2D6D7468 
 389      756D6227 
ARM GAS  /tmp/ccaCl8TC.s 			page 30


 389      20272D67 
 389      67646227 
 390 0066 2D66616C 		.ascii	"-falign-functions=16' '-ffunction-sections' '-fdata"
 390      69676E2D 
 390      66756E63 
 390      74696F6E 
 390      733D3136 
 391 0099 2D736563 		.ascii	"-sections' '-fno-common' '-flto'\000"
 391      74696F6E 
 391      73272027 
 391      2D666E6F 
 391      2D636F6D 
 392              		.text
 393              		.comm	__gnu_lto_v1,1,1
 394              		.comm	__gnu_lto_slim,1,1
 395              		.ident	"GCC: (15:4.9.3+svn231177-1) 4.9.3 20150529 (prerelease)"
ARM GAS  /tmp/ccaCl8TC.s 			page 31


DEFINED SYMBOLS
                            *ABS*:0000000000000000 crt1.c
                            *COM*:0000000000000001 __gnu_lto_v1
                            *COM*:0000000000000001 __gnu_lto_slim

NO UNDEFINED SYMBOLS
