ARM GAS  /tmp/ccMdt3fz.s 			page 1


   1              		.syntax unified
   2              		.cpu cortex-m3
   3              		.fpu softvfp
   4              		.eabi_attribute 20, 1
   5              		.eabi_attribute 21, 1
   6              		.eabi_attribute 23, 3
   7              		.eabi_attribute 24, 1
   8              		.eabi_attribute 25, 1
   9              		.eabi_attribute 26, 1
  10              		.eabi_attribute 30, 2
  11              		.eabi_attribute 34, 1
  12              		.eabi_attribute 18, 4
  13              		.thumb
  14              		.file	"hal.c"
  15              		.text
  16              	.Ltext0:
  17              		.section	.gnu.lto_.profile.2e7b6bea9cc4ce9c,"",%progbits
  18 0000 789C6366 		.ascii	"x\234cf```a\200\000F\006ON\000\001\017\000["
  18      60606061 
  18      80004606 
  18      4F4E0001 
  18      0F005B
  19              		.text
  20              		.section	.gnu.lto_.jmpfuncs.2e7b6bea9cc4ce9c,"",%progbits
  21 0000 789C6366 		.ascii	"x\234cf\300\0164\2404#L\200\221\351#\023\343\264\376"
  21      C00E34A0 
  21      34234C80 
  21      91E92313 
  21      E3B4FE
  22 0013 2B3B986B 		.ascii	"+;\230k\1777\314h\340\370\311\304\360\227\011$\276\234"
  22      7F37CC68 
  22      E0F8C9C4 
  22      F0970924 
  22      BE9C
  23 0025 B1164801 		.ascii	"\261\026H\001\000\302<\012\020"
  23      00C23C0A 
  23      10
  24              		.text
  25              		.section	.gnu.lto_.inline.2e7b6bea9cc4ce9c,"",%progbits
  26 0000 789C6366 		.ascii	"x\234cf\300\016,\2414#\003\003\367I \311\004d\263-\220"
  26      C00E2CA1 
  26      34230303 
  26      F74920C9 
  26      0464B32D 
  27 0015 67028B71 		.ascii	"g\002\213q\341 \230\270A\032\300L\006\000e\035\002,"
  27      E12098B8 
  27      411AC04C 
  27      0600651D 
  27      022C
  28              		.text
  29              		.section	.gnu.lto_.pureconst.2e7b6bea9cc4ce9c,"",%progbits
  30 0000 789C6366 		.ascii	"x\234cf```f\200\000F\006\011\000\000x\000 "
  30      60606066 
  30      80004606 
  30      09000078 
  30      0020
  31              		.text
ARM GAS  /tmp/ccMdt3fz.s 			page 2


  32              		.section	.gnu.lto_halInit.2e7b6bea9cc4ce9c,"",%progbits
  33 0000 789C75D1 		.ascii	"x\234u\321\317J\002Q\024\006\360\363\235\321\321\222"
  33      CF4A0251 
  33      1406F0F3 
  33      9DD1D192 
  34 0010 20DA54BE 		.ascii	" \332T\276\200;}\217V\275B\270i\021\004\271\036\234"
  34      803B7D8F 
  34      56BD42B8 
  34      691104B9 
  34      1E9C
  35 0022 4917AD52 		.ascii	"I\027\255RBD\212j\021\221fi\177 \334\004\367\011\222"
  35      42448A6A 
  35      11916669 
  35      7F20DC04 
  35      F70992
  36 0035 306A23B5 		.ascii	"0j#\265\231\240\240E\342j(\261s\307\010!g\230\341\316"
  36      99A0A045 
  36      E26A28B1 
  36      73C70821 
  36      6798E1CE 
  37 0049 DCEF77CF 		.ascii	"\334\357w\317=\3145\350\377\025\227\347\033D\2132\302"
  37      3DCC35E8 
  37      FF1597E7 
  37      1B448B32 
  37      C2
  38 005a 2070F18E 		.ascii	" p\361\216\310\2112\240_\010\224ed\361\316=FQ\325+\261"
  38      C88932A0 
  38      5F089465 
  38      64F1CE3D 
  38      4651D52B 
  39 006f C4B16DDB 		.ascii	"\304\261m\333\237\233mgY\301c\242>\217\352\340\004\011"
  39      9F9B6D67 
  39      59C163A2 
  39      3E8FEAE0 
  39      0409
  40 0081 12D4CB0F 		.ascii	"\022\324\313\017\236bf^\320\354(C\025\246\324\247\346"
  40      9E62665E 
  40      D0EC2843 
  40      15A6D4A7 
  40      E6
  41 0092 9CB287C3 		.ascii	"\234\262\207\303\243\362G'4E\344J\2447xe\326\243\321"
  41      A3F24727 
  41      3445E44A 
  41      A4377865 
  41      D6A3D1
  42 00a5 454E0D66 		.ascii	"EN\015f\264\325E\016:\333\015\266\276\354-;\3521\372"
  42      B4D5450E 
  42      3ADB0DB6 
  42      BEEC2D3B 
  42      EA31FA
  43 00b8 2CEB5183 		.ascii	",\353Q\203E\236\350.\362j\307\234(\215\276\344\204S"
  43      459EE82E 
  43      F26AC79C 
  43      288DBEE4 
  43      8453
  44 00ca 9112950B 		.ascii	"\221\022\225\013\017-C\242\212\216B\003\335\213\314"
  44      0F2D43A2 
ARM GAS  /tmp/ccMdt3fz.s 			page 3


  44      8A8E4203 
  44      DD8BCC
  45 00d9 BEB8EDFB 		.ascii	"\276\270\355\373\350\033\313\214\377Y+\224Z\330\307"
  45      E81BCB8C 
  45      FF592B94 
  45      5AD8C7
  46 00e8 9E53D42A 		.ascii	"\236S\324*\214:,\234!\356g\207n\265\022\223\002\013"
  46      8C3A2C9C 
  46      21EE6787 
  46      6EB51293 
  46      020B
  47 00fa 82712ECA 		.ascii	"\202q.\312\337\024\015X\036\233\244;~\234\334\207tl"
  47      DF140D58 
  47      1E9BA43B 
  47      7E9CDC87 
  47      746C
  48 010c 481FCDBF 		.ascii	"H\037\315\277\216s\252\024\011\222\322\007.\306\344"
  48      8E73AA14 
  48      0992D207 
  48      2EC6E4
  49 011b 4DA00C8B 		.ascii	"M\240\014\213\274\034\223\273\323A\322\024y5&[\2012"
  49      BC1C93BB 
  49      D341D214 
  49      7935265B 
  49      8132
  50 012d 22F2FA57 		.ascii	"\"\362\372W>\303Q\267K\276$}B\320'#\277m>\231L\311\275"
  50      3EC351B7 
  50      4BBE247D 
  50      42D02723 
  50      BF6D3E99 
  51 0144 9E49ADAE 		.ascii	"\236I\255\256\254\2452\033i=&\323\364\003\035\346\272"
  51      ACA5321B 
  51      693D26D3 
  51      F4031DE6 
  51      BA
  52 0155 37       		.ascii	"7"
  53              		.text
  54              		.section	.gnu.lto_.symbol_nodes.2e7b6bea9cc4ce9c,"",%progbits
  55 0000 789C4DC8 		.ascii	"x\234M\310\273\015\302@\024D\321;\273\376lH\307\343"
  55      BB0DC240 
  55      1444D13B 
  55      BBFE6C48 
  55      C7E3
  56 0012 8002A800 		.ascii	"\200\002\250\000\021\270\022\344\230\210?\004 \271\016"
  56      11B812E4 
  56      98883F04 
  56      20B90E
  57 0021 042C046F 		.ascii	"\004,\004o\222\243;\031\330\362_\332\313\260\332\201"
  57      92A33B19 
  57      D8F25FDA 
  57      CBB0DA81 
  58 0031 CD7A5368 		.ascii	"\315zShObat\227\365\373\031\206\202nr\212}\225s\354"
  58      4F626174 
  58      97F5FB19 
  58      86826E72 
  58      8A7D9573 
  59 0046 8BDCC43E 		.ascii	"\213\334\304>\313m\354\243\334\305>\310}\350La|\274"
ARM GAS  /tmp/ccMdt3fz.s 			page 4


  59      CB6DECA3 
  59      DCC53EC8 
  59      7DE84C61 
  59      7CBC
  60 0058 94E999AA 		.ascii	"\224\351\231\252\035s\265e\371\374\3320V3S51\177\344"
  60      1D73B565 
  60      F9FCDA30 
  60      56335335 
  60      317FE4
  61 006b 0D77F537 		.ascii	"\015w\3657n"
  61      6E
  62              		.text
  63              		.section	.gnu.lto_.refs.2e7b6bea9cc4ce9c,"",%progbits
  64 0000 789C6366 		.ascii	"x\234cf```c\200\000F\006&F&\006\000\000\261\000\020"
  64      60606063 
  64      80004606 
  64      26462606 
  64      0000B100 
  65              		.text
  66              		.section	.gnu.lto_.decls.2e7b6bea9cc4ce9c,"",%progbits
  67 0000 789C8D55 		.ascii	"x\234\215UmLSW\030\276\247\247\364K\024#\211\032f\224"
  67      6D4C5357 
  67      18BEA7A7 
  67      F44B1423 
  67      891A6694 
  68 0014 6124CBA2 		.ascii	"a$\313\242\\?\266\177K&\302\346L\234\2229\177\355G\255"
  68      5C3FB67F 
  68      4B26C2E6 
  68      4C9C9239 
  68      7FED47AD 
  69 0028 A54A974A 		.ascii	"\245J\227JI[6\375w\024Qp&|8\234dA\313`\202P\031n:\246"
  69      495B36FD 
  69      77145170 
  69      267C389C 
  69      6441CB60 
  70 0042 20A04E44 		.ascii	" \240ND\2249\034 (\322\302\240P\321\244\363\013\334"
  70      94391C20 
  70      28D2C2A0 
  70      50D1A4F3 
  70      0BDC
  71 0054 04F69E73 		.ascii	"\004\366\236sn\351G\312\262\223\276\367\334\367\236"
  71      6EE947CA 
  71      B293BEF7 
  71      DCF79E
  72 0063 E77DDEE7 		.ascii	"\347}\336\347\274\357\271\267X\020\004\007\3304\214"
  72      BCEFB9B7 
  72      58100407 
  72      D8348C
  73 0072 3A9520BC 		.ascii	":\225 \274#\023\004\370\011)`\010\254K\340\003\226\204"
  73      231304F8 
  73      09296008 
  73      AC4BE003 
  73      9684
  74 0084 1EB0FB60 		.ascii	"\036\260\373`}`\375`.\260A07\330\250\204\177$\004\017"
  74      7D60FD60 
  74      2EB04130 
  74      37D8A884 
ARM GAS  /tmp/ccMdt3fz.s 			page 5


  74      7F24040F 
  75 0098 1AA394F8 		.ascii	"\032\243\224\370\306\300\272\301\036K\274\235`C!\374"
  75      C6C0BAC1 
  75      1E4BBC9D 
  75      604321FC 
  76 00a8 A312DFA0 		.ascii	"\243\022\337\240\304\337/\345\273?\013\377_2\364M\367"
  76      C4DF2FE5 
  76      BB3F0BFF 
  76      5F32F44D 
  76      F7
  77 00b9 B81B8FCA 		.ascii	"\270\033\217\312\320<\215\013S\177\202L\264\252\300"
  77      D03C8D0B 
  77      537F824C 
  77      B4AAC0
  78 00c8 8FD4BC47 		.ascii	"\217\324\274G\335\262\023\003\235\232\225U\204\220\034"
  78      DDB21303 
  78      9D9A9555 
  78      84901C
  79 00d7 D23CDF1F 		.ascii	"\322<\337\037V\333T\235\253fa;\250;\236\355\315\325"
  79      56DB549D 
  79      AB66613B 
  79      A83B9EED 
  79      CDD5
  80 00e9 B0A848EA 		.ascii	"\260\250H\352:\033\353\335\012\254F\364\376b\315\363"
  80      3A1BEBDD 
  80      0AAC46F4 
  80      FE62CDF3 
  81 00f9 F6390C19 		.ascii	"\3669\014\031K\335K\205\255'\024\014)\247nS\343D\213"
  81      4BDD4B85 
  81      AD27140C 
  81      29A76E53 
  81      E3448B
  82 010c 062F61C8 		.ascii	"\006/a\310\2439\256\233\032\274\202\335\357?]\177T\011"
  82      A339AE9B 
  82      1ABC82DD 
  82      EF3F5D7F 
  82      5409
  83 011e B037352C 		.ascii	"\26075,\235\363\333W\345j\346\322RG\301#Y\253\233\224"
  83      9DF3DB57 
  83      E56AE6D2 
  83      5247C123 
  83      59AB9B94 
  84 0132 CD43F19A 		.ascii	"\315C\361\232r\320\346\035-lYB\210\034\235G\032T\213"
  84      72D0E61D 
  84      2D6C5942 
  84      881C9D47 
  84      1A548B
  85 0145 303A8356 		.ascii	"0:\203V\322-\323h:r\0109@\362\263\210\272u\236\200\316"
  85      D22DD368 
  85      3A720839 
  85      40F2B388 
  85      BA759E80 
  86 015a A2185483 		.ascii	"\242\030T\203b\004\364\023\212\007\004\303\242s\360"
  86      6204F413 
  86      8A0704C3 
  86      A273F0
  87 0169 F0477808 		.ascii	"\360Gx\010\304\327_7\036\214@\232\370\360A?\207\011"
ARM GAS  /tmp/ccMdt3fz.s 			page 6


  87      C4D75F37 
  87      1E8C409A 
  87      F8F0413F 
  87      8709
  88 017b 62121AB3 		.ascii	"b\022\032\263\012\027R\011\027@\302\017~\011\240h\246"
  88      0A175209 
  88      1740C20F 
  88      7E09A068 
  88      A6
  89 018c 68E7ED8E 		.ascii	"h\347\355\216\033\030\357Gl\207/\262\362\234\012\234"
  89      1B18EF47 
  89      6C872FB2 
  89      F29C0A9C 
  90 019c CD9D67E3 		.ascii	"\315\235g\343W\316F\340\\\356\224\027\035wD\260\022"
  90      57CE46E0 
  90      5CEE9417 
  90      1D7744B0 
  90      12
  91 01ad A9C08D18 		.ascii	"\251\300\215\030\033<<\244Aq\321qq\361v\220\344-\271"
  91      1B3C3CA4 
  91      4171D171 
  91      71F17690 
  91      E42DB9
  92 01c0 FEF2A3C2 		.ascii	"\376\362\243\302,R\276\230\245\252\203T\015(\332/\360"
  92      2C52BE98 
  92      A5AA8354 
  92      0D28DA2F 
  92      F0
  93 01d1 AD18C8FA 		.ascii	"\255\030\310\3726\\\204\002\220E\362\011Yo\023P\025"
  93      365C8402 
  93      9045F209 
  93      596F1350 
  93      15
  94 01e2 2C5723BA 		.ascii	",W#\272D\301\240\0155\301F\352Q\034j\004\273\214\342"
  94      44C1A00D 
  94      35C146EA 
  94      511C6A04 
  94      BB8CE2
  95 01f5 9846CA6F 		.ascii	"\230F\312o\357/S\264\256f\334\027C\271/\241\031r\006"
  95      EF2F53B4 
  95      AE66DC17 
  95      43B92FA1 
  95      197206
  96 0208 ED9B81FE 		.ascii	"\355\233\201\376\022V\306Y\212g\345q\365\224)\010\242"
  96      1256C659 
  96      8A67E571 
  96      F5942908 
  96      A2
  97 0219 1041AACC 		.ascii	"\020A\252\314\314Y\222\035:\325^-C\361\321\014\347\324"
  97      CC59921D 
  97      3AD55E2D 
  97      43F1D10C 
  97      E7D4
  98 022b ABD01520 		.ascii	"\253\320\025 r\370KH\203\330\010\267!\324\014\373\370"
  98      72F84B48 
  98      83D808B7 
  98      21D40CFB 
ARM GAS  /tmp/ccMdt3fz.s 			page 7


  98      F8
  99 023c AF3D4141 		.ascii	"\257=AA\273&\333\227\342\006^\\\327d\376\371\010|\215"
  99      BB26DB97 
  99      E2065E5C 
  99      D764FEF9 
  99      087C8D
 100 024f 3B5FB715 		.ascii	";_\267\025\354\300m\374\276x\374vK\024\253\372b\352"
 100      ECC06DFC 
 100      BE78FC76 
 100      4B14ABFA 
 100      62EA
 101 0261 3A1CF9C7 		.ascii	":\034\371\307\225\270\003\005\235\341H~\206=M\236\206"
 101      95B80305 
 101      9DE1487E 
 101      863D4D9E 
 101      86
 102 0272 39B887AF 		.ascii	"9\270\207\2579\307\235W\225lm5\270\312)g\036\364\024"
 102      39C79D57 
 102      956C6D35 
 102      B8CA2967 
 102      1EF414
 103 0285 9A05233E 		.ascii	"\232\005#>Pp\005\010\256d\365k\223\324\376\016j\357"
 103      50700508 
 103      AE64F56B 
 103      93D4FE0E 
 103      6AEF
 104 0297 80D25B60 		.ascii	"\200\322[`\267\301\332\301~\363w\202\270^\227m!P_Z\216"
 104      B7C1DAC1 
 104      7EF37782 
 104      B85E976D 
 104      21505F5A 
 105 02ac 6B500E1A 		.ascii	"kP\016\0327\263m\336\012^`\012\266O-\227\240\277\206"
 105      37B36DDE 
 105      0A5E600A 
 105      B64F2D97 
 105      A0BF86
 106 02bf 42AF0775 		.ascii	"B\257\007u\215\330sVH\310\226P\344\215P\322\257|\320"
 106      8DD87356 
 106      48C89650 
 106      E48D50D2 
 106      AF7CD0
 107 02d2 D650E8CD 		.ascii	"\326P\350\315\020\322\277}\351\257\206\"\375\007\222"
 107      10D2BF7D 
 107      E9AF8622 
 107      FD0792
 108 02e1 3578821D 		.ascii	"5x\202\035\204\2660\007\001\225>w\324)\261\223\325U"
 108      84B63007 
 108      01953E77 
 108      D429B193 
 108      D555
 109 02f3 36DDD7D1 		.ascii	"6\335\327\321\211Qt\330\032\242?\240t\377\247\214,c"
 109      895174D8 
 109      1AA23FA0 
 109      74FFA78C 
 109      2C63
 110 0305 894185EE 		.ascii	"\211A\205\356\002\270\303\177\244\332|G\012\262\036"
 110      02B8C37F 
ARM GAS  /tmp/ccMdt3fz.s 			page 8


 110      A4DA7C47 
 110      0AB21E
 111 0314 2CCD6D54 		.ascii	",\315mTGKi\354\263\245\021f\315A?j\225S9(\362\210\377"
 111      474B69EC 
 111      B3A51166 
 111      CD413F6A 
 111      95533928 
 112 032b 83813A03 		.ascii	"\203\201:\003\336\005\001u\241H\212\2443\240\353\377"
 112      DE050175 
 112      A1488AA4 
 112      33A0EBFF 
 113 033b 19EC942F 		.ascii	"\031\354\224/*b\011\263\310|9JY\030\200\355F\213\340"
 113      2A6209B3 
 113      C87C394A 
 113      591880ED 
 113      468BE0
 114 034e FA999C33 		.ascii	"\372\231\2343\0176W\214Da\017?j5\005\305\025\312\330"
 114      0F36578C 
 114      44610F3F 
 114      6A3505C5 
 114      15CAD8
 115 0361 93C45EEB 		.ascii	"\223\304^\353\365\034>\211\213\211\375\000\231\232\236"
 115      F51C3E89 
 115      8B89FD00 
 115      999A9E
 116 0370 462C08DD 		.ascii	"F,\010\335\233\331\236@\357\2316\324\203b!\320^w\360"
 116      9BD99E40 
 116      EF9936D4 
 116      836221D0 
 116      5E77F0
 117 0383 A91CE7CA 		.ascii	"\251\034\347\312\370\033\340n\230\300\300\342\"\336"
 117      F81BE06E 
 117      98C0C0E2 
 117      22DE
 118 0391 CA9B63EB 		.ascii	"\312\233c\353\013\262\362\313\211kzz\031g\351\015`\351"
 118      0BB2F2CB 
 118      896B7A7A 
 118      1967E90D 
 118      60E9
 119 03a3 F5B1DC67 		.ascii	"\365\261\334g,U\247\362\272\224\270\232\263T\035\033"
 119      2C55A7F2 
 119      BA94B89A 
 119      B3541D1B 
 120 03b3 7E3687B1 		.ascii	"~6\207\261\324>\361\274D\305\2444P\313\203\000\226\007"
 120      D43EF1BC 
 120      44C5A434 
 120      50CB8300 
 120      9607
 121 03c5 3E963EC6 		.ascii	">\226>\306\322y\264=[\216=\234e\224\\\353\220X\036\335"
 121      D279B43D 
 121      5B8E3D9C 
 121      65945CEB 
 121      90581EDD 
 122 03d9 AA9785B0 		.ascii	"\252\227\205\260<\014`y\350c\351g,\015\3359.%\316\303"
 122      3C0C6079 
 122      E863E967 
 122      2C0DDD39 
ARM GAS  /tmp/ccMdt3fz.s 			page 9


 122      2E25CEC3 
 123 03ed FCEB59D4 		.ascii	"\374\353Y\324\373J\315Yj\332+BY\234\001,N\037\213\213"
 123      FB4ACD59 
 123      6ADA2B42 
 123      599C012C 
 123      4E1F8B8B 
 124 0401 B15C7595 		.ascii	"\261\\u\225\367\314\305\0278\313\244\323}\206\327\245"
 124      F7CCC517 
 124      38CBA4D3 
 124      7D86D7A5 
 125 0411 76F2C9E9 		.ascii	"v\362\311\351\320\035\015\004\260\014\370X\006\031\313"
 125      D01D0D04 
 125      B00CF858 
 125      0619CB
 126 0420 8D1713DF 		.ascii	"\215\027\023\337k\3442\336_\3329\3727\352\031\277\034"
 126      6BE432DE 
 126      5FDA39FA 
 126      37EA19BF 
 126      1C
 127 0431 316B8F87 		.ascii	"1k\217\207X\217\377D\276&W\336\253W\342^.\343\325\271"
 127      588FFF44 
 127      BE2657DE 
 127      AB57E25E 
 127      2EE3D5B9 
 128 0445 E14373B9 		.ascii	"\341Cs\271\214\222\354\361\300\315@\024\032\016\220"
 128      8C92ECF1 
 128      C0CD4014 
 128      1A0E90
 129 0454 31EC93E1 		.ascii	"1\354\223\341f2\362\362\237\300\237\301\010g\351\273"
 129      6632F2F2 
 129      9FC09FC1 
 129      0867E9BB 
 130 0464 3CF0348A 		.ascii	"<\3604\212\263<\2763\026\272\231\221\000\226\021\037"
 130      B33CBE33 
 130      16BA9991 
 130      0096111F 
 131 0474 CB2863B9 		.ascii	"\313(c\27172t\012\343\357\344\214\345nQ\326\335\310"
 131      3732740A 
 131      E3EFE48C 
 131      E56E51D6 
 131      DDC8
 132 0486 E5A5C44B 		.ascii	"\345\245\304K\274%\303\3176\034#pT\210w\372\375e\354"
 132      BC25C3CF 
 132      361C2370 
 132      548877FA 
 132      FD65EC
 133 0499 7C7B384B 		.ascii	"|{8K\300\227\315\303\271\320#\264\034\242\373O4\037"
 133      C097CDC3 
 133      B9D023B4 
 133      1CA2FB4F 
 133      341F
 134 04ab 9107BD15 		.ascii	"\221\007\275\0254\267\277\012c\322[1\306\336\012w\331"
 134      34B7BF0A 
 134      63D25B31 
 134      C6DE0A77 
 134      D9
 135 04bc F10E5510 		.ascii	"\361\016U\020z(\010\375XB\323Y\261q\313\366\330$a\201"
ARM GAS  /tmp/ccMdt3fz.s 			page 10


 135      7A2808FD 
 135      5842D359 
 135      B171CBF6 
 135      D8246181 
 136 04d0 D5B667DD 		.ascii	"\325\266g\335Z\355\356\014\243Yk5\33023\2646U\2461\335"
 136      5AEDEE0C 
 136      A3596B35 
 136      D83233B4 
 136      3655A631 
 137 04e5 06CF6C1A 		.ascii	"\006\317l\032\255\326w\273J\314\264ZDc\272\336\224\231"
 137      ADD677BB 
 137      4ACCB45A 
 137      4463BADE 
 137      9499
 138 04f7 6A10D30D 		.ascii	"j\020\323\015_\232\214;\305=:}\2321\335 jS\015\273t"
 138      5F9A8C3B 
 138      C53D3A7D 
 138      9A31DD20 
 138      6A530DBB 
 139 050c 99269BD6 		.ascii	"\231&\233\326\266/\303`MH\023\342\302\241\255\373\254"
 139      B62FC360 
 139      4D4813E2 
 139      C2A1ADFB 
 139      AC
 140 051d A2D66A4B 		.ascii	"\242\326jK\005F\200`s\252\005\353-&\260\264\204\204"
 140      05468060 
 140      73AA05EB 
 140      2D26B0B4 
 140      8484
 141 052f 04117E66 		.ascii	"\004\021~f\253\230\2463\211\031f\213\315*n\373\364\343"
 141      AB98A633 
 141      8919668B 
 141      CD2A6EFB 
 141      F4E3
 142 0541 756BC5CD 		.ascii	"uk\305\315\233\223\305\215)\233\266~\261F\314\320\231"
 142      9B93C58D 
 142      299BB67E 
 142      B146CCD0 
 142      99
 143 0552 B426532A 		.ascii	"\264&S*\204*R\022\223u6\235\"e\003\237\222\370\224\314"
 143      842A5212 
 143      9375369D 
 143      2265039F 
 143      92F894CC 
 144 0566 A70FE8A4 		.ascii	"\247\017\350\244NI\334\234dN\337e\334\255\004\312M\351"
 144      4E49DC9C 
 144      644EDF65 
 144      DCAD04CA 
 144      4DE9
 145 0578 46DBA2A0 		.ascii	"F\333\242\240\034V\213\236\316\011zAa\265\321\345\230"
 145      1C568B9E 
 145      CE097A41 
 145      61B5D1E5 
 145      98
 146 0589 A0659F72 		.ascii	"\240e\237r+U\252\336i\326YR)h\035\007eX\314\237\033"
 146      2B55AADE 
 146      69D65952 
ARM GAS  /tmp/ccMdt3fz.s 			page 11


 146      29681D07 
 146      6558CC9F 
 147 059e F4A03171 		.ascii	"\364\2401q{\362\246\255\332\344\304$-S\373\341\232\325"
 147      7BF2A6AD 
 147      DAE4C424 
 147      2D53FBE1 
 147      9AD5
 148 05b0 EF7E9224 		.ascii	"\357~\222$28\277B\264*Sga\031\226\204\315@W\351\226"
 148      3238BF42 
 148      B42A5367 
 148      61199684 
 148      CD4057E9 
 149 05c5 AC2CC1D2 		.ascii	"\254,\301\322\360*\014\026#hM\023\224\306\265z\012{"
 149      F02A0C16 
 149      23684D13 
 149      94C6B57A 
 149      0A7B
 150 05d7 232C0C16 		.ascii	"#,\014\026\0013W+\025Jk\004ddZ\200\263j\3262K\362\367"
 150      0133572B 
 150      154A6B04 
 150      64645A80 
 150      B36AD632 
 151 05ee EE15D366 		.ascii	"\356\025\323f\252\274\200\362\370\032\253g\265\374\027"
 151      AABC80F2 
 151      F81AAB67 
 151      B5FC17
 152 05fd 3F7E73BA 		.ascii	"?~s\272"
 153              		.text
 154              		.section	.gnu.lto_.symtab.2e7b6bea9cc4ce9c,"",%progbits
 155 0000 68616C49 		.ascii	"halInit\000\000\000\000\000\000\000\000\000\000\000"
 155      6E697400 
 155      00000000 
 155      00000000 
 155      0000
 156 0012 00D80000 		.ascii	"\000\330\000\000\000pal_default_config\000\000\002\000"
 156      0070616C 
 156      5F646566 
 156      61756C74 
 156      5F636F6E 
 157 002d 00000000 		.ascii	"\000\000\000\000\000\000\000\000\352\000\000\000stI"
 157      00000000 
 157      EA000000 
 157      737449
 158 003c 6E697400 		.ascii	"nit\000\000\002\000\000\000\000\000\000\000\000\000"
 158      00020000 
 158      00000000 
 158      000000
 159 004b DA000000 		.ascii	"\332\000\000\000boardInit\000\000\002\000\000\000\000"
 159      626F6172 
 159      64496E69 
 159      74000002 
 159      00000000 
 160 005f 00000000 		.ascii	"\000\000\000\000\000\334\000\000\000uartInit\000\000"
 160      00DC0000 
 160      00756172 
 160      74496E69 
 160      740000
ARM GAS  /tmp/ccMdt3fz.s 			page 12


 161 0072 02000000 		.ascii	"\002\000\000\000\000\000\000\000\000\000\336\000\000"
 161      00000000 
 161      0000DE00 
 161      00
 162 007f 00736449 		.ascii	"\000sdInit\000\000\002\000\000\000\000\000\000\000\000"
 162      6E697400 
 162      00020000 
 162      00000000 
 162      0000
 163 0091 00E00000 		.ascii	"\000\340\000\000\000i2cInit\000\000\002\000\000\000"
 163      00693263 
 163      496E6974 
 163      00000200 
 163      0000
 164 00a3 00000000 		.ascii	"\000\000\000\000\000\000\342\000\000\000_pal_lld_in"
 164      0000E200 
 164      00005F70 
 164      616C5F6C 
 164      6C645F69 
 165 00b8 69740000 		.ascii	"it\000\000\002\000\000\000\000\000\000\000\000\000\346"
 165      02000000 
 165      00000000 
 165      0000E6
 166 00c7 00000068 		.ascii	"\000\000\000hal_lld_init\000\000\002\000\000\000\000"
 166      616C5F6C 
 166      6C645F69 
 166      6E697400 
 166      00020000 
 167 00dd 00000000 		.ascii	"\000\000\000\000\000\350\000\000\000"
 167      00E80000 
 167      00
 168              		.text
 169              		.section	.gnu.lto_.opts,"",%progbits
 170 0000 272D666E 		.ascii	"'-fno-trapv' '-mcpu=cortex-m3' '-mno-thumb-interwor"
 170      6F2D7472 
 170      61707627 
 170      20272D6D 
 170      6370753D 
 171 0033 6B272027 		.ascii	"k' '-mthumb' '-ggdb' '-O2' '-fomit-frame-pointer' '"
 171      2D6D7468 
 171      756D6227 
 171      20272D67 
 171      67646227 
 172 0066 2D66616C 		.ascii	"-falign-functions=16' '-ffunction-sections' '-fdata"
 172      69676E2D 
 172      66756E63 
 172      74696F6E 
 172      733D3136 
 173 0099 2D736563 		.ascii	"-sections' '-fno-common' '-flto'\000"
 173      74696F6E 
 173      73272027 
 173      2D666E6F 
 173      2D636F6D 
 174              		.text
 175              		.comm	__gnu_lto_v1,1,1
 176              		.comm	__gnu_lto_slim,1,1
 177              		.ident	"GCC: (15:4.9.3+svn231177-1) 4.9.3 20150529 (prerelease)"
ARM GAS  /tmp/ccMdt3fz.s 			page 13


ARM GAS  /tmp/ccMdt3fz.s 			page 14


DEFINED SYMBOLS
                            *ABS*:0000000000000000 hal.c
                            *COM*:0000000000000001 __gnu_lto_v1
                            *COM*:0000000000000001 __gnu_lto_slim

NO UNDEFINED SYMBOLS
