ARM GAS  /tmp/ccpG2KXD.s 			page 1


   1              		.syntax unified
   2              		.cpu cortex-m3
   3              		.fpu softvfp
   4              		.eabi_attribute 20, 1
   5              		.eabi_attribute 21, 1
   6              		.eabi_attribute 23, 3
   7              		.eabi_attribute 24, 1
   8              		.eabi_attribute 25, 1
   9              		.eabi_attribute 26, 1
  10              		.eabi_attribute 30, 2
  11              		.eabi_attribute 34, 1
  12              		.eabi_attribute 18, 4
  13              		.thumb
  14              		.file	"hal_lld.c"
  15              		.text
  16              	.Ltext0:
  17              		.section	.gnu.lto_.profile.5fb82d58deb34bd9,"",%progbits
  18 0000 789C6366 		.ascii	"x\234cf```a\200\000F\006{\023\000\001&\000|"
  18      60606061 
  18      80004606 
  18      7B130001 
  18      26007C
  19              		.text
  20              		.section	.gnu.lto_.jmpfuncs.5fb82d58deb34bd9,"",%progbits
  21 0000 789C6366 		.ascii	"x\234cf\300\0168\2414\023\210`\004b\000\001S\000\020"
  21      C00E38A1 
  21      34138860 
  21      04620001 
  21      530010
  22              		.text
  23              		.section	.gnu.lto_.inline.5fb82d58deb34bd9,"",%progbits
  24 0000 789C6366 		.ascii	"x\234cf\300\016\014\2404\023\003\203\2604#\003\223\334"
  24      C00E0CA0 
  24      34130383 
  24      B0342303 
  24      93DC
  25 0012 86578C0C 		.ascii	"\206W\214\014l\013\344\231@\202\214\\ \202A\365\030"
  25      6C0BE499 
  25      40828C5C 
  25      208241F5 
  25      18
  26 0023 2350C6A5 		.ascii	"#P\306\245\341\2638\\\206\001\000\241\012\006w"
  26      E1B3385C 
  26      860100A1 
  26      0A0677
  27              		.text
  28              		.section	.gnu.lto_.pureconst.5fb82d58deb34bd9,"",%progbits
  29 0000 789C6366 		.ascii	"x\234cf```e\200\000&\006)F)\000\000\371\000@"
  29      60606065 
  29      80002606 
  29      29462900 
  29      00F90040 
  30              		.text
  31              		.section	.gnu.lto_hal_lld_init.5fb82d58deb34bd9,"",%progbits
  32 0000 789C9D94 		.ascii	"x\234\235\224\317o\022A\024\307\347;\374\350\022\210"
  32      CF6F1241 
  32      14C7E73B 
ARM GAS  /tmp/ccpG2KXD.s 			page 2


  32      FCE81288 
  33 0010 424F0DFE 		.ascii	"BO\015\376\001=-\304\372\017x0\036L<\351\335\030=x "
  33      013D2DC4 
  33      FA0F7830 
  33      1E4C3CE9 
  33      DD183D78 
  34 0025 69633DF4 		.ascii	"ic=\364\322t)hz\261A=\330Xk4\261\326\212-j\025\244P"
  34      D2742968 
  34      7AB1413D 
  34      D8586B34 
  34      B1D68A2D 
  35 003d 8B95FEA2 		.ascii	"\213\225\376\242MM\255\246\2111j\244$\352I\304\304\240"
  35      4D4DADA6 
  35      89316AA4 
  35      24EA49C4 
  35      C4A0
  36 004f 31386F06 		.ascii	"18o\006\334PO\313\006\336\302\316\354\347}\336\233\235"
  36      DC504FCB 
  36      06DEC2CE 
  36      ECE77DDE 
  36      9B9D
  37 0061 B5B1FF0F 		.ascii	"\265\261\377\017\277\370\006\034\214\005\305\0316\006"
  37      BFF8061C 
  37      8C05C519 
  37      3606
  38 006f 1EDB602C 		.ascii	"\036\333`,\254q\200~0\260\001\216\001|\341e\216X.>\342"
  38      AC71807E 
  38      30B0018E 
  38      017CE165 
  38      8E582E3E 
  39 0084 EE1C370C 		.ascii	"\356\0347\014\343\333\247\371\216\363\035U\316X\205"
  39      E3DBA7F9 
  39      8EF31D55 
  39      CE5885
  40 0093 2B0C26D0 		.ascii	"+\014&\320\311\304\234r\364\317\266\333\031\025s\274"
  40      C9C49C72 
  40      F4CFB6DB 
  40      191573BC 
  41 00a3 6A0C77E1 		.ascii	"j\014w\341\2048'\332sF\255V\274\236}co\347\254\312\341"
  41      843827DA 
  41      7346AD56 
  41      BC9E7D63 
  41      6FE7ACCA 
  42 00b8 A0A05170 		.ascii	"\240\240QpQpS\360P\360R\360Q`lG \310\243\3049\235mo"
  42      517053F0 
  42      50F052F0 
  42      51606C47 
  42      20C8A3C4 
  43 00d0 B1902CE7 		.ascii	"\261\220,\347\273\010\372\223\223Sae<\355\372\314\253"
  43      BB08FA93 
  43      93536165 
  43      3CEDFACC 
  43      AB
  44 00e1 9C1B3787 		.ascii	"\234\0337\207\014;)|\330y\271\251\311K\214\376\016\336"
  44      0C3B297C 
  44      D879B9A9 
  44      C94B8CFE 
ARM GAS  /tmp/ccpG2KXD.s 			page 3


  44      0EDE
  45 00f3 B935AB8D 		.ascii	"\2715\253\215a\024Un\303$\374\270\007\277\034(\376\272"
  45      6114556E 
  45      C324FCB8 
  45      07BF1C28 
  45      FEBA
  46 0105 5672EB71 		.ascii	"Vr\353q#\032\326\252\334\2168\306\360]V\203\373\320"
  46      231AD6AA 
  46      DC8E38C6 
  46      F05D5683 
  46      FBD0
  47 0117 99C8D443 		.ascii	"\231\310\324Ci,\020\246L\3024t2\031\255\336\226r\250"
  47      692C10A6 
  47      4CC23474 
  47      3219ADDE 
  47      9672A8
  48 012a 89632F43 		.ascii	"\211c/CB\334h\011\014\342>0\271\017\025\267Q\241]\\"
  48      42DC6809 
  48      0CE23E30 
  48      B90F15B7 
  48      51A15D5C 
  49 013e 7AA498C9 		.ascii	"z\244\230\311K\213\\\265\305aAyF\242i}\360\270\265\242"
  49      4B8B5CB5 
  49      C5614179 
  49      46A2697D 
  49      F0B8B5A2 
  50 0152 9F988424 		.ascii	"\237\230\204$\364\026+L\231\220\247\002\322(is\251^"
  50      F4162B4C 
  50      9990A702 
  50      D2286973 
  50      A95E
  51 0164 92664128 		.ascii	"\222fA(-Y\362\321\233\225%E~8\025\305\245@\253\203\305"
  51      2D59F2D1 
  51      9B952545 
  51      7E3815C5 
  51      A540AB83 
  52 0179 925BAE8A 		.ascii	"\222[\256\212xJ\0150dT\272\313\260Xz\326\3144\007]\360"
  52      784A0D30 
  52      6454BACB 
  52      B0587AD6 
  52      CC34075D 
  53 018e D53A2CD7 		.ascii	"\325:,\327\245\335\026P\317L\324|\263\264G\201^_Le\320"
  53      A5DD1650 
  53      CF4CD47C 
  53      B3B44781 
  53      5E5F4C65 
  54 01a3 903EC890 		.ascii	"\220>\310\220k\321\371\271\231h\201\234=\322\271\234"
  54      6BD1F9B9 
  54      9968819C 
  54      3DD2B99C 
  55 01b3 DDD7B477 		.ascii	"\335\327\264ws3\005\310\235[\021\213\262kW\343\005\234"
  55      733305C8 
  55      9D5B118B 
  55      B26B57E3 
  55      059C
  56 01c5 E2EE3CC9 		.ascii	"\342\356<\311y\305X\344\325\326!\022s\030\037\303\273"
  56      79C558E4 
ARM GAS  /tmp/ccpG2KXD.s 			page 4


  56      D5D62112 
  56      73181FC3 
  56      BB
  57 01d6 36A0431A 		.ascii	"6\240C\032L}\235\270\272G\250\205c\206PpbQ\330-\325"
  57      4C7D9DB8 
  57      BA47A885 
  57      63865070 
  57      6251D82D 
  58 01eb EDAEACCD 		.ascii	"\355\256\254\315\015\267\231v\313\322\316\246r`\245"
  58      0DB79976 
  58      CBD2CEA6 
  58      7260A5
  59 01fa DE890B1B 		.ascii	"\336\211\013\033)\233\312\347S)3\353\223\011\256\232"
  59      299BCAE7 
  59      532933EB 
  59      9309AE9A 
  60 020a C11956FF 		.ascii	"\301\031V\377\265\"/[a!_\241)\337\0325\304\307\336!"
  60      B5222F5B 
  60      61215FA1 
  60      29DF1A35 
  60      C4C7DE21 
  61 021e 924B1764 		.ascii	"\222K\027dc\351\226\033[\303\323\274\377\2671D\264\266"
  61      63E9961B 
  61      5BC3D3BC 
  61      FFB73144 
  61      B4B6
  62 0230 0AF50EEB 		.ascii	"\012\365\016\353\350\027\357'\215\275G8\267}D\316d\364"
  62      E817EF27 
  62      8DBD4738 
  62      B77D44CE 
  62      64F4
  63 0242 B202BDA4 		.ascii	"\262\002\275\244\304\004=\020\010\212Owo\360\314\311"
  63      C4043D10 
  63      088A4F77 
  63      6FF0CCC9 
  64 0252 50B0A7FB 		.ascii	"P\260\247\373\354\271\336\340\261\343G\017t\251xx\177"
  64      ECB9DEE0 
  64      B1E3470F 
  64      74A97878 
  64      7F
  65 0263 5F1F8D9C 		.ascii	"_\037\215\234\010\205N\007N\261\277\340\013\314\310"
  65      08854E07 
  65      4EB1BFE0 
  65      0BCCC8
  66              		.text
  67              		.section	.gnu.lto_stm32_clock_init.5fb82d58deb34bd9,"",%progbits
  68 0000 789C9D55 		.ascii	"x\234\235UKOSA\024\2363\367\331\336\333\012Jb\003\356"
  68      4B4F5341 
  68      149E33F7 
  68      D9DEDB0A 
  68      4A6203EE 
  69 0014 5D9546FD 		.ascii	"]\225F\375\005l\334\031\027\2727Fc\\\220h\324\205;\247"
  69      056CDC19 
  69      17BA3746 
  69      635C9068 
  69      D4853BA7 
  70 0028 5289262C 		.ascii	"R\211&,\214F\343#\030H|\243X\252\242\370\254\250-\276"
ARM GAS  /tmp/ccpG2KXD.s 			page 5


  70      8C46E323 
  70      18487CA3 
  70      58AAA2F8 
  70      ACA82DBE 
  71 003c 4040E591 		.ascii	"@@\345\221\250\211\320\004\"j\213&X\023\242sf\246\\"
  71      A889D004 
  71      226A8B26 
  71      5813A273 
  71      66A65C
  72 004f 2889A16D 		.ascii	"(\211\241m\332o\3329\323\357|s\3167s5\262\370\325\315"
  72      DA6FDA39 
  72      D3EF7C73 
  72      CE377335 
  72      B2F8D5CD 
  73 0063 3FAB6C42 		.ascii	"?\253lB\"|\204e\004\350\321^B\2426\005M~\321h\260)M"
  73      227C8465 
  73      04E8D15E 
  73      42A23605 
  73      4D7ED168 
  74 007a 08F3EB31 		.ascii	"\010\363\3531\21307(\347\353t0d\334\240\001\0317E< "
  74      8B303728 
  74      E7EB7430 
  74      64DCA001 
  74      1937453C 
  75 008f E7EB4CB0 		.ascii	"\347\353L\260d\334\242\256\214\333\"\356\312\371:\033"
  75      64DCA2AE 
  75      8CDB22EE 
  75      CAF93A1B 
  76 009f 7C32EEA3 		.ascii	"|2\356\243\216\214\373E\334\221\363u~\000\034\011\220"
  76      8E8CFB45 
  76      DC91F375 
  76      7E001C09 
  76      90
  77 00b0 03540BEA 		.ascii	"\003T\013\352F\300\264\\\333\347\370\341\200\241I\341"
  77      46C0B45C 
  77      DBE7F8E1 
  77      80A149E1 
  78 00c0 861C2C39 		.ascii	"\206\034,9\370\3440Is\024\216&\333N9\253/0\306\262\211"
  78      F8E43049 
  78      73148E26 
  78      DB4E39AB 
  78      2F30C6B2 
  79 00d5 91D0A150 		.ascii	"\221\320\241P\236\022\362\223\312\005p\011V\023\276"
  79      9E12F293 
  79      CA057009 
  79      5613BE
  80 00e4 26179B1D 		.ascii	"&\027\233\035r\314\030_S!cp\031L\340\343\215\345I\366"
  80      72CC185F 
  80      53216370 
  80      194CE0E3 
  80      8DE549F6 
  81 00f8 F7EFD8B9 		.ascii	"\367\357\330\271\327y}\025%y^\007\004\003\301D\260\020"
  81      D7797D15 
  81      25795E07 
  81      0403C144 
  81      B010
  82 010a 6C0407C1 		.ascii	"l\004\007\301E\010 \004\021*\020*\021V T!\254D\010!"
ARM GAS  /tmp/ccpG2KXD.s 			page 6


  82      45082004 
  82      112A102A 
  82      11562054 
  82      21AC4408 
  83 011f 5423D420 		.ascii	"T#\324 \0202\316\223\362\035g(\345\2036\012\335\235"
  83      1032CE93 
  83      F21D6728 
  83      E583360A 
  83      DD9D
  84 0131 1D53090D 		.ascii	"\035S\011\015U\314P\334\304\313\236\013]\276\011\232"
  84      55CC50DC 
  84      C4CB9E0B 
  84      5DBE099A 
  85 0141 A794B51C 		.ascii	"\247\224\265\034f:j\376<\336\327o\213)\202?\017^l\275"
  85      663A6AFE 
  85      3CDED76F 
  85      8B29823F 
  85      0F5E6CBD 
  86 0155 6737C359 		.ascii	"g7\303Y\310S\015\256@5\\\345\01100\366\347L\306\011"
  86      C8530DAE 
  86      40355CE5 
  86      093030F6 
  86      E74CC609 
  87 0169 B7B158D4 		.ascii	"\267\261X\324\316S\035\332\240\031\246\305\366\341\032"
  87      CE531DDA 
  87      A019A6C5 
  87      F6E11A
  88 0178 84C92834 		.ascii	"\204\311(4\3742e\036M\246J7O$t\344\005 p\235\223p5\307"
  88      FC32651E 
  88      4DA64A37 
  88      4F2474E4 
  88      0520709D 
  89 0190 00979490 		.ascii	"\000\227\224\220\245\335\313r\003\302\234\233\177\313"
  89      A5DDCB72 
  89      03C29C9B 
  89      7FCB
  90 019e 70E45D14 		.ascii	"p\344]\024\273\313MM\253\335\031Kb\005$\215{\244\035"
  90      BBCB4D4D 
  90      ABDD194B 
  90      6205248D 
  90      7BA41D
  91 01b1 52FAEFC6 		.ascii	"R\372\357\306q*i\024\323\231\241\314/M\210\247\004\022"
  91      712A6914 
  91      D399A1CC 
  91      2F4D88A7 
  91      0412
  92 01c3 9CE53DC4 		.ascii	"\234\345=\304\206\033v\2505|A\364\342\375&K,\340,71"
  92      861B76A8 
  92      357C41F4 
  92      E2FD264B 
  92      2CE02C37 
  93 01d8 0DC1EA07 		.ascii	"\015\301\352\007\011\267\035d\250^(\177\356[\241\374"
  93      09B71D64 
  93      A85E287F 
  93      EE5BA1FC 
  94 01e8 5609DBBE 		.ascii	"V\011\333\276\345)\274\255\024\252\342\332\222(1\033"
  94      E529BCAD 
ARM GAS  /tmp/ccpG2KXD.s 			page 7


  94      14AAE2DA 
  94      9228311B 
  95 01f8 3FEE88F4 		.ascii	"?\356\210\364y^\335\3162\253{\307Ks\027\253k#K6\376"
  95      795EDDCE 
  95      32AB7BC7 
  95      4B7317AB 
  95      6B234B36 
  96 020d 7D402B22 		.ascii	"}@+\"\2122\2264\377_\324.\301\205^\207{\020\236\357"
  96      8A329634 
  96      FF5FD42E 
  96      C1855E87 
  96      7B109EEF 
  97 0221 2B9D4FDD 		.ascii	"+\235O\335\027\025\312P\303\353\334\367/\2520\316\322"
  97      1715CA50 
  97      C3EBDCF7 
  97      2FAA30CE 
  97      D2
  98 0232 3BF7C04B 		.ascii	";\367\300K\362\260\320\271)\3259W2\315\034\312\036\361"
  98      F2B0D0B9 
  98      29D53957 
  98      32CD1CCA 
  98      1EF1
  99 0244 8BCAB804 		.ascii	"\213\312\270\004\036\311\316\215\024:\347\316kU@\265"
  99      1EC9CE8D 
  99      143AE7CE 
  99      6B5540B5 
 100 0254 CA9C3B29 		.ascii	"\312\234;)\251A\245(PB\015\037{\222\222\013\317AP\022"
 100      A941A528 
 100      50420D1F 
 100      7B92920B 
 100      CF415012 
 101 0268 A5533331 		.ascii	"\245S31\331*\306Zx\263\236\224\331\254n/\321SlV\020"
 101      D92AC65A 
 101      78B39E94 
 101      D9AC6E2F 
 101      D1536C56 
 102 027d 593AFB53 		.ascii	"Y:\373SJsE\011T\317\274\276?_\250\271R\022\035\353\032"
 102      4A734509 
 102      54CFBCBE 
 102      3F5FA8B9 
 102      52121DEB 
 103 0292 69F22BCD 		.ascii	"i\362+\315\314&\220*Ss\332K\324\203\232+\205\011\254"
 103      CC26902A 
 103      5373DA4B 
 103      D4839A2B 
 103      8509AC
 104 02a5 391374A4 		.ascii	"9\023t\244\177*\371+\226n\202\027\036\351\313\342\343"
 104      7F2AF92B 
 104      966E8217 
 104      1EE9CBE2 
 104      E3
 105 02b6 5B25991A 		.ascii	"[%\231\032\373&&\265\202\376\012\002\257\212Np\325<"
 105      FB2626B5 
 105      82FE0A02 
 105      AF8A4E70 
 105      D53C
 106 02c8 1FB8CA07 		.ascii	"\037\270\312\007\266\362A6\336;X\206\377_{\355y#\374"
ARM GAS  /tmp/ccpG2KXD.s 			page 8


 106      B6F24136 
 106      DE3B5886 
 106      FF5F7BED 
 106      7923FC
 107 02db 9FBA7DAB 		.ascii	"\237\272}\253]h\320YO\253F\240W\3260\033\037\032+\320"
 107      5D68D059 
 107      4FAB46A0 
 107      57D6301B 
 107      1F1A2BD0 
 108 02ef CF1E4935 		.ascii	"\317\036I5\212+\322`\311\342\333\330\0209\322\003_;"
 108      8A2BD260 
 108      C9E2DBD8 
 108      1039D203 
 108      5F3B
 109 0301 824A007F 		.ascii	"\202J\000\177\342\230\320\307\005\274U\002\246\033\022"
 109      E298D0C7 
 109      05BC5502 
 109      A61B12
 110 0310 B33027A0 		.ascii	"\2630'\240_\010\020\017\235\001!\340\007\233|\263L\010"
 110      5F08100F 
 110      9D0121E0 
 110      079B7CB3 
 110      4C08
 111 0322 A8243028 		.ascii	"\250$0(\263w\346>\026L\276\262\204>\276\3636\367~\241"
 111      B377E63E 
 111      164CBEB2 
 111      843EBEF3 
 111      36F77EA1 
 112 0336 61429C48 		.ascii	"aB\234H\\\220\345\330\343\203G;\204\366\010\011{\370"
 112      5C90E5D8 
 112      E383473B 
 112      84F60809 
 112      7BF8
 113 0348 3C7B7C1A 		.ascii	"<{|\032Sb\253\227n\217a\217t\244\370\216\250\341L\213"
 113      5362AB97 
 113      6E8F618F 
 113      74A4F88E 
 113      A8E14C8B 
 114 035c 2E851A4E 		.ascii	".\205\032Nq\376\304\311k\2060\014w\373\350\2347\034"
 114      71FEC4C9 
 114      6B86300C 
 114      77FBE89C 
 114      371C
 115 036e E50D3F7A 		.ascii	"\345\015?z\343\023D\223\2477\342\177d\020\370$/w\270"
 115      E3134493 
 115      A737E27F 
 115      6410F824 
 115      2F77B8
 116 0381 B636C2DF 		.ascii	"\2666\302\337\273\366Fvn\255\217\354\336\265g\337\336"
 116      BBF64676 
 116      6EAD8FEC 
 116      DEB567DF 
 116      DE
 117 0392 C8A6CD1B 		.ascii	"\310\246\315\033\326\255\225\270~\315\376\375\030\331"
 117      D6AD95B8 
 117      7ECDFEFD 
 117      18D9
ARM GAS  /tmp/ccpG2KXD.s 			page 9


 118 03a0 525FBFBD 		.ascii	"R_\277\275v\033\371\007\337\245\326U"
 118      761BF907 
 118      DFA5D655 
 119              		.text
 120              		.section	.gnu.lto_.symbol_nodes.5fb82d58deb34bd9,"",%progbits
 121 0000 789C6366 		.ascii	"x\234cf``pa\200\002\246k\214\365\014\014\023\31610\324"
 121      60607061 
 121      8002A66B 
 121      8CF50C0C 
 121      13CE3130 
 122 0015 D733CC5B 		.ascii	"\3273\314[\300\301\300t\235\261\236\021Y\200\365\012"
 122      C0C1C074 
 122      9DB19E11 
 122      5980F50A 
 123 0025 23C342A6 		.ascii	"#\303B\246z\006\306\033\214\365L\020\011\206\206\006"
 123      7A06C61B 
 123      8CF54C10 
 123      09868606 
 124 0035 0E066620 		.ascii	"\016\006f l\351z#\317\000\000\2364\022\231"
 124      6CE97A23 
 124      CF00009E 
 124      341299
 125              		.text
 126              		.section	.gnu.lto_.refs.5fb82d58deb34bd9,"",%progbits
 127 0000 789C6366 		.ascii	"x\234cf```d\200\002\000\000=\000\005"
 127      60606064 
 127      80020000 
 127      3D0005
 128              		.text
 129              		.section	.gnu.lto_.decls.5fb82d58deb34bd9,"",%progbits
 130 0000 789C9D55 		.ascii	"x\234\235U\351SSW\024\177\367\335\020B\210\342\014S"
 130      E9535357 
 130      147FF7DD 
 130      104288E2 
 130      0C53
 131 0012 75F8A262 		.ascii	"u\370\242b\207q\034%\242\177@\305\200K\335\230D\353"
 131      87711C25 
 131      A27F40C5 
 131      804BDD98 
 131      44EB
 132 0024 74FA2113 		.ascii	"t\372!\023!\216\214,\216\011-~{\020\005u\254\010nh\253"
 132      218E8C2C 
 132      8E092D7E 
 132      7B100575 
 132      AC086E68 
 133 0039 46054159 		.ascii	"F\005AYk\213\212(F\254\224EApAp\303\200 \010\210\212"
 133      6B8B8A28 
 133      46AC9445 
 133      41704170 
 133      C3802008 
 134 004f 0A88A6E7 		.ascii	"\012\210\246\347\336\233\274\007!u:\336\311\311{\347"
 134      DE9BBC07 
 134      21753ADE 
 134      C9C97BE7 
 135 005f DDDF59EE 		.ascii	"\335\337Y\356\331.\3468\256\025\310\001\353\240/\307"
 135      D92EE638 
 135      AE15C801 
ARM GAS  /tmp/ccpG2KXD.s 			page 10


 135      EBA02FC7 
 136 006f F5218EC3 		.ascii	"\365!\216\303\300Gp\322\"|>P!P1\020@\270\313\334\330"
 136      C04770D2 
 136      227C3E50 
 136      21503110 
 136      40B8CBDC 
 137 0084 45F67D9C 		.ascii	"E\366}\234r3\200\036\003=\002\262\001u\000\265\003u"
 137      7233801E 
 137      033D02B2 
 137      017500B5 
 137      0375
 138 0096 029D0192 		.ascii	"\002\235\001\222\001\335\003\272\013\364\300i\337e\243"
 138      01DD03BA 
 138      0BF4C069 
 138      DF65A3
 139 00a5 CB69C37D 		.ascii	"\313i\303}\021\333\336\377\241\237G\314)\242\3436P\003"
 139      11DBDEFF 
 139      A19F47CC 
 139      29A2E336 
 139      5003
 140 00b7 D0B0D3CF 		.ascii	"\320\260\323\317B\017\272^\363\250\264p\340\226\357"
 140      420FBA5E 
 140      F3A8B470 
 140      E096EF
 141 00c6 0B1E4D54 		.ascii	"\013\036MTN'\354\245\214\252L9\260*\245\214\260e\037"
 141      4E27ECA5 
 141      8CAA4C39 
 141      B02AA58C 
 141      B0651F
 142 00d9 ED776553 		.ascii	"\355weS\016\010\260\366Z\204I2\0241\031\345\240\000"
 142      0E08B0F6 
 142      5A844932 
 142      143119E5 
 142      A000
 143 00eb 948B0240 		.ascii	"\224\213\002@\353\0314\005\376\177\2221Mi{{/ \014.\300"
 143      EB193405 
 143      FE7F9231 
 143      4D697B7B 
 143      2F200C2E 
 144 0100 FBA9CC67 		.ascii	"\373\251\314gw\225s\316\202\330\016\3016\210$sM\331"
 144      779573CE 
 144      82D80EC1 
 144      36882473 
 144      4DD9
 145 0112 BB9354D3 		.ascii	"\273\223T\323\217\011\326\342\376\302\221T|X\260&\013"
 145      8F09D6E2 
 145      FEC29154 
 145      7C58B026 
 145      0B
 146 0123 9F1D0E44 		.ascii	"\237\035\016D\225\241\263\010\243<4\207`\311;\025B\371"
 146      95A1B308 
 146      A33C3487 
 146      60C93B15 
 146      42F9
 147 0135 683A08E6 		.ascii	"h:\010\346\344\334/\360\302aT\373\033\333\323\026L\225"
 147      E4DC2FF0 
 147      C26154FB 
ARM GAS  /tmp/ccpG2KXD.s 			page 11


 147      1BDBD316 
 147      4C95
 148 0147 586BB3E5 		.ascii	"Xk\263\345U\202\315\341\370\216\312\027\214\222/p\311"
 148      5582CDE1 
 148      F88ECA17 
 148      8C922F70 
 148      C9
 149 0158 1752F9CE 		.ascii	"\027R\371\316\206Om\023\361Z*\1773\345y\275\022\344"
 149      864F6D13 
 149      F15A2A7F 
 149      33E579BD 
 149      12E4
 150 016a 5B85FE2B 		.ascii	"[\205\376+\226\227\232t\313\336,\241\325\341\230\306"
 150      96979A74 
 150      CBDE2CA1 
 150      D5E198C6 
 151 017a 9C281AA5 		.ascii	"\234(\032\245\244\310\245\244\230*\271Z>X\251\304\277"
 151      A4C8A5A4 
 151      982AB95A 
 151      3E58A9C4 
 151      BF
 152 018b 22AA65F7 		.ascii	"\"\252e\367\216\326j%>\310\230\244\323e\273\275!n3\224"
 152      8ED66A25 
 152      3EC898A4 
 152      D365BBBD 
 152      216E3394 
 153 019f F4984F7F 		.ascii	"\364\230O\177\033\312\362\241,)'?\370\304Wu\010\247"
 153      1BCAF2A1 
 153      2C29273F 
 153      F8C45775 
 153      08A7
 154 01b1 26A22065 		.ascii	"&\242 e\026\004\245\277:\333\276\324\",D\347\221\022"
 154      1604A5BF 
 154      3ADBBED4 
 154      222C44E7 
 154      9112
 155 01c3 9D13ED51 		.ascii	"\235\023\355Qi\262v\010B2\011\270O\325DN\2147*AA\200"
 155      69B27608 
 155      423209B8 
 155      4FD5444E 
 155      8C372A41 
 156 01d9 A058F427 		.ascii	"\240X\364'|\374\013>\202\342\033#\345\333\274\2202\310"
 156      7CFC0B3E 
 156      82E21B23 
 156      E5DBBC90 
 156      32C8
 157 01eb B3D0450F 		.ascii	"\263\320E\017B\324\205\343\251\031\223\005A\206.\200"
 157      42D485E3 
 157      A9199305 
 157      41862E80 
 158 01fb 0B7F482E 		.ascii	"\013\177H.\200Gb\262\236\367\3445*\361\033v\302\312"
 158      804762B2 
 158      9EF7E435 
 158      2AF11B76 
 158      C2CA
 159 020d 81B29DF2 		.ascii	"\201\262\235\362i\311\374QAA7G\372k\013y8\"\310\013"
 159      69C9FC51 
ARM GAS  /tmp/ccpG2KXD.s 			page 12


 159      41413747 
 159      FA6B0B79 
 159      3822C80B 
 160 0221 0F5E4FA6 		.ascii	"\017^O\246yy\227\233\252\234yB\260\236\354/<\026Ms+"
 160      7979979B 
 160      AA9C7942 
 160      B09EEC2F 
 160      3C164D73 
 161 0236 90D4501B 		.ascii	"\220\324P\033\245\314\306\250\362!_.!\210z\031q\364"
 161      A5CCC6A8 
 161      F2215F2E 
 161      21887A19 
 161      71F4
 162 0248 329A092A 		.ascii	"2\232\011*\206\267\337I\341i9\332x\2422\327^\2271\201"
 162      86B7DF49 
 162      E16939DA 
 162      78A232D7 
 162      5E973181 
 163 025c D6E32CC2 		.ascii	"\326\343,\302\036\251k\332\351\2053Y\221\365Vd%*\341"
 163      1EA96BDA 
 163      E9853359 
 163      91F55664 
 163      252AE1
 164 026f D496FF77 		.ascii	"\324\226\377wj\220H\276\335\323\346\207\263\230\270"
 164      6A9048BE 
 164      DDD3E687 
 164      B398B8
 165 027e 90D6B90D 		.ascii	"\220\326\271\015\343\034\306\354\314\260t*p>c\262\016"
 165      E31CC6EC 
 165      CCB0742A 
 165      703E63B2 
 165      0E
 166 028f 1CCCF7A2 		.ascii	"\034\314\367\242F\025\204\275\223\273w\207\002\027\263"
 166      461584BD 
 166      93BB7787 
 166      0217B3
 167 029e BDA1BACE 		.ascii	"\275\241\272\316\022\214K\031Sk\037|\253\242\300I\204"
 167      128C4B19 
 167      536B1F7C 
 167      ABA2C049 
 167      84
 168 02af 2D49EB3C 		.ascii	"-I\353<.\303\025l\357FSJ\227\034W3\346\360\207\233\225"
 168      2EC3156C 
 168      EF46534A 
 168      971C5733 
 168      E6F0879B 
 169 02c4 7E143895 		.ascii	"~\0248\225\260\3159\251\373\024\270\201\355\245g\357"
 169      B0CD39A9 
 169      FB14B881 
 169      EDA567EF 
 170 02d4 4FE17133 		.ascii	"O\341q3c\\\355\250b\355x\265\262\356\244\017~B\367T"
 170      635CEDA8 
 170      62ED78B5 
 170      B2EEA40F 
 170      7E42F754 
 171 02e8 69E90356 		.ascii	"i\351\003V\204\374\003]+(0\2356\246 ,4s\350\012\034"
 171      84FC035D 
ARM GAS  /tmp/ccpG2KXD.s 			page 13


 171      2B28309D 
 171      36A6202C 
 171      3473E80A 
 172 02fd B39CC6B5 		.ascii	"\263\234\306\265\036\371\323H7C\020n\243@\324\000\324"
 172      1EF9D348 
 172      3743106E 
 172      A340D400 
 172      D4
 173 030e 047417E8 		.ascii	"\004t\027\350\036P#P\013\320\003\240\373@wP \315\270"
 173      1E502350 
 173      0BD003A0 
 173      FB407750 
 173      20CDB8
 174 0321 55D866E9 		.ascii	"U\330f\351\257yyiy\206E\310\232\212l\220\264k\220\""
 174      AF797969 
 174      798645C8 
 174      9A8A6C90 
 174      B46B9022 
 175 0335 A24E0CEC 		.ascii	"\242N\014\354,b`v\200\023m\355)\220W\315\243\310\012"
 175      2C626076 
 175      80136DED 
 175      299057CD 
 175      A3C80A
 176 0348 8FC81C24 		.ascii	"\217\310\034$B\007Eh\225;\364\037\344\206\035\021\261"
 176      42074568 
 176      953BF41F 
 176      E4861D11 
 176      B1
 177 0359 75EED85B 		.ascii	"u\356\330[\356\330>\021{\303\035\373\267;\366\225\210"
 177      EED83E11 
 177      7BC31DFB 
 177      B73BF695 
 177      88
 178 036a ADF4EC83 		.ascii	"\255\364\354\203t\262\217\"\364\246g\027$h\257\010\275"
 178      74B28F22 
 178      F4A66717 
 178      2468AF08 
 178      BD
 179 037b EED90309 		.ascii	"\356\331\003\011:,Bk\335\2415\243\234%\015\332\332U"
 179      3A2C426B 
 179      DDA135A3 
 179      9C250DDA 
 179      DA55
 180 038d 201710C1 		.ascii	" \027\020\301p\256q\304\211ij\035*\250Q\011NU\325\236"
 180      70AE71C4 
 180      89696A1D 
 180      2AA85109 
 180      4E55D59E 
 181 03a1 5551AB30 		.ascii	"UQ\2530\037\354u\027\0340x\374\251RG\254\002=\002\354"
 181      1FEC7517 
 181      1C3078FC 
 181      A95247AC 
 181      023D02EC 
 182 03b5 55A9E389 		.ascii	"U\251\343\211\005\272<U\023z\010E\364\265\005\005\005"
 182      05BA3C55 
 182      137A0845 
 182      F4B50505 
ARM GAS  /tmp/ccpG2KXD.s 			page 14


 182      05
 183 03c6 FCF644C7 		.ascii	"\374\366D\307\260B\265K\032M\324\2724\003\036#\025\235"
 183      B042B54B 
 183      1A4DD4BA 
 183      34031E23 
 183      159D
 184 03d8 AFF004F4 		.ascii	"\257\360\004\364\271S\331\347}h\367/$\302=\327\017\017"
 184      B953D9E7 
 184      7D68F72F 
 184      24C23DD7 
 184      0F0F
 185 03ea 619C8E49 		.ascii	"a\234\216I\365\313\034#I\215\276(0\320?\210\006\240"
 185      F5CB1C23 
 185      498DBE28 
 185      30D03F88 
 185      06A0
 186 03fc 79540048 		.ascii	"yT\000H\225\332\277P\245-c\312i<\222\005\235\035\337"
 186      95DABF50 
 186      A52D63CA 
 186      693C9205 
 186      9D1DDF
 187 040f 4A8FFF04 		.ascii	"J\217\377\004\366Y\356\354\316\263\267\301\331[\341"
 187      F659EEEC 
 187      CEB3B7C1 
 187      D95BE1
 188 041e 6CCF9C67 		.ascii	"l\317\234g\243\321\254\247)\262\217K\021D\275\343\310"
 188      A3D1ACA7 
 188      29B28F4B 
 188      1144BDE3 
 188      C8
 189 042f D01E25F2 		.ascii	"\320\036%\362\017\362\244\025=\007e_T\374\020\322\324"
 189      0FF2A415 
 189      3D07655F 
 189      54FC10D2 
 189      D4
 190 0440 0E80A752 		.ascii	"\016\200\247R\232\354\2564A`\332\2565\346\313\307D\265"
 190      9AECAE34 
 190      4160DAAE 
 190      35E6CBC7 
 190      44B5
 191 0452 7D4C543B 		.ascii	"}LT;\234Q\355\240Q}\222i\333%\033\203&\327\234\204\356"
 191      9C51EDA0 
 191      517D9269 
 191      DB251B83 
 191      26D79C84 
 192 0467 74A23B29 		.ascii	"t\242;)\372\370\271\232\2272|\024\263k\355\363!\313"
 192      FAF8B99A 
 192      97327C14 
 192      B36BEDF3 
 192      21CB
 193 0479 04B8296D 		.ascii	"\004\270)mp]?J\020ok\236jx1\352\242|\341\272(\273\350"
 193      705D3F4A 
 193      106F6B9E 
 193      6A7831EA 
 193      A27CE1BA 
 194 0490 455979AB 		.ascii	"EYy\253\241\035\321DZ\351\030?\321VS\313\306\332\267"
 194      A11DD144 
ARM GAS  /tmp/ccpG2KXD.s 			page 15


 194      5AE9183F 
 194      D15653CB 
 194      C6DAB7
 195 04a3 740EDBB6 		.ascii	"t\016\333\266\277\347\361Ef\343\305\236L\313\004\\\311"
 195      BFE7F145 
 195      66E3C59E 
 195      4CCB045C 
 195      C9
 196 04b4 988AAA7D 		.ascii	"\230\212\252}E\276\270\2061\3155\3359r\\\317\230\323"
 196      45BEB886 
 196      31CD35DD 
 196      39725CCF 
 196      98D3
 197 04c6 FB3FECF4 		.ascii	"\373?\354\364\303M\214i\375\275\316\200[\330{_y\337"
 197      C34D8C69 
 197      FDBDCE80 
 197      5BD87B5F 
 197      79DF
 198 04d8 671FFC98 		.ascii	"g\037\374\2301#\031CM<\356`LIu\213\240\300\335\224\361"
 198      31231943 
 198      4D3CEE60 
 198      4C49758B 
 198      A0C0DD94 
 199 04ed 1DC9EE3B 		.ascii	"\035\311\356;\340\205\304\321\031\350\317\306]^\367"
 199      E085C4D1 
 199      19E8CFC6 
 199      5D5EF7
 200 04fc F7D2B8EB 		.ascii	"\367\322\270\353\203\0239\2764\304\012\362\\\225\364"
 200      831339BE 
 200      34C40AF2 
 200      5C95F4
 201 050b DA1D3A6E 		.ascii	"\332\035:n\210\345\211\330~w\354\270\301tQ\304\016\270"
 201      88E589D8 
 201      7E77ECB8 
 201      C17451C4 
 201      0EB8
 202 051d 63DDA7CD 		.ascii	"c\335\247\315Y\021\372\312\263Z\011\232+B{=\036LB\026"
 202      5911FACA 
 202      B35A099A 
 202      2B427B3D 
 202      1E4C4216 
 203 0531 89C8B7EE 		.ascii	"\211\310\267\356\310qs\351X\036)z\207\347\271\224\237"
 203      C87173E9 
 203      581E297A 
 203      87E7B994 
 203      9F
 204 0542 37B62D3D 		.ascii	"7\266-=\204H\262Z(Z}\343\331\352l\251/\331X\352\206"
 204      8448B25A 
 204      285A7DE3 
 204      D9EA6CA9 
 204      2FD958EA 
 205 0557 FD9774CB 		.ascii	"\375\227t\313\341l\237\021h\237ah\237w@C@\037\200>\001"
 205      E16C9F11 
 205      689F6168 
 205      9F774043 
 205      401F803E 
 206 056c BD07FA0C 		.ascii	"\275\007\372\014\364\021hP\234G\374\241]iP\206\256\266"
ARM GAS  /tmp/ccpG2KXD.s 			page 16


 206      F4116850 
 206      9C47FCA1 
 206      5D695086 
 206      AEB6
 207 057e 1CAB1425 		.ascii	"\034\253\024%\361A_\245\227\206\245t\223\002\011\274"
 207      F1415FA5 
 207      9786A574 
 207      930209BC 
 208 058e 3FEA915A 		.ascii	"?\352\221Z\3261\252e{\333\032\313}\3074!\001KM\230\314"
 208      D631AA65 
 208      7BDB1ACB 
 208      7DC73421 
 208      014B4D98 
 209 05a3 B326244F 		.ascii	"\263&$O\325FC\214>&&J\037\035\027m\226/Y\265v\272\206"
 209      D546438C 
 209      3E26264A 
 209      1F1D176D 
 209      962F59B5 
 210 05ba 9B1B1CAC 		.ascii	"\233\033\034\254\206_\274I\015\233\352\315\361[\314"
 210      865FBC49 
 210      0D9BEACD 
 210      F15BCC
 211 05c9 26B56ECD 		.ascii	"&\265n\315\312\005\363\331\377\342\220\304D\265S,8\222"
 211      CA05F3D9 
 211      FFE290C4 
 211      44B5532C 
 211      3892
 212 05db 9B6432C7 		.ascii	"\233d2\307.\230\257\217\214\211\217\334D\265xG\305\032"
 212      2E98AF8F 
 212      8C898FDC 
 212      44B57847 
 212      C51A
 213 05ed 96C153FD 		.ascii	"\226\301S\375\237jV\254\010S\207\255\014\3759D\315d"
 213      9F6A56AC 
 213      085387AD 
 213      0CFD3944 
 213      CD64
 214 05ff 41207823 		.ascii	"A x#\247H\210\2163\003gV\352\365\256\327\271\352\004"
 214      A748888E 
 214      33036756 
 214      EAF5AED7 
 214      B9EA04
 215 0612 D3167574 		.ascii	"\323\026ut\\dLB\224Q\035g\374%&z\275:\326\020\2711:"
 215      5C644C42 
 215      94511D67 
 215      FC25267A 
 215      BD3AD610 
 216 0629 CEA8D647 		.ascii	"\316\250\326G\0317\030\022b\314z\363\326\315F\023h\010"
 216      19371812 
 216      62CC7AF3 
 216      D6CD4613 
 216      6808
 217 063b F484366D 		.ascii	"\364\2046m5\251\365&s\024h\004\210\237n\253\311l\214"
 217      35A9F526 
 217      73146804 
 217      889F6EAB 
 217      C96C8C
ARM GAS  /tmp/ccpG2KXD.s 			page 17


 218 064e D5C46F31 		.ascii	"\325\304o1j\210\307\337\004G\031\314\206`\267\257\276"
 218      6A88C7DF 
 218      044719CC 
 218      8660B7AF 
 218      BE
 219 065f 5A8D46BF 		.ascii	"Z\215F\277\006\264\206\0317\360\032\255L\263x\211\026"
 219      06B48619 
 219      37F01AAD 
 219      4CB37889 
 219      16
 220 0670 6B966915 		.ascii	"k\226i\025\241\021\213\346kuk\350K\010y\221\207.]\024"
 220      A1118BE6 
 220      6B756BE8 
 220      4B087991 
 220      872E5D14 
 221 0684 BE4AEB4D 		.ascii	"\276J\353M6\234\317\020x\312\026\205i@B\247\015\026"
 221      369CCF10 
 221      78CA1685 
 221      694042A7 
 221      0D16
 222 0696 83604C34 		.ascii	"\203`L4\2535+u\313t\020\204Q\201\244\021\330\0202oA"
 222      AB352B75 
 222      CB741084 
 222      5181A411 
 222      D810326F 
 223 06ab E27A70CF 		.ascii	"\342zp\3177b\235\326e8\300\225\232\365\206\310M\011"
 223      37629DD6 
 223      6538C095 
 223      9AF586C8 
 223      4D09
 224 06bd 9BF551F1 		.ascii	"\233\365Q\361\261\206\3508\032\342\011\213W\204\352"
 224      B186E838 
 224      1AE2098B 
 224      5784EA
 225 06cc 96BA8038 		.ascii	"\226\272\2008\024\\\\\036\376\243\326{u\304\032\362"
 225      145C5C1E 
 225      FEA3D67B 
 225      75C41AF2 
 226 06dc E4755A3E 		.ascii	"\344uZ>T\253\320\206\353\302\265?\204\207\341\325\213"
 226      54ABD086 
 226      EBC2B53F 
 226      8487E1D5 
 226      8B
 227 06ed B4B275DA 		.ascii	"\264\262u\332\010\355\277\271\337\020\370"
 227      08EDBFB9 
 227      DF10F8
 228              		.text
 229              		.section	.gnu.lto_.symtab.5fb82d58deb34bd9,"",%progbits
 230 0000 68616C5F 		.ascii	"hal_lld_init\000\000\000\000\000\000\000\000\000\000"
 230      6C6C645F 
 230      696E6974 
 230      00000000 
 230      00000000 
 231 0016 0000AC00 		.ascii	"\000\000\254\000\000\000stm32_clock_init\000\000\000"
 231      00007374 
 231      6D33325F 
 231      636C6F63 
ARM GAS  /tmp/ccpG2KXD.s 			page 18


 231      6B5F696E 
 232 002f 00000000 		.ascii	"\000\000\000\000\000\000\000\000\000\256\000\000\000"
 232      00000000 
 232      00AE0000 
 232      00
 233 003c 53797374 		.ascii	"SystemCoreClock\000\000\000\000\000\000\000\000\000"
 233      656D436F 
 233      7265436C 
 233      6F636B00 
 233      00000000 
 234 0054 000000BC 		.ascii	"\000\000\000\274\000\000\000dmaInit\000\000\002\000"
 234      00000064 
 234      6D61496E 
 234      69740000 
 234      0200
 235 0066 00000000 		.ascii	"\000\000\000\000\000\000\000\000\260\000\000\000"
 235      00000000 
 235      B0000000 
 236              		.text
 237              		.section	.gnu.lto_.opts,"",%progbits
 238 0000 272D666E 		.ascii	"'-fno-trapv' '-mcpu=cortex-m3' '-mno-thumb-interwor"
 238      6F2D7472 
 238      61707627 
 238      20272D6D 
 238      6370753D 
 239 0033 6B272027 		.ascii	"k' '-mthumb' '-ggdb' '-O2' '-fomit-frame-pointer' '"
 239      2D6D7468 
 239      756D6227 
 239      20272D67 
 239      67646227 
 240 0066 2D66616C 		.ascii	"-falign-functions=16' '-ffunction-sections' '-fdata"
 240      69676E2D 
 240      66756E63 
 240      74696F6E 
 240      733D3136 
 241 0099 2D736563 		.ascii	"-sections' '-fno-common' '-flto'\000"
 241      74696F6E 
 241      73272027 
 241      2D666E6F 
 241      2D636F6D 
 242              		.text
 243              		.comm	__gnu_lto_v1,1,1
 244              		.comm	__gnu_lto_slim,1,1
 245              		.ident	"GCC: (15:4.9.3+svn231177-1) 4.9.3 20150529 (prerelease)"
ARM GAS  /tmp/ccpG2KXD.s 			page 19


DEFINED SYMBOLS
                            *ABS*:0000000000000000 hal_lld.c
                            *COM*:0000000000000001 __gnu_lto_v1
                            *COM*:0000000000000001 __gnu_lto_slim

NO UNDEFINED SYMBOLS
