ARM GAS  /tmp/ccbfT1fx.s 			page 1


   1              		.syntax unified
   2              		.cpu cortex-m3
   3              		.fpu softvfp
   4              		.eabi_attribute 20, 1
   5              		.eabi_attribute 21, 1
   6              		.eabi_attribute 23, 3
   7              		.eabi_attribute 24, 1
   8              		.eabi_attribute 25, 1
   9              		.eabi_attribute 26, 1
  10              		.eabi_attribute 30, 2
  11              		.eabi_attribute 34, 1
  12              		.eabi_attribute 18, 4
  13              		.thumb
  14              		.file	"nvic.c"
  15              		.text
  16              	.Ltext0:
  17              		.section	.gnu.lto_.profile.5804f02c854e7c67,"",%progbits
  18 0000 789C6366 		.ascii	"x\234cf```a\200\000F\006)1\000\000\276\0009"
  18      60606061 
  18      80004606 
  18      29310000 
  18      BE0039
  19              		.text
  20              		.section	.gnu.lto_.jmpfuncs.5804f02c854e7c67,"",%progbits
  21 0000 789C6366 		.ascii	"x\234cf\300\016\244\2404\013\003\023##s}=#\020\3243"
  21      C00EA4A0 
  21      340B0313 
  21      2323737D 
  21      3D2310D4 
  22 0015 41D8CC20 		.ascii	"A\330\314 6\003\000(\334\0036"
  22      36030028 
  22      DC0336
  23              		.text
  24              		.section	.gnu.lto_.inline.5804f02c854e7c67,"",%progbits
  25 0000 789C6D8C 		.ascii	"x\234m\214\313\015\2000\014C\235\017i\340\302\010\335"
  25      CB0D8030 
  25      0C439D0F 
  25      69E0C208 
  25      DD
  26 0011 801199A5 		.ascii	"\200\021\231\245#1\012#`\240\2528`)J\"\373\331\360\257"
  26      23310A23 
  26      60A0AA38 
  26      60294A22 
  26      FBD9F0AF 
  27 0025 BD6F0796 		.ascii	"\275o\007\226YT\2047\307\343\334\020\255*\364X\035\374"
  27      59548437 
  27      C7E3DC10 
  27      AD2AF458 
  27      1DFC
  28 0037 9246D2CA 		.ascii	"\222F\322\312\302\014\023\346\255\276\011\232\3764("
  28      C20C13E6 
  28      ADBE099A 
  28      FE3428
  29 0046 2617B92B 		.ascii	"&\027\271+\214\324\007\247\014%:8\274\001\342\002F;"
  29      8CD407A7 
  29      0C253A38 
  29      BC01E202 
ARM GAS  /tmp/ccbfT1fx.s 			page 2


  29      463B
  30 0058 0CFC     		.ascii	"\014\374"
  31              		.text
  32              		.section	.gnu.lto_.pureconst.5804f02c854e7c67,"",%progbits
  33 0000 789C6366 		.ascii	"x\234cf``\340d\200\000\026\006)F)&)f)\000\002\305\000"
  33      6060E064 
  33      80001606 
  33      29462926 
  33      29662900 
  34 0017 7F       		.ascii	"\177"
  35              		.text
  36              		.section	.gnu.lto_nvicEnableVector.5804f02c854e7c67,"",%progbits
  37 0000 789C9552 		.ascii	"x\234\225R\337K\223Q\030>\317\371\276\355\233\233Zt"
  37      DF4B9351 
  37      183ECFF9 
  37      BEED9B9B 
  37      5A74
  38 0012 132CA26E 		.ascii	"\023,\242n\206A\314\217\376\202\212\240;A\372\017b7"
  38      8641CC8F 
  38      FE828AA0 
  38      3B41FA0F 
  38      6237
  39 0024 09B98946 		.ascii	"\011\271\211Ft\347\231\033z\221\240\354FIv\223F?\226"
  39      74E7991B 
  39      7A91A0EC 
  39      46497693 
  39      463F96
  40 0037 33AD55AE 		.ascii	"3\255U\256\011\037\202\345Ei\243E2\306$Z`?.\322\204"
  40      091F82E5 
  40      4569A345 
  40      32C6245A 
  40      603F2ED2 
  41 004c 39A8EC7D 		.ascii	"9\250\354}\317\026]\350E\215\355\234\363\376x\336\347"
  41      CF165DE8 
  41      458DED9C 
  41      F3FE78DE 
  41      E7
  42 005d 79CE9921 		.ascii	"y\316\231!\366~\374\364;m\010q\212v\030\002rtE\210\250"
  42      F67EFCF4 
  42      3B6D0871 
  42      8A761802 
  42      72744588 
  43 0072 47027C10 		.ascii	"G\002|\020\020\375\022\375\370$7%F\235\324\270\257\355"
  43      10FD12FD 
  43      F8243725 
  43      469DD4B8 
  43      AFED
  44 0084 9652EA5B 		.ascii	"\226R\352[b5\332\351\240&\205\370.\353sp\033m\324SX"
  44      6235DAE9 
  44      A02685F8 
  44      2EEB7370 
  44      1B6DD453 
  45 0099 FB30681A 		.ascii	"\3730h\032'!\350<\237\336~\345\333\2205\211\343\034"
  45      2721E83C 
  45      9FDE7EE5 
  45      DB903589 
  45      E31C
ARM GAS  /tmp/ccbfT1fx.s 			page 3


  46 00ab 6613CBE3 		.ascii	"f\023\313\343n\016\245\311af!\375\374@`R\251\001gyN"
  46      6E0EA5C9 
  46      616621FD 
  46      FC406052 
  46      A9016779 
  47 00c0 9D316BD2 		.ascii	"\2351k\322\300\035\0304\017w\341\307=\370\005\245\004"
  47      C01D1834 
  47      0F77E1C7 
  47      3DF805A5 
  47      04
  48 00d1 520850F7 		.ascii	"R\010P\367\353\033\333\005\323\010\352\271\371\364\313"
  48      EB1BDB05 
  48      D308EAB9 
  48      F9F4CB
  49 00e0 420359FA 		.ascii	"B\003Y\372\203\274\277\017r\032\001n\337\214\377|\347"
  49      83BCBF0F 
  49      721A016E 
  49      DF8CFF7C 
  49      E7
  50 00f1 73C749F6 		.ascii	"s\307I\366\301\272Z\244\341\006\3553\207\034\265\273"
  50      C1BA5AA4 
  50      E106ED33 
  50      871CB5BB 
  51 0101 3B99C9CD 		.ascii	";\231\311\315\232-\000\267K\002\232\006/.0\261EG\227"
  51      9A2D00B7 
  51      4B029A06 
  51      2F2E30B1 
  51      454797
  52 0114 87167713 		.ascii	"\207\026w\023/^Z,!*4\204/\347\243\224\274\033E\014\254"
  52      2F5E5A2C 
  52      212A3484 
  52      2FE7A394 
  52      BC1B450C 
  53 0129 0DFDAA1A 		.ascii	"\015\375\252\032<\267*eUB\024\021+\271\353\261A)R1\225"
  53      3CB72A65 
  53      55421411 
  53      2BB9EBB1 
  53      41295231 
  54 013e 5FCF1BEC 		.ascii	"_\317\033\354\336c\012\314\220\304\"\026\023\340\026"
  54      DE630ACC 
  54      90C42216 
  54      13E016
  55 014d 2A6E7D51 		.ascii	"*n}QI\223\213Mj1\246ZY\365ze5\357\321)\301\341\315\267"
  55      49938B4D 
  55      6A31A65A 
  55      59F57A65 
  55      35EFD129 
  56 0165 3B9F5B93 		.ascii	";\237[\223\230\210*\345X5\351\305\003r:Kc\270X\233\032"
  56      98882AE5 
  56      5835E9C5 
  56      03723A4B 
  56      63B8589B 
  57 017a F605532A 		.ascii	"\366\005S*N\017\342\303\034\222\330\322\217B\225\353"
  57      4E0FE2C3 
  57      1C92D8D2 
  57      8F4295EB 
  58 018a 63F91D8F 		.ascii	"c\371\035\217=\255\342Q\347\010Q\343!\202U\351\322\357"
ARM GAS  /tmp/ccbfT1fx.s 			page 4


  58      3DADE251 
  58      E70851E3 
  58      218255E9 
  58      D2EF
  59 019c F5083689 		.ascii	"\365\0106\211c\245\345\301\225\361\316\272X\213\252"
  59      63A5E5C1 
  59      95F1CEBA 
  59      588BAA
  60 01ab 04FBFA66 		.ascii	"\004\373\372f\"\333\314\344n\227@F\213\035(\017\375"
  60      22DBCCE4 
  60      6E974046 
  60      8B1D280F 
  60      FD
  61 01bc 90F5260F 		.ascii	"\220\365&\017\217 \334N\303a\023\245\010\224\033\031"
  61      8F20DC4E 
  61      C36113A5 
  61      08941B19 
  62 01cc 59B234E8 		.ascii	"Y\2624\350\230\300c\015\212\225\006+\215k\361R\307\213"
  62      98C0630D 
  62      8A95062B 
  62      8D6BF152 
  62      C78B
  63 01de E4C69CB6 		.ascii	"\344\306\234\266iA\340\011\374\004\325\327\360\376p"
  63      6941E009 
  63      FC04D5D7 
  63      F0FE70
  64 01ed E31EFED5 		.ascii	"\343\036\376\325e3\236j\227\330\343\362hM\266`\236]"
  64      65339E6A 
  64      97D8E3F2 
  64      684DB660 
  64      9E5D
  65 01ff 5ADA6596 		.ascii	"Z\332e\226]z5\313\354\322\246\353\277y\236i\036\271"
  65      5D7A35CB 
  65      ECD2A6EB 
  65      BF799E69 
  65      1EB9
  66 0211 3F4FEE2F 		.ascii	"?O\356/\317B\235\247\214\2503v\236Y8[!\201\364\007!"
  66      CF429DA7 
  66      8CA83376 
  66      9E59385B 
  66      2181F407 
  67 0226 F489F676 		.ascii	"\364\211\366v\233\276\221>\373\322\305\313vO\244\367"
  67      9BBE913E 
  67      FBD2C5CB 
  67      764FA4F7 
  68 0236 4A9F1D8A 		.ascii	"J\237\035\212twG\302\366\331\013\035\347:\256\331\341"
  68      747747C2 
  68      F6D90B1D 
  68      E73AAED9 
  68      E1
  69 0247 AB5DA1F6 		.ascii	"\253]\241\366\220@\330\354\351\355\212\374\0061^-1"
  69      9040D8EC 
  69      E9ED8AFC 
  69      06315E2D 
  69      31
  70              		.text
  71              		.section	.gnu.lto_nvicDisableVector.5804f02c854e7c67,"",%progbits
ARM GAS  /tmp/ccbfT1fx.s 			page 5


  72 0000 789C8D51 		.ascii	"x\234\215QMk\023Q\024}\347\276\311$uB\0257\226\210\350"
  72      4D6B1351 
  72      147DE7BE 
  72      C9247542 
  72      15379688 
  73 0015 A654D066 		.ascii	"\246T\320f\376\202\"\270+\210\377@\262\261`\223bE\334"
  73      FE8222B8 
  73      2B88FF40 
  73      B2B16093 
  73      6245DC
  74 0028 F5A58971 		.ascii	"\365\245\211q\241\320\322\215\225\222Mk\353G\332\264"
  74      A1D0D28D 
  74      95924D6B 
  74      EB47DAB4 
  75 0038 A6C68F52 		.ascii	"\246\306\217Ra(\370\265P)\266(E\"b\224\372\261h\252"
  75      6128F8B5 
  75      5029B628 
  75      45226294 
  75      FAB168AA 
  76 004c D00C28F5 		.ascii	"\320\014(\365\336\031\027B7\0163\367\275{\3379\367\234"
  76      DE191742 
  76      370E33F7 
  76      BD7BDF39 
  76      F79C
  77 005e 3B4FABED 		.ascii	";O\253\355O\202\277nR\3520\257\320\0124\364R\251l\214"
  77      4F82BF6E 
  77      52EA30AF 
  77      D00A34F4 
  77      52A96C8C 
  78 0072 00D928A8 		.ascii	"\000\331(\250~B?\276P\2030\344\225F\234\216\011c\314"
  78      7E423FBE 
  78      508330E4 
  78      95469C8E 
  78      0963CC
  79 0085 FAD85CDB 		.ascii	"\372\330\\\333\3056\237i?(l\203\033\350`\310\362\333"
  79      C5369F69 
  79      3F286C83 
  79      1BE860C8 
  79      F2DB
  80 0097 8F054B1F 		.ascii	"\217\005K\037\202\342\375\303\362\317\027\316\032\371"
  80      82E2FDC3 
  80      F2CF17CE 
  80      1AF9
  81 00a5 840392CE 		.ascii	"\204\003\222\316\017?\033\261%%K\322\352\243\362\223"
  81      0F3F1BB1 
  81      25254BD2 
  81      EAA3F293 
  82 00b5 9DEDE3C6 		.ascii	"\235\355\343\306\014x\317+\346\210\345\223\306Mh\356"
  82      0C78CF2B 
  82      E688E593 
  82      C64D68EE 
  83 00c5 875B48E0 		.ascii	"\207[H\3406\022\212K\012%\264\013\274\221\377\375\306"
  83      36128A4B 
  83      0A25B40B 
  83      BC91FFFD 
  83      C6
  84 00d6 B1F3ACBD 		.ascii	"\261\363\254\275+\324\304\024l\360:\263\3333[[\343\223"
ARM GAS  /tmp/ccbfT1fx.s 			page 6


  84      2BD4C414 
  84      6CF03AB3 
  84      DB335B5B 
  84      E393
  85 00e8 5355AB05 		.ascii	"SU\253\005\02081\321\322\034\"\226\204\010\007[\251"
  85      103831D1 
  85      D21C2296 
  85      8408075B 
  85      A9
  86 00f9 3A9364A2 		.ascii	":\223d\242OD\262\352U\344j\205\317\327NH\237M\242M\226"
  86      4F44B2EA 
  86      55E46A85 
  86      CFD74E48 
  86      9F4DA24D 
  87 010e 207C7F3D 		.ascii	" |\177=:\037\027\217\314\3024[X\305@\355\322/\012A\232"
  87      3A1F178F 
  87      CCC2345B 
  87      58C540ED 
  87      D22F0A41 
  88 0123 415CC935 		.ascii	"A\\\3115\3550\267\270\304\244\205\301\301\307\321\200"
  88      ED30B7B8 
  88      C4A485C1 
  88      C1C7D180 
  89 0133 B45FA11C 		.ascii	"\264_\241\034\220r\357\012u\035\202\"\214xZ\\\253X\202"
  89      9072EF0A 
  89      751D8222 
  89      8C785A5C 
  89      AB5882
  90 0146 60C79841 		.ascii	"`\307\230A\202\251\014Z\034\376\260G0\014\330\370f\212"
  90      82A90C5A 
  90      1CFEB047 
  90      300CD8F8 
  90      668A
  91 0158 01206A16 		.ascii	"\001 j\026s\246U\006~_\177\265\024\013JJ\322\261\225"
  91      73A65506 
  91      7E5F7FB5 
  91      140B4A4A 
  91      D2B195
  92 016b E6D7D622 		.ascii	"\346\327\326\"F\263\306xQ\237b\230\345\237t\207\305"
  92      46B3C678 
  92      519F6298 
  92      E59F7487 
  92      C5
  93 017c E4D0BF7E 		.ascii	"\344\320\277~\305\351,\231<|jA\005El\004\267\302'\227"
  93      C5E92C99 
  93      3C7C6A41 
  93      05456C04 
  93      B7C22797 
  94 0190 AF2E3563 		.ascii	"\257.5c\356\264\311g\275}>\355\300\034:y\330\340\302"
  94      EEB4C967 
  94      BD7D3EED 
  94      C01C3A79 
  94      D8E0C2
  95 01a3 EEC26577 		.ascii	"\356\302ew\342c}v\271\241\377:\371_\035\007\325@\007"
  95      E2637D76 
  95      B9A1FF3A 
  95      F95F1D07 
ARM GAS  /tmp/ccbfT1fx.s 			page 7


  95      D54007
  96 01b6 DB74F6FA 		.ascii	"\333t\366\372\024\307=\321A\240s\037\356\277\343\304"
  96      14C73DD1 
  96      41A0731F 
  96      EEBFE3C4 
  97 01c6 B9F480FB 		.ascii	"\271\364\200\373\325\220\365V\216\213\252\240\352\014"
  97      D590F556 
  97      8E8BAAA0 
  97      EA0C
  98 01d4 E65B6167 		.ascii	"\346[ag\007\223I\227\337L\237{\372\324\031\2677s\366"
  98      07934997 
  98      DF4C9F7B 
  98      FAD419B7 
  98      3773F6
  99 01e7 5C9F9BCA 		.ascii	"\\\237\233\312\364\364d\322\356\321\223]\307\272.\270"
  99      F4F464D2 
  99      EED1935D 
  99      C7BA2EB8 
 100 01f7 E9F3DDA9 		.ascii	"\351\363\335\251dJ!\375\007\351\276\345?"
 100      644A21FD 
 100      07E9BEE5 
 100      3F
 101              		.text
 102              		.section	.gnu.lto_nvicSetSystemHandlerPriority.5804f02c854e7c67,"",%progbits
 103 0000 789C6D51 		.ascii	"x\234mQ=hSQ\024>\337\271//\321\250\025\247\022\027\227"
 103      3D685351 
 103      143EDFB9 
 103      2F2FD1A8 
 103      15A71217 
 104 0015 50419A37 		.ascii	"PA\23278\270*\016N]\034\335J\024Zh\363J*\342\326\233"
 104      38B82A0E 
 104      4E5D1CDD 
 104      4A145A68 
 104      F34A2AE2 
 105 002b 36E222A5 		.ascii	"6\342\"\245t*j\020\214b5mj\253 :=\035\244\024\255\006"
 105      742A6A10 
 105      8C62356D 
 105      6AAB203A 
 105      3D1DA414 
 106 0041 0A95500C 		.ascii	"\012\225P\014\205(\212\213\375\201\360\2405\236\363"
 106      85288A8B 
 106      FD81F0A0 
 106      359EF3
 107 0050 4227BDDC 		.ascii	"B'\275\334\277\363\363}\347;\367\032\372w\244dm\202"
 107      BFF3F37D 
 107      E73BF71A 
 107      FA77A464 
 107      6D82
 108 0062 E89C9C30 		.ascii	"\350\234\2340\004\236Z%*$\030\320\013\201\306\030c\370"
 108      049E5A25 
 108      2A2418D0 
 108      0B81C618 
 108      63F8
 109 0074 C95B8CA9 		.ascii	"\311[\214\251\2402\223\354yl\255\375\375\360U\367\255"
 109      A03293EC 
 109      796CADFD 
 109      FDF055F7 
ARM GAS  /tmp/ccbfT1fx.s 			page 8


 109      AD
 110 0085 EE908976 		.ascii	"\356\220\211v\270C\203'\350\221\224\007\263\353s]\346"
 110      B8438327 
 110      E8919407 
 110      B3EB735D 
 110      E6
 111 0096 0C48EEAF 		.ascii	"\014H\356\257\253\273\037\223?8d\234R\363\315\364\362"
 111      ABBB1F93 
 111      3F38649C 
 111      52F3CDF4 
 111      F2
 112 00a7 8CAB263B 		.ascii	"\214\253&;j.\356\025\367\220.[;\036l,\331\363N\310\006"
 112      6A2EEE15 
 112      F7902E5B 
 112      3B1E6C2C 
 112      D9F34EC8 
 113 00bc B330C287 		.ascii	"\2630\302\207\247H\341\031R$.B\005i\311\376|ww\3151"
 113      A748E119 
 113      52242E42 
 113      0569C9FE 
 113      7C7777CD 
 114 00d1 6723DE5A 		.ascii	"g#\336Z\365\303ZW\007\371\347\0009\367\037\344<\322"
 114      F5C35A57 
 114      07F9E700 
 114      39F71FE4 
 114      3CD2
 115 00e3 9ABE55DC 		.ascii	"\232\276U\334_O\272EQ}|\377@0\252p\245gZ8\021\330v\273"
 115      5F4FBA45 
 115      517D7CFF 
 115      4030AA70 
 115      A5675A38 
 116 00fb FCFE6D29 		.ascii	"\374\376m)\2168\240\020\026\260ct\213A\213\0235\005"
 116      8E38A010 
 116      16B06374 
 116      8B418B13 
 116      3505
 117 010d A16FF18D 		.ascii	"\241o\361\215YOS\307\370\227\333\337\357_Q\222\026s"
 117      594F53C7 
 117      F897DBDF 
 117      EF5F5192 
 117      1673
 118 011f 8B41754C 		.ascii	"\213AuLl\270\035\333\210K\252>\2525jF\273\2159\204\005"
 118      6CB81DDB 
 118      884BAA3E 
 118      AA356A46 
 118      BB8D3984 
 119 0134 9154C7BB 		.ascii	"\221T\307\273ih\212\004\177mO6\016k\320\265\365\011"
 119      69688A04 
 119      7F6D4F36 
 119      0E6BD0B5 
 119      F509
 120 0146 7B4C5536 		.ascii	"{LU6\232\237j\211\310E\321\353\254\264W\216\224p\257"
 120      9A9F6A89 
 120      C845D1EB 
 120      ACB4578E 
 120      9470AF
 121 0159 606DE086 		.ascii	"`m\340\206\034\307s\351lQh48\271\263\274y\250\267b\213"
ARM GAS  /tmp/ccbfT1fx.s 			page 9


 121      1CC773E9 
 121      6C516834 
 121      38B9B3BC 
 121      79A8B762 
 122 016e 08398125 		.ascii	"\0109\201%\224\260\035\375\202\204\252\253\345;G\275"
 122      94B01DFD 
 122      8284AAAB 
 122      E53B47BD 
 123 017e 795B2C04 		.ascii	"y[,\004'\2456^\240\267\305\261\350\203^\302\023u\364"
 123      27A5365E 
 123      A0B7C5B1 
 123      E8835EC2 
 123      1375F4
 124 0191 1585A074 		.ascii	"\025\205\240tI\205\250\267)\342\245'\201\237\316d<\231"
 124      4985A8B7 
 124      29E2A527 
 124      819FCE64 
 124      3C99
 125 01a3 FEA837D0 		.ascii	"\376\2507\320?\344\215\370\371\353\243^\326\037\036"
 125      3FE48DF8 
 125      F9EBA35E 
 125      D61F1E
 126 01b2 F673DE85 		.ascii	"\366s\336\205\313}\027\373nz\271\033\203\331L\226\342"
 126      CB7D17FB 
 126      6E7AB91B 
 126      83D94C96 
 126      E2
 127 01c3 03FDB9AB 		.ascii	"\003\375\271\253C\327\362\316H~\320\377\013\266\032"
 127      43D7F2CE 
 127      487ED0FF 
 127      0BB61A
 128 01d2 B95D     		.ascii	"\271]"
 129              		.text
 130              		.section	.gnu.lto_nvicClearPending.5804f02c854e7c67,"",%progbits
 131 0000 789C6551 		.ascii	"x\234eQMKTQ\030~\237\367\334\27132a\321J\006\302\026"
 131      4D4B5451 
 131      187E9FF7 
 131      DCB93332 
 131      61D14A06 
 132 0016 8A423AF7 		.ascii	"\212B:\367/\024-Z\011\321?\210\331$\350\214d\204;\317"
 132      2F142D5A 
 132      09D13F88 
 132      D924E88C 
 132      64843BCF 
 133 002a 38932D12 		.ascii	"8\223-\022\0247\0112\233J\264&\307T\\\344\007\\\204"
 133      14370932 
 133      9B4AB426 
 133      C7545CE4 
 133      075C84
 134 003d C24DC594 		.ascii	"\302M\305\224QH\214\013'\350k\221f8wa\366\276\367\266"
 134      51488C0B 
 134      27E86B91 
 134      66387761 
 134      F6BEF7B6 
 135 0051 EB72EE39 		.ascii	"\353r\3569\347y\316\363\274\037\347\030\372\377K\311"
 135      E779CEF3 
 135      BC1FE718 
ARM GAS  /tmp/ccbfT1fx.s 			page 10


 135      FAFF4BC9 
 136 0061 FF1B445D 		.ascii	"\377\033D]\262\302\020x\3425Q>\301\200n\0104\314\030"
 136      B2C21078 
 136      E235513E 
 136      C1806E08 
 136      34CC18
 137 0074 C657DE67 		.ascii	"\306W\336gL\370\345\251d\307\214\265\366\347\333\265"
 137      4CF8E5A9 
 137      64C78CB5 
 137      F6E7DBB5 
 138 0084 963B2D01 		.ascii	"\226;-\001\023\375\342(\014f\321!\222\355\217{\243\216"
 138      13FDE228 
 138      0C66D121 
 138      92ED8F7B 
 138      A38E
 139 0096 B90092FD 		.ascii	"\271\000\222\375\363\312\341\253\344\027\016\030\347"
 139      F3CAE1AB 
 139      E4170E18 
 139      E7
 140 00a3 15AE4E6E 		.ascii	"\025\256NnM\271\012\331Q\270\262Qyy\272\375\241\265"
 140      4DB90AD9 
 140      51B8B251 
 140      7979BAFD 
 140      A1B5
 141 00b5 23FED692 		.ascii	"#\376\326\222\275\350\004l0\007#\361\360\030)<A\212"
 141      BDE8046C 
 141      300723F1 
 141      F018293C 
 141      418A
 142 00c7 842294D1 		.ascii	"\204\"\224\321\256\362\375\342\361\207\244[\224\334"
 142      AEF2FDE2 
 142      F187A45B 
 142      94DC
 143 00d5 67A29C78 		.ascii	"g\242\234x\012W\312\246\205\263\276=9\331\233\031\333"
 143      0A57CAA6 
 143      85B3BE3D 
 143      39D99B19 
 143      DB
 144 00e6 709A0095 		.ascii	"p\232\000\225\263\030\035#S\314\321)\246\223\253\034"
 144      B3181D23 
 144      53CCD129 
 144      A693AB1C 
 145 00f6 515D9CDA 		.ascii	"Q]\234\332\326gf]\315\016\012\265\321?\245\253\032\354"
 145      D667665D 
 145      CD0E0AB5 
 145      D13FA5AB 
 145      1AEC
 146 0108 88F948F2 		.ascii	"\210\371H\3620~\274\233^=\245\205\212\025\363R\307\016"
 146      307EBC9B 
 146      5E3DA585 
 146      8A15F352 
 146      C70E
 147 011a 466A77B7 		.ascii	"Fjw\267M$2\"\022\246\320p#\354\010%\246\365\361\361"
 147      4D243222 
 147      12A6D070 
 147      23EC0825 
 147      A6F5F1F1 
ARM GAS  /tmp/ccbfT1fx.s 			page 11


 148 012e 17F1D0D4 		.ascii	"\027\361\320\324J\250\204\246\302\247\177\222\030\332"
 148      4AA884A6 
 148      C2A77F92 
 148      18DA
 149 013c 52228CE2 		.ascii	"R\"\214\342\034rD*/\314\346$\024K\204\203\357\266\344"
 149      1C72442A 
 149      2FCCE624 
 149      144B8483 
 149      EFB6E4
 150 014f 6804D76E 		.ascii	"h\004\327n\026l\2636\275[\177SM\204\024)|\360\276\361"
 150      166CB336 
 150      BD5B7F53 
 150      4D841429 
 150      7CF0BEF1 
 151 0163 ADB984E9 		.ascii	"\255\271\204\351\274\265~<\3408\026\344\242\236I.=\014"
 151      BCB57E3C 
 151      E03816E4 
 151      A29E492E 
 151      3D0C
 152 0175 1E8D25BB 		.ascii	"\036\215%\273\313\266\210\200\023XD\011\007\341\313"
 152      CBB68880 
 152      13584409 
 152      07E1CB
 153 0184 C8C9BDFB 		.ascii	"\310\311\275\373\325F\302\233\267\305\274\177.\340&"
 153      D546C29B 
 153      B7C5BC7F 
 153      2EE026
 154 0193 2CA15B7A 		.ascii	",\241[z\015\037m\031\236TB5\344\375\352\025\255C\331"
 154      0D1F6D19 
 154      9E544235 
 154      E4FDEA15 
 154      AD43D9
 155 01a6 BA342897 		.ascii	"\2724(\227#\212\316t\332\223\221\033\364n\\\357\363"
 155      238ACE74 
 155      DA93911B 
 155      F46E5CEF 
 155      F3
 156 01b7 0672376F 		.ascii	"\006r7o\015z\231\\\177\177.\353]\272\326s\271g\310\313"
 156      0D7A995C 
 156      7F7F2EEB 
 156      5DBAD673 
 156      B967C8CB 
 157 01cb DEEECDA4 		.ascii	"\336\356\315\2443\204\354_\226+\272\027"
 157      3384EC5F 
 157      962BBA17 
 158              		.text
 159              		.section	.gnu.lto_.symbol_nodes.5804f02c854e7c67,"",%progbits
 160 0000 789C6366 		.ascii	"x\234cf``pc\200\002\246+\214\365\014\014\023\31610\324"
 160      60607063 
 160      8002A62B 
 160      8CF50C0C 
 160      13CE3130 
 161 0015 D733CC5B 		.ascii	"\3273\314[\300\301\300t\225\261\236\021E\340\032c=\023"
 161      C0C1C074 
 161      95B19E11 
 161      45E01A63 
 161      3D13
ARM GAS  /tmp/ccbfT1fx.s 			page 12


 162 0027 8AC075C6 		.ascii	"\212\300u\306zfd\001\006\000\334\224\0246"
 162      7A666401 
 162      0600DC94 
 162      1436
 163              		.text
 164              		.section	.gnu.lto_.refs.5804f02c854e7c67,"",%progbits
 165 0000 789C6366 		.ascii	"x\234cf```d\200\002\000\000=\000\005"
 165      60606064 
 165      80020000 
 165      3D0005
 166              		.text
 167              		.section	.gnu.lto_.decls.5804f02c854e7c67,"",%progbits
 168 0000 789CBD58 		.ascii	"x\234\275XkPTG\026\236\276=\274\206apuWST\266\326\220"
 168      6B505447 
 168      169EBE3D 
 168      BC866170 
 168      75575354 
 169 0017 2ACA6C12 		.ascii	"*\312l\022q\223M6\377\022\202f%U&\354\220\370g\177\020"
 169      71934D36 
 169      FF128266 
 169      255526EC 
 169      90F8677F 
 170 002c 8264A50A 		.ascii	"\202d\245\012\301\202q7\376\2730D\007\001%\274\004\021"
 170      C1827137 
 170      FEBB3044 
 170      070125BC 
 170      0411
 171 003e 1CE5E1C8 		.ascii	"\034\345\341\310\313\021\020\001y\253\210\002\002\212"
 171      CB111001 
 171      79AB8802 
 171      028A
 172 004c 02A2303E 		.ascii	"\002\2420>\"\010((( ,\263\247\273\357\235\031\256\003"
 172      22082828 
 172      28202CB3 
 172      A7BBEF9D 
 172      19AE03
 173 005f 9B1F5B7B 		.ascii	"\233\037[{\213sg\316\355\257O\177\347\334\323\247\017"
 173      8B7367CE 
 173      EDAF4F7F 
 173      E7DCD3A7 
 173      0F
 174 0070 836532D9 		.ascii	"\203e2\331Q$\223\231\341J\\'\223\2518\231\314\001\236"
 174      51249399 
 174      E14A5C27 
 174      93A93899 
 174      CC019E
 175 0083 F9CBAC97 		.ascii	"\371\313\254\227\034\244\022\244\006\244\026\244^\366"
 175      1CA412A4 
 175      06A416A4 
 175      5EF6
 176 0091 FA45C655 		.ascii	"\372E\306U\302<\362\251\0041\202\254\005y\013\344K\220"
 176      C23CF2A9 
 176      043182AC 
 176      05790BE4 
 176      4B90
 177 00a3 AD209741 		.ascii	"\255 \227AV\301z*\220)\370\336\015\322\006\202A\\\341"
 177      56C17A2A 
ARM GAS  /tmp/ccbfT1fx.s 			page 13


 177      9029F8DE 
 177      0DD20682 
 177      415CE1
 178 00b6 19072243 		.ascii	"\031\007\"C\364\217\332\224^\204\203\233\235ul\327\020"
 178      F48FDA94 
 178      5E84839B 
 178      9D756CD7 
 178      10
 179 00c7 ED8BB6A7 		.ascii	"\355\213\266\247\204u9\202Gl\035$\330\222^\304?\227"
 179      84753982 
 179      476C1D24 
 179      D8925EC4 
 179      3F97
 180 00d9 65FC2036 		.ascii	"e\374 6\202`\342w \236\202\215\257\205\317ZF[\266\033"
 180      8260E277 
 180      209E828D 
 180      AF85CF5A 
 180      465BB61B 
 181 00ed 2DB54762 		.ascii	"-\265Gb\245X\201\257\224+\231\316\0116\355\305\371\031"
 181      A55881AF 
 181      942B99CE 
 181      0936EDC5 
 181      F919
 182 00ff 87AA4BA7 		.ascii	"\207\252K\247;\\G8\244R\254'jMrk\206#\250J\205\234\250"
 182      3B5C4738 
 182      A452AC27 
 182      6A4D726B 
 182      8623A84A 
 183 0116 0DF5B32D 		.ascii	"\015\365\263-\012\014&\340{n\306\275\036\305{\205<\317"
 183      0A0C26E0 
 183      7B6EC6BD 
 183      1EC57B85 
 183      3CCF
 184 0128 EBF8C63E 		.ascii	"\353\370\306>d5\221\2403]Q\340\325\024\024]p>\301\011"
 184      643591A0 
 184      335D51E0 
 184      D514145D 
 184      703EC109 
 185 013c E6BFA5A0 		.ascii	"\346\277\245\240CCYsy.T%)\341\016\217\270\326G|\256"
 185      43435973 
 185      792E5425 
 185      29E10E8F 
 185      B8D6477C 
 186 0151 0A7929F2 		.ascii	"\012y)\362\300\320d]r\313\233</G\247\221\002\025!\214"
 186      C0D0645D 
 186      72CB9B3C 
 186      2F47A791 
 186      0215218C 
 187 0165 0AD17B84 		.ascii	"\012\321{\2046\231M.\035\317\307\360IZ\336\245U%C'\221"
 187      36994D2E 
 187      1DCFC7F0 
 187      495ADEA5 
 187      55254327 
 188 017a 0732200F 		.ascii	"\0072 \017\031*E^\200\240XT\014\017K\340!\030\276\264"
 188      192A455E 
 188      80A05854 
 188      0C0F4BE0 
ARM GAS  /tmp/ccbfT1fx.s 			page 14


 188      2118BEB4 
 189 018e 501FEB80 		.ascii	"P\037\353\200\024^\366'\235\2613\211R\310\322&\257%"
 189      145EF627 
 189      9DB13389 
 189      52C8D226 
 189      AF25
 190 01a0 148C40E1 		.ascii	"\024\214@\341\224\225\0020\2628\250+1\326\272\310\341"
 190      94950230 
 190      B238A82B 
 190      31D6BAC8 
 190      E1
 191 01b1 8553D0DF 		.ascii	"\205S\320\337id\216t\025g)-\317\312\020}Xr\350\305E"
 191      69648E74 
 191      1567292D 
 191      CFCA107D 
 191      5872E8C5 
 192 01c6 E5BA3430 		.ascii	"\345\27240K\010\254\222#\377\265\026\0062T\201`K\240"
 192      4B08AC92 
 192      23FFB516 
 192      06325481 
 192      604BA0
 193 01d9 72246756 		.ascii	"r$gV\313z\212r\0248\234\206\315\330\323_\210\327\347"
 193      CB7A8A72 
 193      14389C86 
 193      CDD8D35F 
 193      88D7E7
 194 01ec F07AE3A4 		.ascii	"\360z\343\24497\007g\362\372\030~\321lFt\022:k\241%"
 194      39370767 
 194      F2FA187E 
 194      D16C4674 
 194      123A6BA1 
 195 0201 23DF292D 		.ascii	"#\337)-T\211\326/Cm\240|\361\251\373\262,\252(\213s"
 195      5489D62F 
 195      436DA07C 
 195      F1A9FBB2 
 195      2CAA288B 
 196 0216 228BF684 		.ascii	"\"\213\366\204\375\227\224\330\200(\215\272\266\246"
 196      FD9794D8 
 196      80288DBA 
 196      B6A6
 197 0224 970E9486 		.ascii	"\227\016\224\206\376H\256c+\337h6\177J&\240j\033\006"
 197      FE48AE63 
 197      2BDF6836 
 197      7F4A26A0 
 197      6A1B06
 198 0237 D522831A 		.ascii	"\325\"\203\032\312 \265\252Z\353\206k\230\001\343\223"
 198      CA20B5AA 
 198      5AEB866B 
 198      9801E393 
 199 0247 0CAD1333 		.ascii	"\014\255\0233Pc1@\\8oc\340\274h\240\226\032\350O\340"
 199      50633140 
 199      5C386F63 
 199      E0BC68A0 
 199      961AE84F 
 200 025c 67E5B897 		.ascii	"g\345\270\227\031\230k\234\031\023\014\334]\302\240"
 200      19986B9C 
 200      19130CDC 
ARM GAS  /tmp/ccbfT1fx.s 			page 15


 200      5DC2A0
 201 026b CEC6409D 		.ascii	"\316\306@\235h\240\236\032\020sn-\313\271\203mG\232"
 201      68A09E1A 
 201      10736E2D 
 201      CBB9836D 
 201      479A
 202 027d 3055CDD4 		.ascii	"0U\315\324\344\341\356\276sr<\302\354\037\0308\325\356"
 202      E4E1EEBE 
 202      73723CC2 
 202      EC1F1838 
 202      D5EE
 203 028f 8427A9C2 		.ascii	"\204'\251\302%?\230\316Gb\306L&\363\370\015\031z\317"
 203      253F98CE 
 203      4762C64C 
 203      26F3F80D 
 203      197ACF
 204 02a2 03BD03E9 		.ascii	"\003\275\003\351r\021\322e\255\220.\015\020\273F1]\352"
 204      7211D265 
 204      AD902E0D 
 204      10BB4631 
 204      5DEA
 205 02b4 5E991049 		.ascii	"^\231\020I\227\013\020\356fk\272\254\265d\013g\352\315"
 205      970B10EE 
 205      666BBAAC 
 205      B5640B67 
 205      EACD
 206 02c6 FF9B7DA3 		.ascii	"\377\233}\243-\313\031\315\322\266\375\216\030\275\004"
 206      2DCB19CD 
 206      D2B6FD8E 
 206      18BD04
 207 02d5 469BAC46 		.ascii	"F\233\254F/\330\344\340\255\204\350\303X\001F\265\277"
 207      2FD8E4E0 
 207      AD84E8C3 
 207      580146B5 
 207      BF
 208 02e6 C228BA8C 		.ascii	"\302(\272\214\0240g8\236\237\226\323\275\2557Q\357;"
 208      14306738 
 208      9E9F96D3 
 208      BDAD3751 
 208      EF3B
 209 02f8 AF9A752A 		.ascii	"\257\232u*\272\273c\337$\372\376\253\275\375\216\370"
 209      BABB63DF 
 209      24FAFEAB 
 209      BDFD8EF8 
 210 0308 150BCD93 		.ascii	"\025\013\315\223\346\274\037\331\002\277j\363\300\214"
 210      E6BC1FD9 
 210      02BF6AF3 
 210      C08C
 211 0316 F3EDA74E 		.ascii	"\363\355\247Ns\324>\317\331\326\022%\253%3\271\2461"
 211      73D43ECF 
 211      D9D61225 
 211      AB2533B9 
 211      A631
 212 0328 445527A2 		.ascii	"DU'\242\232\026\223xw\262\000/,\000\0036y\331I\234E"
 212      9A169378 
 212      77B2002F 
 212      2C000336 
ARM GAS  /tmp/ccbfT1fx.s 			page 16


 212      79D9499C 
 213 033d 1B3CD035 		.ascii	"\033<\3205f\274\274l\246S\265:\211\302y~\275\206&x;"
 213      66BCBC6C 
 213      A653B53A 
 213      89C2797E 
 213      BD862678 
 214 0352 C03B28BC 		.ascii	"\300;(\274\013\255\026'\321\0324:\275\340`\213n[\011"
 214      0BAD1627 
 214      D11A343A 
 214      BDE0608B 
 214      6E5B09
 215 0365 3D585873 		.ascii	"=XXs\321\025\307\262\272\326\362\270\376\240\222y\341"
 215      D115C7B2 
 215      BAD6F2B8 
 215      FEA09279 
 215      E1
 216 0376 4873B8A1 		.ascii	"Hs\270\241(\316\205\322\376\216\250w\272n\026\261\230"
 216      28CE85D2 
 216      FE8EA877 
 216      BA6E16B1 
 216      98
 217 0387 AD23EAE2 		.ascii	"\255#\352\342\003\335\224\303\362^\334\022\275\270\311"
 217      03DD94C3 
 217      F25EDC12 
 217      BDB8C9
 218 0396 BCA8378E 		.ascii	"\274\2507\216g:J\275\270\001\360\036\012\357\245\274"
 218      673A4ABD 
 218      B801F01E 
 218      0AEFA5BC 
 219 03a6 6E89BCF2 		.ascii	"n\211\274\362\372\016\035\3058\216\361\332\177\324|"
 219      FA0E1DC5 
 219      388EF1DA 
 219      7FD47C
 220 03b5 C20DA730 		.ascii	"\302\015\2470%\255\366h2#\305S\275#'\373\034\306\031"
 220      25ADF668 
 220      3223C553 
 220      BD2327FB 
 220      1CC619
 221 03c8 6CF062F7 		.ascii	"l\360b\367@\021+\332z\252\353.\315v\311\361q6(\276$"
 221      40112BDA 
 221      7AAAEB2E 
 221      CD76C9F1 
 221      713628BE 
 222 03dd A5F0921E 		.ascii	"\245\360\222\036\225\264\344\252p\201\340{G\367C\366"
 222      95B4E4AA 
 222      7081E07B 
 222      47F743F6 
 223 03ed 8AF474F0 		.ascii	"\212\364t\360\345\343\246\002'ld\203s)qi\314,\217\211"
 223      E5E3A602 
 223      276C6483 
 223      73297169 
 223      CC2C8F89 
 224 0401 6EAECCB8 		.ascii	"n\256\314\270\342\206\317\262\301\366\314\274<%\233"
 224      E286CFB2 
 224      C1F6CCBC 
 224      3C259B
 225 0410 490707DA 		.ascii	"I\007\007\332\223\346\225\270\201\015\036\232\354N\024"
ARM GAS  /tmp/ccbfT1fx.s 			page 17


 225      93E695B8 
 225      810D1E9A 
 225      EC4E14
 226 041f D8D28AF4 		.ascii	"\330\322\212\364$\177a\224%\"\257\242\234f+O\262\230"
 226      247F6194 
 226      2522AFA2 
 226      9C662B4F 
 226      B298
 227 0431 B2BCE45F 		.ascii	"\262\274\344_\245\013!\377\013\255\255\215\351].\313"
 227      A50B21FF 
 227      0BADAD8D 
 227      E95D2ECB 
 228 0441 C778548C 		.ascii	"\307xT\214\361c\026\343\236k9\251\257e\3120\300G(|\214"
 228      F16316E3 
 228      9E6B39A9 
 228      AF65CA30 
 228      C047287C 
 229 0456 C678548C 		.ascii	"\306xT\214\361\374\342\251\0117|\221\021\315o\234\211"
 229      F1FCE2A9 
 229      09377C91 
 229      11CD6F9C 
 229      89
 230 0467 67C1D153 		.ascii	"g\301\321S\242\206\206\344\223\002Qw\032\346LS\005#"
 230      A28686E4 
 230      93025177 
 230      1AE64C53 
 230      0523
 231 0479 3A49F1B1 		.ascii	":I\361\261\275\272N'\252OP\375\344\323\033F\347\345"
 231      BDBA4E27 
 231      AA4F50FD 
 231      E4D31B46 
 231      E7E5
 232 048b 993E1399 		.ascii	"\231>\023\231N2\246\263\203\347\352\334\255L\021\335"
 232      4E32A6B3 
 232      83E7EADC 
 232      AD4C11DD 
 233 049b F04F013E 		.ascii	"\360O\001>A\341\317)\323g\"\323\305\372\2716\245-\372"
 233      41E1CF29 
 233      D36722D3 
 233      C5FAB936 
 233      A52DFA
 234 04ae F24AE863 		.ascii	"\362J\350c=\317\262\224\370\332\322\234V\0129=\251\257"
 234      3DCFB294 
 234      F8DAD29C 
 234      560A393D 
 234      A9AF
 235 04c0 BAE7C2FC 		.ascii	"\272\347\302\374:N\001\346\374\361\024g\012H\372-\321"
 235      3A4E01E6 
 235      FCF11467 
 235      0A48FA2D 
 235      D1
 236 04d1 4FC4D40C 		.ascii	"O\304\324\014\273Q]\353@\364\242\371\033c+\244\371\234"
 236      BB515DEB 
 236      40F4A2F9 
 236      1B632BA4 
 236      F99C
 237 04e3 E8D82C73 		.ascii	"\350\330,s,\361v\271\\\372\006^\002z\206\242_Q\246s"
ARM GAS  /tmp/ccbfT1fx.s 			page 18


 237      2CF176B9 
 237      5CFA065E 
 237      027A86A2 
 237      5F51A673 
 238 04f7 22D35B97 		.ascii	"\"\323[\227n\337q\303\335\214\251\241\342\246\211e\340"
 238      6EDF71C3 
 238      DD8CA9A1 
 238      E2A68965 
 238      E0
 239 0508 24AD1293 		.ascii	"$\255\022\223\263\013\327]\360\000\033\324\026\017\316"
 239      B30BD75D 
 239      F0001BD4 
 239      160FCE
 240 0517 29981BA4 		.ascii	")\230\033\244^\271\317\031\342\377\200<\305k\015\271"
 240      5EB9CF19 
 240      E2FF803C 
 240      C56B0DB9 
 241 0527 79E94901 		.ascii	"y\351I\001m\215\177\365e2\317\347\275A\326B\363PBu\334"
 241      6D8D7FF5 
 241      6532CFE7 
 241      BD41D642 
 241      F3504275 
 242 053c 1A0B03B4 		.ascii	"\032\013\003\264@i\374\021n2=\037\033\255\357x\267u"
 242      4069FC11 
 242      6E323D1F 
 242      1BADEF78 
 242      B775
 243 054e 13EA06E4 		.ascii	"\023\352\006\344u\001)V\012p\311\006\250\325?.r\004"
 243      75012956 
 243      0A70C906 
 243      A8D53F2E 
 243      7204
 244 0560 24A925FF 		.ascii	"$\251%\377\026\220\226\232\270(\2619 \332\274'\265y"
 244      1690969A 
 244      B828B139 
 244      20DABC27 
 244      B579
 245 0572 DF16C9F3 		.ascii	"\337\026\311\363\372k\004\011;\037\365\011H\261\036"
 245      FA6B0409 
 245      3B1FF509 
 245      48B11E
 246 0581 08C5CA8A 		.ascii	"\010\305\312\212\274-\"\207\244H\223\004yGD>\220\"\037"
 246      BC2D2287 
 246      A4489304 
 246      7947443E 
 246      90221F
 247 0594 4A907D22 		.ascii	"J\220}\"r@\212\274#\361\350\256\350\321/R\217\036Y\221"
 247      72408ABC 
 247      23F1E8AE 
 247      E8D12F52 
 247      8F1E5991 
 248 05a8 3F0B2FFD 		.ascii	"?\013/\3753\215\014\265\302\370\025:D\320pZ\240D\316"
 248      338D0CB5 
 248      C2F8153A 
 248      44D0705A 
 248      A044CE
 249 05bb 0BF19C27 		.ascii	"\013\361\234'\322\202$\200\354\0039\000\022\013\022"
ARM GAS  /tmp/ccbfT1fx.s 			page 19


 249      D2822480 
 249      EC033900 
 249      120B12
 250 05ca 03F213C8 		.ascii	"\003\362\023\310~\2208\220x\0203\362D\321\234'=\364"
 250      7E903890 
 250      781033F2 
 250      44D19C27 
 250      3DF4
 251 05dc 28DB41C2 		.ascii	"(\333A\302\001v0\032\0278\210\373\032=\221\260\355\027"
 251      0176301A 
 251      173888FB 
 251      1A3D91B0 
 251      ED17
 252 05ee D9DE95B2 		.ascii	"\331\336\225\262\035\224 \207\336\315\330\204\246\000"
 252      1D942087 
 252      DECDD884 
 252      A600
 253 05fc 392D20C5 		.ascii	"9- \305=\205^H\220\235\242\315~\251\315\333V$9\301M"
 253      3D855E48 
 253      909DA2CD 
 253      7EA9CDDB 
 253      562439C1 
 254 0611 6D458E3C 		.ascii	"mE\216<\"\020\231\330\245X\372\201\361\027\013\363*"
 254      221099D8 
 254      A558FA81 
 254      F1170BF3 
 254      2A
 255 0622 B4C6CB5E 		.ascii	"\264\306\313^\244\320!\010\320\377\"X\224\304h<rF\007"
 255      A4D02108 
 255      D0FF2258 
 255      94C4683C 
 255      724607
 256 0635 C1DA556B 		.ascii	"\301\332Uk\017A(\211=D\301\317\006\275\243\362\200\265"
 256      0F412889 
 256      3D44C1CF 
 256      06BDA3F2 
 256      80B5
 257 0647 3FA660EB 		.ascii	"?\246`\353\256N\342\224\264\255\202O@\327\016\306\215"
 257      AE4EE294 
 257      B4AD824F 
 257      40D70EC6 
 257      8D
 258 0658 B29A6172 		.ascii	"\262\232ar&\263\257\232S\242\035\350fL\240\233\263l"
 258      26B3AF9A 
 258      53A21DE8 
 258      664CA09B 
 258      B36C
 259 066a 38719F3B 		.ascii	"8q\237;\336\217Y_\245\275R\250\020\273\007\335\257\352"
 259      DE8F595F 
 259      A5BD52A8 
 259      10BB07DD 
 259      AFEA
 260 067c 1EEA3A4B 		.ascii	"\036\352:K\233\335q\022\233\3376\335ht\301\351Ly1\321"
 260      9BDD7112 
 260      9BDF36DD 
 260      6874C1E9 
 260      4C7931D1 
ARM GAS  /tmp/ccbfT1fx.s 			page 20


 261 0690 7CD71967 		.ascii	"|\327\031g1%/-\275\230-KYT\264k\353\035\261\236\215"
 261      31252F2D 
 261      BD982D4B 
 261      5954B46B 
 261      EB1DB19E 
 262 06a5 55C49DED 		.ascii	"U\304\235\355p\304\005\202\211\373\263S\254\346\255"
 262      70C40582 
 262      89FBB353 
 262      ACE6AD
 263 06b4 A28CD253 		.ascii	"\242\214\322S[\020.dc\342\231\256bg\372\314O\223q\254"
 263      5B102E64 
 263      63E299AE 
 263      6267FACC 
 263      4F9371AC 
 264 06c8 AE28893A 		.ascii	"\256(\211:\234d8\315f\272\322\377\201\236\345\244\273"
 264      9C6438CD 
 264      66BAD2FF 
 264      819EE5A4 
 264      BB
 265 06d9 2D5FFBF4 		.ascii	"-_\373\364\234P\373\216q\324\217\354\256\336,7iQ\317"
 265      9C50FB8E 
 265      71D48FEC 
 265      AEDE2C37 
 265      6951CF
 266 06ec E63C500E 		.ascii	"\346<P\016G\340\307\271\325\342$\332\020\314\017^w\225"
 266      47E0C7B9 
 266      D5E224DA 
 266      10CC0F5E 
 266      7795
 267 06fe 16F565D1 		.ascii	"\026\365e\321\015\323\317\315\256\270\2249\2219\323"
 267      0DD3CFCD 
 267      AEB89439 
 267      9139D3
 268 070d DEE24E69 		.ascii	"\336\342Ni\276A\324\256\226\013\003\256\270\214\215"
 268      BE41D4AE 
 268      960B03AE 
 268      B88C8D
 269 071c E9786D89 		.ascii	"\351xm\211\002W1\305p\377Z2+\346\033hI}8\226\345\206"
 269      025731C5 
 269      70FF5A32 
 269      2BE61B68 
 269      497D3896 
 270 0732 EBD8D8E8 		.ascii	"\353\330\330\350\011C\237\02273ehf\250\231\035g\233"
 270      09439F12 
 270      37336568 
 270      66A8991D 
 270      679B
 271 0744 88DA1493 		.ascii	"\210\332\024\223]\351\212/\263\261\341\361\344\0119"
 271      5DE98A2F 
 271      B3B1E1F1 
 271      E40939
 272 0753 EE604A74 		.ascii	"\356`Jtc\311\015\006\374\204\2365\317O\354s\306\327"
 272      63C90D06 
 272      FC849E35 
 272      CF4FEC73 
 272      C6D7
 273 0765 D958596E 		.ascii	"\331XYn~%\213\355g4\356\361g\314N\313G\317(F\357\035"
ARM GAS  /tmp/ccbfT1fx.s 			page 21


 273      7E258BED 
 273      6734EEF1 
 273      67CC4ECB 
 273      47CF2846 
 274 077b 1ABCE8EC 		.ascii	"\032\274\350\354|\023\026\302\241\027O\216\323\020\216"
 274      7C1316C2 
 274      A1174F8E 
 274      D3108E
 275 078a 0C1A8E33 		.ascii	"\014\032\21634\034F1\034WR\262\207\035m\321\251\334"
 275      341C4631 
 275      1C5752B2 
 275      871D6DD1 
 275      A9DC
 276 079c 0AE8EAE6 		.ascii	"\012\350\352\346\336EW\334\273\224\245\222\261\\\320"
 276      DE4557DC 
 276      BB94A592 
 276      B15CD0
 277 07ab F2E570CC 		.ascii	"\362\345p\314\260\261\3523Is\354\224\337J\324f\035\177"
 277      B0B1EA33 
 277      4973EC94 
 277      DF4AD466 
 277      1D7F
 278 07bd 5C8987F0 		.ascii	"\\\211\207\360\222\306K%4^\007K\363\246\330K\240m\217"
 278      92C64B25 
 278      345E074B 
 278      F3A6D84B 
 278      A06D8F
 279 07d0 E1F89D76 		.ascii	"\341\370\235v\274\274\2675\242\267\325B\256\214u\025"
 279      BCBCB735 
 279      A2B7D542 
 279      AE8C7515 
 280 07e0 BA4B0FCA 		.ascii	"\272K\017\312*p \213:p\236:P#:p`\356L\003\266E\023w"
 280      2A70208B 
 280      3A709E3A 
 280      50233A70 
 280      60EE4C03 
 281 07f8 97454F94 		.ascii	"\227EO\224\031\240\001x \274\275\372q\23656\376\266"
 281      19A00178 
 281      20BCBDFA 
 281      719E3536 
 281      FEB6
 282 080a 1DA24AE8 		.ascii	"\035\242J\350\020\323\332\252\356\262\015@O\377\302"
 282      10D3DAAA 
 282      EEB20D40 
 282      4FFFC2
 283 0819 87674656 		.ascii	"\207gFVhc\232D/\014l\347\326\234\250\330!u\242\001h"
 283      68639A44 
 283      2F0C6CE7 
 283      D69CA8D8 
 283      2175A201 
 284 082e 35525ACD 		.ascii	"5RZ\315\224V\223H\353\345|\321\360kN,\213\036\277u!"
 284      94569348 
 284      EBE57CD1 
 284      F06B4E2C 
 284      8B1EBF75 
 285 0843 5E894798 		.ascii	"^\211G\230\023\307\016\226\315\261\006t7Q\367\035\216"
 285      13C70E96 
ARM GAS  /tmp/ccbfT1fx.s 			page 22


 285      CDB10674 
 285      3751F71D 
 285      8E
 286 0854 ED90E327 		.ascii	"\355\220\343'\302\326o(\177\316\366\254\216\350\353"
 286      C2D66F28 
 286      7FCEF6AC 
 286      8EE8EB
 287 0863 4A871E55 		.ascii	"J\207\036U8[{\003O\333.\301\213\234\345\246#%W\225\274"
 287      385B7B03 
 287      4FDB2EC1 
 287      8B9CE5A6 
 287      23255795 
 288 0878 709A1FE5 		.ascii	"p\232\037\3450\032\260=\315YDO\"\313\311\237Y\"\236"
 288      301AB03D 
 288      CD59444F 
 288      22CBC99F 
 288      59229E
 289 088b FC47EC63 		.ascii	"\374G\354c\255MB\265\005\332\"\205^\226@\017Y\240\207"
 289      AD4D42B5 
 289      05DA2285 
 289      5E96400F 
 289      59A087
 290 089e A5D00C5B 		.ascii	"\245\320\014[hj\264\276\350}@\226q\253Q\271\200\024"
 290      686AB4BE 
 290      E87D4096 
 290      71AB51B9 
 290      8014
 291 08b0 F31C5548 		.ascii	"\363\034UH\214\026Z\214\226J\215\226,q+U\253/\241X\362"
 291      8C165A8C 
 291      964A8D96 
 291      2C712B55 
 291      AB2FA158 
 292 08c5 0ACE49B1 		.ascii	"\012\316I\261\225KC\020\255\317z\037\316\311\023\300"
 292      954B4310 
 292      ADCF7A1F 
 292      CEC913C0 
 293 08d5 2057808A 		.ascii	" W\200\212e\012\345-\341\252\325'Z\254\246I\255nX\212"
 293      650AE52D 
 293      E1AAD527 
 293      5AACA649 
 293      AD6E588A 
 294 08e9 2CB620CF 		.ascii	",\266 \317\332_\337\352\326)\213[\305\366\335\262B\017"
 294      DA5FDFEA 
 294      D6298B5B 
 294      C5F6DDB2 
 294      420F
 295 08fb 5AA0E976 		.ascii	"Z\240\351v\327\267y\257\331\026h\201\024z\322\326*\364"
 295      D7B779AF 
 295      D9166881 
 295      147AD2D6 
 295      2AF4
 296 090d 1E55E40D 		.ascii	"\036U\344\015@~\322>\215 \305\254E\227\226\2065Z\177"
 296      407ED23E 
 296      8D20C5AC 
 296      45979686 
 296      355A7F
 297 0920 9A402F00 		.ascii	"\232@/\000\364\"'\201\366\240\245T3,\353g\332\317\000"
ARM GAS  /tmp/ccbfT1fx.s 			page 23


 297      F4222781 
 297      F6A0A554 
 297      332CEB67 
 297      DACF00
 298 0933 1BAE3916 		.ascii	"\033\2569\026\254\301>W\033\254\301\202-\222b\013\245"
 298      ACC13E57 
 298      1BACC182 
 298      2D92620B 
 298      A5
 299 0944 D86316EC 		.ascii	"\330c\026\354)\373\330\327:\273\237\301\235d:4 4+\203"
 299      29FBD8D7 
 299      3ABB9FC1 
 299      9D643A34 
 299      20342B83 
 300 0958 D0AC7441 		.ascii	"\320\254tA\023r\003\244\015\244\027\344\012H+H'\310"
 300      137203A4 
 300      0DA417E4 
 300      0A482B48 
 300      27C8
 301 096a 5D901E90 		.ascii	"]\220\036\220>\220\333 \375 \327A:@\332A\272A\256\201"
 301      3E90DB20 
 301      FD20D741 
 301      3A40DA41 
 301      BA41AE81 
 302 097e DC01B905 		.ascii	"\334\001\271\005r\023\344\252\245\363\203\220\226\222"
 302      7213E4AA 
 302      A5F38390 
 302      9692
 303 098c 90D64248 		.ascii	"\220\326BH\353\004\216b\341C\365\222\267\177\324\342"
 303      EB048E62 
 303      E143F592 
 303      B77FD4E2 
 304 099c 4EBED41D 		.ascii	"N\276\324\035\326P3\327i\213\024_B\372\264\001{}Zl\177"
 304      D65033D7 
 304      698B145F 
 304      42FAB401 
 304      7B7D5A6C 
 305 09b1 B6DE1179 		.ascii	"\266\336\021y\255\241\270\232]\316\310\004\226R8K'5"
 305      ADA1B89A 
 305      5DCEC804 
 305      9652384B 
 305      2735
 306 09c3 207652F6 		.ascii	" vR\366\002\203\206 \036\377\217\330@\351\213K\275Y"
 306      02838620 
 306      1EFF8FD8 
 306      40E98B4B 
 306      BD59
 307 09d5 E1BAA48D 		.ascii	"\341\272\244\2153-i\343\356\011m\334=\332\306\265\026"
 307      332D69E3 
 307      EE096DDC 
 307      3DDAC6B5 
 307      16
 308 09e6 657F87A7 		.ascii	"e\177\207\247h\321\224?8j\254tG^\036\036\364\327W\035"
 308      68D1943F 
 308      386AAC74 
 308      475E1E1E 
 308      F4D7571D 
ARM GAS  /tmp/ccbfT1fx.s 			page 24


 309 09fa FF197A04 		.ascii	"\377\031z\004;\361>\207\255\201\220e\300\363\331O\311"
 309      3BF13E87 
 309      AD819065 
 309      C0F3D94F 
 309      C9
 310 0a0b 007C75A6 		.ascii	"\000|u\246\237v~\312z\000.>\242\307\302/\020\201\207"
 310      9F767ECA 
 310      7A002E3E 
 310      A2C7C22F 
 310      108187
 311 0a1e EC74BB9F 		.ascii	"\354t\273\237\362,\216\376\323H\320\272\377\206\336"
 311      F22C8EFE 
 311      D348D0BA 
 311      FF86DE
 312 0a2d D7BBAF17 		.ascii	"\327\273\257\027\3233i\204V\364\254c\275OY\327\362{"
 312      D3336984 
 312      56F4AC63 
 312      BD4F59D7 
 312      F27B
 313 0a3f 7A60D78E 		.ascii	"z`\327\216\274`\007-\375\251J\333\037\035\263\302\257"
 313      BC60072D 
 313      FDA94ADB 
 313      1F1DB3C2 
 313      AF
 314 0a50 4763E211 		.ascii	"Gc\342\0215\312\214w\2144$:\332\266Y\304\321\021X\374"
 314      35CA8C77 
 314      8C34243A 
 314      DAB659C4 
 314      D11158FC 
 315 0a64 314D9E71 		.ascii	"1M\236qz\352\214\211\247Nq\341\324\221%\377\227\017"
 315      7AEA8C89 
 315      A74E71E1 
 315      D49125FF 
 315      970F
 316 0a76 AF84FE25 		.ascii	"\257\204\376%9m\022\343Yv\016=\216\031jR\342h9\353\302"
 316      396D12E3 
 316      59760E3D 
 316      8E196A52 
 316      E26839EB 
 317 0a8b 126BE3E5 		.ascii	"\022k\343\345o\037\347\273\364F\2636\":\311\004\346"
 317      6F1FE7BB 
 317      F446B336 
 317      223AC904 
 317      E6
 318 0a9c C80F98E8 		.ascii	"\310\017\230\350\011\344\361SH\245Z\264\336\306\356"
 318      09E4F153 
 318      48A55AB4 
 318      DEC6EE
 319 0aab 04093C2A 		.ascii	"\004\011<*@\234\014Mro\313\234\367\204\206k>\374 P\343"
 319      409C0C4D 
 319      726FCB9C 
 319      F784866B 
 319      3EFC2050 
 320 0ac0 F8D7AFBE 		.ascii	"\370\327\257\276]\357+S\004\006\212O\336\367\336\023"
 320      5DEF2B53 
 320      04068A4F 
 320      DEF7DE13 
ARM GAS  /tmp/ccbfT1fx.s 			page 25


 321 0ad0 15E91D1A 		.ascii	"\025\351\035\032\036\034\266gG\210wx\310\277\302B\277"
 321      1E1CB667 
 321      47887778 
 321      C8BFC242 
 321      BF
 322 0ae1 F7DE1514 		.ascii	"\367\336\025\024\27434<\304;pG\310\017A{\3024\201\232"
 322      BC33343C 
 322      C43B7047 
 322      C80F417B 
 322      C234819A 
 323 0af5 BDBB43A2 		.ascii	"\275\273C\2426\356\224y\332CG\355\215\362\016\214\322"
 323      36EE9479 
 323      DA4347ED 
 323      8DF20E8C 
 323      D2
 324 0b06 EC008B00 		.ascii	"\354\000\213\000Y\025\376\317\320\340-\341A\337\207"
 324      5915FECF 
 324      D0E02DE1 
 324      41DF87
 325 0b15 856C0F09 		.ascii	"\205l\017\011\326DDn\330\270\321\033\376\"\242\274w"
 325      D644446E 
 325      D8B8D11B 
 325      FE22A2BC 
 325      77
 326 0b26 068579EF 		.ascii	"\006\205y\357\216\210\324Dy\007G\354\332\025\021\356"
 326      8E88D444 
 326      790747EC 
 326      DA1511EE 
 327 0b36 EDA3DEE6 		.ascii	"\355\243\336\346\273\355Go2cc\260\3547\344ssh\224u\352"
 327      BBED476F 
 327      326363B0 
 327      EC37E473 
 327      73689475 
 328 0b4b 9BE44940 		.ascii	"\233\344I@\210&`o\224&d\327\326\240\360\035a!\221\376"
 328      8826606F 
 328      942664D7 
 328      D6A0F01D 
 328      612191FE 
 329 0b5f 91A11191 		.ascii	"\221\241\021\221\241\232\275t!\337\260\220\240H\377"
 329      A19ABD74 
 329      21DFB090 
 329      A048FF
 330 0b6e 907058FC 		.ascii	"\220pX\374\037N\304\247O\0025.\314;\362\355\253\355"
 330      1F4EC4A7 
 330      4F02352E 
 330      CC3BF2ED 
 330      ABED
 331 0b80 7EBE81DF 		.ascii	"~\276\201\337\000y\271_\300\026\265\213z\013\334\267"
 331      0079B95F 
 331      C016B58B 
 331      7A0BDCB7 
 332 0b90 6FD9BC49 		.ascii	"o\331\274I\356\347\273E\355\254f\332\237`\320\337:\370"
 332      EEE7BB45 
 332      EDAC66DA 
 332      9F60D0DF 
 332      3AF8
 333 0ba2 010CDAA8 		.ascii	"\001\014\332\250\037\312\375|>\267\252\177\346\374\374"
ARM GAS  /tmp/ccbfT1fx.s 			page 26


 333      1FCAFD7C 
 333      3EB7AA7F 
 333      E6FCFC
 334 0bb1 2DCA47F2 		.ascii	"-\312G\362\200o\374\324^\026\007C~\324x\373n\013\360"
 334      806FFCD4 
 334      5E160743 
 334      7ED478FB 
 334      6E0BF0
 335 0bc4 0BB08428 		.ascii	"\013\260\204(8\"2$0x\327\207\020\030\347\000\337\317"
 335      38223224 
 335      3078D787 
 335      1018E700 
 335      DFCF
 336 0bd6 2917075F 		.ascii	")\027\007_\377o\3756\303*\001j\371\366o\276V;\370\370"
 336      FF6FFD36 
 336      C32A016A 
 336      F9F66FBE 
 336      563BF8F8 
 337 0bea A97DD538 		.ascii	"\251}\3258\000\304\227|n\365w\010\330J\006}\277\200"
 337      00C4977C 
 337      6EF57708 
 337      D84A067D 
 337      BF80
 338 0bfc DB5672DB 		.ascii	"\333Vr\333\0147\207m\333\276\360Q\313?'7\037\320\261"
 338      0C37876D 
 338      DBBEF051 
 338      CB3F2737 
 338      1FD0B1
 339 0c0f FF176ABC 		.ascii	"\377\027j\274\031\304g\263Z\016cjp\303G\015\306}|\325"
 339      19C467B3 
 339      5A0E636A 
 339      70C3470D 
 339      C67D7CD5 
 340 0c23 F2E09D41 		.ascii	"\362\340\235A\221\316\201\201?\354\011\017\016\014t"
 340      91CE8181 
 340      3FEC090F 
 340      0E0C74
 341 0c32 13BF6CFC 		.ascii	"\023\277l\374\370\343\2176\375\007\306\272mk"
 341      F8E38F36 
 341      FD07C6BA 
 341      6D6B
 342              		.text
 343              		.section	.gnu.lto_.symtab.5804f02c854e7c67,"",%progbits
 344 0000 6E766963 		.ascii	"nvicEnableVector\000\000\000\000\000\000\000\000\000"
 344      456E6162 
 344      6C655665 
 344      63746F72 
 344      00000000 
 345 0019 000000B6 		.ascii	"\000\000\000\266\000\000\000nvicDisableVector\000\000"
 345      0000006E 
 345      76696344 
 345      69736162 
 345      6C655665 
 346 0033 00000000 		.ascii	"\000\000\000\000\000\000\000\000\000\000\272\000\000"
 346      00000000 
 346      0000BA00 
 346      00
ARM GAS  /tmp/ccbfT1fx.s 			page 27


 347 0040 006E7669 		.ascii	"\000nvicSetSystemHandlerPriority\000\000\000\000\000"
 347      63536574 
 347      53797374 
 347      656D4861 
 347      6E646C65 
 348 0062 00000000 		.ascii	"\000\000\000\000\000\000\000\274\000\000\000nvicCle"
 348      000000BC 
 348      0000006E 
 348      76696343 
 348      6C65
 349 0074 61725065 		.ascii	"arPending\000\000\000\000\000\000\000\000\000\000\000"
 349      6E64696E 
 349      67000000 
 349      00000000 
 349      00000000 
 350 0088 00BE0000 		.ascii	"\000\276\000\000\000"
 350      00
 351              		.text
 352              		.section	.gnu.lto_.opts,"",%progbits
 353 0000 272D666E 		.ascii	"'-fno-trapv' '-mcpu=cortex-m3' '-mno-thumb-interwor"
 353      6F2D7472 
 353      61707627 
 353      20272D6D 
 353      6370753D 
 354 0033 6B272027 		.ascii	"k' '-mthumb' '-ggdb' '-O2' '-fomit-frame-pointer' '"
 354      2D6D7468 
 354      756D6227 
 354      20272D67 
 354      67646227 
 355 0066 2D66616C 		.ascii	"-falign-functions=16' '-ffunction-sections' '-fdata"
 355      69676E2D 
 355      66756E63 
 355      74696F6E 
 355      733D3136 
 356 0099 2D736563 		.ascii	"-sections' '-fno-common' '-flto'\000"
 356      74696F6E 
 356      73272027 
 356      2D666E6F 
 356      2D636F6D 
 357              		.text
 358              		.comm	__gnu_lto_v1,1,1
 359              		.comm	__gnu_lto_slim,1,1
 360              		.ident	"GCC: (15:4.9.3+svn231177-1) 4.9.3 20150529 (prerelease)"
ARM GAS  /tmp/ccbfT1fx.s 			page 28


DEFINED SYMBOLS
                            *ABS*:0000000000000000 nvic.c
                            *COM*:0000000000000001 __gnu_lto_v1
                            *COM*:0000000000000001 __gnu_lto_slim

NO UNDEFINED SYMBOLS
