ARM GAS  /tmp/cc95y2N7.s 			page 1


   1              		.syntax unified
   2              		.cpu cortex-m3
   3              		.fpu softvfp
   4              		.eabi_attribute 20, 1
   5              		.eabi_attribute 21, 1
   6              		.eabi_attribute 23, 3
   7              		.eabi_attribute 24, 1
   8              		.eabi_attribute 25, 1
   9              		.eabi_attribute 26, 1
  10              		.eabi_attribute 30, 2
  11              		.eabi_attribute 34, 1
  12              		.eabi_attribute 18, 4
  13              		.thumb
  14              		.file	"pal.c"
  15              		.text
  16              	.Ltext0:
  17              		.section	.gnu.lto_.profile.e4e03df5dbebc7ea,"",%progbits
  18 0000 789C6366 		.ascii	"x\234cf```a\200\000F\006\015\031\000\000\340\000M"
  18      60606061 
  18      80004606 
  18      0D190000 
  18      E0004D
  19              		.text
  20              		.section	.gnu.lto_.jmpfuncs.e4e03df5dbebc7ea,"",%progbits
  21 0000 789C6366 		.ascii	"x\234cf\300\016\344\24143\003##c=#\023##s}=\023\230"
  21      C00EE4A1 
  21      34330323 
  21      23633D23 
  21      13232373 
  22 0018 6264064B 		.ascii	"bd\006K\2243\002I\0000\362\002\265"
  22      94330249 
  22      0030F202 
  22      B5
  23              		.text
  24              		.section	.gnu.lto_.inline.e4e03df5dbebc7ea,"",%progbits
  25 0000 789C6366 		.ascii	"x\234cf\300\016\336Bif\006\006N\016Ff\006F\020\013H"
  25      C00EDE42 
  25      69660606 
  25      4E0E4666 
  25      0646100B 
  26 0015 38800805 		.ascii	"8\200\010\005\016\266\017z\014l\013\344\231\030\030"
  26      0EB60F7A 
  26      0C6C0BE4 
  26      991818
  27 0024 5FB0B340 		.ascii	"_\260\263@H\020\301\001fr\200\010\0010S\000d\006#\003"
  27      4810C101 
  27      66728008 
  27      01305300 
  27      64062303 
  28 0038 1F2F230B 		.ascii	"\037/#\013\330\010FF0\237Y\001l\0267\323\005~\014c\200"
  28      D8084646 
  28      309F5901 
  28      6C1637D3 
  28      057E0C63 
  29 004d 622806B0 		.ascii	"b(\006\260,\220\227\000\261\024\230\030\230w\210+0\000"
  29      2C909700 
  29      B1149818 
ARM GAS  /tmp/cc95y2N7.s 			page 2


  29      9877882B 
  29      3000
  30 005f ADB60099 		.ascii	"\255\266\000\231\312\304\300-\214\3440\210\211\234@"
  30      CAC4C02D 
  30      8CE43088 
  30      899C40
  31 006e 09E2DC05 		.ascii	"\011\342\334\005\264F\002d\014\013/\320\223\023\374"
  31      B4460264 
  31      0C0B2FD0 
  31      9313FC
  32 007d 40900100 		.ascii	"@\220\001\000\311\250\037}"
  32      C9A81F7D 
  33              		.text
  34              		.section	.gnu.lto_.pureconst.e4e03df5dbebc7ea,"",%progbits
  35 0000 789C6366 		.ascii	"x\234cf```g\200\000f\006)F)&I\000\001\273\000^"
  35      60606067 
  35      80006606 
  35      29462926 
  35      490001BB 
  36              		.text
  37              		.section	.gnu.lto_palReadBus.e4e03df5dbebc7ea,"",%progbits
  38 0000 789C8D90 		.ascii	"x\234\215\220\273K#Q\024\306\317w\357d\036\211\262b"
  38      BB4B2351 
  38      14C6CF77 
  38      EF641E89 
  38      B262
  39 0012 2304051B 		.ascii	"#\004\005\033I!I\376\205\375W\2626\026\202b\020\354"
  39      492149FE 
  39      85FD57B2 
  39      36168262 
  39      10EC
  40 0024 9CC460B3 		.ascii	"\234\304`\263\315\242\026.\253\270\262\370~\306G@+\261"
  40      CDA2162E 
  40      ABB8B2F8 
  40      7EC64740 
  40      2BB1
  41 0036 90143E10 		.ascii	"\220\024>\020\301\020\213l\261\021\024\024\214\012\232"
  41      C1108B6C 
  41      B1111414 
  41      8C0A9A
  42 0045 42F49C19 		.ascii	"B\364\234\031\205\3406\0163\347\316\271\367\234\337"
  42      85E0360E 
  42      33E7CEB9 
  42      F79CDF
  43 0054 F79DABE9 		.ascii	"\367\235\253\351\377'\314_B\021\265\360\012MP?\216\210"
  43      FF27CC5F 
  43      4211B5F0 
  43      0A4D503F 
  43      8E88
  44 0066 52B602E4 		.ascii	"R\266\002\344\207@\003\012\003\270R\025\205\355\225"
  44      8740030A 
  44      03B85215 
  44      85ED95
  45 0075 87C3D0A5 		.ascii	"\207\303\320\245\252*j%Nw\206\363c\246\2440$-\234\215"
  45      AA2A6A25 
  45      4E7786F3 
  45      63A6A430 
ARM GAS  /tmp/cc95y2N7.s 			page 3


  45      242D9C8D 
  46 0089 159CC8B4 		.ascii	"\025\234\310\264\353\246o\207\263\375?G\177\363\211"
  46      EBA66F87 
  46      B3FD3F47 
  46      7FF389
  47 0098 A27B4598 		.ascii	"\242{E\230E\030s\020!\314#\302\245\267\251b\331\322"
  47      45187310 
  47      21CC23C2 
  47      A5B7A962 
  47      D9D2
  48 00aa 6148DB59 		.ascii	"aH\333Y\261xj\266\375\341\266\335\374\272\373\325\250"
  48      B1786AB6 
  48      FDE1B6DD 
  48      FCBAFBD5 
  48      A8
  49 00bb 2A8D05E8 		.ascii	"*\215\005\350\332>\336\",\242M\312+\231\347B\310\314"
  49      DA3EDE22 
  49      2CA24DCA 
  49      2B99E742 
  49      C8CC
  50 00cd B8AEDBF0 		.ascii	"\270\256\333\360\314\256\271\214\251K0\301\353j\343"
  50      CCAEB98C 
  50      A94B30C1 
  50      EB6AE3
  51 00dc AEFBF2F2 		.ascii	"\256\373\362\362o\346:k\004\331?wh\3565\014\016\201"
  51      6FE63A6B 
  51      04D93F77 
  51      68EE350C 
  51      0E81
  52 00ee 0007D3E4 		.ascii	"\000\007\323\344`Y\222\332\022\034\022\207T\346Of\275"
  52      605992DA 
  52      121C1287 
  52      54E64F66 
  52      BD
  53 00ff E084577D 		.ascii	"\340\204W}\216t\256\262?\245\005\373\2504\213\376-\037"
  53      8E74AEB2 
  53      3FA505FB 
  53      A8348BFE 
  53      2D1F
  54 0111 9FD832A9 		.ascii	"\237\3302\251&\361\260\3654yS?\201_\250*\373Q),\313"
  54      26F1B0F5 
  54      3479533F 
  54      815FA82A 
  54      FB51292C 
  55 0126 6CBC3FFE 		.ascii	"l\274?\3760R\374\022m\257*\007+\230\300\235x#\254\""
  55      3052FC12 
  55      6DAF2A07 
  55      2B98C09D 
  55      7823AC22 
  56 013a 4AE7D8CB 		.ascii	"J\347\330\313\301\347\031\265<\347#/\310\202X{\343\225"
  56      C1E719B5 
  56      3CE7232F 
  56      C882587B 
  56      E395
  57 014c 0FBEE7EC 		.ascii	"\017\276\347\354\350\242\233\341\203\020\262\036R\346"
  57      E8A29BE1 
  57      8310B21E 
ARM GAS  /tmp/cc95y2N7.s 			page 4


  57      52E6
  58 015a C4BA874C 		.ascii	"\304\272\207L\277#\003\237\361T\207\015\017\340]\330"
  58      BF23039F 
  58      F154870D 
  58      0FE05DD8 
  59 016a A60F2859 		.ascii	"\246\017(Y>@\030\234\017\226L?\267\330&\357\326j\330"
  59      3E40189C 
  59      0F964C3F 
  59      B7D826EF 
  59      D66AD8
  60 017d 9FD1E012 		.ascii	"\237\321\340\022OC\213F\316\323\030|\032j\366\011\216"
  60      4F438B46 
  60      CED3187C 
  60      1A6AF609 
  60      8E
  61 018e C7B5A984 		.ascii	"\307\265\251\2047$\017\317w\017\271s6\325\024\213\305"
  61      37240FCF 
  61      770FB973 
  61      36D5148B 
  61      C5
  62 019f F9ED4EC6 		.ascii	"\371\355N\306;\023]\361doG\274'\321\025\353 \375\255"
  62      3B135DF1 
  62      646F47BC 
  62      27D115EB 
  62      20FDAD
  63 01b2 2FF90A28 		.ascii	"/\371\012(\320\322\311"
  63      D0D2C9
  64              		.text
  65              		.section	.gnu.lto_palWriteBus.e4e03df5dbebc7ea,"",%progbits
  66 0000 789C8D91 		.ascii	"x\234\215\221\317k\023Q\020\307\347\373\336f\263\311"
  66      CF6B1351 
  66      10C7E7FB 
  66      DE66B3C9 
  67 0010 7693EAC5 		.ascii	"v\223\352\305\222\203\210\020z\320$\370\037\210\007"
  67      92838810 
  67      7AD024F8 
  67      1F8807
  68 001f FF8FB617 		.ascii	"\377\217\266\027\205\202b\364\334MMO^J\274\224\326\""
  68      858262F4 
  68      DC4D4D4F 
  68      5E4ABC94 
  68      D622
  69 0031 28FE8CB6 		.ascii	"(\376\214\266\266\266\211\021\017\301\223\007\177P\004"
  69      B6B68911 
  69      0FC19307 
  69      7F5004
  70 0040 25FE680F 		.ascii	"%\376h\017\256\240\007\241\325@\232b\2113o\267\020\352"
  70      AEA007A1 
  70      D5409A62 
  70      89336FB7 
  70      10EA
  71 0052 A52199F7 		.ascii	"\245!\231\367f2\363\231\371\316\323\364\377'\303\277"
  71      6632F399 
  71      F9CED3F4 
  71      FF27C3BF 
  72 0062 939AE838 		.ascii	"\223\232\3508\237\320\0045\375\226\250\344(@.\004\232"
  72      9FD00435 
ARM GAS  /tmp/cc95y2N7.s 			page 5


  72      FD96A8E4 
  72      28402E04 
  72      9A
  73 0073 5098C04F 		.ascii	"P\230\300O\265\2450\335\254\316\270\303w|\337\337\274"
  73      B5A530DD 
  73      ACCEB8C3 
  73      777CDFDF 
  73      BC
  74 0084 551F9A1A 		.ascii	"U\037\232\032\352*\242?*\304\340\036\2069e\263\324\012"
  74      EA2AA23F 
  74      2AC4E01E 
  74      863965B3 
  74      D40A
  75 0096 E23A03E2 		.ascii	"\342:\003\342{c\241\375\306\375\241\272\012\307\304"
  75      7B63A1FD 
  75      C6FDA1BA 
  75      0AC7C4
  76 00a5 7D5E7935 		.ascii	"}^y5c\213\253,q?\264Z\357\355\354m\337\237l6\226\375"
  76      638BAB2C 
  76      713FB45A 
  76      EFEDEC6D 
  76      DF9F6C36 
  77 00bb D3565769 		.ascii	"\323VWi\334\207f\036\036 \203\207\310\020\207\010Ud"
  77      DC87661E 
  77      1E208387 
  77      C8108708 
  77      5564
  78 00cd 397BB1B6 		.ascii	"9{\261\2666\353\351\243\206\373bn\366LX\3709,\264\360"
  78      36EBE9A3 
  78      86FB626E 
  78      F64C58F8 
  78      392CB4F0 
  79 00e1 687FA145 		.ascii	"h\177\241Ex\214\254do\225w?\272v\231\207\036\334\335"
  79      788CAC64 
  79      6F95773F 
  79      BA769987 
  79      1EDCDD
  80 00f4 9B170BB0 		.ascii	"\233\027\013\260\301\347\342\341\246\337\353}[\371["
  80      C1E7E2E1 
  80      A6DFEB7D 
  80      5BF95B
  81 0103 B70EB160 		.ascii	"\267\016\261`n\245\2716fA\212c|\265m1q1\016\233xBL\222"
  81      6EA5B936 
  81      66418A63 
  81      7CB56D31 
  81      71310E9B 
  82 011b 8DE34A6C 		.ascii	"\215\343Jl@\214'nJni1D\001\267\220\335}WJN\375\011\223"
  82      408C276E 
  82      4A6E6931 
  82      4401B790 
  82      DD7D574A 
  83 0133 B5A58D53 		.ascii	"\265\245\215S\322\264\2434\217\264\021\274[sd\023\274"
  83      D2B4A334 
  83      8FB411BC 
  83      5B736413 
  83      BC
  84 0144 767657B7 		.ascii	"vvW\267o\376\362\3461\207\256Jt\024ke\005\022\277\321"
ARM GAS  /tmp/cc95y2N7.s 			page 6


  84      6FFEF2E6 
  84      3187AE4A 
  84      74146B65 
  84      0512BFD1 
  85 0158 BEDE4AE7 		.ascii	"\276\336J\347NtU\022O0\217\337f\323XB\216\230\270c\207"
  85      4E745512 
  85      4F308FDF 
  85      66D35842 
  85      8E98B863 
  86 016d BC5887B5 		.ascii	"\274X\207\265J\007\204\276}\020\240\205e\003\224\035"
  86      4A0784BE 
  86      7D10A085 
  86      6503941D 
  87 017d E0A9015E 		.ascii	"\340\251\001^\335\216\200q\303\264\373\231\316A\230"
  87      DD8E8071 
  87      C3B4FB99 
  87      CE4198
  88 018c 2E560CD3 		.ascii	".V\014\323\354w5dV\"f\"d\334\375:\265\223\020\335\356"
  88      EC773564 
  88      56226622 
  88      64DCFD3A 
  88      B59310DD 
  89 01a1 20A1C600 		.ascii	" \241\306\000\356\261\036\017S\222\234%%_\242\022\327"
  89      EEB11E0F 
  89      53929C25 
  89      255FA212 
  89      D7
  90 01b2 4C92EC9F 		.ascii	"L\222\354\237l\200\245F\223\355Uy\014\356\257J\231,"
  90      6C80A546 
  90      93ED5579 
  90      0CEEAF4A 
  90      992C
  91 01c4 4F42ED28 		.ascii	"OB\355(\2246\254\024\207^V\214\236\376\007H\356\177"
  91      9436AC14 
  91      875E568C 
  91      9EFE0748 
  91      EE7F
  92 01d6 00AED6A8 		.ascii	"\000\256\326\250G\332\202\327\327jN\256\352\227\371"
  92      47DA82D7 
  92      D76A4EAE 
  92      EA97F9
  93 01e5 0F0FCF8C 		.ascii	"\017\017\317\214<-\362\032\3101\230\326Qj\366\316\012"
  93      3C2DF21A 
  93      C83198D6 
  93      516AF6CE 
  93      0A
  94 01f6 535E26E0 		.ascii	"S^&\340u\362s\263\376#\371|\201\277\027\212\205s#\343"
  94      75F273B3 
  94      FE23F97C 
  94      81BF178A 
  94      857323E3 
  95 020a 85E2A5B1 		.ascii	"\205\342\245\261\302\305\221\361\374\030\351\321+Ek"
  95      C2C591F1 
  95      FC18E9D1 
  95      2B456B
  96 0219 F4FCE5E2 		.ascii	"\364\374\345\342??\235\021\331"
  96      3F3F9D11 
ARM GAS  /tmp/cc95y2N7.s 			page 7


  96      D9
  97              		.text
  98              		.section	.gnu.lto_palSetBusMode.e4e03df5dbebc7ea,"",%progbits
  99 0000 789C8D90 		.ascii	"x\234\215\220\301KTq\020\307\347;\277\267\357\275v]"
  99      C14B5471 
  99      10C7E73B 
  99      BFB7EFBD 
  99      765D
 100 0012 8B2EC91E 		.ascii	"\213.\311\036\"\202\305\203\270\213\377\201\267\376"
 100      2282C583 
 100      B88BFF81 
 100      B7FE
 101 0020 85AE6641 		.ascii	"\205\256fA\007\303h\351(\376V\015<\205\331EP\353\020"
 101      07C368E9 
 101      28FE560D 
 101      3C85D945 
 101      50EB10
 102 0033 6169ED96 		.ascii	"ai\355\226\245P!\354\261KE\010\305\023\265C+*$\270)"
 102      A55021EC 
 102      B14B4508 
 102      C513B543 
 102      2B2A24B8 
 103 0048 D923169B 		.ascii	"\331#\026\233\371=:\230\027\037\2777\363\233a\276\237"
 103      F93D3A98 
 103      171FBF37 
 103      F39B61BE 
 103      9F
 104 0059 99DF183A 		.ascii	"\231\337\030:\376\345\344\277\314D\027\305\303\020x"
 104      FEE5E4BF 
 104      CC4417C5 
 104      C31078
 105 0068 EC235139 		.ascii	"\354#Q9d@/\004\032d\014b\233\033\214\261\332\334D\246"
 105      64402F04 
 105      1A640C62 
 105      9B1B8CB1 
 105      DADC44A6 
 106 007c FDB1B576 		.ascii	"\375\261\265vw|\251\355N[,\262=N0\230A\273\224\354\226"
 106      777CA9ED 
 106      4E5B2CB2 
 106      3D4E3098 
 106      41BB94EC 
 107 0091 A37A6072 		.ascii	"\243z`r \271\277\251\354\177\310lq\314\270\240\341\333"
 107      20B9BFA9 
 107      EC7FC86C 
 107      71CCB8A0 
 107      E1DB
 108 00a3 F1F713BE 		.ascii	"\361\367\023\276\206\354i\370%\212\226\375\374#k\207"
 108      86EC69F8 
 108      258A96FD 
 108      FC236B87 
 109 00b3 6AEFE66D 		.ascii	"j\357\346m\267\027\263\301\023\030\341\341)r\230E\216"
 109      B717B3C1 
 109      1318E1E1 
 109      29729845 
 109      8E
 110 00c4 24459843 		.ascii	"$E\230C^\2527\343\355\231\2549\357\270\315\331{S\351"
 110      5EAA37E3 
ARM GAS  /tmp/cc95y2N7.s 			page 8


 110      ED99AC39 
 110      EFB8CDD9 
 110      7B53E9
 111 00d7 4419254A 		.ascii	"D\031%J\017\317\376Wz\204\347\310kyc\244\3715\343\217"
 111      0FCFFE57 
 111      7A84E7C8 
 111      6B7963A4 
 111      F935E38F 
 112 00eb C8D4679A 		.ascii	"\310\324g\232\377\006F\005>\304W\317\326\354\341\341"
 112      FF064605 
 112      3EC457CF 
 112      D6ECE1E1 
 113 00fb F7EA8F25 		.ascii	"\367\352\217%/-/\226^F\264)O\214\237\022\023\370b\302"
 113      2F2D2F96 
 113      5E46B429 
 113      4F8C9F12 
 113      13F862C2 
 114 010f 40C3100E 		.ascii	"@\303\020\016Hu\321\353f6\230\325\233\025\014-6~u)\361"
 114      4875D1EB 
 114      663698D5 
 114      9B150C2D 
 114      367E7529 
 115 0124 808DF4FB 		.ascii	"\200\215\364\373V\377\3649\324w\032\322\366\013\277"
 115      56FFF439 
 115      D4771AD2 
 115      F60BBF
 116 0133 1FEE64A7 		.ascii	"\037\356d\2471\211\230O\0350\243*\343i~j\377~t\272\263"
 116      3189984F 
 116      1D30A32A 
 116      E3697E6A 
 116      FF7E74BA 
 117 0148 23E6345E 		.ascii	"#\3464^`\032?\335\036\361\022\235\244D$<\357$\200\014"
 117      601A3FDD 
 117      1EF1129D 
 117      A444243C 
 117      EF24800C 
 118 015c E61D401F 		.ascii	"\346\035@\037\204WG\001\251\223\000Z\360\332\001\334"
 118      84574701 
 118      A993005A 
 118      F0DA01DC 
 119 016c 661612C0 		.ascii	"f\026\022\300z\220\000\224!\361\360\252\237\304\201"
 119      7A900094 
 119      21F1F0AA 
 119      9FC481
 120 017b 0C25595A 		.ascii	"\014%YZ\205K(\347\301\362\335\012\017\374\261\2436\214"
 120      854B28E7 
 120      C1F2DD0A 
 120      0FFCB1A3 
 120      368C
 121 018d 39BBA773 		.ascii	"9\273\247s`\021\003$\353p\365\222m\245u\224kk\227\234"
 121      60110324 
 121      EB70F592 
 121      6DA57594 
 121      6B6B979C 
 122 01a1 847489D0 		.ascii	"\204t\211\320\345I\303s\205BQN\177\251x\275\247\257"
 122      E549C373 
 122      8542514E 
ARM GAS  /tmp/cc95y2N7.s 			page 9


 122      7FA978BD 
 122      A7AF
 123 01b3 58BAD55B 		.ascii	"X\272\325[\274\331\323W\350%s\345v\311\273\321\177\365"
 123      BCD9D357 
 123      E82573E5 
 123      76C9BBD1 
 123      7FF5
 124 01c5 DA5FD81C 		.ascii	"\332_\330\034\320\361"
 124      D0F1
 125              		.text
 126              		.section	.gnu.lto_.symbol_nodes.e4e03df5dbebc7ea,"",%progbits
 127 0000 789C6366 		.ascii	"x\234cf``\360e\200\002\246+\214\365\014\014\023\316"
 127      6060F065 
 127      8002A62B 
 127      8CF50C0C 
 127      13CE
 128 0012 3130D4D7 		.ascii	"10\324\3273\314[\300\301\300t\225\261\236\021E\340\032"
 128      33CC5BC0 
 128      C1C07495 
 128      B19E1145 
 128      E01A
 129 0024 633D13B2 		.ascii	"c=\023\262\000\343M\306zf\210\000CC\003\007\0033\023"
 129      00E34DC6 
 129      7A668800 
 129      43430307 
 129      033313
 130 0037 33C39187 		.ascii	"3\303\221\207\377\030\031\000ni\026-"
 130      FF181900 
 130      6E69162D 
 131              		.text
 132              		.section	.gnu.lto_.refs.e4e03df5dbebc7ea,"",%progbits
 133 0000 789C6366 		.ascii	"x\234cf```d\200\002\000\000=\000\005"
 133      60606064 
 133      80020000 
 133      3D0005
 134              		.text
 135              		.section	.gnu.lto_.decls.e4e03df5dbebc7ea,"",%progbits
 136 0000 789C9556 		.ascii	"x\234\225V}PT\327\025\177\367\335]\\v\027pt\242\014"
 136      7D5054D7 
 136      157FF7DD 
 136      5D5C7617 
 136      7074A20C 
 137 0014 4D478233 		.ascii	"MG\2023L\232\261\254b\2336\177%U\247\301T\253\2054\355"
 137      4C9AB1AC 
 137      629B367F 
 137      2555A7C1 
 137      54AB8534 
 138 0029 4CA7B321 		.ascii	"L\247\263!\260D&\010\014\273\264\344\277\007\213\006"
 138      B0442608 
 138      0CBBB4E4 
 138      BF078B06 
 139 0039 08E16311 		.ascii	"\010\341c\021\213\226\012\004\224\360\241\341C\255\012"
 139      8B960A04 
 139      94F0A1E1 
 139      43AD0A
 140 0048 22624408 		.ascii	"\"bD\010 \204\"\211 \260\200\012F\220%H\200E\331\236"
 140      20842289 
ARM GAS  /tmp/cc95y2N7.s 			page 10


 140      20B0800A 
 140      46902548 
 140      8045D99E 
 141 005c 7BEFBEFD 		.ascii	"{\357\276\375\352B\3227\034\336;\367\375\3569\277\337"
 141      EA42D237 
 141      1CDE3BF7 
 141      FDEE39BF 
 141      DF
 142 006d B9E7DEB7 		.ascii	"\271\347\336\267\230\343\270T\304q\026\270\356yq\034"
 142      98E3B854 
 142      C47116B8 
 142      EE79711C 
 143 007d CF739C04 		.ascii	"\317s\234\004\306\016r\366\213\370\223`\323`\363`\313"
 143      C60E72F6 
 143      8BF89360 
 143      D360F360 
 143      CB
 144 008e DCFF5EE4 		.ascii	"\334\377^\344=L\347\274\301\224`\347\301\356\203\365"
 144      3D4CE7BC 
 144      C19460E7 
 144      C1EE83F5 
 145 009e 82BD0416 		.ascii	"\202\275\004\026\002\366\026\3308X\037X\017X\003\330"
 145      02F616D8 
 145      38581F58 
 145      0F5803D8 
 146 00ae 8035FE10 		.ascii	"\2005\376\020X+\330\010\230\021\014Yc\222\273\0349\347"
 146      582BD808 
 146      98110C59 
 146      6392BB1C 
 146      39E7
 147 00c0 9AB6E639 		.ascii	"\232\266\3469\350\220\357\2765\347j\371\006\034r\212"
 147      E890EFBE 
 147      35E76AF9 
 147      061C728A 
 148 00d0 F98CD67C 		.ascii	"\371\214\326|\267\254y\246\255w\037\227|D\263\217\233"
 148      B7AC79A6 
 148      AD771F97 
 148      7C44B38F 
 148      9B
 149 00e1 7CA635F2 		.ascii	"|\2465\362\235\267\346\\\017\261\226\340\216]r\362\016"
 149      9DB7E65C 
 149      0FB196E0 
 149      8E5D72F2 
 149      0E
 150 00f2 B524E97C 		.ascii	"\265$\351|]r\316\362\350\362\271\247]\212I\036y\313"
 150      5D72CEF2 
 150      E8F2B9A7 
 150      5D8A491E 
 150      79CB
 151 0104 FD897BC5 		.ascii	"\375\211{\305\320V\340\001\256R.!\256\241\267\263^\201"
 151      D056E001 
 151      AE522E21 
 151      AEA1B7B3 
 151      5E81
 152 0116 79449E4B 		.ascii	"yD\236K\013F\373\344\333*\005AH\023\232\027\221=\304"
 152      0B46FBE4 
 152      DB2A0541 
ARM GAS  /tmp/cc95y2N7.s 			page 11


 152      48139A17 
 152      913DC4
 153 0129 B5A6C556 		.ascii	"\265\246\305V9\336DA\231i\306v9\336B\237\223\3174d\256"
 153      39DE4441 
 153      9969C676 
 153      39DE429F 
 153      93CF3464 
 154 013e 83582FC9 		.ascii	"\203X/\311)l\344\237Ke\236\324%m\340\003C|\333C\241"
 154      296CE49F 
 154      4B659ED4 
 154      256DE003 
 154      437CDB43 
 155 0153 D41B05CA 		.ascii	"\324\033\005\312\313 \250i\300\320\372\242 HP\015\222"
 155      CB20A869 
 155      C0D0FAA2 
 155      2048500D 
 155      92
 156 0164 A36A8451 		.ascii	"\243j\204Q%\332Fh\223\331\344J\023\204\024!G/x\266y"
 156      25DA4668 
 156      93D9E44A 
 156      13841421 
 156      472F78B6 
 157 0179 73A81CF9 		.ascii	"s\250\034\371\241\317\220\037\207>G\201\200\240Xt\026"
 157      A1CF901F 
 157      873E4781 
 157      80A05874 
 157      16
 158 018a 06CFC120 		.ascii	"\006\317\301 \004\276\371\254)U\212\344\201\356'\325"
 158      04BEF9AC 
 158      29558AE4 
 158      81EE27D5 
 159 019a B9994429 		.ascii	"\271\231D)\\\322\0336\021\012\265@\241\312N\001\030"
 159      5CD21B36 
 159      110AB540 
 159      A1CA4E01 
 159      18
 160 01ab 8962F973 		.ascii	"\211b\371s\227Ffd\"\345\345\033\225\177H\021\336@\347"
 160      97466664 
 160      22E5E51B 
 160      957F4811 
 160      DE40E7
 161 01be 015F61C7 		.ascii	"\001_a\307\327\24259\327\273\345\214j\256U\245{\322"
 161      D7A23539 
 161      D7BBE58C 
 161      6AAE55A5 
 161      7BD2
 162 01d0 957897B8 		.ascii	"\225x\227\270\013GL\351r\272\022J\342\366\337\253\035"
 162      0B474CE9 
 162      72BA124A 
 162      E2F6DFAB 
 162      1D
 163 01e1 91E24A44 		.ascii	"\221\342JD+\333\260x\261\334\233B\215\324\257k\234\234"
 163      2BDBB078 
 163      B1DC9B42 
 163      8DD4AF6B 
 163      9C9C
 164 01f3 F7A1D817 		.ascii	"\367\241\330\027\211;\330?\275\270\016\3270\354tKY\222"
ARM GAS  /tmp/cc95y2N7.s 			page 12


 164      893BD83F 
 164      BDB80ED7 
 164      30EC744B 
 164      5992
 165 0205 1C88E87F 		.ascii	"\034\210\350\177\\\035`F\313\300B\212\024_e\323\263"
 165      5C1D6046 
 165      CBC0428A 
 165      145F65D3 
 165      B3
 166 0216 EEDCAD53 		.ascii	"\356\334\255S\340\353\314\271\326\236\334%\3077\231"
 166      E0EBCCB9 
 166      D69EDC25 
 166      C73799
 167 0225 53967FBC 		.ascii	"S\226\177\274ZJ\223\312hRCI\2717ng\357\362\276\371t"
 167      5A4A93CA 
 167      68524349 
 167      B9376E67 
 167      EFF2BEF9 
 168 023a 458EBB98 		.ascii	"E\216\273\230\3231\2668\247\244\300\365\304\255oJ\313"
 168      D331B638 
 168      A7A4C0F5 
 168      C4AD6F4A 
 168      CB
 169 024b 93E35EF6 		.ascii	"\223\343^\366\256\366\213&\275\002\3673\347\304Bg+\223"
 169      AEF68B26 
 169      BD02F733 
 169      E7C44267 
 169      2B93
 170 025d E10BAE67 		.ascii	"\341\013\256gmNa\243'\012`\327\306\300b!Uoj\2300\277"
 170      6D4E61A3 
 170      270A60D7 
 170      C6C06221 
 170      556F6A98 
 171 0273 65D00B65 		.ascii	"e\320\013e\276\250\001j\336\0045\357B\033\355\212\256"
 171      BEA8016A 
 171      DE0435EF 
 171      421BED8A 
 171      AE
 172 0284 C13F0EBD 		.ascii	"\301?\016\275\002\3778\002/\236\256\362h\333N\241\327"
 172      02FF3802 
 172      2F9EAEF2 
 172      68DB4EA1 
 172      D7
 173 0295 5DA12D2E 		.ascii	"]\241-.\320\031\033\364\013W\350M\027\350\224\015\332"
 173      D0191BF4 
 173      0B57E84D 
 173      17E8940D 
 173      DA
 174 02a6 EC9E4039 		.ascii	"\354\236@9\262a\277\265a\257\272b_v\201>\261Ao\270'"
 174      B261BFB5 
 174      61AFBA62 
 174      5F76813E 
 174      B1416FB8 
 175 02bb EB807D64 		.ascii	"\353\200}d\3036\272\015K\311\346B\217\0129\202\360\206"
 175      C336BA0D 
 175      4BC9E642 
 175      8F0A3982 
ARM GAS  /tmp/cc95y2N7.s 			page 13


 175      F086
 176 02cd 8E4397E0 		.ascii	"\216C\227\340\365e\032\205\200a\311\321mX\375N\024\200"
 176      F5651A85 
 176      8061C9D1 
 176      6D58FD4E 
 176      1480
 177 02df BE046B05 		.ascii	"\276\004k\005k\007\273\005\326\001\326\206\002h\003"
 177      6B07BB05 
 177      D601D686 
 177      026803
 178 02ee 932E378E 		.ascii	"\223.7\216Ty\010\210L\343\254\015n\333\372\374\311\242"
 178      54790888 
 178      4CE3AC0D 
 178      6EDBFAFC 
 178      C9A2
 179 0300 AC070805 		.ascii	"\254\007\010\005n\244\270\305\017d\250\007\202_\261"
 179      6EA4B8C5 
 179      0F64A807 
 179      825FB1
 180 030f EF043289 		.ascii	"\357\0042\211^\356\250\240n`\360\377\260\201\026Y\372"
 180      5EEEA8A0 
 180      6E60F0FF 
 180      B0811659 
 180      FA
 181 0320 F2E8475E 		.ascii	"\362\350G^8\203\235H5y\351ERe\206}\223\321\364b!8\324"
 181      38839D48 
 181      3579E945 
 181      5265867D 
 181      93D1F462 
 182 0337 8B945622 		.ascii	"\213\224V\"@\265t\266\3455\024\250d\373V_\377\033=\354"
 182      40B574B6 
 182      E53514A8 
 182      64FB565F 
 182      FF1B3DEC 
 183 034b DB3E007C 		.ascii	"\333>\000|eg\013x\306v\265\220\350?\300\3221*Z\316\354"
 183      65670B78 
 183      C676B590 
 183      E83FC0D2 
 183      312A5ACE 
 184 0360 AE43389F 		.ascii	"\256C8\237\361\371\364\336\203\005\214\013\231\323\377"
 184      F1F9F4DE 
 184      83058C0B 
 184      99D3FF
 185 036f A8BA4A81 		.ascii	"\250\272J\201Kx\247\2430\304\371(\014\261\037\205\025"
 185      4B78A7A3 
 185      30C4F928 
 185      0CB11F85 
 185      15
 186 0380 A70AD738 		.ascii	"\247\012\3278\261\006!o\210u\247~\003\203w\305\023k"
 186      B106216F 
 186      8875A77E 
 186      038377C5 
 186      136B
 187 0392 387D700B 		.ascii	"8}p\0139\261\006\240\023\276\266+\011\261\035X\250z"
 187      39B106A0 
 187      13BEB62B 
 187      09B11D58 
ARM GAS  /tmp/cc95y2N7.s 			page 14


 187      A87A
 188 03a4 A27E00E3 		.ascii	"\242~\000\343N\312C\232\326=2\303\243\200\215\001\001"
 188      4ECA439A 
 188      D63D32C3 
 188      A3808D01 
 188      01
 189 03b5 B09D8414 		.ascii	"\260\235\204\024SU\207%$\217n'R\212;\020`\370\207[\351"
 189      53558725 
 189      248F6E27 
 189      528A3B10 
 189      60F8875B 
 190 03ca 02BCBE48 		.ascii	"\002\274\276H\013<l]\274Q\2407\004\013e\004\033\261"
 190      0B3C6C5D 
 190      BC51A037 
 190      040B6504 
 190      1BB1
 191 03dc 2E16895F 		.ascii	".\026\211_\\p\232\264)!w\3175\266\323V\005h&\205\222"
 191      5C709AB4 
 191      292177CF 
 191      35B6D356 
 191      05682685 
 192 03f1 93B4DF2D 		.ascii	"\223\264\337-\015\326\374\264\321\314\245\244!\207\335"
 192      0DD6FCB4 
 192      D1CCA5A4 
 192      2187DD
 193 0400 3564F689 		.ascii	"5d\366\211|\223Bl\310\023\032\031\032\207@\377\266\027"
 193      7C93426C 
 193      C8131A19 
 193      1A8740FF 
 193      B617
 194 0412 66D85D43 		.ascii	"f\330]C\212\202\320\030\350XK\023Y\311\246\236+2\247"
 194      8A82D018 
 194      E8584B13 
 194      59C9A69E 
 194      2B32A7
 195 0425 9E1B77EA 		.ascii	"\236\033w\352\271\373\254\207\000Ypv>\333K\302\2631"
 195      B9FBAC87 
 195      00597076 
 195      3EDB4BC2 
 195      B331
 196 0437 F417FA3D 		.ascii	"\364\027\372=\375\372\253\234N\345\346|\232[/\254\227"
 196      FDFAAB9C 
 196      4EE5E67C 
 196      9A5B2FAC 
 196      97
 197 0448 50BDF6C9 		.ascii	"P\275\366\311\017\321f\370\377\000IX\204\276\271\214"
 197      0FD166F8 
 197      FF004958 
 197      84BEB98C 
 198 0458 D7F00CEB 		.ascii	"\327\360\014\353\240\274\274\254f\211\377)\241\270\306"
 198      A0BCBCAC 
 198      6689FF29 
 198      A1B8C6
 199 0467 64AE1A8B 		.ascii	"d\256\032\213\317\205E\023\214\026\313\026:\011M\330"
 199      CF854513 
 199      8C16CB16 
 199      3A094DD8 
ARM GAS  /tmp/cc95y2N7.s 			page 15


 200 0477 1472E499 		.ascii	"\024r\344\231\222E\223\310\037&\266\016\346M\312(\015"
 200      924593C8 
 200      1F26B60E 
 200      E64DCA28 
 200      0D
 201 0488 928BD128 		.ascii	"\222\213\321(\257X\356V\330\250=Blp\356d\276\023\267"
 201      AF58EE56 
 201      D8A83D42 
 201      6C70EE64 
 201      BE13B7
 202 049b 839B1CA8 		.ascii	"\203\233\034\250=\246\324\276\025\251\225\235n\354\363"
 202      3DA6D4BE 
 202      15A9959D 
 202      6EECF3
 203 04aa C006CC7E 		.ascii	"\300\006\314~\031,\024\325\371Pn\306+74\315\251\302"
 203      192C14D5 
 203      F9506EC6 
 203      2B3734CD 
 203      A9C2
 204 04bc 338B05D3 		.ascii	"3\213\005\323)h\312\201\330\224Hl\232\022\253iiy\001"
 204      2968CA81 
 204      D894486C 
 204      9A12AB69 
 204      697901
 205 04cf 9FA211F8 		.ascii	"\237\242\021\370\243%\317*\274l_\325\361*\372U5\001"
 205      A325CF2A 
 205      BC6C5FD5 
 205      F12AFA55 
 205      3501
 206 04e1 DF273FFA 		.ascii	"\337'?\372\253:\343\376c\326\327g\276\201\251T\223M"
 206      AB3AE3FE 
 206      63D6D767 
 206      BE81A954 
 206      934D
 207 04f3 7EFBC878 		.ascii	"~\373\310x\216\247M\376,\223\377\320<:\344\271\252\374"
 207      8EA74DFE 
 207      2C93FFD0 
 207      3C3AE4B9 
 207      AAFC
 208 0505 392AFF3B 		.ascii	"9*\377;Q~ns{\205\017.g\362\217\032\322\377*\256\214"
 208      517E6E73 
 208      7B850F2E 
 208      67F28F1A 
 208      D2FF2AAE 
 209 051a 79FB09A1 		.ascii	"y\373\011\2418EX\261X\020\235\204\236:\024\340\251X"
 209      384558B1 
 209      58109D84 
 209      9E3A14E0 
 209      A958
 210 052c 80795A00 		.ascii	"\200yZ\000w\324\262\263\237\\]g[\255\357\031\265\256"
 210      77D4B2B3 
 210      9F5C5D67 
 210      5BADEF19 
 210      B5AE
 211 053e CCEF6EB3 		.ascii	"\314\357n\263A\262K\027\330\340\345\306\321\347\262"
 211      41B24B17 
 211      D8E0E5C6 
ARM GAS  /tmp/cc95y2N7.s 			page 16


 211      D1E7B2
 212 054d 55F92E51 		.ascii	"U\371.Q\276\213\"\337\356\353\215\371>\370\002\343;"
 212      BE8B22DF 
 212      EEEB8DF9 
 212      3EF802E3 
 212      3B
 213 055e 77DB7452 		.ascii	"w\333tR\012\204\215P\352\322\205]\271\372\034\261\225"
 213      0A848D50 
 213      EAD2855D 
 213      B9FA1CB1 
 213      95
 214 056f 6016323B 		.ascii	"`\0262;\0206\213\204\227)\341\266\252\177\275\213;h"
 214      10368B84 
 214      9729E1B6 
 214      AA7FBD8B 
 214      3B68
 215 0581 10C97861 		.ascii	"\020\311xa\315E\037\024\350\347G\327,\015\226K\340\345"
 215      CD451F14 
 215      E8E747D7 
 215      2C0D964B 
 215      E0E5
 216 0593 E8997502 		.ascii	"\350\231u\002\273\012`|\361u\362\002\036e\364N\327\316"
 216      BB0A607C 
 216      F175F202 
 216      1E65F44E 
 216      D7CE
 217 05a5 6410B02F 		.ascii	"d\020\260/\207\266\371\241\237\301\302=\207\205#\257"
 217      87B6F9A1 
 217      9FC1C23D 
 217      878523AF 
 218 05b5 386401FA 		.ascii	"8d\001\372+l\331\306\362f\323\245r+:\355\207\320i\215"
 218      2B6CD9C6 
 218      F266D3A5 
 218      722B3AED 
 218      87D0698D 
 219 05c9 C7CEB09F 		.ascii	"\307\316\260\237N\177&\356D\316g\237\263\037\034\012"
 219      4E7F26EE 
 219      44CE679F 
 219      B31F1C0A 
 220 05d9 E27E629E 		.ascii	"\342~b\236\355\362\246\256\234\270\346\245[\311\036"
 220      EDF2A6AE 
 220      9CB8E6A5 
 220      5BC91E
 221 05e8 24B420EE 		.ascii	"$\264 \356`\245\343\036<B\203\277\354\207Ry\032\273"
 221      60A5E31E 
 221      3C4283BF 
 221      EC875279 
 221      1ABB
 222 05fa 2DB5B2DB 		.ascii	"-\265\262\333kC\216\365\270\360GTg\012\357\207\364<"
 222      6B438EF5 
 222      B8F04754 
 222      670AEF87 
 222      F43C
 223 060c 811FE537 		.ascii	"\201\037\3457\210\223\010ze\312\322\356\343\210N^\013"
 223      8893087A 
 223      65CAD2EE 
 223      E3884E5E 
ARM GAS  /tmp/cc95y2N7.s 			page 17


 223      0B
 224 061d FDC0906F 		.ascii	"\375\300\220o\302\270\207-K\313\311\321,)\276\313\034"
 224      C2B8872D 
 224      4BCBC9D1 
 224      2C29BECB 
 224      1C
 225 062e E1C2D90C 		.ascii	"\341\302\331\014\357\255%BO\261\311\374x\31479\307\010"
 225      EFAD2542 
 225      4FB1C9FC 
 225      78CC3739 
 225      C708
 226 0640 F12C96D7 		.ascii	"\361,\226\327\021\372\210\337\200\322xLv\267C\340t\036"
 226      11FA88DF 
 226      80D2784C 
 226      76B743E0 
 226      741E
 227 0652 0A8FCE20 		.ascii	"\012\217\316 \236C\031\374V\362C~\366\324q\257\325U"
 227      9E4319FC 
 227      56F2437E 
 227      F6D471AF 
 227      D555
 228 0664 7E2CAAD4 		.ascii	"~,\252\3243\225\267\356$\267z\272\252\264\037\364\231"
 228      3395B7EE 
 228      24B77ABA 
 228      AAB41FF4 
 228      99
 229 0675 94F7C722 		.ascii	"\224\367\307\"\3573\275\337\027I]U\256\212\356N\275"
 229      EF33BDDF 
 229      17495D55 
 229      AE8AEE4E 
 229      BD
 230 0686 F80E9E60 		.ascii	"\370\016\236`\272n6?~\356Iu\0257\226\012\222\002!\225"
 230      BA6E363F 
 230      7EEE4975 
 230      1537960A 
 230      92022195 
 231 069a 741EFAC4 		.ascii	"t\036\372\304*\012N\006\2078YvQ\331T\224\345\\\345\373"
 231      2A0A4E06 
 231      87385976 
 231      51D95494 
 231      E55CE5FB 
 232 06ae 4E672F69 		.ascii	"Ng/iX\273\250\034\236\236\275\344\016\340\242\254\272"
 232      58BBA81C 
 232      9E9EBDE4 
 232      0EE0A2AC 
 232      BA
 233 06bf 250FDA14 		.ascii	"%\017\332\024\361\364\227f\311\340\002\246]\340M\334"
 233      F1F49766 
 233      C9E002A6 
 233      5DE04DDC 
 234 06cf A9BAE256 		.ascii	"\251\272\342V\031u\275\210\333sdE\266z\265\216\211\325"
 234      1975BD88 
 234      DB736445 
 234      B67AB58E 
 234      89D5
 235 06e1 CA63D53A 		.ascii	"\312c\325:]]\270\250p\255V.,\206\201.F>\325\177L\324"
 235      5D5DB8A8 
ARM GAS  /tmp/cc95y2N7.s 			page 18


 235      70AD562E 
 235      2C86812E 
 235      463ED57F 
 236 06f7 7FDCF83C 		.ascii	"\177\334\370<\323\303\265Z\253\242{\214CO\025x\336\272"
 236      D3C3B55A 
 236      ABA27B8C 
 236      434F1578 
 236      DEBA
 237 0709 5587863B 		.ascii	"U\207\206;|X\271\036;\224\353\270\265\\p\2168\004\372"
 237      7C58B91E 
 237      3B94EBB8 
 237      B55C708E 
 237      3804FA
 238 071c 87BD5C05 		.ascii	"\207\275\\\005\374VN\031\035\027\037\227\240;\034\256"
 238      FC564E19 
 238      1D171F97 
 238      A03B1CAE 
 239 072c FD40ADF3 		.ascii	"\375@\255\363x\363\367\177\364\337\315\311\022\243c"
 239      78F3F77F 
 239      F4DFCDC9 
 239      12A363
 240 073b 753B83D5 		.ascii	"u;\203\325:\271Z->\376\\\225\250MPE\307F\304$FjT\261"
 240      3AB95A2D 
 240      3EFE5C95 
 240      A84D5045 
 240      C746C424 
 241 0753 9ABFC744 		.ascii	"\232\277\307D\277\247:\034\036q(:V\243RGj\242\302\023"
 241      BFA73A1C 
 241      1E71283A 
 241      56A35247 
 241      6AA2C213 
 242 0767 63746ADD 		.ascii	"ctj\335\207\361\032m\320!.\300\035Z\373\241V\245\326"
 242      87F11A6D 
 242      D0212EC0 
 242      1D5AFBA1 
 242      56A5D6
 243 077a EA222122 		.ascii	"\352\"!\"@\202\202\202T\360\027\247U\035\012\217Q\021"
 243      40828282 
 243      54F017A7 
 243      551D0A8F 
 243      5111
 244 078c 0E5A55D8 		.ascii	"\016ZU\330\333\373w\006\253\366\355\333\243z\363\340"
 244      DBFB7706 
 244      ABF6EDDB 
 244      A37AF3E0 
 245 079c DE037FDB 		.ascii	"\336\003\177\333\241\212\017\217Q\307\304D\002\\\272"
 245      A18A0F8F 
 245      51C7C444 
 245      025CBA
 246 07ab F7C0AE44 		.ascii	"\367\300\256D\255\222\214\253\337\206,{4Qxw\350>\260"
 246      AD928CAB 
 246      DF862C7B 
 246      34517877 
 246      E83EB0
 247 07be 10BC774F 		.ascii	"\020\274wO(>\260'T\262+,4\024\357\012\015\225"
 247      283EB027 
 247      54B22B2C 
ARM GAS  /tmp/cc95y2N7.s 			page 19


 247      3414EF0A 
 247      0D95
 248 07d0 ECDBFDBB 		.ascii	"\354\333\375\273P{|M\222N\265{\177\330\3360\210\317"
 248      507B7C4D 
 248      924EB57B 
 248      7FD8DE30 
 248      88CF
 249 07e2 52FC7647 		.ascii	"R\374vGR\222J\253;\27438j\307\366\235I\357A|9\253Ct"
 249      52924AAB 
 249      3BBC3338 
 249      6AC7F69D 
 249      49EF417C 
 250 07fa 2454813D 		.ascii	"$T\201=HHM\224D\277:*\\\253\373\265Z\367S\267\252DA"
 250      48484D94 
 250      44BF3A2A 
 250      5CABFBB5 
 250      5AF753B7 
 251 0811 1E715151 		.ascii	"\036qQQZ\215\356'N\272D0\010!I\340\026\252\011\217\004"
 251      5A8DEE27 
 251      4EBA4430 
 251      082149E0 
 251      16AA098F 
 252 0826 259B9D60 		.ascii	"%\233\235`\332\204\010\012\211\340\024p\373SB\264N\003"
 252      DA84080A 
 252      89E01470 
 252      FB5342B4 
 252      4E03
 253 0838 185974DC 		.ascii	"\030Yt\334\341\270H\215Z\347\005\203a\032\035\014\355"
 253      E1B8488D 
 253      5AE70583 
 253      611A1D0C 
 253      ED
 254 0849 07FF05B5 		.ascii	"\007\377\005\265\265,jH\367~B\\b<AI\"\016\205'\310\324"
 254      B52C6A48 
 254      F77E425C 
 254      623C4149 
 254      220E8527 
 255 085f EAA8C4D8 		.ascii	"\352\250\304\330\010\265\332K|\010z\365\325_\004;y\277"
 255      08B5DA4B 
 255      7C087AF5 
 255      D55F043B 
 255      79BF
 256 0871 72F47E19 		.ascii	"r\364~\031\374_\316<\332\362"
 256      FC5FCE3C 
 256      DAF2
 257              		.text
 258              		.section	.gnu.lto_.symtab.e4e03df5dbebc7ea,"",%progbits
 259 0000 70616C52 		.ascii	"palReadBus\000\000\000\000\000\000\000\000\000\000\000"
 259      65616442 
 259      75730000 
 259      00000000 
 259      00000000 
 260 0015 00E80000 		.ascii	"\000\350\000\000\000palWriteBus\000\000\000\000\000"
 260      0070616C 
 260      57726974 
 260      65427573 
 260      00000000 
ARM GAS  /tmp/cc95y2N7.s 			page 20


 261 002a 00000000 		.ascii	"\000\000\000\000\000\000\000\355\000\000\000palSetB"
 261      000000ED 
 261      00000070 
 261      616C5365 
 261      7442
 262 003c 75734D6F 		.ascii	"usMode\000\000\000\000\000\000\000\000\000\000\000\000"
 262      64650000 
 262      00000000 
 262      00000000 
 262      0000
 263 004e F5000000 		.ascii	"\365\000\000\000_pal_lld_setgroupmode\000\000\002\000"
 263      5F70616C 
 263      5F6C6C64 
 263      5F736574 
 263      67726F75 
 264 006b 00000000 		.ascii	"\000\000\000\000\000\000\000\000\373\000\000\000"
 264      00000000 
 264      FB000000 
 265              		.text
 266              		.section	.gnu.lto_.opts,"",%progbits
 267 0000 272D666E 		.ascii	"'-fno-trapv' '-mcpu=cortex-m3' '-mno-thumb-interwor"
 267      6F2D7472 
 267      61707627 
 267      20272D6D 
 267      6370753D 
 268 0033 6B272027 		.ascii	"k' '-mthumb' '-ggdb' '-O2' '-fomit-frame-pointer' '"
 268      2D6D7468 
 268      756D6227 
 268      20272D67 
 268      67646227 
 269 0066 2D66616C 		.ascii	"-falign-functions=16' '-ffunction-sections' '-fdata"
 269      69676E2D 
 269      66756E63 
 269      74696F6E 
 269      733D3136 
 270 0099 2D736563 		.ascii	"-sections' '-fno-common' '-flto'\000"
 270      74696F6E 
 270      73272027 
 270      2D666E6F 
 270      2D636F6D 
 271              		.text
 272              		.comm	__gnu_lto_v1,1,1
 273              		.comm	__gnu_lto_slim,1,1
 274              		.ident	"GCC: (15:4.9.3+svn231177-1) 4.9.3 20150529 (prerelease)"
ARM GAS  /tmp/cc95y2N7.s 			page 21


DEFINED SYMBOLS
                            *ABS*:0000000000000000 pal.c
                            *COM*:0000000000000001 __gnu_lto_v1
                            *COM*:0000000000000001 __gnu_lto_slim

NO UNDEFINED SYMBOLS
