ARM GAS  /tmp/ccIyv9tR.s 			page 1


   1              		.syntax unified
   2              		.cpu cortex-m3
   3              		.fpu softvfp
   4              		.eabi_attribute 20, 1
   5              		.eabi_attribute 21, 1
   6              		.eabi_attribute 23, 3
   7              		.eabi_attribute 24, 1
   8              		.eabi_attribute 25, 1
   9              		.eabi_attribute 26, 1
  10              		.eabi_attribute 30, 2
  11              		.eabi_attribute 34, 1
  12              		.eabi_attribute 18, 4
  13              		.thumb
  14              		.file	"pal_lld.c"
  15              		.text
  16              	.Ltext0:
  17              		.section	.gnu.lto_.profile.334d95dccb3ed08e,"",%progbits
  18 0000 789C6366 		.ascii	"x\234cf```a\200\000F\0067\027\000\001D\000\223"
  18      60606061 
  18      80004606 
  18      37170001 
  18      440093
  19              		.text
  20              		.section	.gnu.lto_.jmpfuncs.334d95dccb3ed08e,"",%progbits
  21 0000 789C6366 		.ascii	"x\234cf\300\016\004\2404\023\003##c=#3\220d\257\257"
  21      C00E04A0 
  21      34130323 
  21      23633D23 
  21      339064AF 
  22 0015 AF670000 		.ascii	"\257g\000\000\014\320\002#"
  22      0CD00223 
  23              		.text
  24              		.section	.gnu.lto_.inline.334d95dccb3ed08e,"",%progbits
  25 0000 789C6D91 		.ascii	"x\234m\221!n\303@\020Eg\306\216k\225\330(\240$+\325"
  25      216EC340 
  25      104567C6 
  25      8E6B95D8 
  25      28A0242B 
  26 0015 27C801A2 		.ascii	"'\310\001\242=Jas\2139A\244\204\244e\033)R\202r\200"
  26      3D4A6173 
  26      8B3941A4 
  26      84A4651B 
  26      29528272 
  27 002a 20C396E5 		.ascii	" \303\226\345\000\005\205\246UQYv\376\330\254\006\357"
  27      000585A6 
  27      55515976 
  27      FED8AC06 
  27      EF
  28 003b 7F6BA4B7 		.ascii	"\177k\244\267\243\335\202\376\377\016\354)D\33537\304"
  28      A3DD82FE 
  28      FF0EEC29 
  28      44DD3337 
  28      C4
  29 004c 5490211A 		.ascii	"T\220!\032\202\341\305\220\330\250`\357]\214\337\350"
  29      82E1C590 
  29      D8A860EF 
  29      5D8CDFE8 
ARM GAS  /tmp/ccIyv9tR.s 			page 2


  30 005c C93BD883 		.ascii	"\311;\330\203Z\240\203\251\010]z\027\252\322\"\317\206"
  30      5AA083A9 
  30      085D7A17 
  30      AAD222CF 
  30      86
  31 006d 87D269A8 		.ascii	"\207\322i\250QkC\213\332\032\002j0D\324hP\026\017P\374"
  31      516B438B 
  31      DA1A026A 
  31      3044D468 
  31      50160F50 
  32 0082 C7598E01 		.ascii	"\307Y\216\001\272S!U\267*\264\352^\205X\335\254\256"
  32      BA532155 
  32      B72AB4EA 
  32      5E8558DD 
  32      ACAE
  33 0094 9EDCA37C 		.ascii	"\236\334\243|\262\217\372\311\237\017 \273\234n\313"
  33      B28FFAC9 
  33      9F0F20BB 
  33      9C6ECB
  34 00a3 3C93D71F 		.ascii	"<\223\327\037\341\315\345\370\333\014\362'\371\326\370"
  34      E1CDE5F8 
  34      DB0CF227 
  34      F9D6F8
  35 00b2 C44F246B 		.ascii	"\304O$k\017\033^w\037o\025\206y\261\263\017\021\371"
  35      0F1B5E77 
  35      1F6F1586 
  35      79B1B30F 
  35      11F9
  36 00c4 CAEBE5ED 		.ascii	"\312\353\345\355\253\245\307~\225\207i\021\251\354\347"
  36      ABA5C77E 
  36      95876911 
  36      A9ECE7
  37 00d3 316FFCC9 		.ascii	"1o\374\311\255\255oA\274\027;7\023\017t\007\373SO\350"
  37      ADAD6F41 
  37      BC173B37 
  37      130F7407 
  37      FB534FE8 
  38              		.text
  39              		.section	.gnu.lto_.pureconst.334d95dccb3ed08e,"",%progbits
  40 0000 789C6366 		.ascii	"x\234cf```e\200\000&\006)F)\000\000\371\000@"
  40      60606065 
  40      80002606 
  40      29462900 
  40      00F90040 
  41              		.text
  42              		.section	.gnu.lto__pal_lld_init.334d95dccb3ed08e,"",%progbits
  43 0000 789CA596 		.ascii	"x\234\245\226]L\034U\024\307\357\2713;\014\273[\330"
  43      5D4C1C55 
  43      14C7EFB9 
  43      333B0CBB 
  43      5BD8
  44 0012 1042361B 		.ascii	"\020B6\033B\010\261\351\023l\250\017\276\031\037L\032"
  44      4208B1E9 
  44      136CA80F 
  44      BE191F4C 
  44      1A
  45 0023 93FA91E8 		.ascii	"\223\372\221\350\273ij\374H\2104\326\364\315t\026\266"
ARM GAS  /tmp/ccIyv9tR.s 			page 3


  45      BB696AFC 
  45      488834D6 
  45      F4CD7416 
  45      B6
  46 0034 C4364691 		.ascii	"\3046F\221\007C\212\244\024\203\"P\266\037\202\205Z"
  46      07438AA4 
  46      14832250 
  46      B61F8285 
  46      5A
  47 0045 59576D01 		.ascii	"YWm\001\245u[*u)\320\226\005\251\332\312\002\225\016"
  47      A5755B2A 
  47      7529D096 
  47      05A9DACA 
  47      02950E
  48 0058 8A78CFDC 		.ascii	"\212x\317\334\335;\353\226L\274B\340\314\314~\234\363"
  48      DD3BEB96 
  48      4CBC42E0 
  48      CCCC7E9C 
  48      F3
  49 0069 FB9DF967 		.ascii	"\373\235\371gY\205<\374\023`\177#^B\036cGP\010\320\306"
  49      59853CFC 
  49      13607F23 
  49      5E421E63 
  49      475008D0 
  50 007e 4B848474 		.ascii	"K\204\204t\012\200'\004\310A\012\007\341\016MQh\214"
  50      0A802704 
  50      C8410A07 
  50      E10E4D51 
  50      688C
  51 0090 76377B76 		.ascii	"v7{vt\030\206\261\030;\343?\3447)!\313\224\267\201O"
  51      741886B1 
  51      183BE33F 
  51      E4372921 
  51      CB94B781 
  52 00a5 60077B49 		.ascii	"`\007{IC\317\324EU\251\006\302\316\007zW\306<\013\324"
  52      43CFD445 
  52      55A906C2 
  52      CE077A57 
  52      C63C0BD4 
  53 00b9 A4508E97 		.ascii	"\244P\216\227\203M\303\315\032^R\025/\207\314\256\270"
  53      834DC3CD 
  53      1A5E5215 
  53      2F87CCAE 
  53      B8
  54 00ca BAFD23C3 		.ascii	"\272\375#\303\250\213\216\2356\236PM\252@'(\254\037"
  54      A88B8E9D 
  54      369E504D 
  54      AA402728 
  54      AC1F
  55 00dc 7C0A01E8 		.ascii	"|\012\001\350\202\000a\017\021\350\206\355\370\362T"
  55      8200610F 
  55      11E886ED 
  55      F8F254
  56 00eb 787DC2A3 		.ascii	"x}\302\243\205\331l\037\237\011=\240\001;F\212\242\306"
  56      85D96C1F 
  56      9F093DA0 
  56      013B468A 
ARM GAS  /tmp/ccIyv9tR.s 			page 4


  56      A2C6
  57 00fd C6C66CEF 		.ascii	"\306\306l\357\207\347\325G({\213\252`q\001\276Q\303"
  57      87E7D547 
  57      287B8BAA 
  57      607101BE 
  57      51C3
  58 010f 531D8B1B 		.ascii	"S\035\213\033\213\027K\001\026\037\226\",\305XJ\260"
  58      8B174B01 
  58      161F9622 
  58      2CC5584A 
  58      B0
  59 0120 F8B1E050 		.ascii	"\370\261\340P\265\024K\031\226r,\025X\010I\262\251\270"
  59      B5144B19 
  59      96722C15 
  59      580849B2 
  59      A9B8
  60 0132 92394AF1 		.ascii	"\2229J\361\250$ \326\237\032\257F\216U\212\353\031\035"
  60      A82420D6 
  60      9F1AAF46 
  60      8E558AEB 
  60      191D
  61 0144 EE18C847 		.ascii	"\356\030\310GA\227\321\366\266aI\316$/\307u\353!\202"
  61      4197D1F6 
  61      B66149CE 
  61      242FC775 
  61      EB2182
  62 0157 97751F1F 		.ascii	"\227u\037\037\037\324[\241\005L\252\301\011f\331\313"
  62      1FD45BA1 
  62      054CAAC1 
  62      0966D9CB 
  63 0167 2CF189D9 		.ascii	",\361\211\331\265\243s\236\312n#\034\322M\232\007\021"
  63      B5A3739E 
  63      CA6E231C 
  63      D24D9A07 
  63      11
  64 0178 6885256B 		.ascii	"h\205%k\261p\022*I\002\352W4>G\341\243V\256\264?\203"
  64      B170122A 
  64      4902EA57 
  64      343E47E1 
  64      A356AEB4 
  65 018e 6DD5B708 		.ascii	"m\325\267\010\234b=\030K\023\340+$\206\234\266\207\234"
  65      9C623D18 
  65      4B13E02B 
  65      24869CB6 
  65      879C
  66 01a0 814AD69A 		.ascii	"\201J\326\232u\251\353?5q+\217\217\322\262\371\025\253"
  66      75A9EB3F 
  66      35712B8F 
  66      8FD2B2F9 
  66      15AB
  67 01b2 43DF8363 		.ascii	"C\337\203cw\267\261\326!\303\210V\231T_\245.\370,\335"
  67      77B7B1D6 
  67      21C38856 
  67      99545FA5 
  67      2EF82CDD 
  68 01c6 FD5EECDD 		.ascii	"\375^\354\335\265B\326\335g\322|\350\263z\343\355a\317"
  68      B542D6DD 
ARM GAS  /tmp/ccIyv9tR.s 			page 5


  68      67D27CE8 
  68      B37AE3ED 
  68      61CF
  69 01d8 5C18BD39 		.ascii	"\\\030\2759\356f\3174\032\321\307M\352\206~\250\\\242"
  69      EE66CF34 
  69      1AD1C74D 
  69      EA867EA8 
  69      5CA2
  70 01ea D62DFCDC 		.ascii	"\326-\374\334\222\2135\035/L\263\307\357_Om\303y\036"
  70      928B351D 
  70      2F4CB3C7 
  70      EF5F4F6D 
  70      C3791E
  71 01fd A3319CB3 		.ascii	"\2431\234\263B\217\325,2y\364\035\232F`\001\364\302"
  71      428FD52C 
  71      3279F41D 
  71      9A466001 
  71      F4C2
  72 020f 59663890 		.ascii	"Yf8\220fhH\364\254\353h\010(8hA(8\350\034\012j\226`"
  72      666848F4 
  72      ACEB6808 
  72      28386841 
  72      2838E81C 
  73 0227 4A08EA32 		.ascii	"J\010\3522F_8\031\235G#\025\007}\231k$\301;d\215pa\233"
  73      465F3819 
  73      9D472315 
  73      077D996B 
  73      24C13B64 
  74 023f 28F2EAFC 		.ascii	"(\362\352\374\206\334\310\360\272ex\277r\342\215!\257"
  74      86DCC8F0 
  74      BA6578BF 
  74      72E28D21 
  74      AF
  75 0250 8683BEDE 		.ascii	"\206\203\276\336\002\3577\326\210<l\363-\362\272\371"
  75      02EF37D6 
  75      883C6CF3 
  75      2DF2BAF9 
  76 0260 7E05AF57 		.ascii	"~\005\257W\206\367\202\325L\337\234\367\242H\314p.\357"
  76      86F782D5 
  76      4CDF9CF7 
  76      A248CC70 
  76      2EEF
  77 0272 E27BEB11 		.ascii	"\342{\353\0217OLs:1F}\353a-[a$Kah\341\334\021[a\324"
  77      374F4C73 
  77      3A31467D 
  77      EB612D5B 
  77      61244B61 
  78 028d 8EC877A8 		.ascii	"\216\310w\250\340\345+\237\312(\024\310(|\357\2440&"
  78      E0E52B9F 
  78      CA2814C8 
  78      287CEFA4 
  78      3026
  79 029f 22722957 		.ascii	"\"r)WA\202\367\262\035\221\037\220\267\200\257\\\360"
  79      4182F7B2 
  79      1D911F90 
  79      B780AF5C 
  79      F0
ARM GAS  /tmp/ccIyv9tR.s 			page 6


  80 02b0 FA6478E3 		.ascii	"\372dx\343N\274WDD\256n\201w\334\216\3105\344\365\361"
  80      4EBC5744 
  80      44AE6E81 
  80      77DC8EC8 
  80      35E4F5F1 
  81 02c4 FD4E6778 		.ascii	"\375Ngx\213dx\177\264\232\345o\316;!\"r=\227\367\310"
  81      8B64787F 
  81      B49AE56F 
  81      CE3B2122 
  81      723D97F7 
  82 02d9 E1963617 		.ascii	"\341\2266\027\217H[:\"\355\343\211\226\177)\374\224"
  82      8F485B3A 
  82      22EDE389 
  82      967F29FC 
  82      94
  83 02ea A570A2B3 		.ascii	"\245p\242\263\341\254*\024\022vD&Q\241\210\257\\(\024"
  83      E1AC2A14 
  83      12764426 
  83      51A188AF 
  83      5C2814
  84 02fd CB28DC70 		.ascii	"\313(\334pR\230\022\021\231\316U\220\340\235\261#r\023"
  84      52981211 
  84      99CE5590 
  84      E09DB123 
  84      7213
  85 030f 798BF9CA 		.ascii	"y\213\371\312g2\274%2\274\267\234xo\213\210\314n\201"
  85      6732BC25 
  85      32BCB79C 
  85      786F8B88 
  85      CC6E81
  86 0322 37694764 		.ascii	"7iGd\016yK\370~\005\257_\206w\336j\346\336\234\367g"
  86      0E794BF8 
  86      7E05AF5F 
  86      8677DE6A 
  86      E6DE9CF7 
  87 0337 1191855C 		.ascii	"\021\221\205\\\336\367\315TG\372S\2443\035\221x_$\252"
  87      DEF7CD54 
  87      47FA53A4 
  87      331D9178 
  87      5F24AA
  88 034a 662BDCC9 		.ascii	"f+\334\311R\030\0341\227\012\205\302/vD~E\005?_y2\243"
  88      52181C31 
  88      970A85C2 
  88      2F76447E 
  88      45053F5F 
  89 0361 109051F8 		.ascii	"\020\220Q\370\315I\341\256\210\310\275\207\376u\376"
  89      CD49E1AE 
  89      88C8BD87 
  89      FE75FE
  90 0370 77DEDFED 		.ascii	"w\336\337\355\210,\"o\200\257\\\360\226\312\360\246"
  90      882C226F 
  90      80AF5CF0 
  90      96CAF0A6 
  91 0380 9C789744 		.ascii	"\234x\227DD\226\267\300\273bG\344>\362\226r\336\271"
  91      4496B7C0 
  91      BB6247E4 
  91      3EF29672 
ARM GAS  /tmp/ccIyv9tR.s 			page 7


  91      DEB9
  92 0392 0C6F990C 		.ascii	"\014o\231\014\357\037V3\317\346\274\253\"\"\017ry?\210"
  92      EF1F5633 
  92      CFE6BCAB 
  92      22220F72 
  92      793F88
  93 03a5 B51FF3F0 		.ascii	"\265\037\363\360\210\234LGd2\221J\345g+\230Y\012\363"
  93      889C4C47 
  93      6432914A 
  93      E5672B98 
  93      590AF3
  94 03b8 5DCBB7DD 		.ascii	"]\313\267\335Ba\315\216\310\237\250P\306#2\237Q(\227"
  94      4261CD8E 
  94      C89FA850 
  94      C623329F 
  94      512897
  95 03cb 51F8CB49 		.ascii	"Q\370\313Ia]D\344\357\\\005\011\336\015;\"\006e\274"
  95      615D44E4 
  95      EF5C0509 
  95      DE0D3B22 
  95      0665BC
  96 03de E57CE582 		.ascii	"\345|\345\202\267B\2067D\035x\353h&\"\365\364\377\363"
  96      B7428637 
  96      441D78EB 
  96      682622F5 
  96      F4FFF3
  97 03f1 86A988C8 		.ascii	"\206\251\210\310!\344\255 \323\020\212^\335\205\235"
  97      21E4AD20 
  97      D3108A5E 
  97      DD859D
  98 0400 F02B6E92 		.ascii	"\360+n\222}\025b_\332\331\255\255\252\252\012\262\337"
  98      7D15625F 
  98      DAD9ADAD 
  98      AAAA0AB2 
  98      DF
  99 0411 DAFDC157 		.ascii	"\332\375\301W\367\324\004\367\325\276\361\346\376\340"
  99      F7D404F7 
  99      D5BEF1E6 
  99      FEE0
 100 041f F32F3CFD 		.ascii	"\363/<\375\350\316\340\356\335O\006w=\367\324\263\007"
 100      E8CEE0EE 
 100      DD4F0677 
 100      3DF7D4B3 
 100      07
 101 0430 AA83FBF6 		.ascii	"\252\203\373\366\324\274XS\363R\325^\242\355\255}\375"
 101      D4BC5853 
 101      F352D55E 
 101      A2EDAD7D 
 101      FD
 102 0441 E5D75EF9 		.ascii	"\345\327^\371\007)\370\236\241"
 102      0729F89E 
 102      A1
 103              		.text
 104              		.section	.gnu.lto__pal_lld_setgroupmode.334d95dccb3ed08e,"",%progbits
 105 0000 789C9D56 		.ascii	"x\234\235VkLTG\024\2363\367\356\335\273o*\"/\021E\320"
 105      6B4C5447 
 105      149E33F7 
ARM GAS  /tmp/ccIyv9tR.s 			page 8


 105      EEDDBB6F 
 105      2A222F11 
 106 0016 36A96CB5 		.ascii	"6\251l\265\215m\322\2461i\323\247}\244\366w[\253mi\012"
 106      8D6DD2A6 
 106      3169D3A7 
 106      7DA4F677 
 106      5BAB6D69 
 107 002b D168D37F 		.ascii	"\321h\323\177\306\313C4\201\370\240\225\220TSk\213/"
 107      C6CB4334 
 107      81F8A095 
 107      9054536B 
 107      8B2F
 108 003d 76A1A0F2 		.ascii	"v\241\240\362\264v\241>\250\202\326\252 \240\210\015"
 108      B476A13E 
 108      A882D6AA 
 108      20A0880D 
 109 004d 5049D588 		.ascii	"PI\325\210`\227\215Ez\346\314.\354\322bL7\334\263w\316"
 109      60978D45 
 109      7AE6CC2E 
 109      ECD2624C 
 109      37DCB377 
 110 0062 7CDF99F3 		.ascii	"|\337\231\363\31593\213\302\376\375i\304'`el\031~C\024"
 110      CD39338B 
 110      C2FEFD69 
 110      C4276065 
 110      6C197E43 
 111 0077 03BEF50C 		.ascii	"\003\276\365\014c\331:\347\312\355\030fX\325]\3170\303"
 111      63D93AE7 
 111      CAED1866 
 111      58D55DCF 
 111      30C3
 112 0089 AE8026DD 		.ascii	"\256\200&\335*7\221[#\267)\344\326\300)_\314\\\3374"
 112      2A37915B 
 112      23B729E4 
 112      D6C0295F 
 112      CC5CDF34 
 113 009d 1FE72DC2 		.ascii	"\037\347-\302\332u\260J\267%\364b\3456\232\267\323\274"
 113      DA75B04A 
 113      B725F462 
 113      E5369AB7 
 113      D3BC
 114 00af 0D1CD26D 		.ascii	"\015\034\322m\017\2758d\240F\335\311\315u\307\031\""
 114      0FBD3864 
 114      A046DDC9 
 114      CD75C719 
 114      22
 115 00c0 5DED3A22 		.ascii	"]\355:\"]\000\302\317\200\255\347\212j\322\314\272\305"
 115      5D00C2CF 
 115      80ADE78A 
 115      6AD2CCBA 
 115      C5
 116 00d1 6AB33B9C 		.ascii	"j\263;\234.X\317\235\014t\361\207\237\001>\310a\253"
 116      2E58CF9D 
 116      0C74F187 
 116      9F013EC8 
 116      61AB
 117 00e3 AFACC436 		.ascii	"\257\254\3046\277\3240\214\333\273\317\305m\210\013"
ARM GAS  /tmp/ccIyv9tR.s 			page 9


 117      BFD4308C 
 117      DBBBCFC5 
 117      6D880B
 118 00f2 70C686B8 		.ascii	"p\306\206\270T\013{a>B\256\370k\012\035\312B`\370^W"
 118      540B7B61 
 118      3E42AEF8 
 118      6B0A1DCA 
 118      4260F85E 
 119 0107 3EDC6ABB 		.ascii	">\334j\273\316\003\034f\213a}Qs\211&\206\\\025\303\266"
 119      CE031C66 
 119      8B617D51 
 119      73892686 
 119      5C15C3B6 
 120 011b 8ACE0E9E 		.ascii	"\212\316\016\236\366\235a\344\370\316V\031K\324\000"
 120      F69D61E4 
 120      F8CE5619 
 120      4BD400
 121 012a 57601F28 		.ascii	"W`\037(\030\017\366C\002\034\200\004\206.\006e\220\206"
 121      180FF643 
 121      021C8004 
 121      862E0665 
 121      9086
 122 013c E8DD97FB 		.ascii	"\350\335\227\373\374\212\262\230\342\036h\252{\214\210"
 122      FC8AB298 
 122      E21E68AA 
 122      7B8C88
 123 014b 3D05A56D 		.ascii	"=\005\245mv\343\225\000W\3013\231\2512\360\022\363\217"
 123      76E39500 
 123      57C13399 
 123      A932F012 
 123      F38F
 124 015d C0C05E87 		.ascii	"\300\300^\207\362,1G\017l\333a\225\324\302\322\363D"
 124      F22C3147 
 124      0F6CDB61 
 124      95D4C2D2 
 124      F344
 125 016f 3541F964 		.ascii	"5A\371d\252\211A\005\244\011\374\336=\003\033ue\011"
 125      AA894105 
 125      A409FCDE 
 125      3D031B75 
 125      6509
 126 0181 716F7677 		.ascii	"qovw>2\367[A\255\333p\322n4\033y=cc\311\001\256\301"
 126      3E32F75B 
 126      41ADDB70 
 126      D26E341B 
 126      793D6363 
 127 0199 0F9101E4 		.ascii	"\017\221\001\344\007\031\325\267<\245\212\362\002\261"
 127      0719D5B7 
 127      3CA58AF2 
 127      02B1
 128 01a7 AF35F716 		.ascii	"\2575\367\026;\211\356\333\207j\363v\031\367\307\306"
 128      3B89EEDB 
 128      876AF376 
 128      19F7C7C6 
 129 01b7 40B0ABA6 		.ascii	"@\260\253\246`\017\371\033\275&\345%b\267\033\315mV"
 129      600FF91B 
 129      BD26E525 
ARM GAS  /tmp/ccIyv9tR.s 			page 10


 129      62B71BCD 
 129      6D56
 130 01c9 C9F644B2 		.ascii	"\311\366D\262\017M\301\276\233\273\345\252\246\274F"
 130      0F4DC1BE 
 130      9BBBE5AA 
 130      A6BC46
 131 01d8 6CCF216F 		.ascii	"l\317!o\227]\262\353\"\331\325S\260\215\362=>\223\362"
 131      975DB2EB 
 131      22D9D553 
 131      B08DF23D 
 131      3E93F2
 132 01eb 26B1EF6E 		.ascii	"&\261\357n\336\260M\221\354\243\221\354\332)\330\303"
 132      DEB04D91 
 132      ECA391EC 
 132      DA29D8C3 
 133 01fb 1B2BBACC 		.ascii	"\033+\272\314\312;\304\276\267\315\333\343\222\333V"
 133      CA3BC4BE 
 133      B7CDDBE3 
 133      92DB56
 134 020a 1FB16D66 		.ascii	"\037\261mf\250\237\202>\2307\332n\323\362\260\313\242"
 134      A89F823E 
 134      9837DA6E 
 134      D3F2B0CB 
 134      A2
 135 021b 4671BE12 		.ascii	"Fq\276\022\346\302A|\016\343S\203O\035>\0150W6\036\034"
 135      E6C2417C 
 135      0EE35383 
 135      4F1D3E0D 
 135      3057361E 
 136 0230 010D1853 		.ascii	"\001\015\030S\0050l\262b\232\317\030\033;x\242\252\300"
 136      05306CB2 
 136      629ACF18 
 136      1B3B78A2 
 136      AAC0
 137 0242 5DCE1F05 		.ascii	"]\316\037\005j\005\211P\310\252dMd5\262f\262:Y\013Y"
 137      6A058950 
 137      C8AA644D 
 137      6435B266 
 137      B23A590B 
 138 0257 2B1391EC 		.ascii	"+\023\221\354 z\301\011\242\015\361\250`\234i\330!z"
 138      207AC109 
 138      A20DF1A8 
 138      609C69D8 
 138      217A
 139 0269 34134B4D 		.ascii	"4\023KM'`\014\331\031dc\311\306!\304\022O\257\011d\023"
 139      27600CD9 
 139      196463C9 
 139      C621C412 
 139      4FAF0964 
 140 027e 856326BD 		.ascii	"\205c&\275&\221\235E)%\323\022\263\305\344\034aR\204"
 140      26919D45 
 140      2925D312 
 140      B3C5E41C 
 140      615284
 141 0291 4915264D 		.ascii	"I\025&M\230y\3020\326\213B\361\250\366q\216_\312E\310"
 141      9879C230 
 141      D68B42F1 
ARM GAS  /tmp/ccIyv9tR.s 			page 11


 141      A8F6718E 
 141      5FCA45C8 
 142 02a5 BB943BB4 		.ascii	"\273\224;\264]\023\312\375\334\216\373\265\271\374\373"
 142      5D13CAFD 
 142      DC8EFBB5 
 142      B9FCFB
 143 02b4 21973857 		.ascii	"!\2278W\026\024\367cp'\373\360\350\324p\245\023\232"
 143      1614F763 
 143      7027FBF0 
 143      E8D470A5 
 143      139A
 144 02c6 8A07BB73 		.ascii	"\212\007\273sL\002\215\320\253\275g\317\351\002\252"
 144      4C028DD0 
 144      ABBD67CF 
 144      E902AA
 145 02d5 D04E1F1E 		.ascii	"\320N\037\036\371\346\246c'|\235m\030\276\370\000\267"
 145      F9E6A663 
 145      277C9D6D 
 145      18BEF800 
 145      B7
 146 02e6 FAB9138E 		.ascii	"\372\271\023\216\212\0008\327\333RP\255/(3\362\260\324"
 146      8A0038D7 
 146      DB5250AD 
 146      2F2833F2 
 146      B0D4
 147 02f8 36F80976 		.ascii	"6\370\011v\302\035:\351\340\203\005~\356\242%T\266K"
 147      C21D3AE9 
 147      E083057E 
 147      EEA22554 
 147      B64B
 148 030a 9309DDDB 		.ascii	"\223\011\335\333\2368\221\320\370A\267\340>7\216'db"
 148      9E3891D0 
 148      F841B7E0 
 148      3E378E27 
 148      6462
 149 031c 3D2013BA 		.ascii	"= \023\272zG\011&\364\360\0314Q\006 2\370y\"\003MlI"
 149      7A470926 
 149      F4F01934 
 149      51062032 
 149      F8792203 
 150 0333 27E4D457 		.ascii	"'\344\324W\366\312\230~>\015\251\305[.\324*\353\356"
 150      F6CA987E 
 150      3E0DA9C5 
 150      5B2ED42A 
 150      EBEE
 151 0345 1925861E 		.ascii	"\031%\206\036\340\366Q.\033k\\\275\235\206\373\267|"
 151      E0F6512E 
 151      1B6B5CBD 
 151      9D86FBB7 
 151      7C
 152 0356 550B62ED 		.ascii	"U\013b\355\255\002\345\200c\260\016\216\007\327\276"
 152      AD02E580 
 152      63B00E8E 
 152      07D7BE
 153 0365 34B0A955 		.ascii	"4\260\251Uu{\215\250\000&t\002Q~A\302\265O\202\233\341"
 153      757B8DA8 
 153      00267402 
ARM GAS  /tmp/ccIyv9tR.s 			page 12


 153      517E41C2 
 153      B54F829B 
 154 037a 7ADD1B9F 		.ascii	"z\335\033\237\223\253E\343\202\254\01585\"\266\004z"
 154      93AB45E3 
 154      82AC0D38 
 154      3522B604 
 154      7A
 155 038b 7098E3FB 		.ascii	"p\230\343\373\362t,\271\260\326\341+k\030\242\031\327"
 155      F2742CB9 
 155      B0D6E12B 
 155      6B18A219 
 155      D7
 156 039c 4088B18C 		.ascii	"@\210\261\214\000\242\255C\236\247\311s0\314\343 O\345"
 156      00A2AD43 
 156      9EA7C973 
 156      30CCE320 
 156      4FE5
 157 03ae 84C7B7BD 		.ascii	"\204\307\267\275@\372\032(p\366\236\206B\263\010l\306"
 157      40FA1A28 
 157      70F69E86 
 157      42B3086C 
 157      C6
 158 03bf C0BFD056 		.ascii	"\300\277\320V\367\341;^\360\270+\271\227\363\273=O\310"
 158      F7E13B5E 
 158      F0B82BB9 
 158      97F3BB3D 
 158      4FC8
 159 03d1 3CA7FBB9 		.ascii	"<\247\373\271)\2744.,\315)\012\311C\213\"\210\021\351"
 159      29BC342E 
 159      2CCD290A 
 159      C9438B22 
 159      8811E9
 160 03e4 F7C72527 		.ascii	"\367\307%'\306\217Wr8\250R\200b$\350\226g\221D\315\360"
 160      C68F5772 
 160      38A85280 
 160      6224E896 
 160      679144CD 
 161 03f9 734B04AA 		.ascii	"sK\004\252F\240fH\324\235`\250X?\036\370p\320a\001\212"
 161      46A06648 
 161      D49D60A8 
 161      583F1EF8 
 161      70D06101 
 162 040e 15A091FC 		.ascii	"\025\240\221\374\373\236\347%*\316\217\247\237\303\366"
 162      FB9EE725 
 162      2ACE8FA7 
 162      9FC3F6
 163 041d 233B8A2C 		.ascii	"#;\212,\324?\006\036\335\323\310\242\036\3730\010\012"
 163      D43F061E 
 163      DDD3C8A2 
 163      1EFB3008 
 163      0A
 164 042e 978DC703 		.ascii	"\227\215\307\003Z\306;LgWR\204\356\341\374\023\336\247"
 164      5AC63B4C 
 164      67575284 
 164      EEE1FC13 
 164      DEA7
 165 0440 243A1E55 		.ascii	"$:\036U\211z\366\344\234\242\237\"\213\213A\353d\335"
ARM GAS  /tmp/ccIyv9tR.s 			page 13


 165      897AF6E4 
 165      9CA29F22 
 165      8B8B41EB 
 165      64DD
 166 0452 F1C4B68C 		.ascii	"\361\304\266\214\263\333\274\213%;\201\344EGJ\223\233"
 166      B3DBBC8B 
 166      253B81E4 
 166      45474A93 
 166      9B
 167 0463 6CA54DC6 		.ascii	"l\245M\306\212D1\351\326\231\034PDU*\353\366\006\225"
 167      8A4431E9 
 167      D6991C50 
 167      44552AEB 
 167      F60695
 168 0476 254A65A3 		.ascii	"%Je\243\3477\337\226i\030\006\336Gg&IK\014i\351\007"
 168      E737DF96 
 168      691806DE 
 168      47672649 
 168      4B0C69E9 
 169 048b 15B3D20B 		.ascii	"\025\263\322\013\27320}\313\221\216\017\372A\307T\364"
 169      BB32307D 
 169      CB918E0F 
 169      FA41C754 
 169      F4
 170 049c CB1D2B71 		.ascii	"\313\035+q}\213\247+\0233\260\215\347\333\037R;\023"
 170      7D8BA72B 
 170      1333B08D 
 170      E7DB1F52 
 170      3B13
 171 04ae CB13218F 		.ascii	"\313\023!\217*6\223\022\266\217\303\377\012\311K\242"
 171      2A369312 
 171      B68FC3FF 
 171      0AC94BA2 
 172 04be C2444716 		.ascii	"\302DG\026%\211\320\2160y\344\326\202\362(\"\227\325"
 172      2589D08E 
 172      3079E4D6 
 172      82F22822 
 172      97D5
 173 04d0 BD1F5A77 		.ascii	"\275\037Zw\026\312\203\324\211e\361nC\247\000\025\345"
 173      16CA83D4 
 173      8965F16E 
 173      43A70015 
 173      E5
 174 04e1 B779DE93 		.ascii	"\267y\336\223\240d?\267\342\036\234\334y\275J\245\226"
 174      A0643FB7 
 174      E21E9CDC 
 174      79BD4AA5 
 174      96
 175 04f2 C5E29E0D 		.ascii	"\305\342\236\015\313\265ADN\026\3429\346lk\021\342c"
 175      CBB54144 
 175      4E16E239 
 175      E66C6B11 
 175      E263
 176 0504 EC2D42BC 		.ascii	"\354-B\274\350 \333\015!>\311~\203\304;\031\376\327"
 176      E820DB0D 
 176      213EC97E 
 176      83C43B19 
ARM GAS  /tmp/ccIyv9tR.s 			page 14


 176      FED7
 177 0516 12CC8F88 		.ascii	"\022\314\217\210V\026V\013\013\013\313\334\034^\030"
 177      5616560B 
 177      0B0BCBDC 
 177      1C5E18
 178 0525 53B80C25 		.ascii	"S\270\014%8\240tA\224\2425\267\2548x\217\210\\\375\337"
 178      38A07441 
 178      94A235B7 
 178      AC38788F 
 178      885CFDDF 
 179 0539 F5FC0994 		.ascii	"\365\374\011\224+\376>\374\032\252\015^\006.\015\315"
 179      2BFE3EFC 
 179      1AAA0D5E 
 179      062E0DCD 
 180 0549 2CC7DF5D 		.ascii	",\307\337]\031\375\240\210\263\251\355\350\300\356\305"
 180      19FDA088 
 180      B3A9EDE8 
 180      C0EEC5
 181 0558 5BA41F4C 		.ascii	"[\244\037L4\256U\260\013\304\320L\303\022\023n\241\030"
 181      34AE55B0 
 181      0BC4D04C 
 181      C312136E 
 181      A118
 182 056a 5A683882 		.ascii	"Zh8\202C]\014\255\342\324j\236\016\324\232\354\0301"
 182      435D0CAD 
 182      E2D46A9E 
 182      0ED49AEC 
 182      1831
 183 057c A13297BC 		.ascii	"\2412\227\274\322\232\252\007\207\233L2\225\331a7%<"
 183      D29AAA07 
 183      879B4C32 
 183      95D96137 
 183      253C
 184 058e F0963C47 		.ascii	"\360\226<G\267$\3752\376\006\013d\023^\010\012\232\203"
 184      B724FD32 
 184      FE060B64 
 184      135E080A 
 184      9A83
 185 05a0 818466EA 		.ascii	"\201\204f\352\201c\252t\246\220\337\214\316\246\242"
 185      8163AA74 
 185      A690DF8C 
 185      CEA6A2
 186 05af 6BCEFFB8 		.ascii	"k\316\377\270\225\315\017\\\357\374\304z\027\304\255"
 186      95CD0F5C 
 186      EFFCC47A 
 186      17C4AD
 187 05be 9C220255 		.ascii	"\234\"\002UW\336\015e\236\372\320\231_\244H\212\210"
 187      57DE0D65 
 187      9EFAD099 
 187      5FA4488A 
 187      88
 188 05cf D4363973 		.ascii	"\32469s\254N\252(]D\346\363\310o\371\277\231\267O\254"
 188      AC4EAA28 
 188      5D44E6F3 
 188      C86FF9BF 
 188      99B74FAC 
 189 05e3 7749643E 		.ascii	"wId>\217uC\266\257\375u\021H\224\271\027\033\242]Ge"
ARM GAS  /tmp/ccIyv9tR.s 			page 15


 189      8F7543B6 
 189      AFFD7511 
 189      4894B917 
 189      1BA25D47 
 190 05f8 E9E9E96E 		.ascii	"\351\351\351n\374[\265\326\235\261<\323\275z\325\232"
 190      FC5BB5D6 
 190      9DB13CD3 
 190      BD7AD59A 
 191 0608 CFD7BA97 		.ascii	"\317\327\272\227\275\373\306\223\213\334K\227\276\350"
 191      BDFBC693 
 191      8BDC4B97 
 191      BEE8
 192 0616 7EF9ED57 		.ascii	"~\371\355W\337\372b\241{\365\362\314\36733W\246\257"
 192      DFFA62A1 
 192      7BF5F2CC 
 192      F7333357 
 192      A6AF
 193 0628 60AA40A8 		.ascii	"`\252@\250Y\313\327~\246f\255Z\371\021\317\312\340Y"
 193      59CBD77E 
 193      A666AD5A 
 193      F911CFCA 
 193      E059
 194 063a 99CA8A35 		.ascii	"\231\312\2125\031\370\340\367\307\237\300\247\377\000"
 194      19F8E0F7 
 194      C79FC0A7 
 194      FF00
 195 0648 699AC3D7 		.ascii	"i\232\303\327"
 196              		.text
 197              		.section	.gnu.lto_.symbol_nodes.334d95dccb3ed08e,"",%progbits
 198 0000 789C6366 		.ascii	"x\234cf``\320a\200\002\246+\214\365\014\014\023\316"
 198      6060D061 
 198      8002A62B 
 198      8CF50C0C 
 198      13CE
 199 0012 3130D4D7 		.ascii	"10\324\3273\314[\300\301\300t\225\261\236\021Y\200\365"
 199      33CC5BC0 
 199      C1C07495 
 199      B19E1159 
 199      80F5
 200 0024 1A23C302 		.ascii	"\032#\303\002\246zf\006\000\036y\014\""
 200      A67A6606 
 200      001E790C 
 200      22
 201              		.text
 202              		.section	.gnu.lto_.refs.334d95dccb3ed08e,"",%progbits
 203 0000 789C6366 		.ascii	"x\234cf```c\200\000FF\006&V\006\000\000\267\000\023"
 203      60606063 
 203      80004646 
 203      06265606 
 203      0000B700 
 204              		.text
 205              		.section	.gnu.lto_.decls.334d95dccb3ed08e,"",%progbits
 206 0000 789C9D58 		.ascii	"x\234\235XkPTG\026\276}{\236\227ap\245$\226e\355*\226"
 206      6B505447 
 206      16BE7D7B 
 206      9E976170 
 206      A5249665 
ARM GAS  /tmp/ccIyv9tR.s 			page 16


 207 0017 94D9751D 		.ascii	"\224\331u\035\321\254\273[\265U\033\031|%\306\220\301"
 207      D1ACBB5B 
 207      B5551B19 
 207      7C25C690 
 207      C1
 208 0028 FDB53F26 		.ascii	"\375\265?&\010\250T\020,\031w\315\277+\003\010\276@"
 208      08A85410 
 208      2C1977CD 
 208      BF2B0308 
 208      BE40
 209 003a 7C6BD441 		.ascii	"|k\324APP\001\021T\024\020\024\344!\002j\304\007\321"
 209      50500111 
 209      54141014 
 209      E421026A 
 209      C407D1
 210 004d 84111F80 		.ascii	"\204\021\037\200\200\240b\030QdOw\337y0\016&\331)?\372"
 210      80A06218 
 210      51644F77 
 210      DF79300E 
 210      26D9293F 
 211 0062 9EEEAF4F 		.ascii	"\236\356\257O\237>\335}\372\264\230\343\270O\020\307"
 211      9F3EDD7D 
 211      FAB498E3 
 211      B84F10C7 
 212 0072 0DC36FB2 		.ascii	"\015\303o\262/\307M\3459\016C]\010\000\252\271\311\034"
 212      2FC74DE5 
 212      390E435D 
 212      0800AAB9 
 212      C91C
 213 0084 FB4135D7 		.ascii	"\373A5\327\302\261JR\3771\342F\374H\233\267\324O\013"
 213      C2B14A52 
 213      FF31E246 
 213      FC489BB7 
 213      D44F0B
 214 0097 D0006E49 		.ascii	"\320\000nI\375\347\0017\030\360#|7\003\346\303\367\002"
 214      FDE70137 
 214      18F0237C 
 214      3703E6C3 
 214      F702
 215 00a9 C00BF8EE 		.ascii	"\300\013\370\356\223\270A _\203\262\024\320\011\270"
 215      93B84120 
 215      5F83B214 
 215      D009B8
 216 00b8 00780A28 		.ascii	"\000x\012(\007t\003\256\002\032\000\215\200&\311\266"
 216      077403AE 
 216      021A008D 
 216      8026C9B6 
 217 00c8 16CEC30F 		.ascii	"\026\316\303\017\032\306\270\331\321\017\030\000\014"
 217      1AC6B8D9 
 217      D10F1800 
 217      0C
 218 00d5 02CE0016 		.ascii	"\002\316\000\026\002\374$\333\310\370\304\256\205\320"
 218      02FC24DB 
 218      C8F8C4AE 
 218      85D0
 219 00e3 CF07A006 		.ascii	"\317\007\240\006|\006\262\014\320\016\350\222\354\350"
 219      7C06B20C 
ARM GAS  /tmp/ccIyv9tR.s 			page 17


 219      D00EE892 
 219      ECE8
 220 00f1 96C61C6D 		.ascii	"\226\306\034m\376\317yt>\277\277\321\253\203GZa\022"
 220      FECF7974 
 220      3EBFBFD1 
 220      AB83475A 
 220      6112
 221 0103 114BD2EB 		.ascii	"\021K\322\353\366(@\324\0102\"\356\276=\360\004\323"
 221      F62840D4 
 221      083222EE 
 221      BE3DF004 
 221      D3
 222 0114 562B26B2 		.ascii	"V+&\262M\264\325\251h\363?\210\230\271\347A\2630\375"
 222      4DB4D5A9 
 222      68F33F88 
 222      98B9E741 
 222      B330FD
 223 0127 B8288AC9 		.ascii	"\270(\212\311\342\3051N\245\005\025'R\324\264\333\327"
 223      E2C5314E 
 223      A5051527 
 223      52D4B4DB 
 223      D7
 224 0138 441C48EC 		.ascii	"D\034H\354K\021h/\015\021[\313K\237(0\330\014\337\025"
 224      4B11682F 
 224      0D115BCB 
 224      4B9F2830 
 224      D80CDF15 
 225 014c E5B61A01 		.ascii	"\345\266\032\001O\244\337\233\223\255W\004<\225~\257"
 225      4FA4DF9B 
 225      93AD5704 
 225      3C957EAF 
 226 015c 3F5ABA59 		.ascii	"?Z\272Y\011]&\013Ta\353\376\327Yj*\222%\367\201*\276"
 226      095D260B 
 226      5461EBFE 
 226      D7596A2A 
 226      9225F781 
 227 0172 EE8998A9 		.ascii	"\356\211\230\251E\001B\026\214\336\327\221^3Q\024e\350"
 227      45014216 
 227      8CDED791 
 227      5E335114 
 227      65E8
 228 0184 34125001 		.ascii	"4\022P\001\302\350\004\232NfMz\223_\262(\306\213ifQ"
 228      C2E8049A 
 228      4E664D7A 
 228      935FB228 
 228      C68B6966 
 229 0199 5DA7E550 		.ascii	"]\247\345P6\232\200r\320\004\016\025\241\000`P.:\005"
 229      369A8072 
 229      D0040E15 
 229      A1006050 
 229      2E3A05
 230 01ac 95855009 		.ascii	"\225\205P\011\212\253\337\226'\310\221\020\340\271\323"
 230      8AABDF96 
 230      27C89110 
 230      E0B9D3
 231 01bb 590F9DA8 		.ascii	"Y\017\235\250\011\345\346t?b\302\0310\341\244\323\004"
 231      09E5E674 
ARM GAS  /tmp/ccIyv9tR.s 			page 18


 231      3F62C219 
 231      30E1A4D3 
 231      04
 232 01cc B0C8E196 		.ascii	"\260\310\341\226\323\226\334Z\214\327#:\303W\346\324"
 232      D396DC5A 
 232      8CD7233A 
 232      C357E6D4 
 233 01dc 56054E64 		.ascii	"V\005Nd\302\313\201Kyr\234\302\204\254\235\273r\345"
 233      C2CB814B 
 233      79729CC2 
 233      84AC9DBB 
 233      72E5
 234 01ee D45D2A10 		.ascii	"\324]*\020\345]m\033\036\011\310\337\327\337?\300\002"
 234      E55D6D1B 
 234      1E09C8DF 
 234      D7DF3FC0 
 234      02
 235 01ff 26F51DA8 		.ascii	"&\365\035\250\376ya\272Y\314\032O\207*\206\241\312\220"
 235      FE7961BA 
 235      59CC1A4F 
 235      872A86A1 
 235      CA90
 236 0211 AFD3C069 		.ascii	"\257\323\300i\023`\324?\302\037n\033\230%\246\211\342"
 236      1360D43F 
 236      C21F6E1B 
 236      9825A689 
 236      E2
 237 0222 A7260EE5 		.ascii	"\247&\016\345Bs\036\"M\204\014\266\241\012\230H)\362"
 237      42731E22 
 237      4D840CB6 
 237      A10A9848 
 237      29F2
 238 0234 47E5800B 		.ascii	"G\345\200\013\310\237\332H\364[~\312T\324\315\244\272"
 238      C89FDA48 
 238      F45B7ECA 
 238      54D4CDA4 
 238      BA
 239 0245 CFBBEB2E 		.ascii	"\317\273\353.A\016\345\224z\337A=\347\321\214l\302\247"
 239      410EE594 
 239      7ADF413D 
 239      E7D18C6C 
 239      C2A7
 240 0257 EEB1DECD 		.ascii	"\356\261\336\315T\210\210P8\3113\216\335\302'\035j<"
 240      54888850 
 240      38C9338E 
 240      DDC2271D 
 240      6A3C
 241 0269 C1A3005F 		.ascii	"\301\243\000_\312k\015W\241K\240(\337\351B\322\211\376"
 241      CA6B0D57 
 241      A14BA028 
 241      DFE942D2 
 241      89FE
 242 027b 3C4D085D 		.ascii	"<M\010]\204y|hN\340\320[C\215\277\307e\314\271\326\241"
 242      84797C68 
 242      4EE0D05B 
 242      438DBFC7 
 242      65CCB9D6 
ARM GAS  /tmp/ccIyv9tR.s 			page 19


 243 0290 B4D3725C 		.ascii	"\264\323r\\\305\204\035\365\333\276\306\365\354{\357"
 243      C5841DF5 
 243      DBBEC6F5 
 243      EC7BEF
 244 029f 40438D0F 		.ascii	"@C\215\017\365\372x\"\346\346\246\355R\342\033\254\315"
 244      F5FA7822 
 244      E6E6A6ED 
 244      52E21BAC 
 244      CD
 245 02b0 7E4834EC 		.ascii	"~H4\354\220tVt\226y\341\273\254\255u\240\265RI\333f"
 245      90745674 
 245      9679E1BB 
 245      ACAD75A0 
 245      B55249DB 
 246 02c5 82A87CD7 		.ascii	"\202\250|\327\232\012k\012\213\005\277\000W\203\217"
 246      9A0A6B0A 
 246      8B05BF00 
 246      57838F
 247 02d4 81C1C7A9 		.ascii	"\201\301\307\251\377\352%k\257\203\265\327\300\322\253"
 247      FFEA256B 
 247      AF83B5D7 
 247      C0D2AB
 248 02e3 80064023 		.ascii	"\200\006@#\240\311\271\022\242\365m\346\022\021\374"
 248      A0C9B912 
 248      A2F56DE6 
 248      1211FC
 249 02f2 4BDC5105 		.ascii	"K\334Q\005\356 \375\034\323fK\301\034L\310\226wS$\352"
 249      EE20FD1C 
 249      D3664BC1 
 249      1C4CC896 
 249      775324EA 
 250 0306 65776AF5 		.ascii	"ewj\365\210U\023-\311S%f\215;\263\326]\351&;\265\316"
 250      8855132D 
 250      C9532566 
 250      8D3BB3D6 
 250      5DE9263B 
 251 031c 9D7AC54D 		.ascii	"\235z\305M\351\240}\370Jw\246sC\322\005\266\321\215"
 251      E9A07DF8 
 251      4A77A673 
 251      43D205B6 
 251      D18D
 252 032e 50EF6123 		.ascii	"P\357a#\240\214\376\334b%n\245~\345\207\357\337h\306"
 252      A08CFEDC 
 252      62256EA5 
 252      7EE587EF 
 252      DF68C6
 253 0341 C8D7A30F 		.ascii	"\310\327\243\017\321Mp\335\257q#\035\361@\244\012}\017"
 253      D14D70DD 
 253      AF71231D 
 253      F140A40A 
 253      7D0F
 254 0353 E41BCE2D 		.ascii	"\344\033\316-Uo\337R0jBFJ\271\332W\032\3062\3320\334"
 254      556FDF52 
 254      306A4246 
 254      4AB9DA57 
 254      1AC632DA 
 255 0369 A86390A8 		.ascii	"\250c\220\250\231\363.\031i6:\003\006jv9\013\034\272"
ARM GAS  /tmp/ccIyv9tR.s 			page 20


 255      99F32E19 
 255      69363A03 
 255      066A7639 
 255      0B1CBA
 256 037c 853412B3 		.ascii	"\2054\022\263\366\225\355\210 \343Y\035\3727\015\262"
 256      F695ED88 
 256      20E3591D 
 256      FA370DB2 
 257 038c B6CE810B 		.ascii	"\266\316\201\013\362\217vR\003\314\342\030\031\012\361"
 257      F28F7652 
 257      03CCE218 
 257      190AF1
 258 039b 73E97B07 		.ascii	"s\351{\007}\004\177o#\031S\320\226s\247T\211;\331\336"
 258      7D047F6F 
 258      231953D0 
 258      9673A754 
 258      893BD9DE 
 259 03af 7BF8A8DF 		.ascii	"{\370\250\337\212'\035\024-\005}\275\033\332g\356\025"
 259      8A271D14 
 259      2D057DBD 
 259      1BDA67EE 
 259      15
 260 03c0 2DF1E2BB 		.ascii	"-\361\342\273\341aD{\241\273\216\371r\344\233]4-h\022"
 260      E161447B 
 260      A1BB8EF9 
 260      72E49B5D 
 260      342D6812 
 261 03d4 742CB59D 		.ascii	"t,\265\235\315\326\262\270N\025\025\226u\274b\233\177"
 261      CDD6B2B8 
 261      4E151596 
 261      75BC629B 
 261      7F
 262 03e5 2211EFDD 		.ascii	"\"\021\357\335\356\261)\361Q\236\266\365Tf\255\023 "
 262      EEB129F1 
 262      519EB6F5 
 262      5466AD13 
 262      20
 263 03f6 189A7F5D 		.ascii	"\030\232\177]0\204\036\225?\014\304\313q\021\353\276"
 263      30841E95 
 263      3F0CC4CB 
 263      7111EBBE 
 264 0406 F5564BA1 		.ascii	"\365VK\241\027.fB\305\225\365\215\002.e\302\275\364"
 264      172E6642 
 264      C595F58D 
 264      022E65C2 
 264      BDF4
 265 0418 8C6C2DAE 		.ascii	"\214l-\256`\302\366\273\207\337\011\270\212\011W\333"
 265      60C2F6BB 
 265      87DF09B8 
 265      8A0957DB 
 266 0428 6C2F35D4 		.ascii	"l/5\324\2341D,*O\336.\340:\326v\352r\271\331\0137PA"
 266      9C31442C 
 266      2A4FDE2E 
 266      E03AD676 
 266      EA72B9D9 
 267 0440 7D2AEDBB 		.ascii	"}*\355\27325\362g?_\210\217\011\346\276c]\203\237\261"
 267      3235F267 
ARM GAS  /tmp/ccIyv9tR.s 			page 21


 267      3F5F888F 
 267      09E6BE63 
 267      5D839FB1 
 268 0454 F8F82304 		.ascii	"\370\370#\004&+8\241g\324\030\226`\266\364\234 1\214"
 268      262B38A1 
 268      67D41896 
 268      60B6F49C 
 268      20318C
 269 0467 50DBDCA9 		.ascii	"P\333\334\251\017\335\250\275\016\352cwj\265\033\265"
 269      0FDDA8BD 
 269      0EEA6377 
 269      6AB51BB5 
 270 0477 DB417DE0 		.ascii	"\333A}\340\331\000\373!\003\356S\007\267\325\235;\315"
 270      D900FB21 
 270      03EE5307 
 270      B7D59D3B 
 270      CD
 271 0488 8DFACC41 		.ascii	"\215\372\314A}\344\331X\027n\247\203\373\223G\265\357"
 271      7DE4D958 
 271      176EA783 
 271      FB9347B5 
 271      EF
 272 0499 DD113F40 		.ascii	"\335\021?@\363=\252\245G:Z\317`}\273a\253?\005<\001"
 272      F33DAAA5 
 272      473A5ACF 
 272      607DBB61 
 272      AB3F053C 
 273 04ae 7402DA01 		.ascii	"t\002\332\001]\200\016\327#\326z\202\034\352\036O\321"
 273      5D800ED7 
 273      23D67A82 
 273      1CEA1E4F 
 273      D1
 274 04bf 7DDFA1AD 		.ascii	"}\337\241\255\217\221=\272\333\276Q\241>P~\337y\024"
 274      8F913DBA 
 274      DBBE51A1 
 274      3E507EDF 
 274      7914
 275 04d1 7B3C4577 		.ascii	"{<Ew\273)\250\027,\370-\326\300\006y]\237\264\301\033"
 275      BB29A817 
 275      2CF82DD6 
 275      C006795D 
 275      9FB4C11B 
 276 04e5 8B98EE96 		.ascii	"\213\230\356\226\202\355)\207\344#Nf\337\210\223\371"
 276      82ED2987 
 276      E4234E66 
 276      DF8893F9 
 277 04f5 024E2133 		.ascii	"\002N!3\004L\315|^\371w\024\240\241\327\371\201\304"
 277      044CCD7C 
 277      5EF97714 
 277      A0A1D7F9 
 277      81C4
 278 0507 A2B966F1 		.ascii	"\242\271f\361S\324\017\204\347Nk_\260\223\314q\243\251"
 278      53D40F84 
 278      E74E6B5F 
 278      B093CC71 
 278      A3A9
 279 0519 442FC14A 		.ascii	"D/\301JW\255(\375\373\206\"/\274\211\332\303\347\237"
ARM GAS  /tmp/ccIyv9tR.s 			page 22


 279      57AD28FD 
 279      FB86222F 
 279      BC89DAC3 
 279      E79F
 280 052b 6BED5549 		.ascii	"k\355UIY\213\365x\265\000^\033\200\025z\345\034\341"
 280      598BF578 
 280      B5005E1B 
 280      80157AE5 
 280      1CE1
 281 053d 0CFA60D2 		.ascii	"\014\372`\322\362\263\347#WPY9\016\357ac$e\274=\346"
 281      F2B3E723 
 281      57505939 
 281      0EEF6163 
 281      2465BC3D 
 282 0552 2D8D6139 		.ascii	"-\215a9)Gh\020F\260\375\352\021^{\036\241\271y\260\012"
 282      29476810 
 282      46B0FDEA 
 282      115E7B1E 
 282      A1B979B0 
 283 0567 D3C845D4 		.ascii	"\323\310E\324\261\310\225\232\372\354\202\222\326\221"
 283      B1C8959A 
 283      FAEC8292 
 283      D691
 284 0575 49BC41B4 		.ascii	"I\274A\264\262q\363\213&VI|\367\226U\236/{0\244\032"
 284      B271F38B 
 284      2656497C 
 284      F796559E 
 284      2F7B30A4 
 285 058a 35C6BDA3 		.ascii	"5\306\275\2431n\310\036\343\256]*\333\351\2033\330\012"
 285      316EC81E 
 285      E3AE5D2A 
 285      DBE98333 
 285      D80A
 286 059c 0E5DBBF6 		.ascii	"\016]\273\366F-\305\270\332\303\201.1\016z\241a\227"
 286      462DC5B8 
 286      DAC3812E 
 286      310E7AA1 
 286      6197
 287 05ae 18376C8F 		.ascii	"\0307l\217q\"?\311%\205\364c)\344\326\253\373.a*\016"
 287      71223FC9 
 287      2585F463 
 287      29E4D6AB 
 287      FB2E612A 
 288 05c3 53BDBB6F 		.ascii	"S\275\273o\334-\226\341b6\310\306{\307\032\224\270\202"
 288      DC2D96E1 
 288      6236C8C6 
 288      7BC71A94 
 288      B882
 289 05d5 F92FFD61 		.ascii	"\371/\375a\377\021dO\000\373\322E<\236C\323'\240\217"
 289      FF11644F 
 289      00FBD245 
 289      3C9E43D3 
 289      27A08F
 290 05e8 C137497C 		.ascii	"\3017I|\000(`\276Y\317O@\361\274\224\375u\014Z\021\311"
 290      002860BE 
 290      59CF4F40 
 290      F1BC94FD 
ARM GAS  /tmp/ccIyv9tR.s 			page 23


 290      750C5A11 
 291 05fd FE127901 		.ascii	"\376\022y\001%\360\016W\3739\222?\336z\347\310W\236"
 291      25F00E57 
 291      FB39923F 
 291      DE7AE7C8 
 291      579E
 292 060f 95268FA6 		.ascii	"\225&\217\246\264\334|u\034Q\272\001\224\232\235Ja\014"
 292      B4DC7C75 
 292      1C51BA01 
 292      949A9D4A 
 292      610C
 293 0621 C7E5957A 		.ascii	"\307\345\225z\263\356\274\\\220\224&\377\202R\022\350"
 293      B3EEBC5C 
 293      909426FF 
 293      825212E8 
 294 0631 AB0FF6B2 		.ascii	"\253\017\366\262\204>\215N<\271go*\313l\306\322\253"
 294      843E8D4E 
 294      3CB9676F 
 294      2ACB6CC6 
 294      D2AB
 295 0643 A8ED4523 		.ascii	"\250\355E#\246\342\357\250\366\266\316G^D\273h\337\352"
 295      A6E2EFA8 
 295      F6B6CE47 
 295      5E44BB68 
 295      DFEA
 296 0655 1AC165D9 		.ascii	"\032\301e\331\266\020C \230\240\315L\371\226\215%\317"
 296      B6104320 
 296      98A0CD4C 
 296      F9968D25 
 296      CF
 297 0666 7CC6A649 		.ascii	"|\306\246I\347x\022\242\206o\204\3017\361\204\276\225"
 297      E77812A2 
 297      866F84C1 
 297      37F184BE 
 297      95
 298 0677 1F6BEF44 		.ascii	"\037k\357D\330\267\257\265\234\366re\247|\210\235Ru"
 298      D8B7AFB5 
 298      9CF67265 
 298      A77C889D 
 298      5275
 299 0689 A5C51B5F 		.ascii	"\245\305\033_a\313\225~r\34715\276\316\004\373\223\305"
 299      61CB957E 
 299      72E73135 
 299      BECE04FB 
 299      93C5
 300 069b 8F3D59F6 		.ascii	"\217=Y\366\335y\334\317\326\231w\025\265L\334\232\237"
 300      DD79DCCF 
 300      D6997715 
 300      B54CDC9A 
 300      9F
 301 06ac F5D2878A 		.ascii	"\365\322\207\212\3305\325\366\243\251\266C\225\226\251"
 301      D835D5F6 
 301      A3A9B643 
 301      9596A9
 302 06bb EABEB9BF 		.ascii	"\352\276\271\277DCE9\0355\361\3349vi*\\U\3711U\003\231"
 302      44434539 
 302      1D35F1DC 
ARM GAS  /tmp/ccIyv9tR.s 			page 24


 302      3976692A 
 302      5C55F931 
 303 06d2 D62E445B 		.ascii	"\326.D[\225\256\242\037\023\357\326\355\376\013mTSG"
 303      95AEA21F 
 303      13EFD6ED 
 303      FE0B6D54 
 303      5347
 304 06e4 0D3E6F64 		.ascii	"\015>od\232\004\"\266\247\345\234d\343x\271>\227\264"
 304      9A0422B6 
 304      A7E59C64 
 304      E378B93E 
 304      97B4
 305 06f6 ECB9D45D 		.ascii	"\354\271\324]h\251QQ\321\233\336\177\031\367\006\330"
 305      68A95151 
 305      D19BDE7F 
 305      19F706D8 
 306 0706 84B454B1 		.ascii	"\204\264T\2615\276\236\275\337|\\oN-\2739\355\232\375"
 306      35BE9EBD 
 306      DF7C5C6F 
 306      4E2DBB39 
 306      ED9AFD
 307 0719 9866FBF2 		.ascii	"\230f\373\362j\331\362\332\373\372\261\276\273\036\227"
 307      6AD9F2DA 
 307      FBFAB1BE 
 307      BB1E97
 308 0728 6CF19A73 		.ascii	"l\361\232sZL\266\\\207\245\347\307\302\015\201\322a"
 308      5A4CB65C 
 308      87A5E7C7 
 308      C20D81D2 
 308      61
 309 0739 3DFE3401 		.ascii	"=\3764\001m\207b\007\317\304\235\200]\200\335R\271\007"
 309      6D876207 
 309      CFC49D80 
 309      5D80DD52 
 309      B907
 310 074b 4076D85E 		.ascii	"@v\330^\300>\300~\300w\200\351\254\371\200D;(\225\207"
 310      C03EC07E 
 310      C07780E9 
 310      ACF98044 
 310      3B289587 
 311 075f A4D22295 		.ascii	"\244\322\"\225\031RyX*3\2452\013p\004p\024\220\315\366"
 311      19527958 
 311      2A33A532 
 311      0B700470 
 311      1490CDF6 
 312 0773 5756C6BD 		.ascii	"WV\306\275.\371\224\014\361\272\245\2577;s\356vQ\314"
 312      2EF9940C 
 312      F1BAA5AF 
 312      373B73EE 
 312      7651CC
 313 0786 82F7D0F0 		.ascii	"\202\367\320\360?\377@\255M\203\023\002'\337e\013m\343"
 313      3FFF40AD 
 313      4D831302 
 313      27DF650B 
 313      6DE3
 314 0798 2120A01C 		.ascii	"! \240\034~\016\244t\374\024P0\230x3\211\247\363\277"
 314      7E0EA474 
ARM GAS  /tmp/ccIyv9tR.s 			page 25


 314      FC145030 
 314      98783389 
 314      A7F3BF
 315 07ab 4877434E 		.ascii	"HwCN[S\2727\335\356\323\350^i\272\223\"\307\367\331"
 315      5B53BA37 
 315      DDEED3E8 
 315      5E69BA93 
 315      22C7F7D9 
 316 07bf B68ABFDE 		.ascii	"\266\212\277\336\375\320\007w0ALmO\300\270\213\011"
 316      FDD00777 
 316      30414C6D 
 316      4FC0B88B 
 316      09
 317 07d0 29E9E676 		.ascii	")\351\346v\025\356c\302\315\234\264d\025\356g\302\353"
 317      15EE63C2 
 317      CD9CB464 
 317      15EE67C2 
 317      EB
 318 07e1 A6F63318 		.ascii	"\246\3663\030\0171\341Lj\373!\031N\222Q\241\372NR\247"
 318      0F31E14C 
 318      6AFB2119 
 318      4E9251A1 
 318      FA4E52A7 
 319 07f5 026F6142 		.ascii	"\002oaBK\366\206\355*\274\223\011\333\216\354H\342\361"
 319      4BF686ED 
 319      2ABC9309 
 319      DB8EEC48 
 319      E2F1
 320 0807 012654D4 		.ascii	"\001&T\3244\035V\343\303T\320\244n\353\267\330\237\022"
 320      341D56E3 
 320      C354D0A4 
 320      6EEBB7D8 
 320      9F12
 321 0819 F439E1EF 		.ascii	"\3649\341\357zE\036\207i\236\240\323,\346\331\375x\011"
 321      7A451E87 
 321      699EA0D3 
 321      2CE6D9FD 
 321      7809
 322 082b 8EFC39DE 		.ascii	"\216\3749\336\037\235\007T\000\312\000\027\000%\200"
 322      1F9D0754 
 322      00CA0017 
 322      002580
 323 083a 4AC04540 		.ascii	"J\300E@9\240\224\267\2771h\266T\362\2713[\312\003\037"
 323      39A094B7 
 323      BF3168B6 
 323      54F2B933 
 323      5BCA031F 
 324 084e 12751E32 		.ascii	"\022u\0362\005\226\326\344\331s\212|\217L\227\364\303"
 324      0596D6E4 
 324      D9738A7C 
 324      8F4C97F4 
 324      C3
 325 085f E6A016BA 		.ascii	"\346\240\026\272S\337KU\336:\270g\335\271\265\356\334"
 325      53DF4B55 
 325      DE3AB867 
 325      DDB9B5EE 
 325      DC
ARM GAS  /tmp/ccIyv9tR.s 			page 26


 326 0870 670E6E81 		.ascii	"g\016n\201;\367\275\314\252\327\301=\345\331\006\347"
 326      3BF7BDCC 
 326      AAD7C13D 
 326      E5D906E7 
 327 0880 CCDE38A8 		.ascii	"\314\3368\250g<\233\340\2221:\250'=[\340\244\016:\250"
 327      673C9BE0 
 327      92313AA8 
 327      273D5BE0 
 327      A40E3AA8 
 328 0894 A7DDA9D5 		.ascii	"\247\335\251\325.\306\322l\2403\217\344P\300q\313\241"
 328      2EC6D26C 
 328      A0338FE4 
 328      50C071CB 
 328      A1
 329 08a5 8822EBEB 		.ascii	"\210\"\353\353\274z\215(\251*\362\254\212\216\012\027"
 329      BC7A8D28 
 329      A92AF2AC 
 329      8A8E0A17 
 330 08b5 4D5B53F1 		.ascii	"M[S\361\260\326\236p\015\257R\241\313\300\315u^\037"
 330      B0D69E70 
 330      0DAF52A1 
 330      CBC0CD75 
 330      5E1F
 331 08c7 6484F712 		.ascii	"d\204\367\022.\373nBU\260\211\376\337\015E\376##\343"
 331      2EFB6E42 
 331      55B089FE 
 331      DF0D45FE 
 331      2323E3
 332 08da C9A06A44 		.ascii	"\311\240jD\276u\231w\315\267\252y\232?\221\022\330\371"
 332      BE759977 
 332      CDB7AA79 
 332      9A3F9112 
 332      D8F9
 333 08ec 85F9C7D0 		.ascii	"\205\371\307\320\210\247\227\247g=\367\336\233\036\325"
 333      88A797A7 
 333      673DF7DE 
 333      9B1ED5
 334 08fb F0BED07D 		.ascii	"\360\276\320}\277\345\372n\215 e1\311\277\3744A\265"
 334      BFE5FA6E 
 334      8D206531 
 334      C9BFFC34 
 334      41B5
 335 090d BC403299 		.ascii	"\274@2\231\252\2136\305\010\033I\370p\332X'\331HJ\305"
 335      AA8B36C5 
 335      081B49F8 
 335      70DA5827 
 335      D9484AC5 
 336 0921 8225FF9A 		.ascii	"\202%\377\232\244\347\306\306\231V\315\236e\\\261:*"
 336      A4E7C6C6 
 336      9956CD9E 
 336      655CB13A 
 336      2A
 337 0932 D6181769 		.ascii	"\326\030\027iZ\273\332hR\255\215\2121A\235I0\032\355"
 337      5ABBDA68 
 337      52AD8D8A 
 337      31419D49 
 337      301AED
ARM GAS  /tmp/ccIyv9tR.s 			page 27


 338 0945 9F7FD6AD 		.ascii	"\237\177\326\255\215[\243\213\212\011\217^\033\021\251"
 338      8D5BA38B 
 338      8A098F5E 
 338      1B11A9
 339 0954 8B89FC6F 		.ascii	"\213\211\374ot\3242\335\252\260\360\225Q1\221:cD\344"
 339      74D432DD 
 339      AAB0F095 
 339      5131913A 
 339      6344E4
 340 0967 F2B0B5D1 		.ascii	"\362\260\265\321&\243\351\333\325\221q3Vr\376\236\330"
 340      26A3E9DB 
 340      D5917133 
 340      5672FE9E 
 340      D8
 341 0978 71DFC6E9 		.ascii	"q\337\306\351\214q\246\010\320\010\024\034\033\261\006"
 341      8C71A608 
 341      D008141C 
 341      1BB106
 342 0987 87AF8906 		.ascii	"\207\257\211\006\254\2341c\206\016\376\305\306\351V"
 342      AC9C3163 
 342      860EFEC5 
 342      C6E956
 343 0996 8645EB56 		.ascii	"\206E\353V\307\2561\305\351B\227~1{\226n\361\342`\335"
 343      C7AE31C5 
 343      E942977E 
 343      317B966E 
 343      F1E260DD 
 344 09aa 8290455F 		.ascii	"\202\220E_\376'P\267:,\332\030\035\035\001]\025!s\203"
 344      FE2750B7 
 344      3A2CDA18 
 344      1D1D015D 
 344      15217383 
 345 09be C34C618A 		.ascii	"\303La\212\220 V\350Y\021\314\212y\244P\207\314]\254"
 345      902056E8 
 345      5911CC8A 
 345      79A45087 
 345      CC5DAC
 346 09d1 8F8D591E 		.ascii	"\217\215Y\036\265\302\333(u4F\305D\231~\323H\341\234"
 346      B5C2DB28 
 346      753446C5 
 346      44997ED3 
 346      48E19C
 347 09e4 86D41897 		.ascii	"\206\324\030\227\302\254\202#\227c\275a1`!^\024l\300"
 347      C2AC8223 
 347      9763BD61 
 347      3160215E 
 347      146CC0
 348 09f7 5F061B64 		.ascii	"_\006\033dA\241\006\003\0162\030d\213\365\237\033\234"
 348      41A10603 
 348      0E321864 
 348      8BF59F1B 
 348      9C
 349 0a08 9A23D799 		.ascii	"\232#\327\231t\372/B\027\205\202f\246|~\340\272u:\352"
 349      74FA2F42 
 349      17858266 
 349      A67C7EE0 
 349      BA753AEA 
ARM GAS  /tmp/ccIyv9tR.s 			page 28


 350 0a1c E7E58133 		.ascii	"\347\345\2013g\257[\006s\020\242b\311\350Q\021F\223"
 350      67AF5B06 
 350      7310A262 
 350      C9E85111 
 350      4693
 351 0a2e 867DAE0A 		.ascii	"\206}\256\012\213\373\006|\037\025\273*6\"\322h\032"
 351      8BFB067C 
 351      1F15BB2A 
 351      3622D268 
 351      1A
 352 0a3f E7B01B56 		.ascii	"\347\260\033Ve\305\232\330\265\253I\275\222\254\307"
 352      65C59AD8 
 352      B5AB49BD 
 352      92ACC7
 353 0a4e DF8C2635 		.ascii	"\337\214&5[\031\370R\204/_a\012[\346\305\212\031s\346"
 353      5B19F852 
 353      842F5F61 
 353      0A5BE6C5 
 353      8A1973E6 
 354 0a62 7CF2572F 		.ascii	"|\362W/\203^o7\232\327\033d\372\371\013\014X\277\310"
 354      835E6F37 
 354      9AD71B64 
 354      FAF90B0C 
 354      58BFC8
 355 0a75 A09A1B12 		.ascii	"\240\232\033\0224\313\020\272\224~\004\222\017\305\334"
 355      34CB10BA 
 355      947E0492 
 355      0FC5DC
 356 0a84 8541F396 		.ascii	"\205A\363\226\030\224\244A*\003\241\224\005\005\353"
 356      1894A441 
 356      2A03A194 
 356      0505EB
 357 0a93 A147A8E1 		.ascii	"\241G\250\341\177\240\247/$"
 357      7FA0A72F 
 357      24
 358              		.text
 359              		.section	.gnu.lto_.symtab.334d95dccb3ed08e,"",%progbits
 360 0000 5F70616C 		.ascii	"_pal_lld_init\000\000\000\000\000\000\000\000\000\000"
 360      5F6C6C64 
 360      5F696E69 
 360      74000000 
 360      00000000 
 361 0017 0000D900 		.ascii	"\000\000\331\000\000\000_pal_lld_setgroupmode\000\000"
 361      00005F70 
 361      616C5F6C 
 361      6C645F73 
 361      65746772 
 362 0034 00000000 		.ascii	"\000\000\000\000\000\000\000\000\000\000\000\001\000"
 362      00000000 
 362      00000001 
 362      00
 363 0041 00       		.ascii	"\000"
 364              		.text
 365              		.section	.gnu.lto_.opts,"",%progbits
 366 0000 272D666E 		.ascii	"'-fno-trapv' '-mcpu=cortex-m3' '-mno-thumb-interwor"
 366      6F2D7472 
 366      61707627 
ARM GAS  /tmp/ccIyv9tR.s 			page 29


 366      20272D6D 
 366      6370753D 
 367 0033 6B272027 		.ascii	"k' '-mthumb' '-ggdb' '-O2' '-fomit-frame-pointer' '"
 367      2D6D7468 
 367      756D6227 
 367      20272D67 
 367      67646227 
 368 0066 2D66616C 		.ascii	"-falign-functions=16' '-ffunction-sections' '-fdata"
 368      69676E2D 
 368      66756E63 
 368      74696F6E 
 368      733D3136 
 369 0099 2D736563 		.ascii	"-sections' '-fno-common' '-flto'\000"
 369      74696F6E 
 369      73272027 
 369      2D666E6F 
 369      2D636F6D 
 370              		.text
 371              		.comm	__gnu_lto_v1,1,1
 372              		.comm	__gnu_lto_slim,1,1
 373              		.ident	"GCC: (15:4.9.3+svn231177-1) 4.9.3 20150529 (prerelease)"
ARM GAS  /tmp/ccIyv9tR.s 			page 30


DEFINED SYMBOLS
                            *ABS*:0000000000000000 pal_lld.c
                            *COM*:0000000000000001 __gnu_lto_v1
                            *COM*:0000000000000001 __gnu_lto_slim

NO UNDEFINED SYMBOLS
