ARM GAS  /tmp/cceXTZwH.s 			page 1


   1              		.syntax unified
   2              		.cpu cortex-m3
   3              		.fpu softvfp
   4              		.eabi_attribute 20, 1
   5              		.eabi_attribute 21, 1
   6              		.eabi_attribute 23, 3
   7              		.eabi_attribute 24, 1
   8              		.eabi_attribute 25, 1
   9              		.eabi_attribute 26, 1
  10              		.eabi_attribute 30, 2
  11              		.eabi_attribute 34, 1
  12              		.eabi_attribute 18, 4
  13              		.thumb
  14              		.file	"st.c"
  15              		.text
  16              	.Ltext0:
  17              		.section	.gnu.lto_.profile.4d1a7961e8b0099d,"",%progbits
  18 0000 789C6366 		.ascii	"x\234cf```a\200\000F\006)\036\000\000\264\000/"
  18      60606061 
  18      80004606 
  18      291E0000 
  18      B4002F
  19              		.text
  20              		.section	.gnu.lto_.jmpfuncs.4d1a7961e8b0099d,"",%progbits
  21 0000 789C6366 		.ascii	"x\234cf\300\016\304\2404+\210`\004\202z&\006\006f\020"
  21      C00EC4A0 
  21      342B8860 
  21      04827A26 
  21      06066610 
  22 0014 CD021400 		.ascii	"\315\002\024\000\000\015^\001-"
  22      000D5E01 
  22      2D
  23              		.text
  24              		.section	.gnu.lto_.inline.4d1a7961e8b0099d,"",%progbits
  25 0000 789C6366 		.ascii	"x\234cf\300\016r\2414+\003\003\013\017#\003\023\220"
  25      C00E72A1 
  25      342B0303 
  25      0B0F2303 
  25      1390
  26 0012 C9B6401E 		.ascii	"\311\266@\036D10r\201\010\0066VFF \305\300\304\366A"
  26      44313072 
  26      81080636 
  26      56464620 
  26      C5C0C4F6 
  27 0027 0F2EC7C4 		.ascii	"\017.\307\304\300\302\014T\315t\201\037.\304\014\022"
  27      C0C20C54 
  27      CD74811F 
  27      2EC40C12 
  28 0037 82A84416 		.ascii	"\202\250D\026f\301T\311\000\000\270\007\010x"
  28      66C154C9 
  28      0000B807 
  28      0878
  29              		.text
  30              		.section	.gnu.lto_.pureconst.4d1a7961e8b0099d,"",%progbits
  31 0000 789C6366 		.ascii	"x\234cf``\340f\200\000V\006\011F)&)f)\026)\000\004\004"
  31      6060E066 
  31      80005606 
ARM GAS  /tmp/cceXTZwH.s 			page 2


  31      09462926 
  31      29662916 
  32 0018 009E     		.ascii	"\000\236"
  33              		.text
  34              		.section	.gnu.lto_stInit.4d1a7961e8b0099d,"",%progbits
  35 0000 789C6366 		.ascii	"x\234cf\300\004R@\274\020\210%\200\230\221\231\201\221"
  35      C0045240 
  35      BC108825 
  35      80989199 
  35      8191
  36 0012 69C23906 		.ascii	"i\3029\006\206F\016&FF\020\203\201\221\241\236\211\261"
  36      86460E26 
  36      46461083 
  36      8191A19E 
  36      89B1
  37 0024 9EF125D3 		.ascii	"\236\361%\323G&\306\011\007V\317\340V_\332\320\320\360"
  37      4726C609 
  37      0756CFE0 
  37      565FDAD0 
  37      D0F0
  38 0036 E1D0F9C6 		.ascii	"\341\320\371\306\200\003\214?\231\030\030>3A\314a\\"
  38      80038C3F 
  38      9918183E 
  38      3341CC61 
  38      5C
  39 0047 CEA8CE00 		.ascii	"\316\250\316\000T\364\261\345\357un\266\026\240\"\001"
  39      54F4B1E5 
  39      EF756EB6 
  39      16A02201 
  40 0057 881CE30A 		.ascii	"\210\034\343\012F6F \275^\350@\303\377\377\217\247\376"
  40      46364620 
  40      BD5EE840 
  40      C3FFFF8F 
  40      A7FE
  41 0069 D1676660 		.ascii	"\321gf`x\002\224\001\231\377\224\211\011D3\337al>\360"
  41      78029401 
  41      99FF9489 
  41      094433DF 
  41      616C3EF0 
  42 007d 9717A414 		.ascii	"\227\027\244\024d\306\274\313}\353\230j\1777t4p\374"
  42      64C6BCCB 
  42      7DEB986A 
  42      7F377434 
  42      70FC
  43 008f 6462FCCC 		.ascii	"db\374\314\004\324\316\270\222\261\226\341'P\365=\306"
  43      04D4CEB8 
  43      92B196E1 
  43      2750F53D 
  43      C6
  44 00a0 C603FF59 		.ascii	"\306\003\377Y\301*\031@\3460\202\364\003M\023\323\323"
  44      C12A1940 
  44      E63082F4 
  44      034D13D3 
  44      D3
  45 00b1 D307A2FC 		.ascii	"\323\007\242\374b\375\214\304\034\375\342\242d\375\342"
  45      62FD8CC4 
  45      1CFDE2A2 
ARM GAS  /tmp/cceXTZwH.s 			page 3


  45      64FDE2
  46 00c0 12BD6406 		.ascii	"\022\275d\006\000r\334AH"
  46      0072DC41 
  46      48
  47              		.text
  48              		.section	.gnu.lto_stStartAlarm.4d1a7961e8b0099d,"",%progbits
  49 0000 789C9D92 		.ascii	"x\234\235\222\315k\023A\030\306\347\231\335n\026+\245"
  49      CD6B1341 
  49      18C6E799 
  49      DD6E162B 
  49      A5
  50 0011 7890988B 		.ascii	"x\220\230\213H(\2754Y\324\177\300\203\027\241\275h\357"
  50      4828BD34 
  50      59D47FC0 
  50      8317A1BD 
  50      68EF
  51 0023 12AB5021 		.ascii	"\022\253P!R\351\006\257\235\304\304\202\242\015\366"
  51      52E906AF 
  51      9DC4C482 
  51      A20DF6
  52 0032 A028C16A 		.ascii	"\240(\301j\011\321\246\261\321\264j-\302j\025\205\202"
  52      09D1A6B1 
  52      D1B46A2D 
  52      C26A1585 
  52      82
  53 0043 410F063C 		.ascii	"A\017\006<\304 )\324\012\222\230B\\\241\306w\266+\030"
  53      C42029D4 
  53      0A929842 
  53      5CA1C677 
  53      B62B18
  54 0056 BD88CBEE 		.ascii	"\275\210\313\356\316\274_\317\373\233\017\205\375\375"
  54      CEBC5FCF 
  54      FB9B0F85 
  54      FDFD
  55 0064 F8E87BCE 		.ascii	"\370\350{\316\031;L#\024\006\236|\315XT\347\200\234"
  55      193B4C23 
  55      14069E7C 
  55      CD5854E7 
  55      809C
  56 0076 30B0318E 		.ascii	"0\2601\2161|\342u\216\244\225\275\332\331\233\026B\324"
  56      317CE275 
  56      8EA495BD 
  56      DAD99B16 
  56      42D4
  57 0088 DE16BC09 		.ascii	"\336\026\274\011\257Me\015\276%\203\014z)e\342R\342"
  57      AF4D650D 
  57      BE25830C 
  57      7A2965E2 
  57      52E2
  58 009a 22945D60 		.ascii	"\"\224]`4_\371\370\255\261}\215\333\034\335\322\274"
  58      345FF9F8 
  58      ADB17D8D 
  58      DB1CDDD2 
  58      BC
  59 00ab 565ADD50 		.ascii	"VZ\335P\244\311\2714\317^\2507\266\365L\013\021\263"
  59      A4C9B934 
  59      CF5EA837 
ARM GAS  /tmp/cceXTZwH.s 			page 4


  59      B6F54C0B 
  59      11B3
  60 00bd 9EE4C501 		.ascii	"\236\344\305\001\362+\270\015\205\364p\007>\314\300"
  60      F22BB80D 
  60      85F47007 
  60      3ECCC0
  61 00cc C7C8C590 		.ascii	"\307\310\305\220E\217L\257\3077K\235Z\234zwo\376j\213"
  61      458F4CAF 
  61      C7374B9D 
  61      5A9C7A77 
  61      6FFE6A8B 
  62 00e0 5968A071 		.ascii	"Yh\240qn\207%Z\255\351\314\354\202\352!n\252P\251Ve"
  62      6E87255A 
  62      ADE9CCEC 
  62      82EA216E 
  62      AA50A956 
  63 00f5 AC4A5972 		.ascii	"\254JYr\025\253\324\222F\345\035b\016J!\375\375<\224"
  63      15ABD492 
  63      46E51D62 
  63      0E4A21FD 
  63      FD3C94
  64 0108 3D0EE5AD 		.ascii	"=\016\345\255\251\033\257\270\377&qTR\313!+6%~\264Z"
  64      A91BAFB8 
  64      FF267154 
  64      52CB212B 
  64      36257EB4 
  65 011d 9034B976 		.ascii	"\2204\271v\032w\235w\341o\222\334{\304\312\343\315\371"
  65      1A779D77 
  65      E16F92DC 
  65      7BC4CAE3 
  65      CDF9
  66 012f D21ADAE0 		.ascii	"\322\032\332\340*\351u\257Lq\330\032\034\177\2403\314"
  66      2AE975AF 
  66      4C71D81A 
  66      1C7FA033 
  66      CC
  67 0140 4123913C 		.ascii	"A#\221<\264&W\267t\236]^\314,%\272\244\217\222\277\254"
  67      B42657B7 
  67      749E5D5E 
  67      CC2C25BA 
  67      A48F92BF 
  68 0155 BC3CD721 		.ascii	"\274<\327!w\251\203\362\205*\353?T\213ot\307\305\244"
  68      77A983F2 
  68      852AEB3F 
  68      548B6F74 
  68      C7C5A4
  69 0168 79A5F879 		.ascii	"y\245\370y\206\247p=\232\024\272\3155\334#\276\373\222"
  69      86A7703D 
  69      9A14BACD 
  69      35DC23BE 
  69      FB92
  70 017a 8F62CDC9 		.ascii	"\217b\315\311j\256+\220\025\361\250\265\333\346\036"
  70      6AAE2B90 
  70      15F1A8B5 
  70      DBE61E
  71 0189 1490C257 		.ascii	"\024\220\302W\332\004\247-\305\237Nn\244\271\221\223"
  71      DA04A72D 
ARM GAS  /tmp/cceXTZwH.s 			page 5


  71      C59F4E6E 
  71      A4B99193 
  72 0199 F13E9BEB 		.ascii	"\361>\233\353\230G\000~\237\033\307\002\014\242\222"
  72      9847007E 
  72      9F1BC702 
  72      0CA292
  73 01a8 48B57C39 		.ascii	"H\265|9\346q\211\376\275\237\216\007N?\270z\017\021"
  73      E67189FE 
  73      BD9F8E07 
  73      4E3FB87A 
  73      0F11
  74 01ba F81D5FA7 		.ascii	"\370\035_\247>\217\250P\352\327\376O\177\321\321\347"
  74      3E8FA850 
  74      EAD7FE4F 
  74      7FD1D1E7 
  75 01ca AEFE6347 		.ascii	"\256\376cG\277XY\236p\256\231N\376%*,#Zy\261\256\313"
  75      BF58599E 
  75      70AE994E 
  75      FE252A2C 
  75      235A79B1 
  76 01e0 13902756 		.ascii	"\023\220'V%\036:|\332\205\235\301\240A\357\210i\014"
  76      251E3A7C 
  76      DA859DC1 
  76      A041EF88 
  76      690C
  77 01f2 87C28639 		.ascii	"\207\302\2069:d\230\221\340\020\363\204\216\231\221"
  77      3A649891 
  77      E010F384 
  77      8E9991
  78 0201 93A74EA8 		.ascii	"\223\247N\250\362\327\327\226szd4b\032G\006\007\366"
  78      F2D7D796 
  78      737A6434 
  78      621A4706 
  78      07F6
  79 0213 EF33FAFB 		.ascii	"\3573\372\373\017\032\203\207\006\316\354\245\252\243"
  79      0F1A8387 
  79      06CEECA5 
  79      AAA3
  80 0221 E1F0F1E0 		.ascii	"\341\360\361\3400\373\011\235I\024c"
  80      30FB099D 
  80      491463
  81              		.text
  82              		.section	.gnu.lto_stStopAlarm.4d1a7961e8b0099d,"",%progbits
  83 0000 789C6366 		.ascii	"x\234cf\300\004R@\254\313\310\300\340\012\244\031\231"
  83      C0045240 
  83      ACCBC8C0 
  83      E00AA419 
  83      99
  84 0011 19189926 		.ascii	"\031\030\231&\234c`h\344`bd\0041\030\030\031\352\231"
  84      9C636068 
  84      E4606264 
  84      04311818 
  84      19EA99
  85 0024 18EB195F 		.ascii	"\030\353\031_2}db\234p`\365\014n\365\245\015\015\015"
  85      327D6462 
  85      9C7060F5 
  85      0C6EF5A5 
ARM GAS  /tmp/cceXTZwH.s 			page 6


  85      0D0D0D
  86 0037 1F366D97 		.ascii	"\0376m\227h\225\370\311\304\300\360\231\011b\014\343"
  86      6895F8C9 
  86      C4C0F099 
  86      09620CE3 
  87 0047 72467506 		.ascii	"rFu\006\240\232\217-\177\257s\263\265\000\325\010@\344"
  87      A09A8F2D 
  87      7FAF73B3 
  87      B500D508 
  87      40E4
  88 0059 185730B2 		.ascii	"\030W0\262\001\215gX/t\240\341\377\377\305s\336lgaf"
  88      018D6758 
  88      2F74A0E1 
  88      FFFFC573 
  88      DE6C6761 
  89 006e 60780294 		.ascii	"`x\002\224\002\231\377\224\211\011D3\337b<\364\341\307"
  89      0299FF94 
  89      89094433 
  89      DF623CF4 
  89      E1C7
  90 0080 9CF347B9 		.ascii	"\234\363G\271Q\214x\260\364\275\004\330\200\317L\214"
  90      518C78B0 
  90      F4BD04D8 
  90      80CF4C8C 
  91 0090 E88633AE 		.ascii	"\350\2063\256dd\003\232\276\212\221\015(\361\356\364"
  91      6464039A 
  91      BE8A910D 
  91      28F1EEF4 
  92 00a0 F136D617 		.ascii	"\3616\326\027L?\231\030\201r\015, \265\367\237\234\277"
  92      4C3F9918 
  92      81720D2C 
  92      20B5F79F 
  92      9CBF
  93 00b2 C8011662 		.ascii	"\310\001\026b\000q\247\237\177\275\212i.\343\354\306"
  93      0071A79F 
  93      7FBD8A69 
  93      2EE3ECC6 
  94 00c2 090D1C3F 		.ascii	"\011\015\034?\231\230\030W3J1\256a\224\002\313}\237"
  94      99981857 
  94      334A31AE 
  94      619402CB 
  94      7D9F
  95 00d4 FC642D9F 		.ascii	"\374d-\237\356\352\206\226\306\017;\347\235\346\377"
  95      EEEA8696 
  95      C60F3BE7 
  95      9DE6FF
  96 00e3 C9C4CCB8 		.ascii	"\311\304\314\270\226q.\343'\240\033\301\2660\256c\324"
  96      96712EE3 
  96      27A01BC1 
  96      B630AE63 
  96      D4
  97 00f4 453611E8 		.ascii	"E6\021\350~\306\365@\275\367\030\033\037\034}\317\001"
  97      7EC6F540 
  97      BDF7181B 
  97      1F1C7DCF 
  97      01
  98 0105 72202808 		.ascii	"r (\010\236\000\255\002\372\005\250KLOO\037\210\362"
ARM GAS  /tmp/cceXTZwH.s 			page 7


  98      9E00AD02 
  98      FA05A84B 
  98      4C4F4F1F 
  98      88F2
  99 0117 8BF53312 		.ascii	"\213\3653\022s\364\213\213\222\365\213K\364\222\031"
  99      73F48B8B 
  99      92F58B4B 
  99      F49219
 100 0126 7450840B 		.ascii	"tP\204\013\362\213J\212\365\203C|\215\215\364}|\\\364"
 100      F28B4A8A 
 100      F583437C 
 100      8D8DF47D 
 100      7C5CF4
 101 0139 433C7DCB 		.ascii	"C<}\313\014\201\012\343srR\3642\030\000\211&\205\005"
 101      0C810AE3 
 101      737252F4 
 101      32180089 
 101      268505
 102              		.text
 103              		.section	.gnu.lto_stSetAlarm.4d1a7961e8b0099d,"",%progbits
 104 0000 789C6590 		.ascii	"x\234e\220\317k\023Q\020\307\337wv\263]\254\224\342"
 104      CF6B1351 
 104      10C7DF77 
 104      76B35DAC 
 104      94E2
 105 0012 41622E22 		.ascii	"Ab.\"\241\364\322\346\241\376\003\036\274\010\355\305"
 105      A1F4D2E6 
 105      A1FE031E 
 105      BC08EDC5 
 106 0022 F62EB10A 		.ascii	"\366.\261\012\025\"\225n\360\332\227\230XP\254\241="
 106      1522956E 
 106      F0DA9798 
 106      5850ACA1 
 106      3D
 107 0033 284AE92F 		.ascii	"(J\351/b\2651\266\332z\220\\VE\024\012\026/\026\005"
 107      62B531B6 
 107      DA7A905C 
 107      5645140A 
 107      162F1605 
 108 0047 6B90142A 		.ascii	"k\220\024*\0251\246\260\256\320\306y\333z\210.\273\373"
 108      1531A6B0 
 108      AED0C679 
 108      DB7A882E 
 108      BBFB
 109 0059 DECC7C67 		.ascii	"\336\314|g\3463c\210\377\237\010\177&\011q\232O\030"
 109      E6336388 
 109      FF9F087F 
 109      2609719A 
 109      4F18
 110 006b 02947B2B 		.ascii	"\002\224{+D\312&@_\004\304\020a\010_\251J\310\271\205"
 110      44CA2640 
 110      5F04C410 
 110      61085FA9 
 110      4AC8B985 
 111 007f DBCDED79 		.ascii	"\333\315\355y\245\324\217\321R8\033\3669\255F\273e0"
 111      A5D48FD1 
 111      52381BF6 
ARM GAS  /tmp/cceXTZwH.s 			page 8


 111      39AD46BB 
 111      6530
 112 0091 8B7696DC 		.ascii	"\213v\226\334\034\311\336\200q\010\202\357\313_~\325"
 112      1CC9DE80 
 112      710882EF 
 112      CB5F7ED5 
 113 00a1 F66F904F 		.ascii	"\366o\220Oh\325\346\235\325\365-C\233D\332\274r\275"
 113      68D5E69D 
 113      D5F52D43 
 113      9B44DABC 
 113      72BD
 114 00b3 5ADBD736 		.ascii	"Z\333\3276\243T\332--\250\023\3547p\037\006\327\303"
 114      A354DA2D 
 114      2DA813EC 
 114      37701F06 
 114      D7C3
 115 00c5 03443087 		.ascii	"\003D0\207\210`\227@\001mZ^\315l\2576[\031\356\335\272"
 115      88609740 
 115      016D5A5E 
 115      CD6CAF36 
 115      5B19EEDD 
 116 00da FDB72D1E 		.ascii	"\375\267-\036\302\002\237\363\007\\U\257\317\334\373"
 116      C2029FF3 
 116      075C55AF 
 116      CFDCFB
 117 00e9 563243CC 		.ascii	"V2C\314\315\031&\347\232BTX\245\247X\347\226|\032\357"
 117      CD1926E7 
 117      9A425458 
 117      A5A758E7 
 117      967C1AEF 
 118 00fd 910E5016 		.ascii	"\221\016P\026\363\277\257\3018\022PNON\274\241\350\024"
 118      F3BFAFC1 
 118      3812504E 
 118      4F4EBCA1 
 118      E814
 119 010f 73943FBC 		.ascii	"s\224?\274\214\273\351I\265S\257C\323\024\033i\366\346"
 119      8CBBE949 
 119      B553AF43 
 119      D3141B69 
 119      F6E6
 120 0121 7C84A8C7 		.ascii	"|\204\250\307\345>\"\2756\354-}\332@\003\\9\357\205"
 120      E53E22BD 
 120      36EC2D7D 
 120      DA40035C 
 120      39EF85
 121 0134 B52460AB 		.ascii	"\265$`\253\021\376A\027\230\207\305E\026`yd\356\326"
 121      11FE4117 
 121      9887C545 
 121      16607964 
 121      EED6
 122 0146 7931FA6C 		.ascii	"y1\372lv3\333\242},\376\276\374\372jHo)\304ze\352\374"
 122      7633DBA2 
 122      7D2CFEBE 
 122      FCFA6A48 
 122      6F29C47A 
 123 015d CF959577 		.ascii	"\317\225\225wv\340\022\332\274\265\2629G\343\270\233"
 123      76E012DA 
ARM GAS  /tmp/cceXTZwH.s 			page 9


 123      BCB5B239 
 123      47E3B89B 
 124 016d CA29DB27 		.ascii	"\312)\333'\013\217\231\357\211\346\343\2307V)\266t\026"
 124      0B8F99EF 
 124      89E6E398 
 124      375629B6 
 124      7416
 125 017f 5426E51E 		.ascii	"T&\345\036\366\251\011\213\030\307O^B\320\226\343\317"
 125      F6A9098B 
 125      18C74F5E 
 125      42D096E3 
 125      CF
 126 0190 C7B6F224 		.ascii	"\307\266\362$\213:\336\341\223\215%t\"\032\331\213\343"
 126      8B3ADEE1 
 126      938D2574 
 126      221AD98B 
 126      E3
 127 01a1 29245389 		.ascii	")$S\2115\244\312\257<[O\240'\256\360\024\274<\256r0"
 127      35A4CAAF 
 127      3C5B4FA0 
 127      27AEF014 
 127      BC3CAE72 
 128 01b6 1693FC0E 		.ascii	"\026\223\374\0168\262?\236\220\316`\237t\222\261>\321"
 128      38B23F9E 
 128      90CE609F 
 128      7492B13E 
 128      D1
 129 01c7 143FEB24 		.ascii	"\024?\353$/\\<o\352_G\203\346\322\300`\322\221=\275"
 129      2F5C3C6F 
 129      EA5F4783 
 129      E6D2C060 
 129      D2913DBD 
 130 01db DDC78FC9 		.ascii	"\335\307\217\311\256\256\223\262\367T\367\345\243\234"
 130      AEAE93B2 
 130      F754F7E5 
 130      A39C
 131 01e9 75269138 		.ascii	"u&\2218\027\353\027\177\000\262d\317\375"
 131      17EB177F 
 131      00B264CF 
 131      FD
 132              		.text
 133              		.section	.gnu.lto_stGetAlarm.4d1a7961e8b0099d,"",%progbits
 134 0000 789C654F 		.ascii	"x\234eO\315+\304Q\024\275\347\376\306\317\024I\2244"
 134      CD2BC451 
 134      14BDE7FE 
 134      C6CF1449 
 134      9434
 135 0012 D95136CC 		.ascii	"\331Q6\314\013\377\002\013el\314^ba1E3\262\2357\323"
 135      0BFF020B 
 135      656CCC5E 
 135      62613145 
 135      33B29D37 
 136 0027 C45628C2 		.ascii	"\304V(\302H1\371\034\037K,|\224,\246FV\312\002i\024"
 136      4831F91C 
 136      1F4B2C7C 
 136      942CA646 
 136      56CA0269 
ARM GAS  /tmp/cceXTZwH.s 			page 10


 137 003c 91308ADF 		.ascii	"\2210\212\337\202q\337\260\301\353\275\356;\367\234"
 137      8271DFB0 
 137      C1EBBDEE 
 137      3BF79C
 138 004b EE3DC7A2 		.ascii	"\356=\307\242\377\307#/\012\242\026\251\260\010<\222"
 138      FFC7232F 
 138      0AA216A9 
 138      B0083C92 
 139 005b 268AB819 		.ascii	"&\212\270\0310\037\002\205\031a\334\3613#u\375\236-"
 139      301F0285 
 139      1961DCF1 
 139      332375FD 
 139      9E2D
 140 006d BE6587A9 		.ascii	"\276e\207\251\224\004N\235\335\274Z\006\202\015\334"
 140      94044E9D 
 140      DDBC5A06 
 140      820DDC
 141 007c CDA6AFED 		.ascii	"\315\246\257\355\332\204\326\321\247\321\275\300\344"
 141      DA84D6D1 
 141      A7D1BDC0 
 141      E4
 142 0089 F81C1C66 		.ascii	"\370\034\034f\3122a\021\036,\301,\3022j\215\3669\366"
 142      CA326111 
 142      1E2CC12C 
 142      C2326A8D 
 142      F639F6
 143 009c 715664C7 		.ascii	"qVd\307\264\326\245\037LF$\334\012l\361A\033e\373:\227"
 143      B4D6A51F 
 143      4C4624DC 
 143      0A6CF141 
 143      1B65FB3A 
 144 00b1 9B9F7DD8 		.ascii	"\233\237}\330s\271\230\034\266,2\203(#\317X\272\021"
 144      73B9981C 
 144      B62C3283 
 144      2823CF58 
 144      BA11
 145 00c3 20D53AC7 		.ascii	" \325:\307\341\2163\223;*\3775\357*\221\253\314\217"
 145      E18E3393 
 145      3B2AFF35 
 145      EF2A91AB 
 145      CC8F
 146 00d5 CA32FE6C 		.ascii	"\3122\376l\"\254\302\226=k\260\337\330\344yL\035\017"
 146      22ACC296 
 146      3D6BB0DF 
 146      D8E4794C 
 146      1D0F
 147 00e7 1598002E 		.ascii	"\025\230\000.\241\265\313\310/3'\247\356|\213\014\234"
 147      A1B5CBC8 
 147      2F3327A7 
 147      EE7C8B0C 
 147      9C
 148 00f8 38B95FE1 		.ascii	"8\271_\3418\246##\332\355p\001\222\222d\335$\021\356"
 148      38A62323 
 148      DAED7001 
 148      929264DD 
 148      2411EE
 149 010b 6D2C932C 		.ascii	"m,\223,\251_\325\261\310\323\366g\252\306a\033\033\210"
ARM GAS  /tmp/cceXTZwH.s 			page 11


 149      A95FD5B1 
 149      C8D3F667 
 149      AAC6611B 
 149      1B88
 150 011d E3456CE6 		.ascii	"\343El\346\027\211\344`\3545\301*)\222\375v\207\013"
 150      1789E460 
 150      EC35C12A 
 150      2992FD76 
 150      870B
 151 012f B1897A54 		.ascii	"\261\211zT{~xlA\3219\242\027\303U\337\226,qE\027\210"
 151      7B7E786C 
 151      41D139A2 
 151      17C355DF 
 151      962C7145 
 152 0145 5C2D844D 		.ascii	"\\-\204M\000i\220I\015\223V\206Vx\275Jn_H\365v\005T"
 152      00699049 
 152      0D935686 
 152      5678BD4A 
 152      6E5F48F5 
 153 015c 28D8AD42 		.ascii	"(\330\255B\003\336n\252\373\325\356\357\013\016\204"
 153      03DE6EAA 
 153      FBD5EEEF 
 153      0B0E84
 154 016b 5487DFD7 		.ascii	"T\207\337\327\324\250\332\332\232\225\277\3257\330 "
 154      D4A8DADA 
 154      9A95BFD5 
 154      37D820
 155 017a C2CE40A0 		.ascii	"\302\316@\240\307\333K_\246W\243}"
 155      C7DB4B5F 
 155      A657A37D 
 156              		.text
 157              		.section	.gnu.lto_.symbol_nodes.4d1a7961e8b0099d,"",%progbits
 158 0000 789C55C8 		.ascii	"x\234U\310\273\021\200 \000D\301w 3tk\011G\011V\340"
 158      BB118020 
 158      0044C177 
 158      2033746B 
 158      09470956 
 159 0015 18588F11 		.ascii	"\030X\217\021\3762+q\0144\220\0157\002=\237Pe\030\026"
 159      FE322B71 
 159      0C34900D 
 159      37023D9F 
 159      50651816 
 160 0029 B019A74C 		.ascii	"\260\031\247LXe5\261\311\241\211]\216M\034r\367\017"
 160      586535B1 
 160      C9A1895D 
 160      8E4D1C72 
 160      F70F
 161 003b 9D727A83 		.ascii	"\235rz\203R2\221\304|\335\342\001.\300 ."
 161      523291C4 
 161      7CDDE201 
 161      2EC0202E 
 162              		.text
 163              		.section	.gnu.lto_.refs.4d1a7961e8b0099d,"",%progbits
 164 0000 789C6366 		.ascii	"x\234cf```d\200\002\000\000=\000\005"
 164      60606064 
 164      80020000 
 164      3D0005
ARM GAS  /tmp/cceXTZwH.s 			page 12


 165              		.text
 166              		.section	.gnu.lto_.decls.4d1a7961e8b0099d,"",%progbits
 167 0000 789CB557 		.ascii	"x\234\265W[PT\311\031>}z\200a\030\006\305Z\327\242R"
 167      5B5054C9 
 167      193E7D7A 
 167      80611806 
 167      C55AD7A2 
 168 0015 15C01431 		.ascii	"\025\300\0241)\327Q\334\365!/\253AK\255\254\273\326"
 168      29D751DC 
 168      F5212FAB 
 168      414BADAC 
 168      BBD6
 169 0027 60AAB66A 		.ascii	"`\252\266j\037f\011\262\201*D\213\031\223\354\333\301"
 169      1F6609B2 
 169      812A448B 
 169      1993ECDB 
 169      C1
 170 0038 41415141 		.ascii	"AAQA\004W@t\024\020\344\216\212,\240\2007\300\013\202"
 170      04574074 
 170      1410E48E 
 170      8A2CA080 
 170      37C00B82 
 171 004c 0A2A2A32 		.ascii	"\012**2\340\"*\240\203\242\200\256L\376\356>\347\314"
 171      E0222AA0 
 171      83A280AE 
 171      4CFEEE3E 
 171      E7CC
 172 005e 61321AF3 		.ascii	"a2\032\363\220S4\247\377\323\337\377\365\177\353\313"
 172      905334A7 
 172      FFD3DFFF 
 172      F57FEBCB 
 173 006e 608EE34A 		.ascii	"`\216\343J\021\3079\340\321\317\344\270U<\307y\302\267"
 173      11C739E0 
 173      D1CFE4B8 
 173      553CC779 
 173      C2B7
 174 0080 B59CF321 		.ascii	"\265\234\363!r)\2643\320\032\241\235\205v\001Z3\367"
 174      7229B433 
 174      D01AA19D 
 174      8576015A 
 174      33F7
 175 0092 9F0FC161 		.ascii	"\237\017\301aQ\277\005\3321\361;/\216\271\323!\274\336"
 175      51BF05DA 
 175      31F13B2F 
 175      8EB9D321 
 175      BCDE
 176 00a4 A28E0E9A 		.ascii	"\242\216\016\232\026Z-\264 h\263\300\266\231\320\206"
 176      165A2DB4 
 176      2068B3C0 
 176      B699D086 
 177 00b4 A07F53E4 		.ascii	"\240\177S\344\326\202<\005o\017\304x\211\376'\320\207"
 177      D6823C05 
 177      6F0FC478 
 177      89FE27D0 
 177      87
 178 00c5 3FEE7768 		.ascii	"?\356wh:7\261W%rK\\\204\007)\364\011&\304E\217\023\375"
 178      3A37B157 
ARM GAS  /tmp/cceXTZwH.s 			page 13


 178      25724B5C 
 178      840729F4 
 178      0926C445 
 179 00dc FC58BB90 		.ascii	"\374X\273\220h\027/\352\315\023\355Y\350\302K\342\246"
 179      68172FEA 
 179      CD13ED59 
 179      E8C24BE2 
 179      A6
 180 00ed FE1FF988 		.ascii	"\376\037\371\210N\250\310\367\271\013\337(\217j\313"
 180      4EA8C8F7 
 180      B90BDF28 
 180      8F6ACB
 181 00fc C7DA7C1E 		.ascii	"\307\332|\036\363H\247\011$b]z\353~O\020\265\032\025"
 181      F348A709 
 181      24625D7A 
 181      EB7E4F10 
 181      B51A15
 182 010f 11EBDFF6 		.ascii	"\021\353\337\366w\252>\315\024\340I\263\0103Th\355l"
 182      77AA3ECD 
 182      14E049B3 
 182      08335468 
 182      ED6C
 183 0121 54880250 		.ascii	"T\210\002P\021\012\000\306c\350S\370\377\235\2121Yk"
 183      110A00C6 
 183      63E853F8 
 183      FF9D8A31 
 183      596B
 184 0133 125FA830 		.ascii	"\022_\2500\217H?o\177_\247f~1\250%\013M\255\3109\335"
 184      8F483F6F 
 184      7F5FA766 
 184      7E31A825 
 184      0B4DADC8 
 185 0149 A3F2816C 		.ascii	"\243\362\201l>\360\240`\255\264\027Mtk\205V\241\311"
 185      3EF0A060 
 185      ADB4174D 
 185      746B8556 
 185      A1C9
 186 015b E1F89252 		.ascii	"\341\370\222R\241b\204Q\011\232O\220\244OUP)\012\004"
 186      A1628451 
 186      099A4F90 
 186      A44F5550 
 186      290A04
 187 016e B52BFD13 		.ascii	"\265+\375\023/\265\324\312\031\204%\373\366\300\030"
 187      2FB5D4CA 
 187      198425FB 
 187      F6C018
 188 017d A656F244 		.ascii	"\246V\362D\274v\320z\322\017\377\236\316\234y9'\325"
 188      BC76D07A 
 188      D20FFF9E 
 188      CE9C7939 
 188      27D5
 189 018f 032FA2FD 		.ascii	"\003/\242\375\264\276\364\233*\374'\332O8Z\277\323\013"
 189      B4BEF49B 
 189      2AFC27DA 
 189      4F385ABF 
 189      D30B
 190 01a1 540235D4 		.ascii	"T\0025\324\216\237\206&N\252\251\350p`\370\300\037\351"
ARM GAS  /tmp/cceXTZwH.s 			page 14


 190      8E9F8626 
 190      4EAAA9E8 
 190      7060F8C0 
 190      1FE9
 191 01b3 E9E8F346 		.ascii	"\351\350\363F!\232|\260\331\276\353\341\255\337\010"
 191      219A7CB0 
 191      D9BEEBE1 
 191      ADDF08
 192 01c2 820A5523 		.ascii	"\202\012U#\015\252\222\255\242\272\344I\026\204-\202"
 192      0DAA92AD 
 192      A2BAE449 
 192      16842D82 
 193 01d2 60113C8A 		.ascii	"`\021<\212t\034*\203p\224C8\320I\024\002\010\212E\307"
 193      741C2A83 
 193      70944338 
 193      D0491402 
 193      088A45C7 
 194 01e6 E1E309F8 		.ascii	"\341\343\011\370\010\304'\372\237\245h$\342\241\363"
 194      08C427FA 
 194      9FA56824 
 194      E2A1F3
 195 01f5 BB6713E2 		.ascii	"\273g\023\342\032 \256t\022\303<\037b>\345\236\371l"
 195      1A20AE74 
 195      12C33C1F 
 195      623EE59E 
 195      F96C
 196 0207 55673696 		.ascii	"Ug6\226\230\313\013r>!\314\265\300\\\341d\256\3710\363"
 196      98CB0B72 
 196      3E21CCB5 
 196      C05CE164 
 196      AEF930F3 
 197 021b CF6E99D1 		.ascii	"\317n\231\321\371\354\276\255\276*\250\036J\367\035"
 197      F9ECBEAD 
 197      BE2AA81E 
 197      4AF71D
 198 022a 2D85BCB6 		.ascii	"-\205\274\266\372b\315{K\241\236\226B\035\022k\241\272"
 198      FA62CD7B 
 198      4BA19E96 
 198      421D126B 
 198      A1BA
 199 023c AE635883 		.ascii	"\256cX\203\177F4\364\266\332\221\347\336\220s\033\344"
 199      7F4634F4 
 199      B6DA91E7 
 199      DE90731B 
 199      E4
 200 024d BC6E1BCE 		.ascii	"\274n\033\316\022\254[\204)\207\003Q-tZ\221\365\323"
 200      12AC5B84 
 200      29870351 
 200      2D745A91 
 200      F5D3
 201 025f 52D6CFD0 		.ascii	"R\326\317\320\254\247\246<\335\312\343\213\214\345J"
 201      ACA7A63C 
 201      DDCAE38B 
 201      8CE54A
 202 026e C2F9044F 		.ascii	"\302\371\004O\312b\255\317\363duC\313\246AA\320 \021"
 202      CA62ADCF 
 202      F3647543 
ARM GAS  /tmp/cceXTZwH.s 			page 15


 202      CBA64141 
 202      D02011
 203 0281 345282CA 		.ascii	"4R\202\312\"{\203/\276\316\010nd\025\354\3252\202n\231"
 203      227B832F 
 203      BECE086E 
 203      6415ECD5 
 203      32826E99 
 204 0295 8058D0A4 		.ascii	"\200X\320\244 h\222\010\316R\202\346\323]\355:\245\323"
 204      20689208 
 204      CE5282E6 
 204      D35DED3A 
 204      A5D3
 205 02a7 241E4EAF 		.ascii	"$\036N\257\317M[\000e\266\211!-\276\317f+\351\033\315"
 205      CF4D5B00 
 205      65B68921 
 205      2DBECF66 
 205      2BE91BCD 
 206 02bb D6D0D96C 		.ascii	"\326\320\331l\223\017\233\235\205\016*\350\274b\302"
 206      930F9B9D 
 206      850E2AE8 
 206      BC62C2
 207 02ca F3D28417 		.ascii	"\363\322\204\027\350\2047\263\323O\"<\3108jr&30\341"
 207      E88437B3 
 207      D34F223C 
 207      C8386A72 
 207      263330E1 
 208 02de 80C2199C 		.ascii	"\200\302\031\234Z\272\307\222\226/\330\034\216\337\262"
 208      5ABAC792 
 208      962FD81C 
 208      8EDFB2
 209 02ed E57251C1 		.ascii	"\345rQ\301rQbi\246,\017\3667\355Piw\220\224\203\331"
 209      72516269 
 209      A62C0FF6 
 209      37ED5069 
 209      77909483 
 210 0302 DEAD3AAA 		.ascii	"\336\255:\252\340\264\273\005i)\032\336\304\311'\015"
 210      E0B4BB05 
 210      69291ADE 
 210      C4C9270D 
 211 0312 BBD9E212 		.ascii	"\273\331\342\022<\311\264\225\215%\333\275\351\352\372"
 211      3CC9B495 
 211      8D25DBBD 
 211      E9EAFA
 212 0321 9E88E76A 		.ascii	"\236\210\347j\223rU\330\312O[FAl\031\365\346L\346{S"
 212      937255D8 
 212      CA4F5B46 
 212      416C19F5 
 212      E64CE67B 
 213 0336 911C017E 		.ascii	"\221\034\001~\344Sc\303D\263\006\2272\370\316d\333%"
 213      E45363C3 
 213      44B30697 
 213      32F8CE64 
 213      DB25
 214 0348 0DAEA602 		.ascii	"\015\256\246\002\337\372H\310\323\311K,\257\177\225"
 214      DFFA48C8 
 214      D3C94B2C 
 214      AF7F95
ARM GAS  /tmp/cceXTZwH.s 			page 16


 215 0357 45588A3A 		.ascii	"EX\212: \240\327\234\365\032\244,Wf;'\033\216\332\241"
 215      20A0D79C 
 215      F51AA42C 
 215      57663B27 
 215      1B8EDAA1 
 216 036b 5C83C472 		.ascii	"\\\203\304r\275\002\037\257\262\205p\361\327\206D\017"
 216      BD021FAF 
 216      B28570F1 
 216      D786440F 
 217 037b A40971AF 		.ascii	"\244\011q\257t\303\215\022[\214\226t\272\030\257\203"
 217      74C38D12 
 217      5B8C9674 
 217      BA18AF83 
 218 038b 096D4E13 		.ascii	"\011mN\023:\244%\003\366\217\234\313\377\227&\231\254"
 218      3AA42503 
 218      F68F9CCB 
 218      FF972699 
 218      AC
 219 039c 9B8FA205 		.ascii	"\233\217\242\005\215\304,\307+\214\233\230\373\331\223"
 219      8DC42CC7 
 219      2B8C9B98 
 219      FBD993
 220 03ab 15C77CF0 		.ascii	"\025\307|\360\005Q\310j\271\247\302\255L\310\317\334"
 220      0551C86A 
 220      B9A7C2AD 
 220      4CC8CFDC 
 221 03bb 57EA4163 		.ascii	"W\352Ac\254\246qj\357L\365\306ml\354h\306\370v?|\203"
 221      ACA6716A 
 221      EF4CF5C6 
 221      6D6CEC68 
 221      C6F8763F 
 222 03d1 09D2CEA7 		.ascii	"\011\322\316\247e;\337\344\333\316n\036w\261\261\313"
 222      653BDFE4 
 222      DBCE6E1E 
 222      77B1B1CB 
 223 03e1 B7FA8E78 		.ascii	"\267\372\216x\340n&d\215_m\366\243\3009D\034\317\261"
 223      E06E2664 
 223      8D5F6DF6 
 223      A3C03944 
 223      1CCFB1
 224 03f4 58FC702F 		.ascii	"X\374p/\033\263\026\276s\350\360\000\023\244\035_\313"
 224      1BB316BE 
 224      73E8F000 
 224      13A41D5F 
 224      CB
 225 0405 76FC0367 		.ascii	"v\374\003g\237^\367\305O\331\330\313\376-S\010?cBQ\377"
 225      9F5EF7C5 
 225      4FD9D8CB 
 225      FE2D5308 
 225      3F634251 
 226 041a B5745F0A 		.ascii	"\265t_\012\234G\304C\031\223a\370\005\033\252\033M\031"
 226      9C47C443 
 226      199361F8 
 226      051BAA1B 
 226      4D19
 227 042c 53E3D74C 		.ascii	"S\343\327L\350\035\357=\347Eq\013\351\016|\372@\272"
 227      E81DEF3D 
ARM GAS  /tmp/cceXTZwH.s 			page 17


 227      E745710B 
 227      E90E7CFA 
 227      40BA
 228 043e 372B273A 		.ascii	"7+':\274\273<\377%3\014S\326\303\367\257b\022SA\252"
 228      BCBB3CFF 
 228      25330C53 
 228      D6C3F7AF 
 228      62125341 
 229 0453 4DAD7249 		.ascii	"M\255rI=!\321G\363\002\320c\026\317\334\241\216b?\377"
 229      3D21D147 
 229      F302D063 
 229      16CFDCA1 
 229      8E623FFF 
 230 0467 340A1784 		.ascii	"4\012\027\204@3\315\326 \300\357R\370S\344/)\321m\275"
 230      4033CDD6 
 230      20C0EF52 
 230      F853E42F 
 230      29D16DBD 
 231 047b ABC8EEA5 		.ascii	"\253\310\356\245D\337\374\020z\307\276\214f\204\337"
 231      44DFFC10 
 231      7AC7BE8C 
 231      6684DF
 232 048a 302FBA12 		.ascii	"0/\272\022\036\335\342\361\024\023\216\347\025\234b"
 232      1EDDE2F1 
 232      14138EE7 
 232      159C62
 233 0499 4B602975 		.ascii	"K`)u\341\366\365./l\301,~Ui\223::\266\212\210\227\252"
 233      E1F6F52E 
 233      2F6CC12C 
 233      7E556993 
 233      3A3AB68A 
 234 04b0 77356970 		.ascii	"w5ip\022\033{W\362\313\004\217w2a\260aX\340)p-\021\037"
 234      121B7B57 
 234      F2CB048F 
 234      773261B0 
 234      6158E029 
 235 04c8 8CECEA55 		.ascii	"\214\354\352U\343T<m\002\035\233`GJ\225\303\353\375"
 235      E3543C6D 
 235      021D9B60 
 235      474A95C3 
 235      EBFD
 236 04da 41792D05 		.ascii	"Ay-\005\345\0174&\011\271\0056,zi\225b\362\012\320\267"
 236      E50F3426 
 236      09B90536 
 236      2C7A6995 
 236      62F20AD0 
 237 04ef 297A9C7A 		.ascii	")z\234z\371Z\362r\364Nb\273\217\022}\363C\350\266\327"
 237      F95AF272 
 237      F44E62BB 
 237      8F127DF3 
 237      43E8B6D7 
 238 0503 45B99E38 		.ascii	"E\271\2368\223Y\231|:\343(\013\303\267 \316\276\327"
 238      9359997C 
 238      3AE3280B 
 238      C3B720CE 
 238      BED7
 239 0515 9E54E18B 		.ascii	"\236T\341\213\202\3313+X\361\204\004[\205D\213\275n"
ARM GAS  /tmp/cceXTZwH.s 			page 18


 239      82D9332B 
 239      58F18404 
 239      5B85448B 
 239      BD6E
 240 0527 A4EE2F7B 		.ascii	"\244\356/{-B\376\034:\307\013XS[\370Y\316%\363\222N"
 240      2D42FE1C 
 240      3AC70B58 
 240      535BF859 
 240      CE25F392 
 241 053c F847F8C7 		.ascii	"\370G\370\307\021\270\365i\231g\353B\012\035u\205\332"
 241      11B8F569 
 241      9967EB42 
 241      0A1D7585 
 241      DA
 242 054d 29B410C9 		.ascii	")\264\020\311\330\2732\266\327\025ks\241\275&C\273]"
 242      D8BB32B6 
 242      D7156B73 
 242      A1BD2643 
 242      BB5D
 243 055f A1775DA0 		.ascii	"\241w]\240=2\364\027W\350CW\013\272e\354\003Wl\217+"
 243      3D32F417 
 243      57E84357 
 243      0BBA65EC 
 243      03576C8F 
 244 0574 F68E8CBD 		.ascii	"\366\216\214\275\357\036KM\330#\326\351R3\207Za\374"
 244      EF1E4B4D 
 244      D823D6E9 
 244      5233875A 
 244      61FC
 245 0586 121D2268 		.ascii	"\022\035\"h\330UP*\037\202\022\371`d\201\266\003\332"
 245      D855502A 
 245      1F8212F9 
 245      606481B6 
 245      03DA
 246 0598 56685328 		.ascii	"VhS(\030\245\300;\001\232\000\355\035\310I\360\336\015"
 246      18A5C03B 
 246      019A00ED 
 246      1DC849F0 
 246      DE0D
 247 05aa CD01FD64 		.ascii	"\315\001\375dx\357\204\266\013\3326h\277\302\267\267"
 247      78EF84B6 
 247      0BDA3668 
 247      BFC2B7B7 
 248 05ba D0D2A0BF 		.ascii	"\320\322\240\277\235\017\246\333\0325\360\212l`\227"
 248      9D0FA6DB 
 248      1A35F08A 
 248      6C6097
 249 05c9 AB81F35C 		.ascii	"\253\201\363\\|\271,C;\335B\235\321l\223\221w\\\221"
 249      7CB92C43 
 249      3BDD429D 
 249      D16C9391 
 249      775C91
 250 05dc B75D23F4 		.ascii	"\267]#\364D\306>w\237{'\355=\031\332\347>\365\012\332"
 250      44C63E77 
 250      9F7B27ED 
 250      3D19DAE7 
 250      3EF50ADA 
ARM GAS  /tmp/cceXTZwH.s 			page 19


 251 05f0 073276C0 		.ascii	"\0072v\300\025\373h\032m\202u\3443@N \1774)\"\2455\201"
 251      15FB681A 
 251      6D8275E4 
 251      33404E20 
 251      7F342922 
 252 0607 DEB81870 		.ascii	"\336\270\030pU&\275\345\336/'\264]\206\336s_{\262\255"
 252      5526BDE5 
 252      DE2F27B4 
 252      5D86DE73 
 252      5F7BB2AD 
 253 061b 09D65E62 		.ascii	"\011\326^b\300\020\0300,B\245\215J4U\341\326c\231v\304"
 253      C0101830 
 253      2C42A58D 
 253      4A3455E1 
 253      D6639976 
 254 0630 95F6992B 		.ascii	"\225\366\231+\366\276\214\355w_\323\324Zr\002\332.\225"
 254      F6BE8CED 
 254      775FD3D4 
 254      5A7202DA 
 254      2E95
 255 0642 790A8840 		.ascii	"y\012\210@8\351&\301\311%b\033.\273\006\327\026\306"
 255      38E926C1 
 255      C925621B 
 255      2EBB06D7 
 255      16C6
 256 0654 34E67E29 		.ascii	"4\346~)\263Y\341\004n\261\327Na4+\304]E\243t(\344\377"
 256      B359E104 
 256      6EB1D74E 
 256      61342BC4 
 256      5D45A374 
 257 066b 77515377 		.ascii	"wQSw\236mP\243=0\321e\347aN|\223\016\3633\207\232G\275"
 257      9E6D50A3 
 257      3D30D165 
 257      E7614E7C 
 257      930EF333 
 258 0683 A6DD8AF6 		.ascii	"\246\335\212\366(\\\342\320^\236\335\212\340\015\350"
 258      285CE2D0 
 258      5E9EDD8A 
 258      E00DE8
 259 0692 7DD583E1 		.ascii	"}\325\203\341\3702\333\007\023\237\217?\326\301E\254"
 259      F832DB07 
 259      139F8F3F 
 259      D6C145AC 
 260 06a2 A9D23E54 		.ascii	"\251\322>TX\036\221\016[\034\275\210Y\325\364\002\231"
 260      581E910E 
 260      5B1CBD88 
 260      59D5F402 
 260      99
 261 06b3 C13B6F62 		.ascii	"\301;ob\320g7\261L\236\334\304ZKr\277\307=\224E\365"
 261      D06737B1 
 261      4C9EDCC4 
 261      5A4B72BF 
 261      C73D9445 
 262 06c8 F040E529 		.ascii	"\360@\345)?\024\022\020@o@\311p\371\311\3465h\237\250"
 262      3F141210 
 262      406F40C9 
 262      70F9C9E6 
ARM GAS  /tmp/cceXTZwH.s 			page 20


 262      35689FA8 
 263 06dc C09EFDF0 		.ascii	"\300\236\375\360}\342K2\000]5}\323[\215=]\300s84\237"
 263      7DE24B32 
 263      005D357D 
 263      D35B8D3D 
 263      5DC07338 
 264 06f2 1E01E827 		.ascii	"\036\001\350'\210\"\031\342P\026\037\200\366\363\364"
 264      882219E2 
 264      50161F80 
 264      F6F3F4
 265 0701 54E8DF3B 		.ascii	"T\350\337;\272\335C#\242\223\377\033:'\355F\026\273"
 265      BADD4323 
 265      A293FF1B 
 265      3A27ED46 
 265      16BB
 266 0713 F4451371 		.ascii	"\364E\023q\370\270\265YMwz_z{\330j\337\256\241\242\226"
 266      F8B8B559 
 266      4D777A5F 
 266      7A7BD86A 
 266      DFAEA1A2 
 267 0728 8A2F4ADE 		.ascii	"\212/J\336\252\336\177<\035\342\305\343\351 \343\276"
 267      AADE7F3C 
 267      1DE2C5E3 
 267      E920E3BE 
 268 0738 9A7AF18E 		.ascii	"\232z\361\216\326y\012#\352\347\001\230;\227'p+\357"
 268      D6790A23 
 268      EAE70198 
 268      3B972770 
 268      2BEF
 269 074a 2F29D19B 		.ascii	"/)\321\233\362\343\352\012^\211\316\371\020z =\323\216"
 269      F2E3EA0A 
 269      5E89CEF9 
 269      107A203D 
 269      D38E
 270 075c 713FCBCB 		.ascii	"q?\313\313\241\272\226\001_<\304\204\324\36275\352\271"
 270      A1BA9601 
 270      5F3CC484 
 270      D4F23735 
 270      EAB9
 271 076e 87850EAB 		.ascii	"\207\205\016\253\275\250\241\031%\244\331\200\217\334"
 271      BDA8A119 
 271      25A4D980 
 271      8FDC
 272 077c F1D161DE 		.ascii	"\361\321a\336\037\035\201\034\301\257\012\005q\036\011"
 272      1F1D811C 
 272      C1AF0A05 
 272      711E09
 273 078b 3C3A8A78 		.ascii	"<:\212x\016\345\363s\311/\234W55\036xR<\345\263\017"
 273      0EE5F373 
 273      C92F9C57 
 273      35351E78 
 273      523CE5B3 
 274 07a0 25F94929 		.ascii	"%\371I)?1-\345\344.]\240Hy\201\224\362\2434\345=\327"
 274      3F312DE5 
 274      E42E5DA0 
 274      48798194 
 274      F2A334E5 
ARM GAS  /tmp/cceXTZwH.s 			page 21


 275 07b6 8B8B7538 		.ascii	"\213\213u8EEi\236%\027\324\363\224\306\372\244\200\375"
 275      4545699E 
 275      2517D4F3 
 275      94C6FAA4 
 275      80FD
 276 07c8 E8681482 		.ascii	"\350h\024\202h\325\024*"
 276      68D5142A 
 277 07d0 280A258A 		.ascii	"(\012%\212\"J!\235\273:z\356\242\301\264\242\012v\007"
 277      224A219D 
 277      BB3A7AEE 
 277      A2C1B4A2 
 277      0A7607
 278 07e3 F421E2AE 		.ascii	"\364!\342\2567\243m\354\002\242!\342\233\311\226\004"
 278      37A36DEC 
 278      02A221E2 
 278      9BC99604 
 279 07f3 CFF727A7 		.ascii	"\317\367'\247TJN\011KNkbq\273\257kr\216AT\212iT\312"
 279      544A4E09 
 279      4B4E6B62 
 279      71BBAF6B 
 279      728E4154 
 280 080b 68B84BA5 		.ascii	"h\270K\245pO\015;.\371\271&\347\275\350\016[\317\230"
 280      704F0D3B 
 280      2EF9B926 
 280      E7BDE80E 
 280      5BCF98
 281 081e 0F3EC05C 		.ascii	"\017>\300\\\337\232\273\255\331K\314\307\251\026e>\312"
 281      DF9ABBAD 
 281      D94BCCC7 
 281      A916653E 
 281      CA
 282 082f C57CC06F 		.ascii	"\305|\300o,\005W\2053\037\2254\037\255\326\361\036?"
 282      2C055785 
 282      331F9534 
 282      1FADD6F1 
 282      1E3F
 283 0841 5CCCD80A 		.ascii	"\\\314\330\012\372\222\013=\244|4\256\336\253\310\007"
 283      FA920B3D 
 283      A47C34AE 
 283      DEABC807 
 284 0851 F94955A5 		.ascii	"\371IU\245\010f\225\024\314\3434\230\347\222\222\226"
 284      08669514 
 284      CCE33498 
 284      E7929296 
 285 0861 E17AC692 		.ascii	"\341z\306\222dM\311\302\242M\257\335\332ta\232M'\234"
 285      644DC9C2 
 285      A24DAFDD 
 285      DA74619A 
 285      4D279C
 286 0874 369DE4E7 		.ascii	"6\235\344\347r\236&\363\352\270\030\263\347\312\257"
 286      729E26F3 
 286      EAB818B3 
 286      E7CAAF
 287 0883 FF1A18C6 		.ascii	"\377\032\030\306\315^\260@\017\177\033M\372\350\210"
 287      CD5EB040 
 287      0F7F1B4D 
 287      FAE888
ARM GAS  /tmp/cceXTZwH.s 			page 22


 288 0892 58BD293E 		.ascii	"X\275)>Ro2/\210\344\274M?\232\3141\033\242\214f\365"
 288      526F322F 
 288      88E4BC4D 
 288      3F9ACC31 
 288      1BA28C66 
 289 08a7 E69838F3 		.ascii	"\346\2308\363\242%F\263\306h\224\272\237\3517\233\342"
 289      A22546B3 
 289      C66894BA 
 289      9FE9379B 
 289      E2
 290 08b8 F5317191 		.ascii	"\3651q\221\261\233\327G\351\343\242\376\031\033\363"
 290      B19BD747 
 290      E9E3A2FE 
 290      191BF3
 291 08c7 37FD8688 		.ascii	"7\375\206\210\310\350\230\270(\275q}\324\017\021\233"
 291      C8E898B8 
 291      28BD717D 
 291      D40F119B 
 292 08d7 63CD46F3 		.ascii	"c\315F\363\217\233\242L\013\242\271`wh\340\327\033M"
 292      8F9BA24C 
 292      0BA2B960 
 292      7768E0D7 
 292      1B4D
 293 08e9 E6F5C008 		.ascii	"\346\365\300\010\220 \331\212x\263\214\214\214&F\210"
 293      9020D98A 
 293      78B38C8C 
 293      8C264688 
 294 08f9 245A9339 		.ascii	"$Z\2239\334\034\021o^\026\033\021\277\301\207\010\033"
 294      DC1C116F 
 294      5E161B11 
 294      BFC18708 
 294      1B
 295 090a 37D1BE06 		.ascii	"7\321\276\006\372Qf\251\2732JF\030cc\327\033c\300\323"
 295      FA5166A9 
 295      BB324A46 
 295      186363D7 
 295      1B63C0D3 
 296 091e F9D35CDC 		.ascii	"\371\323\\\334\2641\336l\322\207\257[\2638T\377\325"
 296      B431DE6C 
 296      D287AF5B 
 296      B33854FF 
 296      D5
 297 092f 57CBF5EB 		.ascii	"W\313\365\353V\257\371\307\"=\203\303<\240\270aq\250"
 297      56AFF9C7 
 297      223D83C3 
 297      3CA0B861 
 297      71A8
 298 0941 117C175D 		.ascii	"\021|\027]'\202\350:\351\3420\303\"h\241\252\3605a\006"
 298      2782E83A 
 298      E9E230C3 
 298      2268A1AA 
 298      F0356106 
 299 0955 D5F2D52B 		.ascii	"\325\362\325+\014|\270\001\257Xi\360\010\013[cXD\377"
 299      0C7CB801 
 299      AF5869F0 
 299      080B5B63 
 299      5844FF
ARM GAS  /tmp/cceXTZwH.s 			page 23


 300 0968 87AAC2C2 		.ascii	"\207\252\302\302V\030p\330\327\353\360\332\3600\274"
 300      561870D8 
 300      D7EBF0DA 
 300      F030BC
 301 0977 CC60C086 		.ascii	"\314`\300\2060\220A\341\317\313\327\031\360r\242\271"
 301      309041E1 
 301      CFCBD719 
 301      F072A2B9 
 302 0987 669981FF 		.ascii	"f\231\201\377\206i-\006\374\267\006\375G\231)\032\007"
 302      86692D06 
 302      FCB706FD 
 302      4799291A 
 302      07
 303 0998 96FA8B2E 		.ascii	"\226\372\213.\232HX\214\021\304kUdtD\274\332h\374as"
 303      9A48588C 
 303      11C46B55 
 303      647444BC 
 303      DA68FC61 
 304 09ad 5CA4D1E8 		.ascii	"\\\244\321\350+u\026,Y\362\371\0273e\370\306M\014=C"
 304      2B75162C 
 304      59F2F917 
 304      3365F8C6 
 304      4D0C3D43 
 305 09c1 FA1225AA 		.ascii	"\372\022%\252+\025\276\010\225\206\377\356vx\311\277"
 305      2B15BE08 
 305      9586FFEE 
 305      7678C9BF 
 306 09d1 01EBC0E2 		.ascii	"\001\353\300\342D"
 306      44
 307              		.text
 308              		.section	.gnu.lto_.symtab.4d1a7961e8b0099d,"",%progbits
 309 0000 7374496E 		.ascii	"stInit\000\000\000\000\000\000\000\000\000\000\000\000"
 309      69740000 
 309      00000000 
 309      00000000 
 309      0000
 310 0012 AC000000 		.ascii	"\254\000\000\000stStartAlarm\000\000\000\000\000\000"
 310      73745374 
 310      61727441 
 310      6C61726D 
 310      00000000 
 311 0028 00000000 		.ascii	"\000\000\000\000\000\000\275\000\000\000stStopAlarm"
 311      0000BD00 
 311      00007374 
 311      53746F70 
 311      416C6172 
 312 003d 00000000 		.ascii	"\000\000\000\000\000\000\000\000\000\000\000\000\277"
 312      00000000 
 312      00000000 
 312      BF
 313 004a 00000073 		.ascii	"\000\000\000stSetAlarm\000\000\000\000\000\000\000\000"
 313      74536574 
 313      416C6172 
 313      6D000000 
 313      00000000 
 314 005f 00000000 		.ascii	"\000\000\000\000\301\000\000\000stGetAlarm\000\000\000"
 314      C1000000 
ARM GAS  /tmp/cceXTZwH.s 			page 24


 314      73744765 
 314      74416C61 
 314      726D0000 
 315 0074 00000000 		.ascii	"\000\000\000\000\000\000\000\000\000\304\000\000\000"
 315      00000000 
 315      00C40000 
 315      00
 316 0081 73745F6C 		.ascii	"st_lld_init\000\000\002\000\000\000\000\000\000\000"
 316      6C645F69 
 316      6E697400 
 316      00020000 
 316      00000000 
 317 0096 0000C600 		.ascii	"\000\000\306\000\000\000"
 317      0000
 318              		.text
 319              		.section	.gnu.lto_.opts,"",%progbits
 320 0000 272D666E 		.ascii	"'-fno-trapv' '-mcpu=cortex-m3' '-mno-thumb-interwor"
 320      6F2D7472 
 320      61707627 
 320      20272D6D 
 320      6370753D 
 321 0033 6B272027 		.ascii	"k' '-mthumb' '-ggdb' '-O2' '-fomit-frame-pointer' '"
 321      2D6D7468 
 321      756D6227 
 321      20272D67 
 321      67646227 
 322 0066 2D66616C 		.ascii	"-falign-functions=16' '-ffunction-sections' '-fdata"
 322      69676E2D 
 322      66756E63 
 322      74696F6E 
 322      733D3136 
 323 0099 2D736563 		.ascii	"-sections' '-fno-common' '-flto'\000"
 323      74696F6E 
 323      73272027 
 323      2D666E6F 
 323      2D636F6D 
 324              		.text
 325              		.comm	__gnu_lto_v1,1,1
 326              		.comm	__gnu_lto_slim,1,1
 327              		.ident	"GCC: (15:4.9.3+svn231177-1) 4.9.3 20150529 (prerelease)"
ARM GAS  /tmp/cceXTZwH.s 			page 25


DEFINED SYMBOLS
                            *ABS*:0000000000000000 st.c
                            *COM*:0000000000000001 __gnu_lto_v1
                            *COM*:0000000000000001 __gnu_lto_slim

NO UNDEFINED SYMBOLS
