ARM GAS  /tmp/ccYa511J.s 			page 1


   1              		.syntax unified
   2              		.cpu cortex-m3
   3              		.fpu softvfp
   4              		.eabi_attribute 20, 1
   5              		.eabi_attribute 21, 1
   6              		.eabi_attribute 23, 3
   7              		.eabi_attribute 24, 1
   8              		.eabi_attribute 25, 1
   9              		.eabi_attribute 26, 1
  10              		.eabi_attribute 30, 2
  11              		.eabi_attribute 34, 1
  12              		.eabi_attribute 18, 4
  13              		.thumb
  14              		.file	"st_lld.c"
  15              		.text
  16              	.Ltext0:
  17              		.section	.gnu.lto_.profile.74f3307d7187e054,"",%progbits
  18 0000 789C6366 		.ascii	"x\234cf```a\200\000F\006K\031\000\001\002\000^"
  18      60606061 
  18      80004606 
  18      4B190001 
  18      02005E
  19              		.text
  20              		.section	.gnu.lto_.jmpfuncs.74f3307d7187e054,"",%progbits
  21 0000 789C6366 		.ascii	"x\234cf\300\016L\2414\023\230d\0042\230>21\356\370\364"
  21      C00E4CA1 
  21      34139864 
  21      0432983E 
  21      3231EEF8 
  22 0015 763ED70B 		.ascii	"v>\327\013\246\237L\0142\014\214\313\031\245\030@\202"
  22      A69F4C0C 
  22      320C8CCB 
  22      19A51840 
  22      82
  23 0026 3716BE99 		.ascii	"7\026\276\231\306\013\026\344``\\\001\024d\000\000g"
  23      C60B16E4 
  23      60605C01 
  23      14640000 
  23      67
  24 0037 480DE7   		.ascii	"H\015\347"
  25              		.text
  26              		.section	.gnu.lto_.inline.74f3307d7187e054,"",%progbits
  27 0000 789C6366 		.ascii	"x\234cf\300\016\254\2404\023\003\003\217(#\003\023\337"
  27      C00EACA0 
  27      34130303 
  27      8F282303 
  27      13DF
  28 0012 BD0006B6 		.ascii	"\275\000\006\266\005\362L 1F.8\301 \"\003\224\224yp"
  28      05F24C20 
  28      31462E38 
  28      C1202203 
  28      94947970 
  29 0026 8B112ECB 		.ascii	"\213\021.\313\314\003\326\305\000\000\257\256\005`"
  29      CC03D6C5 
  29      0000AFAE 
  29      0560
  30              		.text
ARM GAS  /tmp/ccYa511J.s 			page 2


  31              		.section	.gnu.lto_.pureconst.74f3307d7187e054,"",%progbits
  32 0000 789C6366 		.ascii	"x\234cf```e\200\000&\006+F)\000\001Y\000`"
  32      60606065 
  32      80002606 
  32      2B462900 
  32      01590060 
  33              		.text
  34              		.section	.gnu.lto_VectorB0.74f3307d7187e054,"",%progbits
  35 0000 789C8D94 		.ascii	"x\234\215\224ml\223U\024\307\317\377\336\247/k\367a"
  35      6D6C9355 
  35      14C7CFFF 
  35      DEA72F6B 
  35      F761
  36 0012 F183C185 		.ascii	"\361\203\301\205lM\210\222%l\217\312\007?\022\2031!"
  36      6C4D8892 
  36      256C8FCA 
  36      073F1283 
  36      3121
  37 0024 A131617C 		.ascii	"\2411a|'\2634\031IGI\273-\360\201\360t\033\303\340K"
  37      27B33419 
  37      494749BB 
  37      2DF081F0 
  37      741BC3E0 
  38 0039 1645DCD0 		.ascii	"\026E\334\320\361\242\316\267\351\000Q\224\202Z\201"
  38      F1A2CEB7 
  38      E9005194 
  38      825A81
  39 0048 8D390683 		.ascii	"\2159\006\203\310K\330P\2472\243\021pc\350h\246\326"
  39      C84BD850 
  39      A732A311 
  39      7063E868 
  39      A6D6
  40 005a 736E6B5D 		.ascii	"snk];46\355s\373\334\3779\347\376\357\371\335\347\321"
  40      3B3436ED 
  40      73FBDCFF 
  40      39E7FEEF 
  40      F9DDE7D1 
  41 006e 34FFB394 		.ascii	"4\377\263\224\177\277XDc<\302EP\035g\211\022^\245t\262"
  41      7FBF5844 
  41      633CC245 
  41      501D6789 
  41      125EA574 
  42 0083 821C9F75 		.ascii	"\202\034\237u\311&\247T\303\312N[\200\374!\320\026\245"
  42      C926A754 
  42      C3CA4E5B 
  42      80FC21D0 
  42      16A5
  43 0095 2D6CC14F 		.ascii	"-l\301OjJ\241#\325\333\351_\334\3438\316\344\255Yk\353"
  43      6A4AA123 
  43      D5DBE95F 
  43      DCE338CE 
  43      E4AD596B 
  44 00aa 82B4229A 		.ascii	"\202\264\"\232V\331\372x\023\213\211c\246\332\376\270"
  44      56D9FA78 
  44      138B8963 
  44      A6DAFEB8 
  45 00ba EC77B771 		.ascii	"\354w\267qLYV\303[p\203\307\375\367\244\234L\346\265"
ARM GAS  /tmp/ccYa511J.s 			page 3


  45      4C5956C3 
  45      5B7083C7 
  45      FDF7A49C 
  45      4CE6B5
  46 00cd 3DBF672C 		.ascii	"=\277g,\237\246\264\202%\027\242k\034$kM(%\243\036\305"
  46      9FA6B482 
  46      2517A26B 
  46      1C246B4D 
  46      2825A31E 
  47 00e2 F1C30767 		.ascii	"\361\303\007gN\270$oFi.y\363\364\251v\327\217*\255\024"
  47      4EB8246F 
  47      46692E79 
  47      F3F4A976 
  47      D78F2AAD 
  48 00f7 57752C59 		.ascii	"Wu,Y\345\233k#\347\275f\212\344\266k\373\340\016\335"
  48      E59B6B23 
  48      E7BD668A 
  48      E4B66BFB 
  48      E00EDD
  49 010a 8D979156 		.ascii	"\215\227\221V\032o\243\034\357\240\334\010\257\336L"
  49      1A6FA31C 
  49      EFA0DC08 
  49      AFDE4C
  50 0119 2DACEE75 		.ascii	"-\254\356u\332X\260\320\213n\3342v\361.\252i\024\255"
  50      DA58B0D0 
  50      8B6EDC32 
  50      76F12EAA 
  50      6914AD
  51 012c 77DA8775 		.ascii	"w\332\207uv\035+\273\324\256\313\023\267\265\324\205"
  51      761D2BBB 
  51      D4AECB13 
  51      B7B5D485 
  52 013c 22BCC745 		.ascii	"\"\274\307E.\242\355Jky.\206\003\022o\034}\306c\002"
  52      2EA2ED4A 
  52      6B792E86 
  52      03126F1C 
  52      7DC66302 
  53 0150 B84A9FAC 		.ascii	"\270J\237\254Bb]S\262B\234ON\316|o\234\3171\225p\234"
  53      42625D53 
  53      B2429C4F 
  53      4ECE7C6F 
  53      9CCF3195 
  54 0166 54D57F1A 		.ascii	"T\325\177\032\333\377\217\261\003\250\236\273=\006\206"
  54      DBFF8FB1 
  54      03A89EBB 
  54      3D0686
  55 0175 839C7209 		.ascii	"\203\234r\011-e\2226\335\353\354\320\332\206\374?\322"
  55      2D659236 
  55      DDEBECD0 
  55      DA86FC3F 
  55      D2
  56 0186 77FB8C5F 		.ascii	"w\373\214_\202\\\001\271M>?\330\351\226[\267\351\320"
  56      825C01B9 
  56      4D3E3FD8 
  56      E9965BB7 
  56      E9D0
  57 0198 CF17F6F5 		.ascii	"\317\027\366\365\370\026\355s\234\226\311\033\007v\337"
ARM GAS  /tmp/ccYa511J.s 			page 4


  57      F816ED73 
  57      9C96C91B 
  57      0776DF
  58 01a7 DBE5EC6D 		.ascii	"\333\345\354m\351\340\376/\343\005=x\037\232\331\340"
  58      E9E0FE2F 
  58      E3053D78 
  58      1F9AD9E0 
  59 01b7 101BFA20 		.ascii	"\020\033\372 \267\007^\350C,\342\304o\237\375\365\020"
  59      B7075EE8 
  59      432CE2C4 
  59      6F9FFDF5 
  59      10
  60 01c8 A48E2740 		.ascii	"\244\216'@8\314\352\030Z\276K\267\377\320\351.\240;"
  60      38CCEA18 
  60      5ABE4BB7 
  60      FFD0E92E 
  60      A03B
  61 01da DEF36795 		.ascii	"\336\363g\225a;\255P\310}\274{\250\177\201&|$\232*\322"
  61      613BAD50 
  61      C87DBC7B 
  61      A87F8126 
  61      7C249A2A 
  62 01ef 763E3DE0 		.ascii	"v>=\340&|,\222.\222F{\226\021\216\210b\025*\251s\025"
  62      267C2C92 
  62      2E92467B 
  62      96118E88 
  62      62152AA9 
  63 0205 E28D9014 		.ascii	"\342\215\220\024\321U|\312p\024nv\177L\216\031(\005"
  63      D1557CCA 
  63      70146E76 
  63      7F4C8E19 
  63      2805
  64 0217 E9DFF53B 		.ascii	"\351\337\365;/\350\312\363\350v:\003i\345\225\214\027"
  64      2FE8CAF3 
  64      E8763A03 
  64      69E5958C 
  64      17
  65 0228 C766133E 		.ascii	"\307f\023>\213\233\214OPi\020\354\332\372RW)\317\340"
  65      8B9B8C4F 
  65      506910EC 
  65      DAFA5257 
  65      29CFE0
  66 023b 535866A3 		.ascii	"SXf\243\204\317 \214\207\266\355\375\315\252\274\220"
  66      84CF208C 
  66      87B6EDFD 
  66      CDAABC90 
  67 024b CB2E91D8 		.ascii	"\313.\221\330s\327\007\222%&;%\331\370\234O\357U\264"
  67      73D70792 
  67      25263B25 
  67      D9F89C4F 
  67      EF55B4
  68 025e 8EBF3234 		.ascii	"\216\27724|_\341.\372\363mq\3173z\334\030=\001\243\354"
  68      7C5FE12E 
  68      FAF36D71 
  68      CF337ADC 
  68      183D01A3 
  69 0273 FEF2B93E 		.ascii	"\376\362\271>\265y\326y\312\361\246\225o\232\251\210"
ARM GAS  /tmp/ccYa511J.s 			page 5


  69      B579D679 
  69      CAF1A695 
  69      6F9AA988 
  70 0283 8C93D8CC 		.ascii	"\214\223\330\314\317\205?O|.\307\216=\377\213c\277\341"
  70      CF853F4F 
  70      7C2EC78E 
  70      3DFF8B63 
  70      BFE1
  71 0295 983F431E 		.ascii	"\230?C\036\236\032\370w\216\023y\303\336b\216\333G\204"
  71      9E1AF877 
  71      8E1379C3 
  71      DE628EDB 
  71      4784
  72 02a7 E329D14A 		.ascii	"\343)\321J\346q\374\212\315\016\212\344+\3468\305\034"
  72      E671FC8A 
  72      CD0E8AE4 
  72      2BE638C5 
  72      1C
  73 02b8 BF10C55F 		.ascii	"\277\020\305_\304qg\245x#\014\335\235\343i\323\236\341"
  73      C47167A5 
  73      78230CDD 
  73      9DE369D3 
  73      9EE1
  74 02ca 391C5FBF 		.ascii	"9\034_\2771\236t\377\215h\300 :c\020\025\3638\313<\344"
  74      319E74FF 
  74      8D68C020 
  74      3A631015 
  74      F338CB3C 
  75 02df 39B4CC2B 		.ascii	"9\264\314+D\310\234\314@vu\267N\227r\302H\256\315_#"
  75      44C89CCC 
  75      407675B7 
  75      4E9772C2 
  75      48AECD5F 
  76 02f4 91CA3C61 		.ascii	"\221\312<a\"I\336E\220\002\\wIM\215\315\337h\334\256"
  76      2249DE45 
  76      90025C77 
  76      494D8DCD 
  76      DF68DCAE 
  77 0308 AF8BD81B 		.ascii	"\257\213\330\033\242\261\306\270]\273:\270\364a{\345"
  77      A2B1C6B8 
  77      5DBB3AB8 
  77      F4617BE5 
  78 0318 CAC7ECD5 		.ascii	"\312\307\354\325+\202\315\017\331\361\3065\221\310\332"
  78      2B82CD0F 
  78      D9F1C635 
  78      91C8DA
  79 0327 9A10B99A 		.ascii	"\232\020\271\232\353\"M\341\007\362)\261\306\\\306\243"
  79      EB224DE1 
  79      07F229B1 
  79      C65CC6A3 
  80 0337 AB82CB83 		.ascii	"\253\202\313\203\033\355P}(\032\013\257i~\244\241\246"
  80      1BED507D 
  80      281A0BAF 
  80      697EA4A1 
  80      A6
  81 0348 9EAAF261 		.ascii	"\236\252\362a\341\215\215\366\362`\355\212Z{\335\372"
  81      E18D8DF6 
ARM GAS  /tmp/ccYa511J.s 			page 6


  81      F260ED8A 
  81      5A7BDDFA 
  82 0358 50A4696D 		.ascii	"P\244im\3306a\241\206\307\233\326\2078ra\201\207h\234"
  82      D83661A1 
  82      86C79BD6 
  82      87387261 
  82      8187689C 
  83 036c 2F5C59C6 		.ascii	"/\\Y\306\002\221\347\362\371\365\361Mq\026\313\202\265"
  83      0291E7F2 
  83      F9F5F14D 
  83      7116CB82 
  83      B5
  84 037d AB024FD6 		.ascii	"\253\002O\326\305\303\033b\353\226\004\356\177\220T"
  84      C5C31B62 
  84      EB9604EE 
  84      7F9054
  85 038c 8C3C0DE1 		.ascii	"\214<\015\341\206hl\023\375\005e\337\0123"
  85      86686C13 
  85      FD0565DF 
  85      0A33
  86              		.text
  87              		.section	.gnu.lto_st_lld_init.74f3307d7187e054,"",%progbits
  88 0000 789C9D94 		.ascii	"x\234\235\224\313O\023Q\024\207\357\357N;\035\250\357"
  88      CB4F1351 
  88      1487EFEF 
  88      4E3B1DA8 
  88      EF
  89 0011 9536242E 		.ascii	"\2256$.\\\260\241\235\370\370\023\334\230\300\012\366"
  89      5CB0A19D 
  89      F8F813DC 
  89      98C00AF6 
  90 0021 C6E8C205 		.ascii	"\306\350\302\005\011F\210;\302T\213!\306\030\264\304"
  90      0946883B 
  90      C2548B21 
  90      C618B4C4 
  91 0031 E0A3221A 		.ascii	"\340\243\"\032\020D\036\242 \017\225\021\037T\236\022"
  91      10441EA2 
  91      200F9511 
  91      1F549E12 
  92 0041 8C108260 		.ascii	"\214\020\202`\"$\220\010\031\300@Fc\352=wJ\021\334@"
  92      22249008 
  92      19C04046 
  92      63EA3D77 
  92      4A11DC40 
  93 0055 9BF6DEF6 		.ascii	"\233\366\336\366\236\333\357;g\356\231Q\330\377/\237"
  93      9EDBEF3B 
  93      67EE9951 
  93      D8FF2F9F 
  94 0065 F864BB19 		.ascii	"\370d\273\031\013\210\031\012\003/\035d,\250q\200\276"
  94      0B88190A 
  94      032F1D64 
  94      2CA87180 
  94      BE
  95 0076 30B0228E 		.ascii	"0\260\"\216\"\314\361E\216R\263\256\334\233^e\030\206"
  95      22CCF145 
  95      8E52B3AE 
  95      DC9B5E65 
ARM GAS  /tmp/ccYa511J.s 			page 7


  95      1886
  96 0088 D51C3E50 		.ascii	"\325\034>P\274\337\346\214-s\007\203GHgb\317b\350\317"
  96      BCDFE68C 
  96      2D730783 
  96      47486762 
  96      CF62E8CF 
  97 009c A8570D89 		.ascii	"\250W\015\211={\234\030j\240B\314\215\373L#\026{x\367"
  97      3D7B9C18 
  97      6AA042CC 
  97      8DFB4C23 
  97      167B78F7 
  98 00b0 6AC4BD97 		.ascii	"j\304\275\2273\233\013\227\030\3344\250406-\266\223"
  98      339B0B97 
  98      18DC34A8 
  98      3430362D 
  98      B693
  99 00c2 7386739A 		.ascii	"s\206s\232\225qt\267.~>F\200UN\376\336hU{\312,\2679"
  99      957174B7 
  99      2E7E3E46 
  99      80554EFE 
  99      DE68557B 
 100 00da 37EE9718 		.ascii	"7\356\227\030.\322MM\017\015kr\211\321\317\213\325\225"
 100      2ED24D4D 
 100      0F0D6B72 
 100      89D1CF8B 
 100      D595
 101 00ec 1D5A0477 		.ascii	"\035Z\004w`s\005\265\360\3411|2\360\375\327\355\031"
 101      607305B5 
 101      F0E1317C 
 101      32F0FDD7 
 101      ED19
 102 00fe AFBFCE08 		.ascii	"\257\277\316\010\0055\233\273P\207\010\226d\346x\002"
 102      05359BBB 
 102      50870896 
 102      64E67802 
 103 010e 3F1BC7A5 		.ascii	"?\033\307\245\237\252\343Q\034UOd\266\331E\\\200\241"
 103      9FAAE351 
 103      1C554F64 
 103      B6D9455C 
 103      80A1
 104 0120 5E404432 		.ascii	"^@D27@[\266aiX\2674\302/\330Di\275\376\305\345\250\334"
 104      37405BB6 
 104      616958B7 
 104      34C22FD8 
 104      4469BDFE 
 105 0138 E21FAB35 		.ascii	"\342\037\2535sc2\177\267a\226\032\2736\224\344\226\314"
 105      7363327F 
 105      B761961A 
 105      BB3694E4 
 105      96CC
 106 014a 81F05004 		.ascii	"\201\360P\004\216LE\223\220=\215\313J\242+\363\332\272"
 106      8E4C4593 
 106      903D8DCB 
 106      4AA22BF3 
 106      DABA
 107 015c AC59CAE8 		.ascii	"\254Y\312\350J\343\331\306\222\342\252o\035\375\025"
 107      4AE3D9C6 
ARM GAS  /tmp/ccYa511J.s 			page 8


 107      92E2AA6F 
 107      1DFD15
 108 016b 920B7134 		.ascii	"\222\013q4x\276\251\246\255jZ\3265\255T\223J\024\313"
 108      78BEA9A6 
 108      AD6A5AD6 
 108      35AD5493 
 108      4A14CB
 109 017e 1A0D79E2 		.ascii	"\032\015y\342\240\205\276\236\313n\322xD\017l:$\217"
 109      A085BE9E 
 109      CB6ED278 
 109      440F6C3A 
 109      248F
 110 0190 24DEBA12 		.ascii	"$\336\272\022-S\204*h\030\346A\233kx!tmq\335\203\005"
 110      2D53842A 
 110      6818E641 
 110      9B6B7821 
 110      746D71DD 
 111 01a6 338D6C20 		.ascii	"3\215l Y\273\224\311.\352\200_D\315\256p5'\222+\266"
 111      59BB94C9 
 111      2EEA805F 
 111      44CDAE70 
 111      3527922B 
 112 01bb C2193A9D 		.ascii	"\302\031:\235\"\254\246\211\204~\353\360\227\022\256"
 112      22ACA689 
 112      847EEBF0 
 112      9712AE
 113 01ca 10FC9584 		.ascii	"\020\374\225\204\227\265t\225\357v\3401q#\274\216\303"
 113      97B57495 
 113      EF76E031 
 113      7123BC8E 
 113      C3
 114 01db AD64E05D 		.ascii	"\255d\340]\022\356\"\270)\341\211k \326\360f-\357\257"
 114      12EE22B8 
 114      29E1896B 
 114      20D6F066 
 114      2DEFAF
 115 01ee DB46A7A0 		.ascii	"\333F\247\240[\242EsP\344Sg\3552\364zq:f\006y\337\302"
 115      5BA24573 
 115      50E45367 
 115      ED32F47A 
 115      713A6606 
 116 0205 8F433ED9 		.ascii	"\217C>\331r\357\240'D\326\366E.\274\227\"\225X\037\004"
 116      72EFA027 
 116      44D6F645 
 116      2EBC9722 
 116      95581F04 
 117 0219 3691F464 		.ascii	"6\221\364d\022\254\036\311\362\020+\372\017\313J\206"
 117      12AC1EC9 
 117      F2102BFA 
 117      0FCB4A86 
 118 0229 F551B234 		.ascii	"\365Q\2624b\365\012V\375Z^SI\260\372$+\205X\375q\326"
 118      62F50A56 
 118      FD5A5E53 
 118      49B0FA24 
 118      2B8558FD 
 119 023f 048ACDF0 		.ascii	"\004\212\315\360\210\274/h\373\275\221k\015\274\360"
 119      88BC2F68 
ARM GAS  /tmp/ccYa511J.s 			page 9


 119      FBBD916B 
 119      0DBCF0
 120 024e B7516288 		.ascii	"\267Qb\210\376O]\246\326\307\000\012)\324\2664_\221"
 120      FE4F5DA6 
 120      D6C7000A 
 120      29D4B634 
 120      5F91
 121 0260 4A67EA4D 		.ascii	"Jg\352Mc\030\204O,\215U\376\270\271S.i\014C\360\331"
 121      6318844F 
 121      2C8D55FE 
 121      B8B9532E 
 121      690C43F0 
 122 0275 7C079B44 		.ascii	"|\007\233D\320\034\316\226<FO9\320\323M4uF \240\213"
 122      D01CCE96 
 122      3C464F39 
 122      D0D34D34 
 122      754620A0 
 123 028a 775EBE7E 		.ascii	"w^\276~\366T\256~.\357|A\276\236\235\223u\364\210\236"
 123      F654AE7E 
 123      2EEF7C41 
 123      BE9E9D93 
 123      75F4889E 
 124 029e 99795CCF 		.ascii	"\231y\\\3179\221u\341\260\236_p27\367L\3404\373\013"
 124      399175E1 
 124      B09E5F70 
 124      3237F74C 
 124      E034FB0B 
 125 02b2 DDAEE465 		.ascii	"\335\256\344e"
 126              		.text
 127              		.section	.gnu.lto_.symbol_nodes.74f3307d7187e054,"",%progbits
 128 0000 789C6366 		.ascii	"x\234cf``\310f\200\002\246+\214\365\014\014\023\316"
 128      6060C866 
 128      8002A62B 
 128      8CF50C0C 
 128      13CE
 129 0012 3130D4D7 		.ascii	"10\324\3273\314[\300\301\300t\225\261\236\021Y\200\361"
 129      33CC5BC0 
 129      C1C07495 
 129      B19E1159 
 129      80F1
 130 0024 1A633D13 		.ascii	"\032c=\023D\200\241\241\001\310\277\316X\317\214\314"
 130      4480A1A1 
 130      01C8BFCE 
 130      58CF8CCC 
 131 0034 BFC158CF 		.ascii	"\277\301X\317\202\304g\006\302'[M\230\031\230\030\216"
 131      82C46706 
 131      C2275B4D 
 131      98199818 
 131      8E
 132 0045 B4BD9167 		.ascii	"\264\275\221gfdax\322\376F\236\001\000h\353\035\314"
 132      66646178 
 132      D2FE469E 
 132      010068EB 
 132      1DCC
 133              		.text
 134              		.section	.gnu.lto_.refs.74f3307d7187e054,"",%progbits
 135 0000 789C6366 		.ascii	"x\234cf```d\200\002\000\000=\000\005"
ARM GAS  /tmp/ccYa511J.s 			page 10


 135      60606064 
 135      80020000 
 135      3D0005
 136              		.text
 137              		.section	.gnu.lto_.decls.74f3307d7187e054,"",%progbits
 138 0000 789CB557 		.ascii	"x\234\265WiPTW\026\356\373n\2635\233\003\231$C\245*"
 138      69505457 
 138      16EEFB6E 
 138      B3359B03 
 138      992443A5 
 139 0015 CAD43026 		.ascii	"\312\3240&el\321\037\231\177\2114.T\304X\015\231J\325"
 139      656CD11F 
 139      997F8934 
 139      2E54C458 
 139      0D994AD5 
 140 0029 FCE8106C 		.ascii	"\374\350\020l\0035,\031h\022\3753\365XT\304\205EDDA"
 140      03352C19 
 140      6812FD33 
 140      F55854C4 
 140      85454444 
 141 003e 84563611 		.ascii	"\204V6\021\020A@v\225MY\022Q4h\300%\262(\012\021\003"
 141      10414076 
 141      954D5912 
 141      513468C0 
 141      25B2280A 
 142 0054 B8D073EE 		.ascii	"\270\320s\356\275\357\275~\264Mjj\252\346\025\207\367"
 142      BDEFBD7E 
 142      B44D6A6A 
 142      AAE61587 
 142      F7
 143 0065 CEBDDFFD 		.ascii	"\316\275\337\375\356w\317\335Nc\205B\261\021)\024&x"
 143      EE77CFDD 
 143      4E638542 
 143      B1112914 
 143      2678
 144 0077 DADE5228 		.ascii	"\332\336R(\376\215\025\012\370Sl\001\203bE\271\202="
 144      FE8D150A 
 144      F8536C01 
 144      836245B9 
 144      823D
 145 0089 3660E7C0 		.ascii	"6`\347\300\252\301j\300\352\300\232\024o>\004\343$\264"
 145      AAC16AC0 
 145      EAC09A14 
 145      6F3E04E3 
 145      24B4
 146 009b 5F068681 		.ascii	"_\006\206\201\004\201]\204o\027\241\216p:B\331\022\260"
 146      04815D84 
 146      6F17A18E 
 146      703A42D9 
 146      12B0
 147 00ad 3F809D15 		.ascii	"?\200\235\025\372z\002\346,p\270C\301\037\301\336\001"
 147      FA7A02E6 
 147      2C70B843 
 147      C11FC1DE 
 147      01
 148 00be FB13D8FB 		.ascii	"\373\023\330\373`\313\020\353\367\317\360\376\013\330"
 148      60CB10EB 
ARM GAS  /tmp/ccYa511J.s 			page 11


 148      F7CFF0FE 
 148      0BD8
 149 00cc 5FC13E40 		.ascii	"_\301>@L\217\345S-p\211:|\001\247\021t\370\303\3733"
 149      4C8FE553 
 149      2D70893A 
 149      7C01A711 
 149      74F8C3FB 
 150 00e1 64D63608 		.ascii	"d\3266\010e\233\021\323\325\000\246\002\373\004\261"
 150      659B11D3 
 150      D500A602 
 150      FB04B1
 151 00f0 B8CCC3F7 		.ascii	"\270\314\303\367S\260)\260W`\317\301\236\201\275\004"
 151      53B029B0 
 151      5760CFC1 
 151      9E81BD04 
 152 0100 9B06E384 		.ascii	"\233\006\343\204\276\254\305b\212C\265g\246\273\035"
 152      BEACC562 
 152      8A43B567 
 152      A6BB1D
 153 010f 4739E4A2 		.ascii	"G9\344\242ZJ\334\272\264\216L[p\235TJ\34265\316\266"
 153      5A4ADCBA 
 153      B48E4C5B 
 153      709D544A 
 153      E23635CE 
 154 0124 A93087C8 		.ascii	"\2510\207\310w~\346\335~\325\212b\236\347\023\371\346"
 154      777EE6DD 
 154      7ED58A62 
 154      9EE713F9 
 154      E6
 155 0135 9BC84CB1 		.ascii	"\233\310L\261/q\270S\205\335((\366\324\205}v\320~\231"
 155      2F71B853 
 155      85DD2828 
 155      F6D4857D 
 155      76D07E99 
 156 0149 8A560D1D 		.ascii	"\212V\015\035\2353:P\227L\237+\024q\035\017\371|\027"
 156      9D333A50 
 156      974C9F2B 
 156      14711D0F 
 156      F97C17
 157 015c E4A53202 		.ascii	"\344\2452\002\321dCZ\333{<\257DeH\205J\020F\305h\005"
 157      D164435A 
 157      DB7B3CAF 
 157      44654885 
 157      4A1046C5 
 158 0172 0935694D 		.ascii	"\0115iM\236D\236\217\343S\342y\207\016\027\005*@\036"
 158      9E449E8F 
 158      E353E279 
 158      870E1705 
 158      2A401E
 159 0185 A8107928 		.ascii	"\250\020y(\320\031\344\005\010\212E\247\241\260\024"
 159      D019E405 
 159      088A45A7 
 159      A1B014
 160 0194 0A81F8F2 		.ascii	"\012\201\370\362\253\306\004\033\244\362\262\336\250"
 160      ABC6041B 
 160      A4F2B2DE 
 160      A8
ARM GAS  /tmp/ccYa511J.s 			page 12


 161 01a1 C24A232A 		.ascii	"\302J#*\341h|\332\333DB9H(2K\000EL\003\251\200\221\\"
 161      E1687CDA 
 161      DB444239 
 161      4828324B 
 161      00454C03 
 162 01b9 7879AF5F 		.ascii	"xy\257_\371\316!hA\270\227(\321\226\267%r\005:\213\336"
 162      F9CE2168 
 162      41B89728 
 162      D196B725 
 162      72053A8B 
 163 01ce 81FFFF50 		.ascii	"\201\377\377P\262\200L7\367\335\3008\202\006$\256\262"
 163      B2804C37 
 163      F7DDC038 
 163      820624AE 
 163      B2
 164 01df 65B7E3D2 		.ascii	"e\267\343\322\034>\267|\362\351\375\031\207#|n\034?"
 164      1C3EB77C 
 164      F2E9FD19 
 164      87237C6E 
 164      1C3F
 165 01f1 6F3221DA 		.ascii	"o2!\332\006UJ\035*\3107\353\360\034Z\012\015\257e\245"
 165      06554A1D 
 165      2AC837EB 
 165      F01C5A0A 
 165      0DAF65A5 
 166 0205 9D43D888 		.ascii	"\235C\330\210(\313\205\224\203w\235(\313\360\321N}s"
 166      28CB8594 
 166      83779D28 
 166      CBF0D14E 
 166      7D73
 167 0217 02FFCA64 		.ascii	"\002\377\312d\302\214\242JFQ%RTS\212\202Gu\305\016\270"
 167      C28CA24A 
 167      46512552 
 167      54538A82 
 167      4775C50E 
 168 022c 9C515CBA 		.ascii	"\234Q\\\272^\250\006\206a~r\357\310\214Oj|\212\221\037"
 168      5EA80686 
 168      617E72EF 
 168      C88C4F6A 
 168      7C8A911F 
 169 0240 3699DE67 		.ascii	"6\231\336g$\347e$\347E\222\032J\262\307\364\244F\205"
 169      24E76524 
 169      E745921A 
 169      4AB2C7F4 
 169      A44685
 170 0253 C71989B1 		.ascii	"\307\031\211\261e`\334\206\262\224\277\336}\206;\302"
 170      6560DC86 
 170      B294BFDE 
 170      7D863BC2 
 171 0263 9F908FA6 		.ascii	"\237\220\217\246V\306R+\262\324Q\226\304\322\362z\007"
 171      56C6522B 
 171      B2D45196 
 171      C4D2F27A 
 171      07
 172 0274 25C7C249 		.ascii	"%\307\302I\002\005eY}\247\217:Ie\027\020-,M~~\311i\321"
 172      02056559 
 172      7DA78F3A 
ARM GAS  /tmp/ccYa511J.s 			page 13


 172      49651710 
 172      2D2C4D7E 
 173 028c 3837D038 		.ascii	"87\3208\327#!\320g\373KrT8\213\255\317\376\246\330B"
 173      D72321D0 
 173      67FB4B72 
 173      54388BAD 
 173      CFFEA6D8 
 174 02a1 5BA66DB0 		.ascii	"[\246m\260\363\033\2314h\204\032e\322\032EiMTZ\333X"
 174      F31B9934 
 174      68841A65 
 174      D21A4569 
 174      4D545ADB 
 175 02b6 E30127BA 		.ascii	"\343\001'\272\003x[\302S\336T\262\307\201n\201\257\210"
 175      03785BC2 
 175      53DE54B2 
 175      C7816E81 
 175      AF88
 176 02c8 DB5ABB3B 		.ascii	"\333Z\273;[\211\373Y\037\023\255\306\355*X`\361\377"
 176      5B89FB59 
 176      1F13ADC6 
 176      ED2A5860 
 176      F1FF
 177 02da DD028316 		.ascii	"\335\002\203\026\011GL\3171\036f\315\263\346\312\212"
 177      09474CCF 
 177      311E66CD 
 177      B3E6CA8A 
 178 02ea 1CF103C1 		.ascii	"\034\361\003\3019\322>\250\304\243\3141\036\3128mC;"
 178      39D23EA8 
 178      C4A3CC31 
 178      1ECA386D 
 178      433B
 179 02fc B5A75BAA 		.ascii	"\265\247[\252\267?\331\001O\260\272S\3513{\\\361\257"
 179      B73FD901 
 179      4FB0BA53 
 179      E9337B5C 
 179      F1AF
 180 030e CCB9726F 		.ascii	"\314\271ro\366\231\023\005.!\356\334\313\376[\034~\316"
 180      F6991305 
 180      2E21EEDC 
 180      CBFE5B1C 
 180      7ECE
 181 0320 EABA6EDC 		.ascii	"\352\272n\334\315\263\301s\31492s\265\315\225\002\337"
 181      CDB3C173 
 181      CC393273 
 181      B5CD9502 
 181      DF
 182 0331 25EECCD1 		.ascii	"%\356\314\321\370xWlbu\271\005\257M.x'F\362\023\300"
 182      F878576C 
 182      6275B905 
 182      AF4D2E78 
 182      2746F213 
 183 0346 899D00C7 		.ascii	"\211\235\000\307Z\306\177p\306I\254\356\331\275\270"
 183      5AC67F70 
 183      C649ACEE 
 183      D9BDB8
 184 0355 79840F30 		.ascii	"y\204\0170\247\360^O\2323\005.'\356\361\3649\015NcU"
 184      A7F05E4F 
ARM GAS  /tmp/ccYa511J.s 			page 14


 184      9A33052E 
 184      27EEF1F4 
 184      390D4E63 
 185 036a 75537BA7 		.ascii	"uS{\247\355q\006s\206f\206Z\355(n\025q\017\325\037K"
 185      ED710673 
 185      8666865A 
 185      ED286E15 
 185      710FD51F 
 186 037f 7360F1A5 		.ascii	"s`\361\245\325\007\316\030\2371a\230\262\236\270}\025"
 186      D507CE18 
 186      9F316198 
 186      B29EB87D 
 186      15
 187 0390 9398F242 		.ascii	"\223\230\362BL\241B6\343\267\310>D\313=\320M\026\317"
 187      4CA14236 
 187      E3B7C83E 
 187      44CB3DD0 
 187      4D16CF
 188 03a3 EC477DC5 		.ascii	"\354G}\305\256n)\024\316\363K\015t\355\014\000\274\213"
 188      AE6E2914 
 188      CEF34B0D 
 188      74ED0C00 
 188      BC8B
 189 03b5 C27F426E 		.ascii	"\302\177Bnb#\202>|\275p\322N\216\276\370{\350\244\214"
 189      6223823E 
 189      7CBD70D2 
 189      4E8EBEF8 
 189      7BE8A48C 
 190 03c9 F43684B3 		.ascii	"\3646\204\263\330(\256\307>\274\301\341\034\346\234"
 190      D828AEC7 
 190      3EBCC1E1 
 190      1CE69C
 191 03d8 CD3F59CD 		.ascii	"\315?Y\315\326\304\247t\010\003?\\\267\303\371B\374"
 191      D6C4A774 
 191      08033F5C 
 191      B7C3F942 
 191      FC
 192 03e9 2A52E65C 		.ascii	"*R\346\\h\335F\342vV\355oV\341\002V\367\272\344\301"
 192      68DD46E2 
 192      7656ED6F 
 192      56E10256 
 192      F7BAE4C1 
 193 03fd 2C874F33 		.ascii	",\207O3g\244\3611\317Q\340\026\342\376<\261\177\310"
 193      67A4F131 
 193      CF51E016 
 193      E2FE3CB1 
 193      7FC8
 194 040f 1E972DEC 		.ascii	"\036\227-\354\300\205u\220\264\267\302d\267xP\036\212"
 194      C0857590 
 194      B4B7C264 
 194      B778501E 
 194      8A
 195 0420 41F980C6 		.ascii	"A\371\200\306$6\373\3440\026F\231+\306\344\027@\267"
 195      2436FBE4 
 195      30164699 
 195      2BC6E417 
 195      40B7
ARM GAS  /tmp/ccYa511J.s 			page 15


 196 0432 53F4081D 		.ascii	"S\364\010\035\345Cq\224S7\023z\035\345\350\213\277\207"
 196      E5437194 
 196      5337137A 
 196      1DE5E88B 
 196      BF87
 197 0444 EEFEAD30 		.ascii	"\356\376\2550\333\026W1\225\211\365\351\247X\030\276"
 197      DB165731 
 197      9589F5E9 
 197      A75818BE 
 198 0454 04F7EDC1 		.ascii	"\004\367\355\301\336\335e\316\310\223=\356\236\262\307"
 198      DEDD65CE 
 198      C8933DEE 
 198      9EB2C7
 199 0463 CB33974F 		.ascii	"\3133\227O\210\237|1Q\367\331\301x\336\370.\355\343"
 199      889F7C31 
 199      51F7D9C1 
 199      78DEF82E 
 199      EDE3
 200 0475 1EECC15F 		.ascii	"\036\354\301_\221\273y\313\334\247\035~\010\377\024"
 200      91BB79CB 
 200      DCA71D7E 
 200      08FF14
 201 0484 049E3B5E 		.ascii	"\004\236;^j\333\261\212B\357ZB\207)\264\000I\330\237"
 201      6ADBB18A 
 201      42EF5A42 
 201      8729B400 
 201      49D89F
 202 0497 246CAF25 		.ascii	"$l\257%\266\317\202\266G\202vZB\273,\240w$h\277%\364"
 202      B6CF82B6 
 202      4782765A 
 202      42BB2CA0 
 202      772468BF 
 203 04ad 9AA5825B 		.ascii	"\232\245\202[\022\266\307\022\333m\211\275)a\257Z\307"
 203      12B6C712 
 203      DB6D89BD 
 203      2961AF5A 
 203      C7
 204 04be 5209A9C2 		.ascii	"R\011\251\302:\375\324\240@\315P\337B\253\010\032N\025"
 204      3AFDD4A0 
 204      40CD50DF 
 204      42AB081A 
 204      4E15
 205 04d0 64820366 		.ascii	"d\202\003f\032y\242g`/\300\236\203=\001{\0116\0056\011"
 205      1A79A267 
 205      602FC09E 
 205      833D017B 
 205      09360536 
 206 04e5 36013603 		.ascii	"6\0016\0036\017\366\024l\026\354\025\330k\260\337\300"
 206      360FF614 
 206      6C16EC15 
 206      D86BB0DF 
 206      C0
 207 04f6 1E833D02 		.ascii	"\036\203=\002\3439O4\207<\3511H\005^\221\004^\266\024"
 207      E3394F34 
 207      873CE931 
 207      48055E91 
 207      045EB614 
ARM GAS  /tmp/ccYa511J.s 			page 16


 208 050a B8DC622C 		.ascii	"\270\334b,]\022\364\222U\2509\232\335\022\262\303\022"
 208      5D12F492 
 208      55A8399A 
 208      DD12B2C3 
 208      12
 209 051b D96E19A1 		.ascii	"\331n\031\2411\011;d}\356\315\264\203\022\364\007\353"
 209      31093B64 
 209      7DEECDB4 
 209      8312F407 
 209      EB
 210 052c 532FA3FD 		.ascii	"S/\243\375Y\302^\267\304\336X@\033\233;\361\021 G\221"
 210      59C25EB7 
 210      C4DE5840 
 210      1B9B3BF1 
 210      11204791 
 211 0540 1B1A1390 		.ascii	"\033\032\023\220\342\236@\343\026\002\256J\244m\326"
 211      E29E40E3 
 211      1602AE4A 
 211      A46DD6
 212 054f C76586F6 		.ascii	"\307e\206\366J\320+\326\327\236\24456w\210\010\030\004"
 212      4AD02BD6 
 212      D79EA435 
 212      36778808 
 212      1804
 213 0561 01B705A8 		.ascii	"\001\267\005\250xP\011Re\303\032\225h\357X\322\376l"
 213      78500952 
 213      65C31A95 
 213      68EF58D2 
 213      FE6C
 214 0573 89BD2D61 		.ascii	"\211\275-a\177\264\276\246\251Z\222\013\015w\226\332"
 214      7FB4BEA6 
 214      A95A920B 
 214      0D7796DA 
 215 0583 F2884014 		.ascii	"\362\210@\024\342e\251\220\226\310\360\343\322\036'"
 215      E265A990 
 215      96C8F0E3 
 215      D21E27
 216 0592 5E607A60 		.ascii	"^`z`}+\263^!\027k\237\254\235\307\310\335\313\332\212"
 216      7D2BB35E 
 216      21176B9F 
 216      AC9DC7C8 
 216      DDCBDA8A 
 217 05a6 46719CD7 		.ascii	"Fq\234\327\377}Q\323\341<\011\267G\261\234;j5\247ud"
 217      FF7D51D3 
 217      E13C09B7 
 217      47B19C3B 
 217      6A35A775 
 218 05bb 6C62DEDA 		.ascii	"lb\336\332p\274m\312\316)\311\234.R\260\371\224\215"
 218      70BC6DCA 
 218      CE29C99C 
 218      2E52B0F9 
 218      948D
 219 05cd E79C689A 		.ascii	"\347\234h\232\000o@w\224d\177\205\307\3519\250\274\177"
 219      006F4077 
 219      94647F85 
 219      C7E939A8 
 219      BC7F
ARM GAS  /tmp/ccYa511J.s 			page 17


 220 05df ACBCDA15 		.ascii	"\254\274\332\025yyx\320,6\221\377\024%r*\224\300aYn"
 220      797978D0 
 220      2C3691FF 
 220      1425722A 
 220      94C06159 
 221 05f4 9D09E5B3 		.ascii	"\235\011\345\263\237\220\012\370\264\247o\232\231N\246"
 221      9F900AF8 
 221      B4A76F9A 
 221      994EA6
 222 0603 F1F85D05 		.ascii	"\361\370]\005ZA\017o\264\023bA\252\024h7\347\201vq\036"
 222      5A410F6F 
 222      B4136241 
 222      AA146837 
 222      E7817671 
 223 0618 F23BDE85 		.ascii	"\362;\336\205\335\361Y\003\277Lcz\352r\304\315\031\315"
 223      DDF15903 
 223      BF4C637A 
 223      EA72C4CD 
 223      19CD
 224 062a C872309F 		.ascii	"\310r0\237\337\210\366\275\007Z'qD\365^\316|~\023\207"
 224      DF88F6BD 
 224      075A2771 
 224      44F55ECE 
 224      7C7E1387 
 225 063e DC0FCDA5 		.ascii	"\334\017\315\245\327\354(\337\337h*\220?\374\010Q>;"
 225      D7EC28DF 
 225      DF682A90 
 225      3FFC0851 
 225      3E3B
 226 0650 E2A6EDAC 		.ascii	"\342\246\355\254\251a\367\027M\177\214\306\311\014\347"
 226      A961F717 
 226      4D7F8CC6 
 226      C90CE7
 227 065f C5AF9E64 		.ascii	"\305\257\236dN\270z\0160\255\023\361\217Jm\3157,S\263"
 227      4EB87A0E 
 227      30AD13F1 
 227      8F4A6DCD 
 227      372C53B3 
 228 0673 0FD4ECA7 		.ascii	"\017\324\354\247jR\250\032\332\210:\344\336\313lNR."
 228      6A52A81A 
 228      DA883AE4 
 228      DECB6C4E 
 228      522E
 229 0685 083BC91D 		.ascii	"\010;\311\035\315=\244\012aO\245ao\314\351\230W\341"
 229      CD3DA40A 
 229      614FA561 
 229      6FCCE998 
 229      57E1
 230 0697 A7ECFEA9 		.ascii	"\247\354\376\251y4\032\347\000)^s\371dR\205\321\267"
 230      79341AE7 
 230      00295E73 
 230      F9645285 
 230      D1B7
 231 06a9 E5E42EBE 		.ascii	"\345\344.\276\203o\206$\357x\363\022\312\222\306\231"
 231      836F8624 
 231      EF78F312 
 231      CA92C699 
ARM GAS  /tmp/ccYa511J.s 			page 18


 232 06b9 D3BC3461 		.ascii	"\323\2744a:\320A\216\244y'GK\236b|\\I\211~\275vs\326"
 232      3AD0418E 
 232      A4792747 
 232      4B9E627C 
 232      5C49897E 
 233 06d1 9E1295BF 		.ascii	"\236\022\225\277n\317\303RV\356CY\322e,\351\"\313!\312"
 233      6ECFC352 
 233      56EE4359 
 233      D2652CE9 
 233      22CB21CA 
 234 06e5 72B7FF7A 		.ascii	"r\267\377z\237\012\2273\026cq\361\035\025c\201\234\332"
 234      9F0A9733 
 234      166371F1 
 234      1D156381 
 234      9CDA
 235 06f7 922543C6 		.ascii	"\222%C\306\222!\262\034\246,\017\372\247x\025\276\310"
 235      9221B21C 
 235      A62C0FFA 
 235      A77815BE 
 235      C8
 236 0708 584E4DD4 		.ascii	"XNM\324\217\262A\345f\226\331\322\3614\361\313(E\246"
 236      8FB241E5 
 236      6696D9D2 
 236      F134F1CB 
 236      2845A6
 237 071b 8C2253A4 		.ascii	"\214\"S\2448\302-\226P\017V\316?q]4w>\312\221\3349\213"
 237      38C22D96 
 237      500F56CE 
 237      3F715D34 
 237      773ECA91 
 238 0732 1372E7F9 		.ascii	"\023r\347\371\341d\336\001w3\015'\306n%\253\360 s&\332"
 238      E164DE01 
 238      77330D27 
 238      C66E25AB 
 238      F0207326 
 239 0747 E72B6D80 		.ascii	"\347+m\200\032e\323.\241$\376`\3634bq\277UY\270>\265"
 239      1A65D32E 
 239      A124FE60 
 239      F3346271 
 239      BF5559B8 
 240 075d CC1CF714 		.ascii	"\314\034\367\024%!F\307D\245(\007: .\023{\234\2125\345"
 240      252146C7 
 240      44A52807 
 240      3A202E13 
 240      7B9C8A35 
 241 0772 3D9C46F8 		.ascii	"=\234F\370\240\015\245o*\351\330o+Nb\375\2467'1W6\352"
 241      A00DA56F 
 241      2AE9D86F 
 241      2B4E62FD 
 241      A6372731 
 242 0789 5C91E804 		.ascii	"\\\221\350\004%z\321\336\262\227\303\005\214h*\357h"
 242      257AD1DE 
 242      B297C305 
 242      8C682AEF 
 242      68
 243 079a 999205EE 		.ascii	"\231\222\005\356X\305V\366\243(>\221c\277E\362d$y\""
 243      58C556F6 
ARM GAS  /tmp/ccYa511J.s 			page 19


 243      A3283E91 
 243      63BF45F2 
 243      64247922 
 244 07ae 493E2569 		.ascii	"I>%i\315\0378l\207\353\005\222_\312\372\234\305\225"
 244      CD1F386C 
 244      87EB0592 
 244      5FCAFA9C 
 244      C595
 245 07c0 50623987 		.ascii	"Pb9\207F\031\213Qd9IY\016\367v\272"
 245      46198B51 
 245      64394959 
 245      0EF776BA 
 246 07d0 E15E4692 		.ascii	"\341^F\222{\373\307\317\204u\320>o\311qJ\306qJ\344("
 246      7BFBC7CF 
 246      8475D03E 
 246      6FC9714A 
 246      C6714AE4 
 247 07e5 A01C397D 		.ascii	"\240\0349}w\306\224\370\001#\231\217\357\033\262a\303"
 247      77C694F8 
 247      0123998F 
 247      EF1BB261 
 247      C3
 248 07f6 E9B05807 		.ascii	"\351\260X\007\2052\212B\221\242\210Ed\347\265]\034\335"
 248      85328A42 
 248      91A28845 
 248      64E7B55D 
 248      1CDD
 249 0808 DBCDF474 		.ascii	"\333\315\364t\310\352\031\330c\203'\031e\\\337\343\373"
 249      C8EA19D8 
 249      63832719 
 249      655CDFE3 
 249      FB
 250 0819 AEF81573 		.ascii	"\256\370\025s\370\344\221\004\214M\314\331\223\026?"
 250      F8E49104 
 250      8C4DCCD9 
 250      93163F
 251 0828 628F136C 		.ascii	"b\217\023l\251s\2550%\321\036'2g\256g\244\012\343T\346"
 251      A973AD30 
 251      25D11E27 
 251      3267AE67 
 251      A40AE354 
 252 083d 54258F1C 		.ascii	"T%\217\034W\342,\346\\\036\3305f\213O0\347V\301\356"
 252      57E22CE6 
 252      5C1ED835 
 252      668B4F30 
 252      E756C1EE 
 253 0851 83F6B888 		.ascii	"\203\366\270\2109\251'\323wq\270\2029Mm=y\016\270\232"
 253      39A927D3 
 253      7771B882 
 253      394D6D3D 
 253      790EB89A 
 254 0865 3A4EC9A9 		.ascii	":N\311\251\323\271\010\271\313\022C\371\225P\014\347"
 254      D3B908B9 
 254      CB1243F9 
 254      95500CE7 
 255 0875 04BB83AA 		.ascii	"\004\273\203\2529v\0374\303yx\036\316\361\032\260F\260"
 255      39761F34 
ARM GAS  /tmp/ccYa511J.s 			page 20


 255      C379781E 
 255      CEF11AB0 
 255      46B0
 256 0887 0B60F560 		.ascii	"\013`\365`\265`-`M`\015`u\2349y\231|Q{\372\343\242\263"
 256      B5602D60 
 256      4D600D60 
 256      759C3979 
 256      997C517B 
 257 089f 7C7302A6 		.ascii	"|s\002\246\227\323i\210V5\267xZ\362X\272\020K\255\""
 257      97D36988 
 257      5635B778 
 257      5AF258BA 
 257      104BAD22 
 258 08b3 6577E7AC 		.ascii	"ew\347\254\004\255\260\204vY\336\263\257$l\225%\366"
 258      04ADB084 
 258      7659DEB3 
 258      AF246C95 
 258      25F6
 259 08c5 8DB4E489 		.ascii	"\215\264\344\211\204-\263\304\276\221\031=\225\260\345"
 259      842DB3C4 
 259      BE91193D 
 259      95B0E5
 260 08d4 D6359847 		.ascii	"\3265\230G\366R\202\236\263.\301\014\235\220\240g\254"
 260      F652829E 
 260      B32EC10C 
 260      9D90A067 
 260      AC
 261 08e5 2B30435F 		.ascii	"+0C_H\320JK\250<\321\245W\356\030\315 \000c-\203\230"
 261      48D04A4B 
 261      A83CD1A5 
 261      57EE18CD 
 261      2000632D 
 262 08fb 2BED9232 		.ascii	"+\355\2222\210\263\326\251>\024\022\210{=\347M.\310"
 262      88B3D6A9 
 262      3E141288 
 262      7B3DE74D 
 262      2EC8
 263 090d CB9D929A 		.ascii	"\313\235\222\232\340\036\277\010\330\022i\033\320\036"
 263      E01EBF08 
 263      D812691B 
 263      D01E
 264 091b E8636D39 		.ascii	"\350cm9\241VXE\377\353\212\"\277zO<|a\277\340\206\272"
 264      A1565845 
 264      FFEB8A22 
 264      BF7A4F3C 
 264      7C61BFE0 
 265 0931 B82031B8 		.ascii	"\270 1\270$\334P\227\350\015u\270\370\305\230\015\036"
 265      24DC5097 
 265      E80D75B8 
 265      F8C5980D 
 265      1E
 266 0942 638BBFBD 		.ascii	"c\213\277\275\364\362O\316x\226:\312\222\206}\255\016"
 266      F4F24FCE 
 266      78963ACA 
 266      92867DAD 
 266      0E
 267 0953 B0F8C545 		.ascii	"\260\370\305E\237KU\232\177j\265\013\022;Ab\027H\350"
ARM GAS  /tmp/ccYa511J.s 			page 21


 267      9F4B559A 
 267      7F6AB50B 
 267      123B4162 
 267      1748E8
 268 0966 902DEAE1 		.ascii	"\220-\352\341\356\"s\260\310\212n_d\235\322\010u\025"
 268      EE2273B0 
 268      C88A6E5F 
 268      649DD208 
 268      7515
 269 0978 91B0B75B 		.ascii	"\221\260\267[\017\373U\031S\233U&1\352\375\007\306\333"
 269      0FFB5519 
 269      539B5526 
 269      31EAFD07 
 269      C6DB
 270 098a 1DA5B46D 		.ascii	"\035\245\264m\241\\t\025T.\246\230\212\350\361\263G"
 270      A15C7415 
 270      542EA698 
 270      8AE8F1B3 
 270      47
 271 099b 570070D9 		.ascii	"W\000p\331<M\355\2349\335:\337\264\277\322qAT\257,\210"
 271      3C4DED9C 
 271      39DD3ADF 
 271      B4BFD271 
 271      4154AF2C 
 272 09b0 6AB710D5 		.ascii	"j\267\020\325n\032\325}\307\006\262\235\026\240\033"
 272      6E1AD57D 
 272      C706B29D 
 272      16A01B
 273 09bf 1664093D 		.ascii	"\026d\011=\002\232\274\355cB#\014kV\353\014\266\033"
 273      029ABCED 
 273      6342230C 
 273      6B56EB0C 
 273      B61B
 274 09d1 367FB154 		.ascii	"6\177\261T\243P\351tb\311G\352\230\350(uhDpX\314V\275"
 274      A350E974 
 274      62C947EA 
 274      98E82875 
 274      68447058 
 275 09e8 3A42FF7D 		.ascii	":B\377}X\350\327\352\360\240\340\220\320\010\275Z\267"
 275      58E8D7EA 
 275      F0A0E090 
 275      D008BD5A 
 275      B7
 276 09f9 55BF2D28 		.ascii	"U\277-(&\314\2403\354\370V\037\2752D\341i\015\035\275"
 276      26CCA033 
 276      ECF8561F 
 276      BD3244E1 
 276      690D1DBD 
 277 0a0d 235AAD8B 		.ascii	"#Z\255\2136l\005F\200\330\377]\037l\210\214\362Y\265"
 277      366C0546 
 277      80D8FF5D 
 277      1F6C888C 
 277      F259B5
 278 0a20 62E54A35 		.ascii	"b\345J5\374EF\253C\202\302\324\337FF\031\242\325\001"
 278      FC4546AB 
 278      4382C2D4 
 278      DF464619 
ARM GAS  /tmp/ccYa511J.s 			page 22


 278      A2D501
 279 0a33 81FE6B56 		.ascii	"\201\376kV\2537m\362U\007\372\371\177\347\255\2166\350"
 279      AB376DF2 
 279      5507FAF9 
 279      7FE7AD8E 
 279      36E8
 280 0a45 C2C2B6AE 		.ascii	"\302\302\266\256\014V8\262/]hD\250\301MG\300\272\320"
 280      0C5638B2 
 280      2F5D6844 
 280      A8C14D47 
 280      C0BAD0
 281 0a58 A87FE9F4 		.ascii	"\250\177\351\364\337\206\206E~\023\243\367\222\270\242"
 281      DF868645 
 281      7E13A3F7 
 281      92B8A2
 282 0a67 0C02D55A 		.ascii	"\014\002\325Z\255\277\306\177\273:8$82J\257\373\356"
 282      ADBFC67F 
 282      BB3A3824 
 282      38324AAF 
 282      FBEE
 283 0a79 E370E8DB 		.ascii	"\343p\350\333-8$`Gt`h\270>jcP\304\3260}\224\337{\362"
 283      2D382460 
 283      47746068 
 283      B83E6A63 
 283      50C4D630 
 284 0a92 96A2F0E0 		.ascii	"\226\242\360\340\020\320\014\370%\021\337\205\006\257"
 284      10D00CF8 
 284      2511DF85 
 284      06AF
 285 0aa0 8B08FA3A 		.ascii	"\213\010\372:L\317T/\267\242982<<2B\354\217\264\200"
 285      4CCF542F 
 285      B7A23938 
 285      323C3C32 
 285      42EC8FB4 
 286 0ab5 96A0379C 		.ascii	"\226\2407\234\204/4\\g\300\032\2557\330je\200\277F\253"
 286      842F345C 
 286      67C01AAD 
 286      37D86A65 
 286      80BF46AB 
 287 0ac9 F4F55BA7 		.ascii	"\364\365[\247\345\002\264x\335\006\255\215F\343\257"
 287      E502B478 
 287      DD06AD8D 
 287      46E3AF
 288 0ad8 F5A6FF57 		.ascii	"\365\246\377W+5\232uZ\254\331\034\210\267\004h\360Z"
 288      2B359A75 
 288      5AACD91C 
 288      88B70468 
 288      F05A
 289 0aea AD166B35 		.ascii	"\255\026k5\340C\003\037\337@-\366%-\375\327j\271\317"
 289      E043031F 
 289      DF402DF6 
 289      252DFDD7 
 289      6AB9CF
 290 0afd 59AB3580 		.ascii	"Y\2535\200\377R\253\376\257B(\010\001U\312\340\220\240"
 290      FF52ABFE 
 290      AF422808 
 290      0155CAE0 
ARM GAS  /tmp/ccYa511J.s 			page 23


 290      90A0
 291 0b0f 28B7C8E8 		.ascii	"(\267\310\350\2400\010\303\246\310\340\177\256\217\212"
 291      A03008C3 
 291      A6C8E07F 
 291      AE8F8A
 292 0b1e 0CF70BD0 		.ascii	"\014\367\013\320\276\267\200\207\324\223h\2207\011\002"
 292      BEB78087 
 292      D4936890 
 292      370902
 293 0b2d 0D9A0CED 		.ascii	"\015\232\014\355F\303\037\006\005\272mP\242\013\215"
 293      46C31F06 
 293      05BA6D50 
 293      A20B8D
 294 0b3c 8E72908A 		.ascii	"\216r\220\212\234u\272h\275A\347\2636`\335\026\255\237"
 294      9C75BA68 
 294      BD41E7B3 
 294      3660DD16 
 294      AD9F
 295 0b4e 7350D8F7 		.ascii	"sP\330\367A;\242a\332\302`\275| u\243\337nPk\374\003"
 295      413BA261 
 295      DAC260BD 
 295      7C2075A3 
 295      DF6E506B 
 296 0b64 FC02CC21 		.ascii	"\374\002\314!'\263\024\034\276>&\202\204\317\235\364"
 296      27B3141C 
 296      BE3E2682 
 296      84CF9DF4 
 297 0b74 FDF9C299 		.ascii	"\375\371\302\231zK\320\375ED\230L\013\025\267\240\350"
 297      7A4BD0FD 
 297      4544984C 
 297      0B15B7A0 
 297      E8
 298 0b85 2DAA2526 		.ascii	"-\252%&b\201@GY\241\243V\243\321\005\302\212\365\325"
 298      62814047 
 298      59A1A356 
 298      A3D105C2 
 298      8AF5D5
 299 0b98 6FE320AE 		.ascii	"o\343 \256\232\365\033 \322~Z\373\265[|Vk\003\002\351"
 299      9AF51B20 
 299      D27E5AFB 
 299      B55B7C56 
 299      6B0302E9 
 300 0bac 8737F9B0 		.ascii	"\2077\371\260]\273\321g\335f\255\035\251\020\336\336"
 300      5DBBD167 
 300      DD66AD1D 
 300      A910DEDE 
 301 0bbc F0862921 		.ascii	"\360\206)!s\023\240]ie@\001\201l\012\326{o\337\316\202"
 301      7313A05D 
 301      69654001 
 301      816C0AD6 
 301      7B6FDFCE 
 302 0bd1 BFCD7BD5 		.ascii	"\277\315{\325\232\355_\303\250\\|}6\370k\276\020\373"
 302      9AED5FC3 
 302      A85C7C7D 
 302      36F86BBE 
 302      10FB
 303 0be3 B6F5F3D5 		.ascii	"\266\365\363\325|\356\273\356?\216HL\355"
ARM GAS  /tmp/ccYa511J.s 			page 24


 303      7CEEBBEE 
 303      3F8E484C 
 303      ED
 304              		.text
 305              		.section	.gnu.lto_.symtab.74f3307d7187e054,"",%progbits
 306 0000 56656374 		.ascii	"VectorB0\000\000\000\000\000\000\000\000\000\000\000"
 306      6F724230 
 306      00000000 
 306      00000000 
 306      000000
 307 0013 00B40000 		.ascii	"\000\264\000\000\000st_lld_init\000\000\000\000\000"
 307      0073745F 
 307      6C6C645F 
 307      696E6974 
 307      00000000 
 308 0028 00000000 		.ascii	"\000\000\000\000\000\000\000\266\000\000\000_port_i"
 308      000000B6 
 308      0000005F 
 308      706F7274 
 308      5F69
 309 003a 72715F65 		.ascii	"rq_epilogue\000\000\002\000\000\000\000\000\000\000"
 309      70696C6F 
 309      67756500 
 309      00020000 
 309      00000000 
 310 004f 0000B800 		.ascii	"\000\000\270\000\000\000chSysTimerHandlerI\000\000\002"
 310      00006368 
 310      53797354 
 310      696D6572 
 310      48616E64 
 311 006a 00000000 		.ascii	"\000\000\000\000\000\000\000\000\000\272\000\000\000"
 311      00000000 
 311      00BA0000 
 311      00
 312 0077 6E766963 		.ascii	"nvicEnableVector\000\000\002\000\000\000\000\000\000"
 312      456E6162 
 312      6C655665 
 312      63746F72 
 312      00000200 
 313 0090 000000BF 		.ascii	"\000\000\000\277\000\000\000"
 313      000000
 314              		.text
 315              		.section	.gnu.lto_.opts,"",%progbits
 316 0000 272D666E 		.ascii	"'-fno-trapv' '-mcpu=cortex-m3' '-mno-thumb-interwor"
 316      6F2D7472 
 316      61707627 
 316      20272D6D 
 316      6370753D 
 317 0033 6B272027 		.ascii	"k' '-mthumb' '-ggdb' '-O2' '-fomit-frame-pointer' '"
 317      2D6D7468 
 317      756D6227 
 317      20272D67 
 317      67646227 
 318 0066 2D66616C 		.ascii	"-falign-functions=16' '-ffunction-sections' '-fdata"
 318      69676E2D 
 318      66756E63 
 318      74696F6E 
ARM GAS  /tmp/ccYa511J.s 			page 25


 318      733D3136 
 319 0099 2D736563 		.ascii	"-sections' '-fno-common' '-flto'\000"
 319      74696F6E 
 319      73272027 
 319      2D666E6F 
 319      2D636F6D 
 320              		.text
 321              		.comm	__gnu_lto_v1,1,1
 322              		.comm	__gnu_lto_slim,1,1
 323              		.ident	"GCC: (15:4.9.3+svn231177-1) 4.9.3 20150529 (prerelease)"
ARM GAS  /tmp/ccYa511J.s 			page 26


DEFINED SYMBOLS
                            *ABS*:0000000000000000 st_lld.c
                            *COM*:0000000000000001 __gnu_lto_v1
                            *COM*:0000000000000001 __gnu_lto_slim

NO UNDEFINED SYMBOLS
