ARM GAS  /tmp/ccDH9waz.s 			page 1


   1              		.syntax unified
   2              		.cpu cortex-m3
   3              		.fpu softvfp
   4              		.eabi_attribute 20, 1
   5              		.eabi_attribute 21, 1
   6              		.eabi_attribute 23, 3
   7              		.eabi_attribute 24, 1
   8              		.eabi_attribute 25, 1
   9              		.eabi_attribute 26, 1
  10              		.eabi_attribute 30, 2
  11              		.eabi_attribute 34, 1
  12              		.eabi_attribute 18, 4
  13              		.thumb
  14              		.file	"vectors.c"
  15              		.text
  16              	.Ltext0:
  17              		.section	.gnu.lto_.profile.d2e26cdf373fa45c,"",%progbits
  18 0000 789C6366 		.ascii	"x\234cf```a\200\000F \006\000\000t\000\011"
  18      60606061 
  18      80004620 
  18      06000074 
  18      0009
  19              		.text
  20              		.section	.gnu.lto_.jmpfuncs.d2e26cdf373fa45c,"",%progbits
  21 0000 789C6366 		.ascii	"x\234cf\300\016X\2414#\210\000\000\000\332\000\012"
  21      C00E58A1 
  21      34238800 
  21      0000DA00 
  21      0A
  22              		.text
  23              		.section	.gnu.lto_.inline.d2e26cdf373fa45c,"",%progbits
  24 0000 789C6366 		.ascii	"x\234cf\300\016\204\2414#\003\003\023\220`\0022Y\300"
  24      C00E84A1 
  24      34230303 
  24      13906002 
  24      3259C0
  25 0013 24030300 		.ascii	"$\003\003\000\003R\000#"
  25      03520023 
  26              		.text
  27              		.section	.gnu.lto_.pureconst.d2e26cdf373fa45c,"",%progbits
  28 0000 789C25C1 		.ascii	"x\234%\301\347\"\002`\000\000\300/E$\311(G\224=+eU\""
  28      E7220260 
  28      0000C02F 
  28      4524C928 
  28      47943D2B 
  29 0017 B2A58C50 		.ascii	"\262\245\214P\217\331+\372\341.\032B\030\205\177\303"
  29      8FD92BFA 
  29      E12E1A42 
  29      18857FC3 
  30 0027 50891813 		.ascii	"P\211\030\023\0253nB\334\244)\011\323\222f\244\314J"
  30      15336E42 
  30      DCA42909 
  30      D39266A4 
  30      CC4A
  31 0039 9B336FC1 		.ascii	"\2333o\301\242\214\254%,[\221\263jM^\301\272\015\233"
  31      A28CAC25 
  31      2C5B91B3 
ARM GAS  /tmp/ccDH9waz.s 			page 2


  31      6A4D5EC1 
  31      BA0D9B
  32 004c B66CDBB1 		.ascii	"\266l\333\261k\317\276\003\207\216\024\225\224\035\253"
  32      6BCFBE03 
  32      878E1495 
  32      941DAB
  33 005b A83A71EA 		.ascii	"\250:q\352\314\271\0135u\015\227\232\256\\k\271q\253"
  33      CCB90B35 
  33      750D979A 
  33      AE5C6BB9 
  33      71AB
  34 006d EDCEBD07 		.ascii	"\355\316\275\007\217\236<{\361\252\343MW\317\273\017"
  34      8F9E3C7B 
  34      F1AAE34D 
  34      57CFBB0F 
  35 007d 9FBEF47D 		.ascii	"\237\276\364}\373\361k\340\017\352\370\027\347"
  35      FBF16BE0 
  35      0FEAF817 
  35      E7
  36              		.text
  37              		.section	.gnu.lto__unhandled_exception.d2e26cdf373fa45c,"",%progbits
  38 0000 789C6366 		.ascii	"x\234cf\300\004&@\\\014\304\346@\314\310\312\300\310"
  38      C0042640 
  38      5C0CC4E6 
  38      40CCC8CA 
  38      C0C8
  39 0012 34E11C03 		.ascii	"4\341\034\003C#\007\023#3\210\301\310\314\310\002\021"
  39      43230713 
  39      233388C1 
  39      C8CCC802 
  39      11
  40 0023 60810838 		.ascii	"`\201\010822\32431\2630\002\011\210\376\227L\037\231"
  40      3232D433 
  40      31B33002 
  40      0988FE97 
  40      4C1F99
  41 0036 18271C58 		.ascii	"\030'\034X=\203[}iCC\303\207G\247\033\003\0160\376d"
  41      3D835B7D 
  41      694343C3 
  41      8747A71B 
  41      030E30FE 
  42 004b 6260F8CC 		.ascii	"b`\370\314\004Q\301\270\234Q\235\001\250\350c\313\337"
  42      0451C1B8 
  42      9C519D01 
  42      A8E863CB 
  42      DF
  43 005c EBDC6C2D 		.ascii	"\353\334l-@E\002\0209\306\025\214l\214@z\275\320\201"
  43      40450210 
  43      39C6158C 
  43      6C8C407A 
  43      BDD081
  44 006f 86FFFF1F 		.ascii	"\206\377\377\037/\331\243\013\344=\001\3120\002I&\240"
  44      2FD9A30B 
  44      E43D01CA 
  44      30024926 
  44      A0
  45 0080 DD4F8096 		.ascii	"\335O\200\226\000-e|\302\304\002\245\031\301&\232\352"
ARM GAS  /tmp/ccDH9waz.s 			page 3


  45      002D657C 
  45      C2C402A5 
  45      19C1269A 
  45      EA
  46 0091 E9E90351 		.ascii	"\351\351\003Q~\261~r~nn~\236~A~QI\261\276c\220\257\263"
  46      7EB17E72 
  46      7E6E6E7E 
  46      9E7E417E 
  46      5149B1BE 
  47 00a9 6F0548AC 		.ascii	"o\005H\254 3'\265\250X\337\335\331Y\277,5\271$\277\250"
  47      203327B5 
  47      A858DFDD 
  47      D959BF2C 
  47      35B924BF 
  48 00be 582F9901 		.ascii	"X/\231\001\000\264\303>x"
  48      00B4C33E 
  48      78
  49              		.text
  50              		.section	.gnu.lto_.symbol_nodes.d2e26cdf373fa45c,"",%progbits
  51 0000 789C55C9 		.ascii	"x\234U\311\305V\226\001\030E\341\363~\360+\230\330\035"
  51      C5569601 
  51      1845E1F3 
  51      7EF02B98 
  51      D81D
  52 0012 2818D8DD 		.ascii	"(\030\330\335`\021\"\266\342\345l,\374mlGN\234x\031"
  52      601122B6 
  52      E2E56C2C 
  52      FC6D6C47 
  52      4E9C7819 
  53 0026 06268A1D 		.ascii	"\006&\212\035\330\215\335-\306\200\305Z\236=|v\206\244"
  53      D88DDD2D 
  53      C680C55A 
  53      9E3D7C76 
  53      86A4
  54 0038 C6949A4B 		.ascii	"\306\224\232K\212\220j\352%\320\301\303\231J\216\210"
  54      8A906AEA 
  54      25D0C1C3 
  54      994A8E88 
  55 0048 6881EA74 		.ascii	"h\201\352t\266\222\243\"18&2\014\216\213L\203Z\2212"
  55      B692A322 
  55      31382632 
  55      0C8E8B4C 
  55      835A9132 
  56 005c 38215A19 		.ascii	"8!Z\031\234\024\255\015N\211,\203\323\"\333\340\214"
  56      9C14AD0D 
  56      4E892C83 
  56      D322DBE0 
  56      8C
  57 006d 68637056 		.ascii	"hcpV\2645\250\023\355\014\316\211\366\006\347E\007\203"
  57      B435A813 
  57      ED0CCE89 
  57      F606E745 
  57      0783
  58 007f 7AD1D1E0 		.ascii	"z\321\321\340\202\3101\270(:\031\\\022\235\015.\213"
  58      82C831B8 
  58      283A195C 
  58      129D0D2E 
ARM GAS  /tmp/ccDH9waz.s 			page 4


  58      8B
  59 0090 2E065744 		.ascii	".\006WDW\203\253\242\233\3015\321\335\340\272\350ap"
  59      5783ABA2 
  59      9BC135D1 
  59      DDE0BAE8 
  59      6170
  60 00a2 43F434B8 		.ascii	"C\3644\270)z\0314\210\336\006\267D\037\203\333\242\257"
  60      297A1934 
  60      88DE06B7 
  60      441F83DB 
  60      A2AF
  61 00b4 C11DD1CF 		.ascii	"\301\035\321\317\340\256\350opO\0140\270/\006\032<\020"
  61      E0AEE86F 
  61      704F0C30 
  61      B82F061A 
  61      3C10
  62 00c6 B9060FC5 		.ascii	"\271\006\017\305 \203Gb\260\301c\221g\360D\344\033<"
  62      20834762 
  62      B0C16391 
  62      67F044E4 
  62      1B3C
  63 00d8 15430C9E 		.ascii	"\025C\014\236\211\241\006\215b\230\301s1\334\340\205"
  63      89A1068D 
  63      6298C173 
  63      31DCE085 
  64 00e8 28307829 		.ascii	"(0x)F\030\274\022#\015^\213Q\006o\304h\203\267b\214"
  64      4618BC12 
  64      230D5E8B 
  64      51066FC4 
  64      6883B762 
  65 00fd C13B31D6 		.ascii	"\301;1\326\340\275\030g\360A\2147\370(&\030|\022\023"
  65      E0BD1867 
  65      F0418C37 
  65      F8282618 
  65      7C1213
  66 0110 0D3E8B49 		.ascii	"\015>\213I\006_\304d\203\257b\212\30171\325\340\273"
  66      065FC464 
  66      83AF628A 
  66      C13731D5 
  66      E0BB
  67 0122 9866F043 		.ascii	"\230f\360CL7\370)f\030\374\0223\015\232\304,\203\337"
  67      4C37F829 
  67      6618FC12 
  67      330D9AC4 
  67      2C83DF
  68 0135 A2D0E08F 		.ascii	"\242\320\340\217(2\370+f\033T\005s\014\326\004s\015"
  68      2832F82B 
  68      661B5405 
  68      730CD604 
  68      730D
  69 0147 D606F30C 		.ascii	"\326\006\363\014\326\005\363\015\326\007\305\006\033"
  69      D605F30D 
  69      D607C506 
  69      1B
  70 0154 821283EA 		.ascii	"\202\022\203\352\240\324`cPf\220\016\026\030l\012\312"
  70      A0D46063 
  70      5066900E 
ARM GAS  /tmp/ccDH9waz.s 			page 5


  70      16186C0A 
  70      CA
  71 0165 0D36070B 		.ascii	"\0156\007\013\015\266\004\025\006[\203E\006\333\202"
  71      0DB60415 
  71      065B8345 
  71      06DB82
  72 0174 C506DB83 		.ascii	"\305\006\333\203%\006;\202\245\0065\3012\203\235\301"
  72      25063B82 
  72      A50635C1 
  72      32839DC1 
  73 0184 72835DC1 		.ascii	"r\203]\301\012\203\335\301J\203=\301*\203\275A\345\377"
  73      0A83DDC1 
  73      4A833DC1 
  73      2A83BD41 
  73      E5FF
  74 0196 90DA173A 		.ascii	"\220\332\027:\224\240\324\376\210\034\024\007\202\325"
  74      94A0D4FE 
  74      881C1407 
  74      82D5
  75 01a4 CD5F55E9 		.ascii	"\315_U\351,\351\037t\307\263!"
  75      2CE91F74 
  75      C7B321
  76              		.text
  77              		.section	.gnu.lto_.refs.d2e26cdf373fa45c,"",%progbits
  78 0000 789C1DC4 		.ascii	"x\234\035\304\345Z\023\000\030\200\321o\357`t\217\356"
  78      E55A1300 
  78      1880D16F 
  78      EF60748F 
  78      EE
  79 0011 EE18B020 		.ascii	"\356\030\260 \207\322\230`]\2147\007\012\012\012\012"
  79      87D29860 
  79      5D8C3707 
  79      0A0A0A0A 
  80 0021 0A3EF36E 		.ascii	"\012>\363n\344\365\3748\311\210\370H\374\227H$\037\303"
  80      E4F5FC38 
  80      C988F848 
  80      FC974824 
  80      1FC3
  81 0033 925666E5 		.ascii	"\222Vf\345\226\262\012\253\264*\253\266\032\253\265"
  81      96B20AAB 
  81      B42AABB6 
  81      1AABB5
  82 0042 3AABB706 		.ascii	":\253\267\006k\264&k\266\026K[\253\265Y\273uX\247uY"
  82      6BB4266B 
  82      B6164B5B 
  82      ABB559BB 
  82      7558A775 
  83 0057 B7F558AF 		.ascii	"\267\365X\257\365Y\277\015\330\240\015\331\260\215\330"
  83      F559BF0D 
  83      D8A00DD9 
  83      B08DD8
  84 0066 A88DD9B8 		.ascii	"\250\215\331\270M\330\244M\331\264\315\330\254\315\331"
  84      4DD8A44D 
  84      D9B4CDD8 
  84      ACCDD9
  85 0075 BC2D58C6 		.ascii	"\274-X\306\026m\311\226-k9\313[\301Vl\325\326l\3356"
  85      166DC996 
ARM GAS  /tmp/ccDH9waz.s 			page 6


  85      2D6B39CB 
  85      5BC1566C 
  85      D5D66CDD 
  86 008a 6CD38AB6 		.ascii	"l\323\212\266eO\354\251m\333\216\355\332\236\355\333"
  86      654FECA9 
  86      6DDB8EED 
  86      DA9EEDDB 
  87 009a 811DDA91 		.ascii	"\201\035\332\221=\263\347\366\302^\332+{m\307vbo\354"
  87      3DB3E7F6 
  87      C25EDA2B 
  87      7B6DC776 
  87      626FEC
  88 00ad ADBDB3F7 		.ascii	"\255\275\263\367\217\225\342\003\245\340o\220\000\222"
  88      8F95E203 
  88      A5E06F90 
  88      0092
  89 00bb 94514E8A 		.ascii	"\224QN\212\012*\251\242\232\032j\251\243\236\006\032"
  89      0A2AA9A2 
  89      9A1A6AA9 
  89      A39E061A 
  90 00cb 69A29916 		.ascii	"i\242\231\026\322\264\322F;\035t\322E7=\364\322G?\003"
  90      D2B4D246 
  90      3B1D74D2 
  90      45373DF4 
  90      D2473F03 
  91 00df 0C32C430 		.ascii	"\0142\3040#\2142\3068\023L2\30543\3142\307<\013dXd\211"
  91      238C32C6 
  91      38134C32 
  91      C53433CC 
  91      32C73C0B 
  92 00f7 65B2E4C8 		.ascii	"e\262\344\310S`\205U\326Xg\203M\212\234\006g\301\247"
  92      53608555 
  92      D6586783 
  92      4D8A9C06 
  92      67C1A7
  93 010a E073701E 		.ascii	"\340sp\036\\\004_\202\257\301ep\025|\013\276\007\327"
  93      5C045F82 
  93      AFC16570 
  93      157C0BBE 
  93      07D7
  94 011c C14DF023 		.ascii	"\301M\360#\370\031\334\006w\301\257\340wp\037<\004\177"
  94      F819DC06 
  94      77C1AFE0 
  94      77701F3C 
  94      047F
  95 012e 22FE0108 		.ascii	"\"\376\001\010\204.#"
  95      842E23
  96              		.text
  97              		.section	.gnu.lto_.decls.d2e26cdf373fa45c,"",%progbits
  98 0000 789CB5DC 		.ascii	"x\234\265\334\007p\034\327\231 `\364<\314\000\030\200"
  98      07701CD7 
  98      992060F4 
  98      3CCC0018 
  98      80
  99 0011 0359B2D7 		.ascii	"\003Y\262\327^\356\336J+y\271^\257V\224(R\2426Y\022"
  99      5EEEDE4A 
  99      2B79B95E 
ARM GAS  /tmp/ccDH9waz.s 			page 7


  99      AF569428 
  99      52A23659 
 100 0026 25D9B777 		.ascii	"%\331\267wr\351\326^\325\325\355]\321\024\011[,\213"
 100      72E9D65E 
 100      D5D5ED5D 
 100      D114095B 
 100      2C8B
 101 0038 948E20B5 		.ascii	"\224\216 \265\366Vyo\020\211\234s\3169\347\034\011\020"
 101      F656796F 
 101      10899C73 
 101      CE39E71C 
 101      0910
 102 004a 3911390E 		.ascii	"9\0219\016r\"\210\234\323\376/5\321(z\365j\253\016\245"
 102      7222889C 
 102      D3FE2F35 
 102      D1287AF5 
 102      6AAB0EA5 
 103 005e 5FFFBCEE 		.ascii	"_\377\274\356\177\272\277~\335\375\246\273\201!222\312"
 103      7FBABF7E 
 103      DDFDA6BB 
 103      81213232 
 103      32CA
 104 0070 938C8C8E 		.ascii	"\223\214\214\216\341'\361\277\033\031\345\252\215\214"
 104      E127F1BF 
 104      1B19E5AA 
 104      8D8C
 105 007e 5430ED13 		.ascii	"T0\355\023\243\247?\377\023\"\015\242\002\342\001D\023"
 105      A3A73FFF 
 105      13220DA2 
 105      02E20144 
 105      13
 106 008f 4407442F 		.ascii	"D\007D/\3040\304\004\304\034\304\023\210\015\210=\374"
 106      C430C404 
 106      C41CC413 
 106      880D883D 
 106      FC
 107 00a0 2658A606 		.ascii	"&X\246\006\302\002\342y\210\357A\374\011\304\367!~\010"
 107      C202E279 
 107      88EF41FC 
 107      09C4F721 
 107      7E08
 108 00b2 F13AC45B 		.ascii	"\361:\304[\020\177\013\361>\304O ~\012\361s\210\377"
 108      107F0BF1 
 108      3EC44F20 
 108      7E0AF173 
 108      88FF
 109 00c4 05F10B88 		.ascii	"\005\361\013\210_B|\001q\007\3427\020\377\006a\017\341"
 109      5F427C01 
 109      7107E237 
 109      10FF0661 
 109      0FE1
 110 00d6 02E10511 		.ascii	"\002\341\005\021\000\021\006\021\003\221\004\221!\321"
 110      00110611 
 110      03910491 
 110      21D1
 111 00e4 6D2981A8 		.ascii	"m)\201\250\202\250\207h\201\350\202\350\207\030\205"
 111      82A88768 
ARM GAS  /tmp/ccDH9waz.s 			page 8


 111      81E882E8 
 111      871885
 112 00f3 98825880 		.ascii	"\230\202X\200X\201\330\2028\200P\301\006\233B\350 \276"
 112      5881D882 
 112      388050C1 
 112      069B42E8 
 112      20BE
 113 0105 0D7116E2 		.ascii	"\015q\026\342%\210s\020\257B\\\200\270\014\361\367\020"
 113      25887310 
 113      AF425C80 
 113      B80CF1F7 
 113      10
 114 0116 1F40FC03 		.ascii	"\037@\374\003\304'\020\237B\374o\210\317 >\207\270\015"
 114      C427109F 
 114      42FC6F88 
 114      CF203E87 
 114      B80D
 115 0128 7117E25F 		.ascii	"q\027\342_!\364\020\216\020n\020>\020A\020\021\020q"
 115      21F4108E 
 115      106E103E 
 115      10411011 
 115      1071
 116 013a 10291059 		.ascii	"\020)\020Y\020\005\020e\020\025*\332\347\331\010\372"
 116      10051065 
 116      10152ADA 
 116      E7D908FA 
 117 014a 0A19297E 		.ascii	"\012\031)~\322hW\312\373Cb\323N\377\254\252\244\342"
 117      D26857CA 
 117      FB4362D3 
 117      4EFFACAA 
 117      A4E2
 118 015c 8C8D56F3 		.ascii	"\214\215V\3639\225\244\323\276\204\233%>\015A\032hZ"
 118      3995A4D3 
 118      BE849B25 
 118      3E0D411A 
 118      685A
 119 016e 688D71B3 		.ascii	"h\215q\263t\177\242\333\370\273\376z\370\361\262\323"
 119      747FA2DB 
 119      F8BBFE7A 
 119      F8F1B2D3 
 120 017e 3F672C7D 		.ascii	"?g,}\362\007R\242tVJ\222\316\302R\223\245\357\302\377"
 120      F20752A2 
 120      74564A92 
 120      CEC25293 
 120      A5EFC2FF 
 121 0192 FFD9982E 		.ascii	"\377\331\230.)=\245\261\301\014\251$\374:6h\274[\373"
 121      293DA5B1 
 121      C10CA924 
 121      FC3A3668 
 121      BC5BFB
 122 01a5 6A0ABCCD 		.ascii	"j\012\274\315I_\265\243z\272\2729?WO\365K\021\372\254"
 122      495FB5A3 
 122      7ABABA39 
 122      3F574FF5 
 122      4B11FAAC 
 123 01b9 EC958AB2 		.ascii	"\354\225\212\262\001\013}\203\276\352\370\370G\317\341"
 123      010B7D83 
ARM GAS  /tmp/ccDH9waz.s 			page 9


 123      BEEAF8F8 
 123      47CFE1
 124 01c8 45492912 		.ascii	"EI)\022\222R\245W\011\030^Sy\232\364\022\274-fto\337"
 124      9252A557 
 124      09185E53 
 124      799AF412 
 124      BC2D6674 
 125 01de 0CFD9C2C 		.ascii	"\014\375\234,{\272n\312\035\241_\220\327\015\251\341"
 125      7BBA6ECA 
 125      1DA15F90 
 125      D70DA9E1 
 126 01ee BF40BFC4 		.ascii	"\277@\277\304/\215'\303\262\012,\245sg\317j\343\310"
 126      2F8D27C3 
 126      B20A2CA5 
 126      7367CF6A 
 126      E3C8
 127 0200 6ADF9572 		.ascii	"j\337\225r%\255\224)\235\354\232 \230\276\363#<\003"
 127      25AD9429 
 127      9DEC9A20 
 127      98BEF323 
 127      3C03
 128 0212 5E9A92EC 		.ascii	"^\232\222\354\244\327\333\352W|\364\350{F\322\253g\245"
 128      A4D7DBEA 
 128      577CF4E8 
 128      7B46D2AB 
 128      67A5
 129 0224 BF386B24 		.ascii	"\2778k$eI\347\310,#)\00765\0336\025\326\024\327\354"
 129      6549E7C8 
 129      2C232907 
 129      36351B36 
 129      15D614D7 
 130 0239 152C917E 		.ascii	"\025,\221~J\"k\256\014^\216\264 \035\365\035\334\364"
 130      4A226BAE 
 130      0C5E8EB4 
 130      201DF51D 
 130      DCF4
 131 024b 6F2E1AD1 		.ascii	"o.\032\321\222\346\267qst\333;\320T\353\304\372\315"
 131      92E6B771 
 131      7374DB3B 
 131      D054EBC4 
 131      FACD
 132 025d AC410733 		.ascii	"\254A\0073Nt\\!Y\372\017\316J\005t\341>e5\355\226\317"
 132      4E745C21 
 132      59FA0FCE 
 132      4A0574E1 
 132      3E6535ED 
 133 0273 7B9172BD 		.ascii	"{\221r\275\376%\211\320\363\240<\237\224\027I\317\363"
 133      FE2589D0 
 133      F3A03C9F 
 133      941749CF 
 133      F3
 134 0284 3791554F 		.ascii	"7\221UO\2655\031\277\370\353p}\320Kd\026L\012\330\216"
 134      B53519BF 
 134      F8EB707D 
 134      D04B6416 
 134      4C0AD88E 
 135 0298 EA45C6D0 		.ascii	"\352E\306\320\317R\261\364\")\032\264sZ\263D6\022\301"
ARM GAS  /tmp/ccDH9waz.s 			page 10


 135      CF52B1F4 
 135      22291AB4 
 135      735AB344 
 135      3612C1
 136 02ab 3AB42DAE 		.ascii	":\264-\256\341\331R)\351\016\230\342\234\343\260,\341"
 136      E1D95229 
 136      E90E98E2 
 136      9CE3B02C 
 136      E1
 137 02bc 2919D0E9 		.ascii	")\031\320\351%\222\261T&\221\035\036\025e\263b\002\373"
 137      2592B154 
 137      26911D1E 
 137      1565B362 
 137      02FB
 138 02ce C71015B5 		.ascii	"\307\020\025\265\223\243\177\327\336\346\340\370\030"
 138      93A37FD7 
 138      DEE6E0F8 
 138      18
 139 02db 91BD93CE 		.ascii	"\221\275\223\316\367\216T\016\245\270IwP\005\331A\253"
 139      F78E540E 
 139      A5B84977 
 139      5005D941 
 139      AB
 140 02ec DE0F1A4D 		.ascii	"\336\017\032M\220#]\335\177\010\254b\300o0U\203\251"
 140      90235DDD 
 140      7F08AC62 
 140      C06F3055 
 140      83A9
 141 02fe 869A42AA 		.ascii	"\206\232B\252\273\203,\251iWi\252\224M\265\330T\311"
 141      BB832CA9 
 141      695769AA 
 141      944DB5D8 
 141      54C9
 142 0310 4D0F8829 		.ascii	"M\017\210)g\337nH\207\202\004L\365b\246\207`j`\375\364"
 142      67DF6E48 
 142      8782044C 
 142      F562A687 
 142      606A60FD 
 143 0325 607CDE9C 		.ascii	"`|\336\234\232\366\224\246:\331\324\210Mu\334\324DL"
 143      9AF694A6 
 143      3AD9D488 
 143      4D75DCD4 
 143      444C
 144 0337 F6258F87 		.ascii	"\366%\217\207-P\212\200\251E\314\324\012\2466j\212\017"
 144      2D508A80 
 144      A945CCD4 
 144      0AA6366A 
 144      8A0F
 145 0349 2E4D65FB 		.ascii	".Me\373n_ij\226M\355\330\324\314M\035\304\024\030\035"
 145      6E5F696A 
 145      964DEDD8 
 145      D4CC4D1D 
 145      C414181D 
 146 035d 3263814A 		.ascii	"2c\201J\005L]b\246G`\352\246\246\305\201\265I3j:P\232"
 146      054C5D62 
 146      A64760EA 
 146      A6A6C581 
ARM GAS  /tmp/ccDH9waz.s 			page 11


 146      B549336A 
 147 0374 3A65530F 		.ascii	":eS\0176urS/1\371g'\254\350P\233\200\251_\3144\000\246"
 147      36757253 
 147      2F31F967 
 147      27ACE850 
 147      9B80A95F 
 148 038c 416AF2E9 		.ascii	"Aj\362\351\3559RQ\323\241\322\324'\233\206\260\251\217"
 148      ED395251 
 148      D3A1D2D4 
 148      279B86B0 
 148      A98F
 149 039e 9B8689A9 		.ascii	"\233\206\211\251\240\242\256R\205\372\004L\243b\246"
 149      A0A2AE52 
 149      85FA044C 
 149      A362A6
 150 03ad 313019A8 		.ascii	"10\031\250\311\371\270\277\210\365\323\221\3224\"\233"
 150      C9F9B8BF 
 150      88F5D391 
 150      D234229B 
 151 03bd C6B16984 		.ascii	"\306\261i\204\233&\210))\321\340k\216\014\002\246)1"
 151      9B268829 
 151      29D1E06B 
 151      8E0C02A6 
 151      2931
 152 03cf D3349866 		.ascii	"\3234\230f\250\251:\252\272\237\235w\307J\323\244l\232"
 152      A8A93AAA 
 152      BA9F9D77 
 152      C74AD3A4 
 152      6C9A
 153 03e1 C5A6496E 		.ascii	"\305\246In\232#\246\216\320\260\025S4/`Z\0203-\202\351"
 153      9A23A68E 
 153      D0B01553 
 153      342F605A 
 153      10332D82 
 154 03f6 3135B5AE 		.ascii	"15\265\256\036.1\223S\254\246\301\013\177z\020\322\274"
 154      1E2E3193 
 154      53ACA6C1 
 154      0B7F7A10 
 154      D2BC
 155 0408 4C5AC2A4 		.ascii	"LZ\302\244yNzBHN\213C\013Z\264&@Z\021#\255\002i\215"
 155      794E7A42 
 155      484E8B43 
 155      0B5AB426 
 155      405A1123 
 156 0420 92DC97F3 		.ascii	"\222\334\227\363\235\330i\347\254 -\313\244uLZ\346\244"
 156      9DD869E7 
 156      AC202DCB 
 156      A4754C5A 
 156      E6A4
 157 0432 0D428AEB 		.ascii	"\015B\212\353\211\311\325\242#\001\322\226\030i\033"
 157      89C9D5A2 
 157      2301D296 
 157      18691B
 158 0441 483B9494 		.ascii	"H;\224\224\0206\032\247\246$\027\005iS&\355b\322&'\355"
 158      10361AA7 
 158      A6241705 
 158      695326ED 
ARM GAS  /tmp/ccDH9waz.s 			page 12


 158      62D22627 
 159 0456 1152A36B 		.ascii	"\021R\243kJ\217\032y\252\276\231t F:\004\322\021%\205"
 159      4A8F1A79 
 159      AABE9974 
 159      20463A04 
 159      D2112585 
 160 046a E73E0A60 		.ascii	"\347>\012`\007\270\253\202\264/\223\2161i\237\223\364"
 160      07B8AB82 
 160      B42F938E 
 160      31699F93 
 160      F4
 161 047b 2A4CF2D4 		.ascii	"*L\362\324\027\017jP\220\000\311V%D\262S\031K\366*B"
 161      170F6A50 
 161      9000C956 
 161      2544B253 
 161      194BF62A 
 162 0490 6A181939 		.ascii	"j\030\03196\246$7\005\311F\305I\016P\211\233\224\344"
 162      36A62437 
 162      05C946C5 
 162      490E5089 
 162      9B94E4
 163 04a3 4848499D 		.ascii	"HHI\235\323\031*\224(@r\022#9\003\311\205\222B\\=sM"
 163      D3192A94 
 163      28407212 
 163      233903C9 
 163      8592425C 
 164 04ba 29C95D41 		.ascii	")\311]A\272/\223\\1\351>'\271\021R\326Zx\2459*\024 "
 164      BA2F935C 
 164      31E93E27 
 164      B91152D6 
 164      5A78A539 
 165 04d1 7988913C 		.ascii	"y\210\221<\201\344EIkm+{g(\311CAr\227I\336\230\344\316"
 165      81E44549 
 165      6B6D2B7B 
 165      6728C943 
 165      41729749 
 166 04e9 493E8464 		.ascii	"I>\204d7\260\226\256CU\002$?1\222?\220\002()\277\241"
 166      37B096AE 
 166      43550224 
 166      3F31923F 
 166      90022829 
 167 04ff 740E5192 		.ascii	"t\016Q\222\247\202\344+\223\0021\311\227\223\202\010"
 167      A782E42B 
 167      930231C9 
 167      97938208 
 168 050f E9D15C5D 		.ascii	"\351\321\\]\200\031j\024 \205\210\221B\201\024FIm\313"
 168      80196A14 
 168      20858891 
 168      42811446 
 168      496DCB
 169 0522 A5336CC7 		.ascii	"\2453l\307\005)H\3012)\034\223\2029)\202\2206+\235\332"
 169      052948C1 
 169      32291C93 
 169      82392982 
 169      90362B9D 
 170 0537 CD519700 		.ascii	"\315Q\227\000)J\214\024\015\244\030J\232X\360\333b\275"
 170      294A8C14 
ARM GAS  /tmp/ccDH9waz.s 			page 13


 170      0DA4184A 
 170      9A58F0DB 
 170      62BD
 171 0549 14AC2045 		.ascii	"\024\254 E\312\244XL\212\344\2448B\212\331~h\243AC\002"
 171      CAA4584C 
 171      8AE4A438 
 171      428AD97E 
 171      68A34143 
 172 055e A4043152 		.ascii	"\244\0041R\"\220\222(\251cgm\226\215K\241\012R\274L"
 172      22909228 
 172      A963676D 
 172      968D4BA1 
 172      0A52BC4C 
 173 0572 4AC6A478 		.ascii	"J\306\244xNJ!\244\270\343\373Sj4%@J\023#\245\003)\203"
 173      4E4A21A4 
 173      B8E3FB53 
 173      6A342540 
 173      4A1323A5 
 174 0589 92E69256 		.ascii	"\222\346\222V\246t\224\024\246 \245\312\244LLJ\345\244"
 174      A6749414 
 174      A620A5CA 
 174      A44C4C4A 
 174      E5A4
 175 059b 2C7AC615 		.ascii	",z\306\0259\333\231\242%\001R\216\030)\027Hy\224T\227"
 175      39DB99A2 
 175      2501528E 
 175      18291748 
 175      79945497 
 176 05af E0E9C186 		.ascii	"\340\351\301\206\312p\005)[&\345cR6'\025\020\322\200"
 176      CA700529 
 176      5B26E563 
 176      52362715 
 176      10D280
 177 05c2 4750A119 		.ascii	"GP\241\031\332\022 \025\211\221\212\201T\242b\243\367"
 177      DA122015 
 177      89918A81 
 177      54A262A3 
 177      F7
 178 05d3 56844449 		.ascii	"V\204DI\021\012R\241L*\305\244BN*#$\207\262\314Q\035"
 178      110A52A1 
 178      4C2AC5A4 
 178      424E2A23 
 178      2487B2CC 
 179 05e9 3A162055 		.ascii	":\026 U\210\221*\201TEIM\351\216S\254\227\222\025\244"
 179      88912A81 
 179      5445494D 
 179      E98E53AC 
 179      979215A4 
 180 05fd 7299548D 		.ascii	"r\231T\215I\345\234TCHk\301=G:\344\204\276\231\364@"
 180      49E59C54 
 180      43486BC1 
 180      3D473AE4 
 180      84BE99F4 
 181 0612 8C5407A4 		.ascii	"\214T\007\244zJz\354\260\347\315\216\245\024\005\251"
 181      7A4A7AEC 
 181      B0E7CD8E 
 181      A51405A9 
ARM GAS  /tmp/ccDH9waz.s 			page 14


 182 0622 56263DC4 		.ascii	"V&=\304\244ZNj \244\320\311\350)-\362\026 5\211\221"
 182      A45A4E6A 
 182      20A4D0C9 
 182      E8292DF2 
 182      16203589 
 183 0637 9A81D442 		.ascii	"\232\201\324BI\005\213\217\022\331\216KU\220\032eR+"
 183      49058B8F 
 183      12D98E4B 
 183      55901A65 
 183      522B
 184 0649 26357252 		.ascii	"&5rR\033!Me/\215\252Q\210\000\251C\214\324\011\244."
 184      1B214D65 
 184      2F8DAA51 
 184      8800A943 
 184      8CD409A4 
 185 065e 4AF24CF0 		.ascii	"J\362L\360\270HEi\012Q\273,z\204E\355\\\324MDsU\005"
 185      B8484569 
 185      0A51BB2C 
 185      7A8445ED 
 185      5CD44D44 
 186 0675 872A142B 		.ascii	"\207*\024+ \352\025\023\365\201\250\237\212R|Z\013X"
 186      20EA1513 
 186      F581A89F 
 186      8A527C5A 
 186      0B58
 187 0687 27652A48 		.ascii	"'e*H=2i\000\223z8i\220\220\032Z\007\222\264(M\2004,"
 187      3D326900 
 187      937A3869 
 187      90901A5A 
 187      0792B428 
 188 069f 461A01D2 		.ascii	"F\032\001\322(%\315\324\017\270\261\317\223\"\005iH"
 188      2825CDD4 
 188      0FB8B1CF 
 188      93220569 
 188      48
 189 06b0 268D61D2 		.ascii	"&\215a\322\020'\031\010\251\244\3551\014\347\371\002"
 189      10271908 
 189      A9A4ED31 
 189      0CE7F902 
 190 06c0 A40931D2 		.ascii	"\244\0111\322$\220\246(\351pk.\212\015\336\305\012\322"
 190      2490A628 
 190      E9706B2E 
 190      8A0DDEC5 
 190      0AD2
 191 06d2 B84C9AC6 		.ascii	"\270L\232\306\244qN\232\241\303\322\203\225\0053T!@"
 191      A4714E9A 
 191      A1C3D283 
 191      95053354 
 191      2140
 192 06e4 9A1323CD 		.ascii	"\232\023#\315\003i\201\222vz\367\242\331\216+Q\220f"
 192      03698192 
 192      767AF7A2 
 192      D98E2B51 
 192      9066
 193 06f6 65D22226 		.ascii	"e\322\"&\315r\322cB*\316\232\2135F\017\005HO\304H\313"
 193      CD72D263 
 193      422ACE9A 
ARM GAS  /tmp/ccDH9waz.s 			page 15


 193      8B35460F 
 193      05484FC4 
 194 070c 405AA124 		.ascii	"@Z\241$\267\211\315\357PQ\271B\264$\213V\261h\211\213"
 194      B789CDEF 
 194      5051B942 
 194      B4248B56 
 194      B168898B 
 195 0720 D6E8A194 		.ascii	"\326\350\241\224Qnk\202:\004D\033b\242M\020mQ\321\372"
 195      516E6B82 
 195      3A04441B 
 195      62A24D10 
 195      6D51D1FA 
 196 0734 612EBF5A 		.ascii	"a.\277Z\252P\220\326e\3226&\255s\322\016=\341\032{>"
 196      AA5090D6 
 196      65D23626 
 196      AD73D20E 
 196      3DE11A7B 
 197 0749 420302A2 		.ascii	"B\003\002\242=1\321>\210\016\330\320]X\273\315\036\236"
 197      3D31D13E 
 197      880ED8D0 
 197      5D58BBCD 
 197      1E9E
 198 075b 542A44BB 		.ascii	"T*D\273\262\350\020\213v\271\350\210\210<J\035WthB\200"
 198      B2E8108B 
 198      76B9E888 
 198      883C4A1D 
 198      57746842 
 199 0770 A4474224 		.ascii	"\244GB$\033d,\331\"\372\231[\323\340\316:\251AA:\226"
 199      1B642CD9 
 199      22FA995B 
 199      D3E0CE3A 
 199      A941413A 
 200 0785 49765089 		.ascii	"IvP\211\233\224d\2170)d\304\327K\207\026\005H\216b\244"
 200      9B94648F 
 200      302964C4 
 200      D74B8716 
 200      05488E62 
 201 079a FB4072A2 		.ascii	"\373@r\242\244\255G-y\354\302\273YAr@\234\344\214I\320"
 201      A4AD472D 
 201      79ECC2BB 
 201      59417240 
 201      9CE48C49 
 202 07af A4241742 		.ascii	"\244$\027Br\333M<0G\033\002$71\222;\220<()\334\2715"
 202      72DB4D3C 
 202      30471B02 
 202      24373192 
 202      3B903C28 
 203 07c7 D582925A 		.ascii	"\325\202\222Z\024$W\231\344"
 203      14245799 
 203      E4
 204 07d0 8949AE9C 		.ascii	"\211I\256\234\344EHQ\015\201a&\350P\200\344#F\362\005"
 204      E4454851 
 204      0D816126 
 204      E85080E4 
 204      2346F205 
 205 07e4 921F25B9 		.ascii	"\222\037%\271\227\264u\261Q\251UA\362\226I\376\230\344"
 205      97B475B1 
ARM GAS  /tmp/ccDH9waz.s 			page 16


 205      51A95541 
 205      F29649FE 
 205      98E4
 206 07f6 CD490184 		.ascii	"\315I\001\204\0240\351Q\240C\216\306\337L\012\022#\005"
 206      1430E951 
 206      A0438EC6 
 206      DF4C0A12 
 206      2305
 207 0808 03298492 		.ascii	"\003)\204\222*\326\235]\030\251MA\012\224I\241\230\024"
 207      2AD69D5D 
 207      18A94D41 
 207      0A9449A1 
 207      9814
 208 081a C8496184 		.ascii	"\310Ia\204\024\341\320\372}\344) \212\020\023E\202("
 208      14E1D0FA 
 208      7DE42920 
 208      8A101345 
 208      8228
 209 082c 8A8A565C 		.ascii	"\212\212V\\B{4T4\240\020\205\313\242h,\012\347\242\030"
 209      427B3454 
 209      34A01085 
 209      CBA2682C 
 209      0AE7A218 
 210 0840 227AE8DB 		.ascii	"\"z\350\333\326/\241 \001R\234\030)\036H\011\224\224"
 210      D62FA120 
 210      01529C18 
 210      291E4809 
 210      9494
 211 0852 96634860 		.ascii	"\226cH`\327J\203\012R\254LJ\304\244XNJ\"\244f?\177\275"
 211      D74A830A 
 211      52AC4C4A 
 211      C4A4584E 
 211      4A22A466 
 212 0869 318A1620 		.ascii	"1\212\026 \245\210\221R\201\224FI\361A\271\377\203\212"
 212      A5889152 
 212      81944649 
 212      F141B9FF 
 212      838A
 213 087b 8614A264 		.ascii	"\206\024\242dY\224\216E\311\\\224AD\331\376q\335*\224"
 213      59948E45 
 213      C95C9441 
 213      44D9FE71 
 213      DD2A94
 214 088e 2220CA12 		.ascii	"\" \312\022\023e\203(\207u\022\014\302\354\321\322\260"
 214      13658328 
 214      8775120C 
 214      C2ECD1D2 
 214      B0
 215 089f 82942993 		.ascii	"\202\224)\223r1)\223\223\362\010i\243\252\243\027\241"
 215      72312993 
 215      93F20869 
 215      A3AAA317 
 215      A1
 216 08b0 5C015281 		.ascii	"\\\001R\201\030\251\020HE\224\224\221\035\260\317.\273"
 216      18A91048 
 216      45949491 
 216      1DB0CF2E 
ARM GAS  /tmp/ccDH9waz.s 			page 17


 216      BB
 217 08c1 C714A47C 		.ascii	"\307\024\244|\231T\214I\371\234TBIO\302\233U\250L\200"
 217      99548C49 
 217      F99C5442 
 217      494FC29B 
 217      55A84C80 
 218 08d5 5426462A 		.ascii	"T&F*\007R\005%y\030\"z\330U\300\234\202T*\223*1\251"
 218      07520525 
 218      7918227A 
 218      D855C09C 
 218      82542A93 
 219 08ec 9493AA08 		.ascii	"\224\223\252\010i\316y\317\367\014\252\023 \325\210"
 219      69CE79CF 
 219      F70CAA13 
 219      20D588
 220 08fb 916A81F4 		.ascii	"\221j\201\364\200\222z[\223B\330\216\233W\220\252eR"
 220      80927A5B 
 220      9342D88E 
 220      9B5790AA 
 220      6552
 221 090d 1D265573 		.ascii	"\035&UsR=!\205;?\3646Cm\002\244\0061R#\220\232(i\262"
 221      523D2185 
 221      3B3FF436 
 221      436D02A4 
 221      06315223 
 222 0926 B377878D 		.ascii	"\263w\207\215\001\013\012\322C\231\324\214I\0179\251"
 222      010B0AD2 
 222      4399D48C 
 222      490F39A9 
 223 0936 8590FA2B 		.ascii	"\205\220\372+zRu\250O\200\324&Fj\007R\007%\015G\254"
 223      7A5275A8 
 223      4F80D426 
 223      466A0752 
 223      07250D47 
 224 094b C6B15E5A 		.ascii	"\306\261^ZR\220ZeR'&\265rR\027!y\273T\207\253\221A\200"
 224      52905A65 
 224      522726B5 
 224      72521721 
 224      79BB5487 
 225 0963 D42D46EA 		.ascii	"\324-F\352\001R/%\271\006?\366\323R\322\023\005\351"
 225      01522F25 
 225      B9063FF6 
 225      D352D213 
 225      05E9
 226 0975 914CEAC3 		.ascii	"\221L\352\303\244G\234\324OH\035\221\253\031\0324/@"
 226      A4479CD4 
 226      4F481D91 
 226      AB191A34 
 226      2F40
 227 0987 1A14230D 		.ascii	"\032\024#\015\001i\230\222\"\246\234\370\215\356\262"
 227      01699892 
 227      22A69CF8 
 227      8DEEB2
 228 0996 82342093 		.ascii	"\2024 \223F0i\200\223F\011i\361h\270\321\004\255\011"
 228      46306980 
 228      93460969 
 228      F168B8D1 
ARM GAS  /tmp/ccDH9waz.s 			page 18


 228      04AD09
 229 09a9 900C62A4 		.ascii	"\220\014b\244q MPRw\340`\020\033\274w\024\2441\2314"
 229      71204D50 
 229      5277E060 
 229      101BBC77 
 229      14A43199 
 230 09be 8949639C 		.ascii	"\211Ic\2344EH\356\263\367\333th_\2004#F\232\005\322"
 230      344548EE 
 230      B3F7DB74 
 230      685F8034 
 230      23469A05 
 231 09d3 1C25B505 		.ascii	"\034%\265\0055\215\263\207\271\373\012\322\264L\232"
 231      358DB387 
 231      B9FB0AD2 
 231      B44C9A
 232 09e2 C7A4694E 		.ascii	"\307\244iNZ \244\326>C\250\006\331\253\277\231\364X"
 232      5A20A4D6 
 232      3E43A806 
 232      D9ABBF99 
 232      F458
 233 09f4 8CB404A4 		.ascii	"\214\264\004\244'\354j\251)$\237\221\016\024\244E\231"
 233      27EC6AA9 
 233      29249F91 
 233      0E14A445 
 233      99
 234 0a05 B48C498B 		.ascii	"\264\214I\213\234\264BH3=\351\363\346\310]\200\264&"
 234      9CB44248 
 234      333DE9F3 
 234      E6C85D80 
 234      B426
 235 0a17 465A07D2 		.ascii	"FZ\007\322\006\273Z\212\276\257gC\345\241\202\264*\223"
 235      06BB5A8A 
 235      BEAF6743 
 235      E5A182B4 
 235      2A93
 236 0a29 36316995 		.ascii	"61i\225\223\266\010i\254v(A\207\002\004H;b\244] \355"
 236      93B60869 
 236      AC762841 
 236      87020448 
 236      3B62A45D 
 237 0a3f 5152B9D7 		.ascii	"QR\271\327\362M\366\213/\205h[\026\355c\3216\027\035"
 237      F24DF68B 
 237      2F85685B 
 237      16ED63D1 
 237      36171D
 238 0a52 10519F5F 		.ascii	"\020Q\237_v\216\026E\012\210\216\304D\307 \322\033\023"
 238      768E1645 
 238      0A888EC4 
 238      44C720D2 
 238      1B13
 239 0a64 91CDFEC3 		.ascii	"\221\315\376\303\034v\225\353\034\177\222t(\223l\240"
 239      1C7695EB 
 239      1C7F9274 
 239      28936CA0 
 240 0a74 123729C9 		.ascii	"\0227)\311\326\230\334\013\004\266\247\253Q\222\000"
 240      D698DC0B 
 240      04B6A7AB 
ARM GAS  /tmp/ccDH9waz.s 			page 19


 240      519200
 241 0a83 C9DE5888 		.ascii	"\311\336X\210\344`l,9RRv~d1;\224\\\024$;cN\272\217I"
 241      E4606C2C 
 241      39525276 
 241      7E64313B 
 241      945C1424 
 242 0a9d D0A42427 		.ascii	"\320\244$'B\332\211\311s5F\331\002$\0271\222+\220\334"
 242      42DA89C9 
 242      733546D9 
 242      02241731 
 242      922B90DC 
 243 0ab1 28A9FBC8 		.ascii	"(\251\373\310g\205\035J\256\012\222\263Lr\307$gN\362"
 243      67851D4A 
 243      AE0A92B3 
 243      4C72C724 
 243      674EF2
 244 0ac4 2024DBF8 		.ascii	" $\333\370\334`\023T\"@\362\022#y\003\311\207\222rc"
 244      DC601354 
 244      2240F212 
 244      237903C9 
 244      87927263 
 245 0ad8 06AAD81D 		.ascii	"\006\252\330\035\223\233\202\344)\223|1\311\223\223"
 245      939B82E4 
 245      29937C31 
 245      C99393
 246 0ae7 FC08C9A1 		.ascii	"\374\010\311\241d\020\356+k\005H\001b\244@ \005Q\222"
 246      6410EE2B 
 246      6B054801 
 246      62A44020 
 246      055192
 247 0afa DD6CC724 		.ascii	"\335l\307$\373\324\365T\220\374eR0&\371sR\010!\245\317"
 247      FBD4F554 
 247      90FC6552 
 247      3026F973 
 247      520821A5 
 248 0b0f CEFC396A 		.ascii	"\316\3749j\021\020\205\211\211\302A\024AE{\301M\025"
 248      11108589 
 248      89C24114 
 248      41457BC1 
 248      4D15
 249 0b21 ECE63B48 		.ascii	"\354\346;H!\012\225E\221X\024\312EQDTa\277\356\252E"
 249      210A9545 
 249      915814CA 
 249      45514454 
 249      61BFEEAA 
 250 0b36 3D02A418 		.ascii	"=\002\244\0301R,\220\342(\311\251}\372\007\354\027\025"
 250      31522C90 
 250      E228C9A9 
 250      7DFA07EC 
 250      1715
 251 0b48 0A51B42C 		.ascii	"\012Q\264,\212\307\242h.J \242Q\257\000\270\317\034"
 251      8AC7A268 
 251      2E4A20A2 
 251      51AF00B8 
 251      CF1C
 252 0b5a 15102589 		.ascii	"\025\020%\211\211\222A\224BE\345\205v}\354H\012Q\220"
 252      89924194 
ARM GAS  /tmp/ccDH9waz.s 			page 20


 252      4245E585 
 252      767DEC48 
 252      0A5190
 253 0b6d 1265522A 		.ascii	"\022eR*&%rR\032!\035\314\333\370\231\242Y\001R\206\030"
 253      26257252 
 253      1A211DCC 
 253      DBF899A2 
 253      59015286 
 254 0b82 29134859 		.ascii	")\023HYl\277E\324/\262\273\312p\005)]&ecR:'\345\020"
 254      6CBF45D4 
 254      2FB2BBCA 
 254      7005295D 
 254      26656352 
 255 0b9a 52D9E050 		.ascii	"R\331\340P\227\204V\005Hyb\244| \025PR\277sw\030#E("
 255      97845605 
 255      487962A4 
 255      7C201550 
 255      52BF7377 
 256 0bb2 48B932A9 		.ascii	"H\2712\251\020\223r9\251\210\220\014\215\313\266\346"
 256      10937239 
 256      A988900C 
 256      8DCBB6E6 
 257 0bc2 685F8054 		.ascii	"h_\200T\"F*\005R\031\333q\311\025\333\354o;\"\025\244"
 257      22462A05 
 257      5219DB71 
 257      C915DBEC 
 257      6F3B2215 
 258 0bd7 6299548E 		.ascii	"b\231T\216I\305\234TAH3\216\266\025\246\310A#\360\347"
 258      49C59C54 
 258      4148338E 
 258      B615A6C8 
 258      4123F0E7 
 259 0beb 4B62A46A 		.ascii	"Kb\244j \325P\322J\366\014\277\323MR\220*eR-&Ur\322"
 259      20D550D2 
 259      4AF60CBF 
 259      D34D5290 
 259      2A65522D 
 260 0c03 03420A4A 		.ascii	"\003B\012Jk\3501A\236\002\244z1\322C 5\260\023\3568"
 260      6BE83141 
 260      9E02A47A 
 260      31D24320 
 260      35B013EE 
 261 0c18 B08BF552 		.ascii	"\260\213\365R\252\202T'\223\0321\251\216\223\232\010"
 261      AA825427 
 261      931A31A9 
 261      8E939A08 
 262 0c28 C9695F1F 		.ascii	"\311i_\037!\241`\001R\213\030\251\025Hm\224\364h\"\350"
 262      21A16001 
 262      528B18A9 
 262      15486D94 
 262      F46822E8 
 263 0c3c 6FD86F05 		.ascii	"o\330o\005\024\242fY\324\216E\315\\\324AD\245\256s\333"
 263      14A26659 
 263      D48E45CD 
 263      5CD44144 
 263      A5AE73DB 
 264 0c50 16285640 		.ascii	"\026(V@\324%&z\004\242n*\012\011\331<`w'\351\012R\247"
ARM GAS  /tmp/ccDH9waz.s 			page 21


 264      D425267A 
 264      04A26E2A 
 264      0A09D93C 
 264      607727E9 
 265 0c67 4CEAC1A4 		.ascii	"L\352\301\244NN\352%\244\254\261\211 s\224.@\352\027"
 265      4E4EEA25 
 265      A4ACB189 
 265      2073942E 
 265      40EA17
 266 0c7a 230D0069 		.ascii	"#\015\000i\220\222*\362\036f\263\313\200\014\005\251"
 266      90922AF2 
 266      1E66B3CB 
 266      800C05A9 
 267 0c8a 4F260D61 		.ascii	"O&\015aR\037'\015\023\222\307\356\224%*\024\020\215"
 267      521F270D 
 267      1392C7EE 
 267      94252A14 
 267      108D
 268 0c9c 8A89C640 		.ascii	"\212\211\306@d\240\242\344\305\210\"\376K\001\205hD"
 268      64A0A2E4 
 268      C58822FE 
 268      4B018568 
 268      44
 269 0cad 168D63D1 		.ascii	"\026\215c\321\010\027M\020Q\350\366x\2071\252\026 M"
 269      08174D10 
 269      51E8F678 
 269      8731AA16 
 269      204D
 270 0cbf 8991A681 		.ascii	"\211\221\246\2014CI\231]\336\374W^%\012\322\244L\232"
 270      34434999 
 270      5DDEFC57 
 270      5E250AD2 
 270      A44C9A
 271 0cd2 C5A4494E 		.ascii	"\305\244IN\232#\244\274h;\007S\324,@Z\020#-\002\351"
 271      9A23A4BC 
 271      683B0753 
 271      D42C405A 
 271      10232D02 
 272 0ce7 3125EDE7 		.ascii	"1%\355\347$W\263+\312R\005i^&-a\322<'=!\244\376`\007"
 272      2457B32B 
 272      CA520569 
 272      5E262D61 
 272      D23C273D 
 273 0d00 7F33D423 		.ascii	"\1773\324#@Z\021#\255\002i\215\222\272\202\333\252Y"
 273      405A1123 
 273      AD02698D 
 273      92BA82DB 
 273      AA59
 274 0d12 2F952948 		.ascii	"/\225)H\3132i\035\223\2269i\203\356\270\231eW\011\215"
 274      CB32691D 
 274      93963969 
 274      83EEB899 
 274      6557098D 
 275 0d26 0990B6C4 		.ascii	"\011\220\266\304H\333@\332\241\244\255\265\361\177e"
 275      48DB40DA 
 275      A1A4ADB5 
 275      F17F65
ARM GAS  /tmp/ccDH9waz.s 			page 22


 276 0d35 BF155088 		.ascii	"\277\025P\2106e\321.\026mr\321\036\0219\257\372\030"
 276      3665D12E 
 276      166D72D1 
 276      1E1139AF 
 276      FA18
 277 0d47 74685E40 		.ascii	"th^@t &:\004\321\021\333o\216\2531\354\267p\015\012"
 277      7420263A 
 277      04D111DB 
 277      6F8EAB31 
 277      ECB7700D 
 278 0d5c D2BE4C3A 		.ascii	"\322\276L:\306\244}N\322\2531i\273\246\371\241\026\255"
 278      C6A47D4E 
 278      D2AB3169 
 278      BBA6F9A1 
 278      16AD
 279 0d6e 0B906CD5 		.ascii	"\013\220l\325b\177\264\2446\226\354\325\204\264Y\322"
 279      627FB4A4 
 279      3696ECD5 
 279      84B459D2 
 280 0d7e F7985DBE 		.ascii	"\367\230]\2765*H6j\371\217\226\324\370\217\226\324\374"
 280      352A4836 
 280      6AF98F96 
 280      D4F88F96 
 280      D4FC
 281 0d90 8F960829 		.ascii	"\217\226\010)|e\365\320\002\035\012\220\234\304H\316"
 281      7C65F5D0 
 281      021D0A90 
 281      9CC448CE 
 282 0da0 4072A124 		.ascii	"@r\241$\373\312\014~\353\335\244 \335\227I\256\230t"
 282      FBCA0C7E 
 282      EBDDA420 
 282      DD9749AE 
 282      9874
 283 0db2 9F93DC08 		.ascii	"\237\223\334\010ijm\372\010\241\373&\002\177\264$F\362"
 283      696A6DFA 
 283      08A1FB26 
 283      027FB424 
 283      46F2
 284 0dc4 04921725 		.ascii	"\004\222\027%\015\316\331\316\260\353\267V\005\311]"
 284      0DCED9CE 
 284      B0EBB756 
 284      05C95D
 285 0dd3 26796392 		.ascii	"&yc\222;'\371\020Rm\243\235\243\012y\013\220\374\304"
 285      3B27F910 
 285      526DA39D 
 285      A30A790B 
 285      90FCC4
 286 0de6 48FE400A 		.ascii	"H\376@\012\240\244\265\232\331#v'\320\246 \371\312\244"
 286      A0A4B59A 
 286      D9237627 
 286      D0A620F9 
 286      CAA4
 287 0df8 404CF2E5 		.ascii	"@L\362\345\244 Brl\324\207\233\241P\001R\210\030)\024"
 287      A4204272 
 287      6CD4879B 
 287      A1500152 
 287      88182914 
ARM GAS  /tmp/ccDH9waz.s 			page 23


 288 0e0c 48619414 		.ascii	"Ha\224\024\2205\036\300v\\\273\202\024,\223\3021)\230"
 288      90351EC0 
 288      765CBB82 
 288      142C93C2 
 288      312998
 289 0e1f 932208C9 		.ascii	"\223\"\010\311\315e\332\321\024\305\013\220\242\304"
 289      CD65DAD1 
 289      14C50B90 
 289      A2C4
 290 0e2d 48D1408A 		.ascii	"H\321@\212\241\244\302\344\221c6R\366+H\2212)\026\223"
 290      A1A4C2E4 
 290      91633652 
 290      F62B4891 
 290      32291693 
 291 0e41 2239298E 		.ascii	"\"9)\216\220z\227\213\276D\231\002\242\0041Q\"\210\222"
 291      907A978B 
 291      BE449902 
 291      A2043151 
 291      228892
 292 0e54 A868F2D0 		.ascii	"\250h\362\320\245\234\211\206\024\242xY\224\214E\361"
 292      A59C8986 
 292      14A27859 
 292      948C45F1 
 293 0e64 5C944244 		.ascii	"\\\224BD#\333\3716:T,@J\023#\245\003)\203\222v\366:"
 293      23DBF936 
 293      3A542C40 
 293      4A1323A5 
 293      03298392 
 294 0e7b 33D91FC1 		.ascii	"3\331\037\301\016+H\2512)\023\223R9)\213\220\022\302"
 294      0E2B48A9 
 294      32291393 
 294      5239298B 
 294      9012C2
 295 0e8e 13FD2554 		.ascii	"\023\375%T+@\312\021#\345\002)\217\222\216\302fc\331"
 295      2B40CA11 
 295      23E50229 
 295      8F928EC2 
 295      6663D9
 296 0ea1 A134A220 		.ascii	"\2414\242 e\313\244|L\312\346\244\002B**\230\366\263"
 296      65CBA47C 
 296      4CCAE6A4 
 296      02422A2A 
 296      98F6B3
 297 0eb4 44AD02A4 		.ascii	"D\255\002\244\"1R1\220J(\311n>l\216}\302\215*H\2052"
 297      22315231 
 297      904A28C9 
 297      6E3E6C8E 
 297      7DC28D2A 
 298 0ecb A914930A 		.ascii	"\251\024\223\0129\251\214\220b\307\"+-Q\037%\005\272"
 298      39A98C90 
 298      62C7222B 
 298      2D511F25 
 298      05BA
 299 0edd 47C69167 		.ascii	"G\306\221g\257\372\250\345\034\375\373\366z\371O\240"
 299      AFFAA8E5 
 299      1CFDFBF6 
 299      7AF94FA0 
ARM GAS  /tmp/ccDH9waz.s 			page 24


 300 0eed CBF942F0 		.ascii	"\313\371B\360\035\005_B\005Y\302\341\260a\327\230|U"
 300      1D055F42 
 300      0559C2E1 
 300      B061D798 
 300      7C55
 301 0eff 44FF0778 		.ascii	"D\377\007x!\265\015\321Cj\362\335\020\203\012\267\323"
 301      21B50DD1 
 301      436AF2DD 
 301      10830AB7 
 301      D3
 302 0f10 9AF6A3CC 		.ascii	"\232\366\243\314\3214\333\350\212\235z-Z\246\0157'C"
 302      D134DBE8 
 302      8A9D7A2D 
 302      5AA60D37 
 302      2743
 303 0f22 A316EDD0 		.ascii	"\243\026\355\320\206MB\251\233\011\274\355O\265d3\307"
 303      864D42A9 
 303      9B09BCED 
 303      4FB56433 
 303      C7
 304 0f33 4277E3CC 		.ascii	"Bw\343\314H\023\177\353\312\022&\251\032f\364\261:\351"
 304      48137FEB 
 304      CA1226A9 
 304      1A66F4B1 
 304      3AE9
 305 0f45 1CF9C2CB 		.ascii	"\034\371\302\313\212kg\234E\261^o*=Tk\245ZYG\336\216"
 305      8A6B679C 
 305      45B15E6F 
 305      2A3D546B 
 305      A55A5947 
 306 0f5b 7FC8175D 		.ascii	"\177\310\027]\350\227Q\214\344\257\242H\365\352sPAj"
 306      E897518C 
 306      E4AFA248 
 306      F5EA7350 
 306      416A
 307 0f6d A507EAB3 		.ascii	"\245\007\352\263R\235\032\177!EUwPa\257\226\264\347"
 307      529D1A7F 
 307      21455577 
 307      5061AF96 
 307      B4E7
 308 0f7f 9EFDA6C6 		.ascii	"\236\375\246\306g\274\211\030\346;\243>\263\325\277"
 308      67BC8918 
 308      E63BA33E 
 308      B3D5BF
 309 0f8e 2B3500A1 		.ascii	"+5\000\241\346)\001D\324\000\233\261<\346\230\252\266"
 309      E6290144 
 309      D4009BB1 
 309      3CE698AA 
 309      B6
 310 0f9f 70       		.ascii	"p"
 311 0fa0 79BA5C52 		.ascii	"y\272\\R\374\364\2531Mj\013VY\265\024;\255A\335\246"
 311      FCF4AB31 
 311      4D6A0B56 
 311      59B5143B 
 311      AD41DDA6 
 312 0fb4 A43382EE 		.ascii	"\2443\202\356\333t#4F\033\243AU.\306\212e\220[sy\031"
 312      DB742334 
ARM GAS  /tmp/ccDH9waz.s 			page 25


 312      461BA341 
 312      552EC68A 
 312      65905B73 
 313 0fca AD6A0BB6 		.ascii	"\255j\013\266j\330\224\320\300\345\015\023\351\234\005"
 313      6AD894D0 
 313      C0E50D13 
 313      E99C05
 314 0fd9 010E3F4A 		.ascii	"\001\016?J\372o\030\330\016\025-O\201\255t\245FF\277"
 314      FA6F18D8 
 314      0E152D4F 
 314      81AD74A5 
 314      4646BF
 315 0fec 6F99521B 		.ascii	"o\231R\033l\362\311\305Jy\201;\006-\2121#\240\302\205"
 315      6CF2C9C5 
 315      4A79813B 
 315      062D8A31 
 315      23A0C285 
 316 1000 ED5A2DCA 		.ascii	"\355Z-\312\242\2158\377\2004\272\273Mqs|p\"\311\022"
 316      A28D38FF 
 316      8034BABB 
 316      4D71737C 
 316      7022C912 
 317 1014 95D17959 		.ascii	"\225\321yY\251\315\307gP\033m4O\354\254\323\257\020"
 317      A9CDC767 
 317      501B6D34 
 317      4FECACD3 
 317      AF10
 318 1026 3D879B2E 		.ascii	"=\207\233.%\013\323g\220\201\316\213\266q\364\327\242"
 318      250BD367 
 318      9081CE8B 
 318      B671F4D7 
 318      A2
 319 1037 55DA08DE 		.ascii	"U\332\010\336n\251\267$\205\337\303\315\226v\367Z\013"
 319      6EA9B724 
 319      85DFC3CD 
 319      9676F75A 
 319      0B
 320 1048 64AF25F3 		.ascii	"d\257%\363:\006\035S\314\220;m\360/sY\320/s\005\333"
 320      3A061D53 
 320      CC903B6D 
 320      F02F7359 
 320      D02F7305 
 321 105d CDB7A951 		.ascii	"\315\267\251Q\000\235\327\347\031v\254F\221\264\221"
 321      009DD7E7 
 321      1976AC46 
 321      91B491
 322 106c 34D1E673 		.ascii	"4\321\346s\206\024\376\0007\357\007\370\227\353P\022"
 322      8614FE00 
 322      37EF07F8 
 322      97EB5012 
 323 107c 9D37B517 		.ascii	"\2357\265\027\265\254By\2641\266=VcB\012_\307\315\366"
 323      B5AC4279 
 323      B431B63D 
 323      5663420A 
 323      5FC7CDF6 
 324 1090 00438B29 		.ascii	"\000C\213)j\244\363\366&\207\\-Q\027m\330T\245?\242"
 324      6AA4F3F6 
ARM GAS  /tmp/ccDH9waz.s 			page 26


 324      26875C2D 
 324      51176DD8 
 324      54A53FA2 
 325 10a4 85977133 		.ascii	"\205\227q3\303\267oD\205\306\351<\247\256\226#\015="
 325      C3B76F44 
 325      85C6E93C 
 325      A7AE9623 
 325      0D3D
 326 10b6 21C8595D 		.ascii	"!\310Y]\337\3329%\221\332(rB\314\332\273<A\244\375c"
 326      DFDA3925 
 326      91DA2872 
 326      42CCDABB 
 326      3C41A4FD 
 327 10cb B2ED4D95 		.ascii	"\262\355M\225\377\321\227\247\346\325\354\313Ss\344"
 327      FFD197A7 
 327      E6D5ECCB 
 327      5373E4
 328 10da 5895F47A 		.ascii	"X\225\364z\207p\315\323/O\335%;w\006\016\313Y5._P?\317"
 328      8770CDD3 
 328      2F4FDD25 
 328      3B77060E 
 328      CB59352E 
 329 10f2 DF84ABD7 		.ascii	"\337\204\253\327\213\035\375-\320*\205\345\304\306\027"
 329      8B1DFD2D 
 329      D02A85E5 
 329      C4C617
 330 1101 989115BF 		.ascii	"\230\221\025\277\013\315\027f\026\022cM\244\227\351"
 330      0BCD1766 
 330      1612634D 
 330      A497E9
 331 1110 CF0B2FCB 		.ascii	"\317\013/\313?\347\242\340\260\240\337_Ad\351\335p\350"
 331      3FE7A2E0 
 331      B0A0DF5F 
 331      4164E9DD 
 331      70E8
 332 1122 6CA85F78 		.ascii	"l\250_xzx\364\220U\375\020\376gDj\017\237\326\366>\273"
 332      7A78F490 
 332      55FD10FE 
 332      67446A0F 
 332      9FD6F63E 
 333 1137 3651928B 		.ascii	"6Q\222\213\367\237\026?:]\334u\272x\367iq\307\351\342"
 333      F79F163F 
 333      3A5DDC75 
 333      BA78F769 
 333      71C7E9E2 
 334 114b 1F9CAAC5 		.ascii	"\037\234\252\305\177\034\375:)\235>]:uz\271\356r\355"
 334      7F1CFD3A 
 334      299D3E5D 
 334      3A757AB9 
 334      EE72ED
 335 115e C4E9DAF1 		.ascii	"\304\351\332\361\323\265{O\015\235\317\006\223\236\360"
 335      D3B57B4F 
 335      0D9DCF06 
 335      939EF0
 336 116d 66BBE4DD 		.ascii	"f\273\344\335\273FR%\354\217*2\013W\303Y$\035\303\031"
 336      BB465225 
 336      EC8F2A32 
ARM GAS  /tmp/ccDH9waz.s 			page 27


 336      0B57C359 
 336      241DC319 
 337 1181 75A47E59 		.ascii	"u\244~YZ\201X\207X\206X\202x\002\261\007\261\005\261"
 337      5A815887 
 337      58865882 
 337      7802B107 
 337      B105B1
 338 1194 0DB10FB1 		.ascii	"\015\261\017\261\011q\000\261\003\261\006q\010\261\012"
 338      097100B1 
 338      03B10671 
 338      08B10A
 339 11a3 B1AB7E99 		.ascii	"\261\253~\231\234\266D\345\"o\301\310i\324\350\251\335"
 339      9CB644E5 
 339      226FC1C8 
 339      69D4E8A9 
 339      DD
 340 11b4 73FC7403 		.ascii	"s\374t\003\006N\327\366\237\336Z'y\271\203\247k\207"
 340      064ED7F6 
 340      9FDE5A27 
 340      79B983A7 
 340      6B87
 341 11c6 4E2DD74D 		.ascii	"N-\327M.5<\273\023y\251>*\350\025\250\204cSZd\225\374"
 341      2E353CBB 
 341      1379A93E 
 341      2AE815A8 
 341      8463535A 
 342 11dd 88951E9F 		.ascii	"\210\225\036\237Z\350\321Sl\337\263\261Ok\235e\300\360"
 342      5AE8D153 
 342      6CDFB3B1 
 342      4F6B9D65 
 342      C0F0
 343 11ef B3AD27B6 		.ascii	"\263\255'\266\313U\256\035{v\177\235\250\365\220k'\237"
 343      CB55AE1D 
 343      7B767F9D 
 343      A8F5906B 
 343      279F
 344 1201 7D24C904 		.ascii	"}$\311\004\303N\367\215*\340\3028.5?\363\000%\245x4"
 344      C34EF78D 
 344      2AE0C238 
 344      2E353FF3 
 344      0025A578 
 345 1216 362C5F30 		.ascii	"6,_0\305\363\215\370\007)\377\220Puz\025mi\244s/\220"
 345      C5F38DF8 
 345      0729FF90 
 345      50757A15 
 345      6D69A473 
 346 122c AAE0EBA6 		.ascii	"\252\340\353\246\222\215\346\005\251\372\351x\215\337"
 346      928DE605 
 346      A9FAE978 
 346      8DDF
 347 123a 447E9E75 		.ascii	"D~\236u\210Iz\315\271\377/G\031\036kv\374\213\021\332"
 347      88497ACD 
 347      B9FF2F47 
 347      191E6B76 
 347      FC8B11DA 
 348 124e A5A34764 		.ascii	"\245\243GdC\362c\025\2625\247Co\266\327\256\216\214"
 348      43F26315 
ARM GAS  /tmp/ccDH9waz.s 			page 28


 348      B235A743 
 348      6FB6D7AE 
 348      8E8C
 349 1260 713FC1CD 		.ascii	"q?\301\315\376\206\300Kd`1\303\255\003\273\245-\364"
 349      FE86C04B 
 349      646031C3 
 349      AD03BBA5 
 349      2DF4
 350 1272 FB473447 		.ascii	"\373G4G\015\033\321\272\350\210\346\337mp\325\234\376"
 350      0D1BD1BA 
 350      E888E6DF 
 350      6D70D59C 
 350      FE
 351 1283 3AA8BDE6 		.ascii	":\250\275\346\254\344\240\301\345\3675\317\3637\341"
 351      ACE4A0C1 
 351      E5F735CF 
 351      F337E1
 352 1292 EA9049D7 		.ascii	"\352\220I\327\021\315\213.\346\344\272\011\317\203i"
 352      11CD8B2E 
 352      E6E4BA09 
 352      CF8369
 353 12a1 356E0EBE 		.ascii	"5n\016\276\246\364vNC\257\233\002\302\227\322-\221\037"
 353      A6F4764E 
 353      43AF9B02 
 353      C297D22D 
 353      911F
 354 12b3 C5FA9785 		.ascii	"\305\372\227\205\371\340q\357\037\264z:@\357x\370K\244"
 354      F9E071EF 
 354      1FB47A3A 
 354      40EF78F8 
 354      4BA4
 355 12c5 DC15AF01 		.ascii	"\334\025\257\001\213S\364\313Z\024F\313Wz\023\3265\370"
 355      8B53F4CB 
 355      5A1446CB 
 355      577A13D6 
 355      35F8
 356 12d7 0ACB5DC3 		.ascii	"\012\313]\303\256\271\242\012\217\341\306\027\246\270"
 356      AEB9A20A 
 356      8FE1C617 
 356      A6B8
 357 12e5 6890E4A6 		.ascii	"h\220\344\2461\226<4\344\232\353\311\314b\243\016O\267"
 357      31963C34 
 357      E49AEBC9 
 357      CC62A30E 
 357      4FB7
 358 12f7 83E9CE30 		.ascii	"\203\351\3160\335\223NO[\353\334R\241h\272\270\352-"
 358      DD934E4F 
 358      5BEBDC52 
 358      A168BAB8 
 358      EA2D
 359 1309 BF68F357 		.ascii	"\277h\363W\242\365\006\333\225\212\341x)X\037m\253\327"
 359      A2F506DB 
 359      958AE178 
 359      29581F6D 
 359      ABD7
 360 131b E38B3372 		.ascii	"\343\2133r)\340\255!\273\371D\367x\223\265\342w66/>"
 360      29E0AD21 
ARM GAS  /tmp/ccDH9waz.s 			page 29


 360      BBF944F7 
 360      7893B5E2 
 360      7736362F 
 361 1330 32FDDDBE 		.ascii	"2\375\335\276\336Io\330\277E\0161\037\315+d\216o\224"
 361      DE496FD8 
 361      BF450E31 
 361      1FCD2B64 
 361      8E6F94
 362 1343 67983199 		.ascii	"g\2301\231Su\236|P\303\245\030\231q\234\352\231\217"
 362      53759E7C 
 362      50C3A518 
 362      99719CEA 
 362      998F
 363 1355 E88C7FA6 		.ascii	"\350\214\177\2463$:#{;\305\321\222\316\370\177d\306"
 363      33243A23 
 363      7B3BC5D1 
 363      92CEF87F 
 363      64C6
 364 1367 0336A360 		.ascii	"\0036\243`\300\261IMWrp\213\314ibs\"Cf\366\320\311\225"
 364      C0B1494D 
 364      5772708B 
 364      CC696273 
 364      224366F6 
 365 137e 74B0190F 		.ascii	"t\260\031\017\237\354:\030\237\\I/\233\321\341\272:"
 365      9FEC3A18 
 365      9F5C492F 
 365      9BD1E1BA 
 365      3A
 366 138f A03EB992 		.ascii	"\240>\271\222a6c\3246f\235\276\303pHW2\301\346\204:"
 366      613663D4 
 366      36669DBE 
 366      C3704857 
 366      32C1E684 
 367 13a4 FA564A27 		.ascii	"\372VJ'W2\307f\354\272$\356\233\236\\\311\0236\303a"
 367      5732C766 
 367      ECBA24EE 
 367      9B9E5CC9 
 367      1336C361 
 368 13b8 21605D3A 		.ascii	"!`]:\271\222\0156\303\351\301d!\333\222#\272\222=6'"
 368      B9920D36 
 368      C3E9C164 
 368      21DB9223 
 368      BA923D36 
 369 13cd 2DAD2B4B 		.ascii	"-\255+K\261%z\025\235a\027\031\231mqr%\216lF\315\301"
 369      B1257A15 
 369      9D611719 
 369      996D7172 
 369      258E6C46 
 370 13e3 81BB624B 		.ascii	"\201\273bK\334\330\214\336\372\371=\272v\203S\246Df"
 370      DCD88CDE 
 370      FAF93DBA 
 370      768353A6 
 370      4466
 371 13f5 F9B059AD 		.ascii	"\371\260Y\255Q\253\353*\372\236w\310\214 6#\244oz\003"
 371      51ABEB2A 
 371      FA9E77C8 
 371      8C203623 
ARM GAS  /tmp/ccDH9waz.s 			page 30


 371      A46F7A03 
 372 1409 9193857C 		.ascii	"\221\223\205|\376\367V\216\016\263\356\373?\244.\202"
 372      FEF7568E 
 372      0EB3EEFB 
 372      3FA42E82 
 373 1419 D57964C4 		.ascii	"\325yd\304\255[\222:\204\233\231\271\205\216\254\316"
 373      AD5B923A 
 373      849B99B9 
 373      858EACCE 
 374 1429 1991C238 		.ascii	"\031\221\3028V\310\277\266\256\243_[_\037\257x@Wlpa"
 374      56C8BFB6 
 374      AEA35F5B 
 374      5F1FAF78 
 374      40576C70 
 375 143e A61456F9 		.ascii	"\246\024V\371\370Qh\211\005\251T\343f~bW,:I\314bu>\016"
 375      F8516889 
 375      05A954E3 
 375      667E6257 
 375      2C3A49CC 
 376 1456 4545F47C 		.ascii	"EE\364|\326\220\253\247\304\212<\335Ib\001\253\333\216"
 376      D690ABA7 
 376      C48A3CDD 
 376      496201AB 
 376      DB8E
 377 1468 352CD2EF 		.ascii	"5,\322\357\205\233\340\346p\343p\250NA,c\205G\331\225"
 377      859BE0E6 
 377      70E370A8 
 377      4E412C63 
 377      8547D995 
 378 147c AE26D4E4 		.ascii	"\256&\324\344\316L5l\026\033,tt\260\310\275\177\334"
 378      CE4C356C 
 378      161B2C74 
 378      74B0C8BD 
 378      7FDC
 379 148e 657E92D4 		.ascii	"e~\222\324\300\312\334\367V[)I\213\233\023\353K\037"
 379      C0CADCF7 
 379      565B2949 
 379      8B9B13EB 
 379      4B1F
 380 14a0 9C14B5B1 		.ascii	"\234\024\265\261\262Y\257\244L\272\205\346\344\302\314"
 380      B259AFA4 
 380      4CBA85E6 
 380      E4C2CC
 381 14af 69B7C15C 		.ascii	"i\267\301\\!\352\346t\207\025g-)\264\300\315\325\373"
 381      21EAE674 
 381      8715672D 
 381      29B4C0CD 
 381      D5FB
 382 14c1 E9BDB42B 		.ascii	"\351\275\264+\014A\0148\310;-'\252\336\224T\236\301"
 382      0C410C38 
 382      C83B2D27 
 382      AADE9454 
 382      9EC1
 383 14d3 CD8568CF 		.ascii	"\315\205h\317\000\223\223B\003\253\313\216\036\332\246"
 383      00939342 
 383      03ABCB8E 
 383      1EDAA6
ARM GAS  /tmp/ccDH9waz.s 			page 31


 384 14e2 FB5547C6 		.ascii	"\373UG\306\215\300\255\\\315I\342\014\337`\203m\023"
 384      8DC0AD5C 
 384      CD49E20C 
 384      DF60836D 
 384      13
 385 14f3 FD47072C 		.ascii	"\375G\007,\311q\342\271\232\250R\020\037\263B~\211\254"
 385      C971E2B9 
 385      9AA85210 
 385      1FB3427E 
 385      89AC
 386 1505 A397C80F 		.ascii	"\243\227\310\017\363\354\216\330\371\037\312\210k\254"
 386      F3EC8ED8 
 386      F91FCA88 
 386      6BAC
 387 1513 726762AD 		.ascii	"rgb\255\225\256\372[\344B\265F\237\240\350\304\035V"
 387      95AEFA5B 
 387      E442B546 
 387      9FA0E8C4 
 387      1D56
 388 1525 E7B414EC 		.ascii	"\347\264\024\354IWM\006\312\005\237\2644\325I\342\021"
 388      49574D06 
 388      CA059FB4 
 388      34D549E2 
 388      11
 389 1536 AB0B6E0E 		.ascii	"\253\013n\016d\235\375\002n\316e\246\271Y*\210\366\210"
 389      649DFD02 
 389      6ECE65A6 
 389      B9592A88 
 389      F688
 390 1548 16F26FFE 		.ascii	"\026\362o\376\353\3507\377\207[W:\265\224\030\301\210"
 390      EBE837FF 
 390      875B573A 
 390      B59418C1 
 390      88
 391 1559 2EAC92FF 		.ascii	".\254\222\377\223\001:\372O\006\264w\366\306hO\022\275"
 391      93013AFA 
 391      4F06B477 
 391      F6C6684F 
 391      12BD
 392 156b 58DD4875 		.ascii	"X\335Hu\355\240\011\251#\267\217\323su\371\246'\211"
 392      EDA009A9 
 392      23B78FD3 
 392      7375F9A6 
 392      2789
 393 157d 01AC6EB8 		.ascii	"\001\254n\270\243'\225\022\277K\372j/\261P\243 \206"
 393      A3279512 
 393      BF4BFA6A 
 393      2FB150A3 
 393      2086
 394 158f B1427EFF 		.ascii	"\261B~\377\240\243\367\017G\251\273\217\3511jHf\304"
 394      A0A3F70F 
 394      47A9BB8F 
 394      E9316A48 
 394      66C4
 395 15a1 18563995 		.ascii	"\030V9\225\354}L{\361\017I\345\326^\265\372$1\011\311"
 395      EC7D4C7B 
 395      F10F49E5 
ARM GAS  /tmp/ccDH9waz.s 			page 32


 395      D65EB5FA 
 395      243109C9 
 396 15b5 07F336DD 		.ascii	"\007\3636\335\024\372\201Un\277jr\222\230\301\352\232"
 396      14FA8155 
 396      6EBF6A72 
 396      9298C1EA 
 396      9A
 397 15c6 762767D5 		.ascii	"v'g\325\244\356\217\310!\353\027\306\207CF\314c\205"
 397      A4EE8FC8 
 397      21EB17C6 
 397      874346CC 
 397      6385
 398 15d8 3965739B 		.ascii	"9es\233\224\370\307\344\240\235\310Ic\303c\032#\226"
 398      94F8C7E4 
 398      A09DC849 
 398      63C3631A 
 398      2396
 399 15ea B0CAD0C8 		.ascii	"\260\312\320\310\276'gH\345\177\301\315R\357\202\032"
 399      BE276748 
 399      E57FC1CD 
 399      52EF821A 
 400 15fa 8B93C42A 		.ascii	"\213\223\304*V\347\351{\230\253\"u\177B\006\311\252"
 400      56E7E97B 
 400      98AB2275 
 400      7F4206C9 
 400      AA
 401 160b AE4F4F0A 		.ascii	"\256OO\012\353YY\231\247g\035\355\354\027\2110\244\244"
 401      EB595999 
 401      A7671DED 
 401      EC178930 
 401      A4A4
 402 161d 4379FEB6 		.ascii	"Cy\376\266\260\302v\007\375\022\355^C&#u\261Y]\353~"
 402      B0C27607 
 402      FD12ED5E 
 402      43262375 
 402      B1595DEB 
 403 1632 49F498FA 		.ascii	"I\364\230\372S2\030\205\034\325)\306\224~\276c\353K"
 403      53321885 
 403      1CD529C6 
 403      947EBE63 
 403      EB4B
 404 1644 1AE88381 		.ascii	"\032\350\203\201\227q3a#{_qz\214\262\272\325\244\236"
 404      97713361 
 404      237B5F71 
 404      7A8CB2BA 
 404      D5A49E
 405 1657 3F2365AF 		.ascii	"?#e\257\340VJ~c\357\031\005i\212\325EO65\323\365~\237"
 405      E0564A7E 
 405      63EF1905 
 405      698AD545 
 405      4F3635D3 
 406 166e DCD48D64 		.ascii	"\334\324\215d|B\201%\014\270\300\012\347V2\013\350\360"
 406      7C428125 
 406      0CB8C00A 
 406      E756320B 
 406      E8F0
 407 1680 F867646C 		.ascii	"\370gdl\313\360\232R\034y+\254n\322>\336\325\214\324"
ARM GAS  /tmp/ccDH9waz.s 			page 33


 407      CBF09A52 
 407      1C792BAC 
 407      6ED23EDE 
 407      D58CD4
 408 1693 9DC3CDA5 		.ascii	"\235\303\315\245\303\264\014\355I\340\026\253\313\255"
 408      C3B40CED 
 408      49E016AB 
 408      CBAD
 409 16a1 4AD5D3BE 		.ascii	"J\325\323\276\375s\362\266\340\234\032\345\020s\300"
 409      FD73F2B6 
 409      E09C1AE5 
 409      1073C0
 410 16b0 0AF97DA6 		.ascii	"\012\371}\246\216\336g\0266\255\037\263\017\244rF\264"
 410      8EDE6716 
 410      36AD1FB3 
 410      0FA47246 
 410      B4
 411 16c1 35A6956B 		.ascii	"5\246\225k\225}\303\264o\376\0027S\247\216\362\024\347"
 411      957DC3B4 
 411      6FFE0237 
 411      53A78EF2 
 411      14E7
 412 16d3 AF13ABDB 		.ascii	"\257\023\253\333\350\313\213\240\253\376!9\264\333\003"
 412      E8CB8BA0 
 412      ABFE2139 
 412      B4DB03
 413 16e2 1615479E 		.ascii	"\026\025G\236\007\253\213.m\253\244C\326_\222{\325\266"
 413      07AB8B2E 
 413      6DABA443 
 413      D65F927B 
 413      D5B6
 414 16f4 723BE57E 		.ascii	"r;\345~\365c\205\203\355\331\343\364,z\0257\275#\\\353"
 414      F5638583 
 414      EDD9E3F4 
 414      2C7A1537 
 414      BD235CEB 
 415 1708 D830DDC0 		.ascii	"\3300\335\300\210!\2542jr\266\207\036\243\177E6\306"
 415      8821AC32 
 415      6A72B687 
 415      1EA37F45 
 415      36C6
 416 171a BF71CBF2 		.ascii	"\277q\313\362$1\212\325\365\016g:\321\336~\0157#\216"
 416      24318AD5 
 416      F50E673A 
 416      D1DE7E0D 
 416      37238E
 417 172d 53BCCE9C 		.ascii	"S\274\316\234$&\260\272\201\371\302I\272)\347\311\001"
 417      2426B0BA 
 417      81F9C249 
 417      BA29E7C9 
 417      01
 418 173e 365237AE 		.ascii	"6R7\256\374tKc\205\374&\\Go\3027\343[x/63b\016\253\014"
 418      FC744B63 
 418      85FC265C 
 418      476FC237 
 418      E35B782F 
 419 1758 CD28ADA0 		.ascii	"\315(\255\240\3047\310x96\237\254\370\000.bu\211\205"
ARM GAS  /tmp/ccDH9waz.s 			page 34


 419      C437C878 
 419      39369FAC 
 419      F8002E62 
 419      758985
 420 176b 53BDF453 		.ascii	"S\275\364S\353\0029\235K\303\206\024Gb\005\253\333\034"
 420      EB02399D 
 420      4BC38614 
 420      476205AB 
 420      DB1C
 421 177d CA1DA2E7 		.ascii	"\312\035\242\347\371\233\244S\373\226[\221\202\370\200"
 421      F99BA453 
 421      FB965B91 
 421      82F880
 422 178c 151E17F4 		.ascii	"\025\036\027\364\215\323\005^$\003\374\276=\355\032"
 422      8DD3055E 
 422      2403FCBE 
 422      3DED1A
 423 179b 431B1336 		.ascii	"C\033\0236\261B\217\303%{\272_.\2211\254(|Lq\256t\260"
 423      B1428FC3 
 423      257BBA5F 
 423      2E9131AC 
 423      287C4C71 
 424 17b2 BAD285C3 		.ascii	"\272\322\205\303\036:\254\276E.Xr\026\322,N\012{Y\235"
 424      1E3AACBE 
 424      452E5872 
 424      16D22C4E 
 424      0A7B599D 
 425 17c6 7E2FC099 		.ascii	"~/\300\231\036\262o\343\346V"
 425      1EB26FE3 
 425      E656
 426 17d0 47FBAA85 		.ascii	"G\373\252\205B8\314\012\371\003\012\035}@\021\3225\360"
 426      4238CC0A 
 426      F9030A1D 
 426      7D4011D2 
 426      35F0
 427 17e2 06150E30 		.ascii	"\006\025\0160\341\004+\234I[h\246\233\362\016\331\315"
 427      E1042B9C 
 427      495B68A6 
 427      9BF20ED9 
 427      CD
 428 17f3 8DAEFCA2 		.ascii	"\215\256\374\242\203\012\347X]q\302@)=b\377\232\364"
 428      830AE758 
 428      5D71C240 
 428      293D62FF 
 428      9AF4
 429 1805 75A7A146 		.ascii	"u\247\241F}R\370\204\325M\007o\366\3211\365op3\314\351"
 429      7D52F884 
 429      D54D076F 
 429      F6D131F5 
 429      6F7033CC 
 430 181a B856394C 		.ascii	"\270V9Lo\260\302\035\375N\003\355\232\277\305\315\362"
 430      6FB0C21D 
 430      FD4E03ED 
 430      9ABFC5CD 
 430      F2
 431 182b 3DBF367A 		.ascii	"=\2776z\012\030\206\031q\217\367vv\315\010%\376\035"
 431      0A188619 
ARM GAS  /tmp/ccDH9waz.s 			page 35


 431      718FF776 
 431      76CD0825 
 431      FE1D
 432 183d 6ED63964 		.ascii	"n\3269d,hN\022\365\354\342wjr-\210\036\016\177O.\356"
 432      2C684E12 
 432      F5ECE277 
 432      6A722D88 
 432      1E0E7F4F 
 433 1853 360B3215 		.ascii	"6\0132\025\347\263#\257k\357\251\240}\363#\262e\375"
 433      E7B323AF 
 433      6BEFA9A0 
 433      7DF323B2 
 433      65FD
 434 1865 1B2B660A 		.ascii	"\033+f\012\242\033+\344\017Lt\344\201\211\264SU\336"
 434      A21B2BE4 
 434      0F4C74E4 
 434      8189B453 
 434      55DE
 435 1877 C12E19C6 		.ascii	"\301.\031\306\370\265\037\253\214[\217K\243\225\357"
 435      F8B51FAB 
 435      8C5B8F4B 
 435      A395EF
 436 1886 91351C3B 		.ascii	"\2215\034;\344)>I\202X\335N@v\021=\302\336'\347\375"
 436      E4293E49 
 436      8258DD4E 
 436      4076113D 
 436      C2DE27E7 
 437 189b FC60B6E2 		.ascii	"\374`\266\342\3638\202\325\035=(\253\247c\335\025r\221"
 437      F33882D5 
 437      1D3D28AB 
 437      A763DD15 
 437      7291
 438 18ad 53D731A9 		.ascii	"S\3271\251\374$\211c\205)E.\373\264\027? \237\367\207"
 438      FC248963 
 438      8529452E 
 438      FBB4173F 
 438      209FF787 
 439 18c1 B11BEC7C 		.ascii	"\261\033\354|^\340\227\202\254\262,<\273\232~8}\210"
 439      5EE09782 
 439      ACB22C3C 
 439      BB9A7E38 
 439      7D88
 440 18d3 9B5ED147 		.ascii	"\233^\321G\025\212Q1\213\325\015.\206\367\323\272\217"
 440      158A5131 
 440      8BD50D2E 
 440      86F7D3BA 
 440      8F
 441 18e4 C86558CC 		.ascii	"\310eX\314\310\202\231\342R\220\325\361\307X:\372\030"
 441      C88299E2 
 441      5290D5F1 
 441      C7583AFA 
 441      18
 442 18f5 ABC3F630 		.ascii	"\253\303\3660J9n\227\261\302\335\375]_\351\255<\275"
 442      4A396E97 
 442      B1C2DDFD 
 442      5D5FE9AD 
 442      3CBD
ARM GAS  /tmp/ccDH9waz.s 			page 36


 443 1907 5354D51F 		.ascii	"ST\325\037\222g\000?<+\305j~'\375\345Y)\016R<\334\351"
 443      9267003F 
 443      3C2BC56A 
 443      7E27FDE5 
 443      59290E52 
 444 191e 25404E84 		.ascii	"%@N\204\234\0049\031r\012\344T\310i\220\323!g@\316\204"
 444      9C043919 
 444      720AE454 
 444      C86990D3 
 444      216740CE 
 445 1933 9C05F9D5 		.ascii	"\234\005\371\325\263R6\244\034h\302\345\226\224\007"
 445      B35236A4 
 445      1C68C2E5 
 445      969407
 446 1942 391F7201 		.ascii	"9\037r\001d\270 \220\212 \027C.\201\\\012\271\014r9"
 446      64B82090 
 446      8A201743 
 446      2E815C0A 
 446      B90C7239 
 447 1956 E40AC895 		.ascii	"\344\012\310\225\220\253 WC\256\201\014G\246\364\000"
 447      90AB2057 
 447      43AE810C 
 447      47A6F400 
 448 1966 721DE47A 		.ascii	"r\035\344z\310\017!7@n\204\334\004\271\031r\013\344"
 448      C80F2137 
 448      406E84DC 
 448      04B91972 
 448      0BE4
 449 1978 56C86D90 		.ascii	"V\310m\220\333!w@\356\204\334\005\371\021\344n\310="
 449      DB217740 
 449      EE84DC05 
 449      F911E46E 
 449      C83D
 450 198a 907B21F7 		.ascii	"\220{!\367A\356\207<\000y\0202\2142\3220\344\021\310"
 450      41EE873C 
 450      00791032 
 450      8C32D230 
 450      E411C8
 451 199d A390C7F0 		.ascii	"\243\220\307\360f\302\215\236\001\3628\264' OB\236\202"
 451      66C28D9E 
 451      01F238B4 
 451      27204F42 
 451      9E82
 452 19af 3C0D7906 		.ascii	"<\015y\006\362,\3449\310\363\220\3410\227\026!?\206"
 452      F22CE439 
 452      C8F390E1 
 452      30971621 
 452      3F86
 453 19c1 BC04F909 		.ascii	"\274\004\371\011\344e\310+\220W!\257A^\207\274\001y"
 453      E465C82B 
 453      905721AF 
 453      415E87BC 
 453      0179
 454 19d3 13F216E4 		.ascii	"\023\362\026\344m\310;\220w!\357A\336\207|\000\371\020"
 454      6DC83B90 
 454      7721EF41 
 454      DE877C00 
ARM GAS  /tmp/ccDH9waz.s 			page 37


 454      F910
 455 19e5 F211E463 		.ascii	"\362\021\344c\310z\223\337I6&g%[\310v\220\355!;@v\204"
 455      C87A93DF 
 455      49362667 
 455      255BC876 
 455      90ED213B 
 456 19fc 7C1FB213 		.ascii	"|\037\262\023dg\310.\220]!\273Av\207\354\001\331\023"
 456      6467C82E 
 456      905D21BB 
 456      417687EC 
 456      01D913
 457 1a0f B217646F 		.ascii	"\262\027do\310>\220}!\373A\366\207\014\227\311R \344"
 457      C83E907D 
 457      21FB41F6 
 457      870C97C9 
 457      5220E4
 458 1a22 20C8C190 		.ascii	" \310\301\220C \207B\016\203\034\0169\002r$\344(\310"
 458      43208742 
 458      0E831C0E 
 458      39027224 
 458      E428C8
 459 1a35 D1906320 		.ascii	"\321\220c \307B\216\203\034\0179\001r\"\344$\310\311"
 459      C7428E83 
 459      1C0F3901 
 459      7222E424 
 459      C8C9
 460 1a47 905320A7 		.ascii	"\220S \247BN\203\234\0169\303\344w\370\200\252\315\316"
 460      424E839C 
 460      0E39C3E4 
 460      77F880AA 
 460      CDCE
 461 1a59 D69B9003 		.ascii	"\326\233\220\003\252AE\236\225\340G\036\276\260m\370"
 461      AA41459E 
 461      95E0471E 
 461      BEB06DF8 
 462 1a69 B1871FEE 		.ascii	"\261\207\037\356\023\310\376\270\257 \007\340\276\203"
 462      13C8FEB8 
 462      AF2007E0 
 462      BE83
 463 1a77 1C08193F 		.ascii	"\034\010\031?\006\011\202\214\037\205\004C\306\217C"
 463      0609828C 
 463      1F850443 
 463      C68F43
 464 1a86 42709F41 		.ascii	"Bp\237A\016\305}\0059\014\367%\344p\310\370\361H\004"
 464      0EC57D05 
 464      390CF725 
 464      E470C8F8 
 464      F14804
 465 1a99 64FC8824 		.ascii	"d\374\210$\0222~L\022\205\373\022r4\336\007\220cp_C"
 465      12327E4C 
 465      1285FB12 
 465      7234DE07 
 465      9063705F 
 466 1aae CE342123 		.ascii	"\3164!#wu\363x\013\276\333\217\2122\354.}\024\344\324"
 466      7775F378 
 466      0BBEDB8F 
 466      8A32EC2E 
ARM GAS  /tmp/ccDH9waz.s 			page 38


 466      7D14E4D4 
 467 1ac2 A9C7FFE4 		.ascii	"\251\307\377\344\327\213\022q\332\262\233}\366\354F"
 467      D78B1271 
 467      DAB29B7D 
 467      F6EC46
 468 1ad1 F2D2181B 		.ascii	"\362\322\030\033\221\211\370\261\205\224\005K\220\262"
 468      9189F8B1 
 468      8594054B 
 468      90B2
 469 1adf 4D5E31FA 		.ascii	"M^1\372\366\325{\267?\277v\373\306\027V7\256Z\375\346"
 469      F6D57BB7 
 469      3FBF76FB 
 469      C6175637 
 469      AE5AFDE6 
 470 1af3 BAD55777 		.ascii	"\272\325Wwo~y[\363\343\237\376\323KW\214.\275\366\332"
 470      6F7E795B 
 470      F3E39FFE 
 470      D34B578C 
 470      2EBDF6DA 
 471 1b07 79F8EF4B 		.ascii	"y\370\357K\353\363\327\277\274u\353\313\333\347\277"
 471      EBF3D7BF 
 471      BC75EBCB 
 471      DBE7BF
 472 1b16 FAF2CE5D 		.ascii	"\372\362\316]\353\363\357\375\343\307W>\376\015\236"
 472      EBF3EFFD 
 472      E3C7573E 
 472      FE0D9E
 473 1b25 F6D5CD2F 		.ascii	"\366\325\315/\254\356X\237\377\361\225+\347\277\266"
 473      ACEE589F 
 473      FFF1952B 
 473      E7BFB6
 474 1b34 BA7EF7CB 		.ascii	"\272~\367\313;\326\257]72\377\351\307\377\365\352O\310"
 474      3BD6AF5D 
 474      3732FFE9 
 474      C7FFF5EA 
 474      4FC8
 475 1b46 22EFA8AF 		.ascii	"\"\357\250\257}q\363\232\265\361\365\317\257\335\371"
 475      7D71F39A 
 475      B5F1F5CF 
 475      AFDDF9
 476 1b55 CEB35664 		.ascii	"\316\263Vdd\374/V\327~\375\255\237\\\273s\343\243k\367"
 476      64FC2F56 
 476      D77EFDAD 
 476      9F5CBB73 
 476      E3A36BF7 
 477 1b69 BEB8CBDF 		.ascii	"\276\270\313\337\367\255\217\255n}|\355\366\265_Y\361"
 477      F7AD8FAD 
 477      6E7D7CED 
 477      F6B55F59 
 477      F1
 478 1b7a 29CFBD7F 		.ascii	")\317\275\177\317ZQ\362\374?Y\303l\305$\323O\011\342"
 478      CF5A51F2 
 478      FC3F59C3 
 478      6CC524D3 
 478      4F09E2
 479 1b8d 8D2BECC5 		.ascii	"\215+\354\305\205\327\371\213\213\374\305e\363\237}"
 479      85D7F98B 
ARM GAS  /tmp/ccDH9waz.s 			page 39


 479      8BFCC565 
 479      F39F7D
 480 1b9c 7A455EE6 		.ascii	"zE^\346\007V\237\335\373\325\307_\336>\265\2007/\352"
 480      07569FDD 
 480      FBD5C75F 
 480      DE3EB580 
 480      372FEA
 481 1baf 3EB1BA7D 		.ascii	">\261\272}\343g\237\362\351\226?\373\255\365\317o^\377"
 481      E3679FF2 
 481      E9963FFB 
 481      ADF5CF6F 
 481      5EFF
 482 1bc1 F5A9BA8B 		.ascii	"\365\251\272\213|\371\027\371\362/^\346/\270\341\022"
 482      7CF917F9 
 482      F22F5EE6 
 482      2FB8E112 
 483 1bd1 AFB9C46B 		.ascii	"\257\271\304k.\361\232K\274\346-^\363\026\257y\213\327"
 483      2EF19A4B 
 483      BCE62D5E 
 483      F316AF79 
 483      8BD7
 484 1be3 BCC56BDE 		.ascii	"\274\305k\336\3465o\363\232\267y\315\333\274\3462\257"
 484      E6356FF3 
 484      9AB779CD 
 484      DBBCE632 
 484      AF
 485 1bf4 B9CC6B2E 		.ascii	"\271\314k.\363\232\313\274\346\035^\363\016\257y\207"
 485      F39ACBBC 
 485      E61D5EF3 
 485      0EAF7987 
 486 1c04 D7BCC36B 		.ascii	"\327\274\303k\336\3435\357\361\232\367x\315{\274\346"
 486      DEE335EF 
 486      F19AF778 
 486      CD7BBCE6 
 487 1c14 7D5EF33E 		.ascii	"}^\363>\257y\237\327\274\317k\256\360\232+\274\346\012"
 487      AF799FD7 
 487      BCCF6BAE 
 487      F09A2BBC 
 487      E60A
 488 1c26 AFB9C26B 		.ascii	"\257\271\302k>\3405\037\360\232\017x\315\007\274\346"
 488      3EE0351F 
 488      F09A0F78 
 488      CD07BCE6 
 489 1c36 435EF321 		.ascii	"C^\363!\257\371\220\327|\310k>\3425\037\361\232\217"
 489      AFF990D7 
 489      7CC86B3E 
 489      E2351FF1 
 489      9A8F
 490 1c48 78CD4757 		.ascii	"x\315GW\314\330\201\361\372\353\362\253\213\362\253"
 490      CCD881F1 
 490      FAEBF2AB 
 490      8BF2AB
 491 1c57 CBF22BB9 		.ascii	"\313\362+\271\356\015\271\356\015\271\356\015\271\356"
 491      EE0DB9EE 
 491      0DB9EE0D 
 491      B9EE
 492 1c65 0DB9EE82 		.ascii	"\015\271\356\202\\wA\256\273 \327]\220\353\336\224\353"
ARM GAS  /tmp/ccDH9waz.s 			page 40


 492      5C7741AE 
 492      BB20D75D 
 492      90EBDE94 
 492      EB
 493 1c76 DE94EBDE 		.ascii	"\336\224\353\336\224\353\336\224\353.\312u\027\345\272"
 493      94EBDE94 
 493      EB2ECA75 
 493      17E5BA
 494 1c85 8B72DD45 		.ascii	"\213r\335E\271\356\222\\wI\256\273$\327]\272r\346\037"
 494      B9EE925C 
 494      7749AEBB 
 494      24D75DBA 
 494      72E61F
 495 1c98 ADACADE4 		.ascii	"\255\254\255\344\323\302\214\235\233W\357\232\336\273"
 495      D3C28C9D 
 495      9B57EF9A 
 495      DEBB
 496 1ca6 79FBEE9B 		.ascii	"y\373\356\233\027\256\336\325^\275\312_\376\325\371"
 496      17AEDED5 
 496      5EBDCA5F 
 496      FED5F9
 497 1cb5 7BD677CE 		.ascii	"{\326w\316\337\274}\375\213{7\254\316\337\266\372\227"
 497      DFBC7DFD 
 497      8B7B37AC 
 497      CEDFB6FA 
 497      97
 498 1cc6 2F6E7E76 		.ascii	"/n~v\376\326\265\353\237\337\274mu\376\352\015\253_"
 498      FED6B5EB 
 498      9FDFBC6D 
 498      75FEEA0D 
 498      AB5F
 499 1cd8 9233ECEE 		.ascii	"\2223\354\356o\277\262\262~\355s\243\227\237Um\375["
 499      6FBFB2B2 
 499      7EED73A3 
 499      979F556D 
 499      FD5B
 500 1cea EBF357AD 		.ascii	"\353\363W\255\357\336\200%B\211\366\346\355\233w\241"
 500      EFDE8025 
 500      4289F6E6 
 500      ED9B77A1 
 501 1cfa 79EDFAAF 		.ascii	"y\355\372\257-n\336\371\277W\351\332\257\336\375\317"
 501      2D6EDEF9 
 501      BF57E9DA 
 501      AFDEFDCF 
 502 1d0a 8C269F1B 		.ascii	"\214&\237\033\235\271C6\205\216\034w\314o\337\272\311"
 502      9DB94336 
 502      858E1C77 
 502      CC6FDFBA 
 502      C9
 503 1d1b 5F7F0B06 		.ascii	"_\177\013\006\225\033T\307\247\334\262\272u\213\216"
 503      951B54C7 
 503      A7DCB2BA 
 503      758B8E
 504 1d2a 1A6CCA73 		.ascii	"\032l\312s\237\335\263V\224<\177\017\217\032\212I\246"
 504      9FDDB356 
 504      943C7F0F 
 504      8F1A8A49 
ARM GAS  /tmp/ccDH9waz.s 			page 41


 504      A6
 505 1d3b 74656F5C 		.ascii	"teo\\g/`\324\370\232\217\032_\363Q\303\372\353\353\274"
 505      672F60D4 
 505      F89A8F1A 
 505      5FF351C3 
 505      FAEBEBBC 
 506 1d4f FEDB37F0 		.ascii	"\376\3337\360\250\001\033p\023o\226r!0r|\005#\207\365"
 506      A8011B70 
 506      136F9672 
 506      2130727C 
 506      052387F5 
 507 1d63 D77CBA25 		.ascii	"\327|\272%\364\315]<r\260\266\011\3332S\326-\326&\326"
 507      F4CD5D3C 
 507      72B0B609 
 507      DB3253D6 
 507      2DD626D6 
 508 1d77 90612434 		.ascii	"\220a$4{\215M02\2011\363W\267\255n\030\337\263\266\272"
 508      7B8D4D30 
 508      328131F3 
 508      57B7AD6E 
 508      18DFB3B6 
 509 1d8c F1FCD5AB 		.ascii	"\361\374\325\253\267\256\335\274M\273\363*,\372\352"
 509      B7AEDDBC 
 509      4DBBF32A 
 509      2CFAEA
 510 1d9b D57F07F1 		.ascii	"\325\177\007\361\230\227\206"
 510      989786
 511              		.text
 512              		.section	.gnu.lto_.symtab.d2e26cdf373fa45c,"",%progbits
 513 0000 5F756E68 		.ascii	"_unhandled_exception\000\000\000\000\000\000\000\000"
 513      616E646C 
 513      65645F65 
 513      78636570 
 513      74696F6E 
 514 001c 00000000 		.ascii	"\000\000\000\000\254\000\000\000NMI_Handler\000\000"
 514      AC000000 
 514      4E4D495F 
 514      48616E64 
 514      6C657200 
 515 0031 01000000 		.ascii	"\001\000\000\000\000\000\000\000\000\000\276\000\000"
 515      00000000 
 515      0000BE00 
 515      00
 516 003e 00486172 		.ascii	"\000HardFault_Handler\000\000\001\000\000\000\000\000"
 516      64466175 
 516      6C745F48 
 516      616E646C 
 516      65720000 
 517 0058 00000000 		.ascii	"\000\000\000\000\304\000\000\000MemManage_Handler\000"
 517      C4000000 
 517      4D656D4D 
 517      616E6167 
 517      655F4861 
 518 0072 00010000 		.ascii	"\000\001\000\000\000\000\000\000\000\000\000\312\000"
 518      00000000 
 518      000000CA 
 518      00
ARM GAS  /tmp/ccDH9waz.s 			page 42


 519 007f 00004275 		.ascii	"\000\000BusFault_Handler\000\000\001\000\000\000\000"
 519      73466175 
 519      6C745F48 
 519      616E646C 
 519      65720000 
 520 0098 00000000 		.ascii	"\000\000\000\000\000\320\000\000\000UsageFault_Hand"
 520      00D00000 
 520      00557361 
 520      67654661 
 520      756C745F 
 521 00b0 6C657200 		.ascii	"ler\000\000\001\000\000\000\000\000\000\000\000\000"
 521      00010000 
 521      00000000 
 521      000000
 522 00bf D6000000 		.ascii	"\326\000\000\000Vector1C\000\000\001\000\000\000\000"
 522      56656374 
 522      6F723143 
 522      00000100 
 522      000000
 523 00d2 00000000 		.ascii	"\000\000\000\000\000\334\000\000\000Vector20\000\000"
 523      00DC0000 
 523      00566563 
 523      746F7232 
 523      300000
 524 00e5 01000000 		.ascii	"\001\000\000\000\000\000\000\000\000\000\342\000\000"
 524      00000000 
 524      0000E200 
 524      00
 525 00f2 00566563 		.ascii	"\000Vector24\000\000\001\000\000\000\000\000\000\000"
 525      746F7232 
 525      34000001 
 525      00000000 
 525      000000
 526 0105 0000E800 		.ascii	"\000\000\350\000\000\000Vector28\000\000\001\000\000"
 526      00005665 
 526      63746F72 
 526      32380000 
 526      010000
 527 0118 00000000 		.ascii	"\000\000\000\000\000\000\000\356\000\000\000SVC_Han"
 527      000000EE 
 527      00000053 
 527      56435F48 
 527      616E
 528 012a 646C6572 		.ascii	"dler\000\000\001\000\000\000\000\000\000\000\000\000"
 528      00000100 
 528      00000000 
 528      00000000 
 529 013a F4000000 		.ascii	"\364\000\000\000DebugMon_Handler\000\000\001\000\000"
 529      44656275 
 529      674D6F6E 
 529      5F48616E 
 529      646C6572 
 530 0153 00000000 		.ascii	"\000\000\000\000\000\000\000\372\000\000\000Vector3"
 530      000000FA 
 530      00000056 
 530      6563746F 
 530      7233
ARM GAS  /tmp/ccDH9waz.s 			page 43


 531 0165 34000001 		.ascii	"4\000\000\001\000\000\000\000\000\000\000\000\000\000"
 531      00000000 
 531      00000000 
 531      0000
 532 0173 01000050 		.ascii	"\001\000\000PendSV_Handler\000\000\001\000\000\000\000"
 532      656E6453 
 532      565F4861 
 532      6E646C65 
 532      72000001 
 533 018b 00000000 		.ascii	"\000\000\000\000\000\006\001\000\000SysTick_Handler"
 533      00060100 
 533      00537973 
 533      5469636B 
 533      5F48616E 
 534 01a3 00000100 		.ascii	"\000\000\001\000\000\000\000\000\000\000\000\000\014"
 534      00000000 
 534      00000000 
 534      0C
 535 01b0 01000056 		.ascii	"\001\000\000Vector40\000\000\001\000\000\000\000\000"
 535      6563746F 
 535      72343000 
 535      00010000 
 535      000000
 536 01c3 00000000 		.ascii	"\000\000\000\000\022\001\000\000Vector44\000\000\001"
 536      12010000 
 536      56656374 
 536      6F723434 
 536      000001
 537 01d6 00000000 		.ascii	"\000\000\000\000\000\000\000\000\000\030\001\000\000"
 537      00000000 
 537      00180100 
 537      00
 538 01e3 56656374 		.ascii	"Vector48\000\000\001\000\000\000\000\000\000\000\000"
 538      6F723438 
 538      00000100 
 538      00000000 
 538      000000
 539 01f6 001E0100 		.ascii	"\000\036\001\000\000Vector4C\000\000\001\000\000\000"
 539      00566563 
 539      746F7234 
 539      43000001 
 539      000000
 540 0209 00000000 		.ascii	"\000\000\000\000\000\000$\001\000\000Vector50\000\000"
 540      00002401 
 540      00005665 
 540      63746F72 
 540      35300000 
 541 021d 01000000 		.ascii	"\001\000\000\000\000\000\000\000\000\000*\001\000\000"
 541      00000000 
 541      00002A01 
 541      0000
 542 022b 56656374 		.ascii	"Vector54\000\000\001\000\000\000\000\000\000\000\000"
 542      6F723534 
 542      00000100 
 542      00000000 
 542      000000
 543 023e 00300100 		.ascii	"\0000\001\000\000Vector58\000\000\001\000\000\000\000"
ARM GAS  /tmp/ccDH9waz.s 			page 44


 543      00566563 
 543      746F7235 
 543      38000001 
 543      00000000 
 544 0252 00000000 		.ascii	"\000\000\000\000\0006\001\000\000Vector5C\000\000\001"
 544      00360100 
 544      00566563 
 544      746F7235 
 544      43000001 
 545 0266 00000000 		.ascii	"\000\000\000\000\000\000\000\000\000<\001\000\000Ve"
 545      00000000 
 545      003C0100 
 545      005665
 546 0275 63746F72 		.ascii	"ctor60\000\000\001\000\000\000\000\000\000\000\000\000"
 546      36300000 
 546      01000000 
 546      00000000 
 546      0000
 547 0287 42010000 		.ascii	"B\001\000\000Vector64\000\000\001\000\000\000\000\000"
 547      56656374 
 547      6F723634 
 547      00000100 
 547      00000000 
 548 029b 00000000 		.ascii	"\000\000\000\000H\001\000\000Vector68\000\000\001\000"
 548      48010000 
 548      56656374 
 548      6F723638 
 548      00000100 
 549 02af 00000000 		.ascii	"\000\000\000\000\000\000\000\000N\001\000\000Vector"
 549      00000000 
 549      4E010000 
 549      56656374 
 549      6F72
 550 02c1 36430000 		.ascii	"6C\000\000\001\000\000\000\000\000\000\000\000\000T"
 550      01000000 
 550      00000000 
 550      000054
 551 02d0 01000056 		.ascii	"\001\000\000Vector70\000\000\001\000\000\000\000\000"
 551      6563746F 
 551      72373000 
 551      00010000 
 551      000000
 552 02e3 00000000 		.ascii	"\000\000\000\000Z\001\000\000Vector74\000\000\001\000"
 552      5A010000 
 552      56656374 
 552      6F723734 
 552      00000100 
 553 02f7 00000000 		.ascii	"\000\000\000\000\000\000\000\000`\001\000\000Vector"
 553      00000000 
 553      60010000 
 553      56656374 
 553      6F72
 554 0309 37380000 		.ascii	"78\000\000\001\000\000\000\000\000\000\000\000\000f"
 554      01000000 
 554      00000000 
 554      000066
 555 0318 01000056 		.ascii	"\001\000\000Vector7C\000\000\001\000\000\000\000\000"
ARM GAS  /tmp/ccDH9waz.s 			page 45


 555      6563746F 
 555      72374300 
 555      00010000 
 555      000000
 556 032b 00000000 		.ascii	"\000\000\000\000l\001\000\000Vector80\000\000\001\000"
 556      6C010000 
 556      56656374 
 556      6F723830 
 556      00000100 
 557 033f 00000000 		.ascii	"\000\000\000\000\000\000\000\000r\001\000\000Vector"
 557      00000000 
 557      72010000 
 557      56656374 
 557      6F72
 558 0351 38340000 		.ascii	"84\000\000\001\000\000\000\000\000\000\000\000\000x"
 558      01000000 
 558      00000000 
 558      000078
 559 0360 01000056 		.ascii	"\001\000\000Vector88\000\000\001\000\000\000\000\000"
 559      6563746F 
 559      72383800 
 559      00010000 
 559      000000
 560 0373 00000000 		.ascii	"\000\000\000\000~\001\000\000Vector8C\000\000\001\000"
 560      7E010000 
 560      56656374 
 560      6F723843 
 560      00000100 
 561 0387 00000000 		.ascii	"\000\000\000\000\000\000\000\000\204\001\000\000Vec"
 561      00000000 
 561      84010000 
 561      566563
 562 0396 746F7239 		.ascii	"tor90\000\000\001\000\000\000\000\000\000\000\000\000"
 562      30000001 
 562      00000000 
 562      00000000 
 562      00
 563 03a7 8A010000 		.ascii	"\212\001\000\000Vector94\000\000\001\000\000\000\000"
 563      56656374 
 563      6F723934 
 563      00000100 
 563      000000
 564 03ba 00000000 		.ascii	"\000\000\000\000\000\220\001\000\000Vector98\000\000"
 564      00900100 
 564      00566563 
 564      746F7239 
 564      380000
 565 03cd 01000000 		.ascii	"\001\000\000\000\000\000\000\000\000\000\226\001\000"
 565      00000000 
 565      00009601 
 565      00
 566 03da 00566563 		.ascii	"\000Vector9C\000\000\001\000\000\000\000\000\000\000"
 566      746F7239 
 566      43000001 
 566      00000000 
 566      000000
 567 03ed 00009C01 		.ascii	"\000\000\234\001\000\000Vecto"
ARM GAS  /tmp/ccDH9waz.s 			page 46


 567      00005665 
 567      63746F
 568 03f8 72413000 		.ascii	"rA0\000\000\001\000\000\000\000\000\000\000\000\000"
 568      00010000 
 568      00000000 
 568      000000
 569 0407 A2010000 		.ascii	"\242\001\000\000VectorA4\000\000\001\000\000\000\000"
 569      56656374 
 569      6F724134 
 569      00000100 
 569      000000
 570 041a 00000000 		.ascii	"\000\000\000\000\000\250\001\000\000VectorA8\000\000"
 570      00A80100 
 570      00566563 
 570      746F7241 
 570      380000
 571 042d 01000000 		.ascii	"\001\000\000\000\000\000\000\000\000\000\256\001\000"
 571      00000000 
 571      0000AE01 
 571      00
 572 043a 00566563 		.ascii	"\000VectorAC\000\000\001\000\000\000\000\000\000\000"
 572      746F7241 
 572      43000001 
 572      00000000 
 572      000000
 573 044d 0000B401 		.ascii	"\000\000\264\001\000\000VectorB0\000\000\001\000\000"
 573      00005665 
 573      63746F72 
 573      42300000 
 573      010000
 574 0460 00000000 		.ascii	"\000\000\000\000\000\000\000\272\001\000\000VectorB"
 574      000000BA 
 574      01000056 
 574      6563746F 
 574      7242
 575 0472 34000001 		.ascii	"4\000\000\001\000\000\000\000\000\000\000\000\000\300"
 575      00000000 
 575      00000000 
 575      00C0
 576 0480 01000056 		.ascii	"\001\000\000VectorB8\000\000\001\000\000\000\000\000"
 576      6563746F 
 576      72423800 
 576      00010000 
 576      000000
 577 0493 00000000 		.ascii	"\000\000\000\000\306\001\000\000VectorBC\000\000\001"
 577      C6010000 
 577      56656374 
 577      6F724243 
 577      000001
 578 04a6 00000000 		.ascii	"\000\000\000\000\000\000\000\000\000\314\001\000\000"
 578      00000000 
 578      00CC0100 
 578      00
 579 04b3 56656374 		.ascii	"VectorC0\000\000\001\000\000\000\000\000\000\000\000"
 579      6F724330 
 579      00000100 
 579      00000000 
ARM GAS  /tmp/ccDH9waz.s 			page 47


 579      000000
 580 04c6 00D20100 		.ascii	"\000\322\001\000\000VectorC4\000\000\001\000\000\000"
 580      00566563 
 580      746F7243 
 580      34000001 
 580      000000
 581 04d9 00000000 		.ascii	"\000\000\000\000\000\000\330\001\000\000VectorC8\000"
 581      0000D801 
 581      00005665 
 581      63746F72 
 581      433800
 582 04ec 00010000 		.ascii	"\000\001\000\000\000\000\000\000\000\000\000\336\001"
 582      00000000 
 582      000000DE 
 582      01
 583 04f9 00005665 		.ascii	"\000\000VectorCC\000\000\001\000\000\000\000\000\000"
 583      63746F72 
 583      43430000 
 583      01000000 
 583      000000
 584 050c 000000E4 		.ascii	"\000\000\000\344\001\000\000VectorD0\000\000\001\000"
 584      01000056 
 584      6563746F 
 584      72443000 
 584      000100
 585 051f 00000000 		.ascii	"\000\000\000\000\000\000\000\000\352\001\000\000Vec"
 585      00000000 
 585      EA010000 
 585      566563
 586 052e 746F7244 		.ascii	"torD4\000\000\001\000\000\000\000\000\000\000\000\000"
 586      34000001 
 586      00000000 
 586      00000000 
 586      00
 587 053f F0010000 		.ascii	"\360\001\000\000VectorD8\000\000\001\000\000\000\000"
 587      56656374 
 587      6F724438 
 587      00000100 
 587      000000
 588 0552 00000000 		.ascii	"\000\000\000\000\000\366\001\000\000VectorDC\000\000"
 588      00F60100 
 588      00566563 
 588      746F7244 
 588      430000
 589 0565 01000000 		.ascii	"\001\000\000\000\000\000\000\000\000\000\374\001\000"
 589      00000000 
 589      0000FC01 
 589      00
 590 0572 00566563 		.ascii	"\000VectorE0\000\000\001\000\000\000\000\000\000\000"
 590      746F7245 
 590      30000001 
 590      00000000 
 590      000000
 591 0585 00000202 		.ascii	"\000\000\002\002\000\000VectorE4\000\000\001\000\000"
 591      00005665 
 591      63746F72 
 591      45340000 
ARM GAS  /tmp/ccDH9waz.s 			page 48


 591      010000
 592 0598 00000000 		.ascii	"\000\000\000\000\000\000\000\010\002\000\000VectorE"
 592      00000008 
 592      02000056 
 592      6563746F 
 592      7245
 593 05aa 38000001 		.ascii	"8\000\000\001\000\000\000\000\000\000\000\000\000\016"
 593      00000000 
 593      00000000 
 593      000E
 594 05b8 02000056 		.ascii	"\002\000\000VectorEC\000\000\001\000\000\000\000\000"
 594      6563746F 
 594      72454300 
 594      00010000 
 594      000000
 595 05cb 00000000 		.ascii	"\000\000\000\000\024\002\000\000VectorF0\000\000\001"
 595      14020000 
 595      56656374 
 595      6F724630 
 595      000001
 596 05de 00000000 		.ascii	"\000\000\000\000\000\000\000\000\000\032\002\000\000"
 596      00000000 
 596      001A0200 
 596      00
 597 05eb 56656374 		.ascii	"VectorF4\000\000\001\000\000\000\000\000\000\000\000"
 597      6F724634 
 597      00000100 
 597      00000000 
 597      000000
 598 05fe 00200200 		.ascii	"\000 \002\000\000VectorF8\000\000\001\000\000\000\000"
 598      00566563 
 598      746F7246 
 598      38000001 
 598      00000000 
 599 0612 00000000 		.ascii	"\000\000\000\000\000&\002\000\000VectorFC\000\000\001"
 599      00260200 
 599      00566563 
 599      746F7246 
 599      43000001 
 600 0626 00000000 		.ascii	"\000\000\000\000\000\000\000\000\000,\002\000\000Ve"
 600      00000000 
 600      002C0200 
 600      005665
 601 0635 63746F72 		.ascii	"ctor100\000\000\001\000\000\000\000\000\000\000\000"
 601      31303000 
 601      00010000 
 601      00000000 
 601      0000
 602 0647 00320200 		.ascii	"\0002\002\000\000Vector104\000\000\001\000\000\000\000"
 602      00566563 
 602      746F7231 
 602      30340000 
 602      01000000 
 603 065c 00000000 		.ascii	"\000\000\000\000\0008\002\000\000Vector108\000\000\001"
 603      00380200 
 603      00566563 
 603      746F7231 
ARM GAS  /tmp/ccDH9waz.s 			page 49


 603      30380000 
 604 0671 00000000 		.ascii	"\000\000\000\000\000\000\000\000\000>\002\000\000Ve"
 604      00000000 
 604      003E0200 
 604      005665
 605 0680 63746F72 		.ascii	"ctor10C\000\000\001\000\000\000\000\000\000\000\000"
 605      31304300 
 605      00010000 
 605      00000000 
 605      0000
 606 0692 00440200 		.ascii	"\000D\002\000\000Vector110\000\000\001\000\000\000\000"
 606      00566563 
 606      746F7231 
 606      31300000 
 606      01000000 
 607 06a7 00000000 		.ascii	"\000\000\000\000\000J\002\000\000Vector114\000\000\001"
 607      004A0200 
 607      00566563 
 607      746F7231 
 607      31340000 
 608 06bc 00000000 		.ascii	"\000\000\000\000\000\000\000\000\000P\002\000\000Ve"
 608      00000000 
 608      00500200 
 608      005665
 609 06cb 63746F72 		.ascii	"ctor118\000\000\001\000\000\000\000\000\000\000\000"
 609      31313800 
 609      00010000 
 609      00000000 
 609      0000
 610 06dd 00560200 		.ascii	"\000V\002\000\000Vector11C\000\000\001\000\000\000\000"
 610      00566563 
 610      746F7231 
 610      31430000 
 610      01000000 
 611 06f2 00000000 		.ascii	"\000\000\000\000\000\\\002\000\000Vector120\000\000"
 611      005C0200 
 611      00566563 
 611      746F7231 
 611      32300000 
 612 0706 01000000 		.ascii	"\001\000\000\000\000\000\000\000\000\000b\002\000\000"
 612      00000000 
 612      00006202 
 612      0000
 613 0714 56656374 		.ascii	"Vector124\000\000\001\000\000\000\000\000\000\000\000"
 613      6F723132 
 613      34000001 
 613      00000000 
 613      00000000 
 614 0728 00680200 		.ascii	"\000h\002\000\000Vector128\000\000\001\000\000\000\000"
 614      00566563 
 614      746F7231 
 614      32380000 
 614      01000000 
 615 073d 00000000 		.ascii	"\000\000\000\000\000n\002\000\000Vector12C\000\000\001"
 615      006E0200 
 615      00566563 
 615      746F7231 
ARM GAS  /tmp/ccDH9waz.s 			page 50


 615      32430000 
 616 0752 00000000 		.ascii	"\000\000\000\000\000\000\000\000\000t\002\000\000Ve"
 616      00000000 
 616      00740200 
 616      005665
 617 0761 63746F72 		.ascii	"ctor130\000\000\001\000\000\000\000\000\000\000\000"
 617      31333000 
 617      00010000 
 617      00000000 
 617      0000
 618 0773 007A0200 		.ascii	"\000z\002\000\000Vector134\000\000\001\000\000\000\000"
 618      00566563 
 618      746F7231 
 618      33340000 
 618      01000000 
 619 0788 00000000 		.ascii	"\000\000\000\000\000\200\002\000\000Vector138\000\000"
 619      00800200 
 619      00566563 
 619      746F7231 
 619      33380000 
 620 079c 01000000 		.ascii	"\001\000\000\000\000\000\000\000\000\000\206\002\000"
 620      00000000 
 620      00008602 
 620      00
 621 07a9 00566563 		.ascii	"\000Vector13C\000\000\001\000\000\000\000\000\000\000"
 621      746F7231 
 621      33430000 
 621      01000000 
 621      00000000 
 622 07bd 00008C02 		.ascii	"\000\000\214\002\000\000Vector140\000\000\001\000\000"
 622      00005665 
 622      63746F72 
 622      31343000 
 622      00010000 
 623 07d1 00000000 		.ascii	"\000\000\000\000\000\000\000\222\002\000\000Vector1"
 623      00000092 
 623      02000056 
 623      6563746F 
 623      7231
 624 07e3 34340000 		.ascii	"44\000\000\001\000\000\000\000\000\000\000\000\000\230"
 624      01000000 
 624      00000000 
 624      000098
 625 07f2 02000056 		.ascii	"\002\000\000Vector148\000\000\001\000\000\000\000\000"
 625      6563746F 
 625      72313438 
 625      00000100 
 625      00000000 
 626 0806 00000000 		.ascii	"\000\000\000\000\236\002\000\000Vector14C\000\000\001"
 626      9E020000 
 626      56656374 
 626      6F723134 
 626      43000001 
 627 081a 00000000 		.ascii	"\000\000\000\000\000\000\000\000\000\244\002\000\000"
 627      00000000 
 627      00A40200 
 627      00
ARM GAS  /tmp/ccDH9waz.s 			page 51


 628 0827 56656374 		.ascii	"Vector150\000\000\001\000\000\000\000\000\000\000\000"
 628      6F723135 
 628      30000001 
 628      00000000 
 628      00000000 
 629 083b 00AA0200 		.ascii	"\000\252\002\000\000Vector154\000\000\001\000\000\000"
 629      00566563 
 629      746F7231 
 629      35340000 
 629      01000000 
 630 084f 00000000 		.ascii	"\000\000\000\000\000\000\260\002\000\000Vector158\000"
 630      0000B002 
 630      00005665 
 630      63746F72 
 630      31353800 
 631 0863 00010000 		.ascii	"\000\001\000\000\000\000\000\000\000\000\000\266\002"
 631      00000000 
 631      000000B6 
 631      02
 632 0870 00005665 		.ascii	"\000\000Vector15C\000\000\001\000\000\000\000\000\000"
 632      63746F72 
 632      31354300 
 632      00010000 
 632      00000000 
 633 0884 000000BC 		.ascii	"\000\000\000\274\002\000\000_vectors\000\000\000\000"
 633      0200005F 
 633      76656374 
 633      6F727300 
 633      000000
 634 0897 00000000 		.ascii	"\000\000\000\000\000\000\000\000\261\003\000\000__m"
 634      00000000 
 634      B1030000 
 634      5F5F6D
 635 08a6 61696E5F 		.ascii	"ain_stack_end__\000\000\002\000\000\000\000\000\000"
 635      73746163 
 635      6B5F656E 
 635      645F5F00 
 635      00020000 
 636 08be 00000012 		.ascii	"\000\000\000\022\003\000\000Reset_Handler\000\000\002"
 636      03000052 
 636      65736574 
 636      5F48616E 
 636      646C6572 
 637 08d5 00000000 		.ascii	"\000\000\000\000\000\000\000\000\000\276\002\000\000"
 637      00000000 
 637      00BE0200 
 637      00
 638              		.text
 639              		.section	.gnu.lto_.opts,"",%progbits
 640 0000 272D666E 		.ascii	"'-fno-trapv' '-mcpu=cortex-m3' '-mno-thumb-interwor"
 640      6F2D7472 
 640      61707627 
 640      20272D6D 
 640      6370753D 
 641 0033 6B272027 		.ascii	"k' '-mthumb' '-ggdb' '-O2' '-fomit-frame-pointer' '"
 641      2D6D7468 
 641      756D6227 
ARM GAS  /tmp/ccDH9waz.s 			page 52


 641      20272D67 
 641      67646227 
 642 0066 2D66616C 		.ascii	"-falign-functions=16' '-ffunction-sections' '-fdata"
 642      69676E2D 
 642      66756E63 
 642      74696F6E 
 642      733D3136 
 643 0099 2D736563 		.ascii	"-sections' '-fno-common' '-flto'\000"
 643      74696F6E 
 643      73272027 
 643      2D666E6F 
 643      2D636F6D 
 644              		.text
 645              		.comm	__gnu_lto_v1,1,1
 646              		.comm	__gnu_lto_slim,1,1
 647              		.ident	"GCC: (15:4.9.3+svn231177-1) 4.9.3 20150529 (prerelease)"
ARM GAS  /tmp/ccDH9waz.s 			page 53


DEFINED SYMBOLS
                            *ABS*:0000000000000000 vectors.c
                            *COM*:0000000000000001 __gnu_lto_v1
                            *COM*:0000000000000001 __gnu_lto_slim

NO UNDEFINED SYMBOLS
